[ 2018-12-29T09:50:38+08:00 ] 222.182.196.132 /index.php?g=Asset&m=Ueditor&a=upload&action=config&&noCache=1546048238525
INFO: [ app_init ] --START--
INFO: Run Behavior\BuildLiteBehavior [ RunTime:0.000014s ]
INFO: Run Common\Behavior\InitHookBehavior [ RunTime:0.002159s ]
INFO: [ app_init ] --END-- [ RunTime:0.002575s ]
INFO: [ app_begin ] --START--
INFO: Run Behavior\ReadHtmlCacheBehavior [ RunTime:0.000655s ]
INFO: Run Behavior\CheckLangBehavior [ RunTime:0.000975s ]
INFO: Run Common\Behavior\UrldecodeGetBehavior [ RunTime:0.000565s ]
INFO: [ app_begin ] --END-- [ RunTime:0.002295s ]
SQL: SHOW COLUMNS FROM `h2w_options` [ RunTime:0.0035s ]
SQL: SELECT `option_value` FROM `h2w_options` WHERE `option_name` = 'upload_setting' LIMIT 1   [ RunTime:0.0002s ]

[ 2018-12-29T09:51:15+08:00 ] 222.182.196.132 /index.php?g=asset&m=asset&a=plupload&multi=0&filetype=image&app=Admin
INFO: [ app_init ] --START--
INFO: Run Behavior\BuildLiteBehavior [ RunTime:0.000019s ]
INFO: Run Common\Behavior\InitHookBehavior [ RunTime:0.002332s ]
INFO: [ app_init ] --END-- [ RunTime:0.002781s ]
INFO: [ app_begin ] --START--
INFO: Run Behavior\ReadHtmlCacheBehavior [ RunTime:0.000568s ]
INFO: Run Behavior\CheckLangBehavior [ RunTime:0.001041s ]
INFO: Run Common\Behavior\UrldecodeGetBehavior [ RunTime:0.000618s ]
INFO: [ app_begin ] --END-- [ RunTime:0.002336s ]
INFO: [ admin_begin ] --START--
INFO: Run Common\Behavior\AdminDefaultLangBehavior [ RunTime:0.002215s ]
INFO: [ admin_begin ] --END-- [ RunTime:0.002284s ]
SQL: SHOW COLUMNS FROM `h2w_options` [ RunTime:0.0037s ]
SQL: SELECT `option_value` FROM `h2w_options` WHERE `option_name` = 'cdn_settings' LIMIT 1   [ RunTime:0.0002s ]
INFO: [ view_parse ] --START--
INFO: [ template_filter ] --START--
INFO: Run Behavior\ContentReplaceBehavior [ RunTime:0.000091s ]
INFO: [ template_filter ] --END-- [ RunTime:0.000130s ]
INFO: Run Behavior\ParseTemplateBehavior [ RunTime:0.010978s ]
INFO: [ view_parse ] --END-- [ RunTime:0.011022s ]
INFO: [ view_filter ] --START--
INFO: Run Behavior\WriteHtmlCacheBehavior [ RunTime:0.000423s ]
INFO: Run Common\Behavior\TmplStripSpaceBehavior [ RunTime:0.000643s ]
INFO: [ view_filter ] --END-- [ RunTime:0.001131s ]
INFO: [ app_end ] --START--
INFO: Run Behavior\ShowPageTraceBehavior [ RunTime:0.000643s ]
INFO: [ app_end ] --END-- [ RunTime:0.000686s ]

[ 2018-12-29T09:51:34+08:00 ] 222.182.196.132 /index.php?g=asset&m=asset&a=plupload
INFO: [ app_init ] --START--
INFO: Run Behavior\BuildLiteBehavior [ RunTime:0.000015s ]
INFO: Run Common\Behavior\InitHookBehavior [ RunTime:0.002241s ]
INFO: [ app_init ] --END-- [ RunTime:0.002716s ]
INFO: [ app_begin ] --START--
INFO: Run Behavior\ReadHtmlCacheBehavior [ RunTime:0.000566s ]
INFO: Run Behavior\CheckLangBehavior [ RunTime:0.001012s ]
INFO: Run Common\Behavior\UrldecodeGetBehavior [ RunTime:0.000631s ]
INFO: [ app_begin ] --END-- [ RunTime:0.002311s ]
INFO: [ admin_begin ] --START--
INFO: Run Common\Behavior\AdminDefaultLangBehavior [ RunTime:0.001997s ]
INFO: [ admin_begin ] --END-- [ RunTime:0.002062s ]
NOTIC: [2] call_user_func() expects parameter 1 to be a valid callback, no array or string given C:\www\xueshengapp\simplewind\Core\Library\Think\Upload.class.php 第 188 行.

[ 2018-12-29T09:52:01+08:00 ] 222.182.196.132 /index.php?g=Asset&m=Ueditor&a=upload&action=config&&noCache=1546048321034
INFO: [ app_init ] --START--
INFO: Run Behavior\BuildLiteBehavior [ RunTime:0.000015s ]
INFO: Run Common\Behavior\InitHookBehavior [ RunTime:0.001298s ]
INFO: [ app_init ] --END-- [ RunTime:0.001644s ]
INFO: [ app_begin ] --START--
INFO: Run Behavior\ReadHtmlCacheBehavior [ RunTime:0.000418s ]
INFO: Run Behavior\CheckLangBehavior [ RunTime:0.000644s ]
INFO: Run Common\Behavior\UrldecodeGetBehavior [ RunTime:0.000280s ]
INFO: [ app_begin ] --END-- [ RunTime:0.001436s ]

[ 2018-12-29T09:52:36+08:00 ] 222.182.196.132 /index.php?g=Asset&m=Ueditor&a=upload&action=config&&noCache=1546048355940
INFO: [ app_init ] --START--
INFO: Run Behavior\BuildLiteBehavior [ RunTime:0.000016s ]
INFO: Run Common\Behavior\InitHookBehavior [ RunTime:0.001362s ]
INFO: [ app_init ] --END-- [ RunTime:0.001713s ]
INFO: [ app_begin ] --START--
INFO: Run Behavior\ReadHtmlCacheBehavior [ RunTime:0.000431s ]
INFO: Run Behavior\CheckLangBehavior [ RunTime:0.000648s ]
INFO: Run Common\Behavior\UrldecodeGetBehavior [ RunTime:0.000281s ]
INFO: [ app_begin ] --END-- [ RunTime:0.001456s ]

[ 2018-12-29T12:53:19+08:00 ] 27.14.253.85 /index.php?g=asset&m=asset&a=plupload&multi=0&filetype=image&app=Admin
INFO: [ app_init ] --START--
INFO: Run Behavior\BuildLiteBehavior [ RunTime:0.000017s ]
INFO: Run Common\Behavior\InitHookBehavior [ RunTime:0.003291s ]
INFO: [ app_init ] --END-- [ RunTime:0.003924s ]
INFO: [ app_begin ] --START--
INFO: Run Behavior\ReadHtmlCacheBehavior [ RunTime:0.000928s ]
INFO: Run Behavior\CheckLangBehavior [ RunTime:0.001486s ]
INFO: Run Common\Behavior\UrldecodeGetBehavior [ RunTime:0.000716s ]
INFO: [ app_begin ] --END-- [ RunTime:0.003246s ]
INFO: [ admin_begin ] --START--
INFO: Run Common\Behavior\AdminDefaultLangBehavior [ RunTime:0.001735s ]
INFO: [ admin_begin ] --END-- [ RunTime:0.001787s ]
SQL: SHOW COLUMNS FROM `h2w_options` [ RunTime:0.0048s ]
SQL: SELECT `option_value` FROM `h2w_options` WHERE `option_name` = 'cdn_settings' LIMIT 1   [ RunTime:0.0003s ]
INFO: [ view_parse ] --START--
INFO: [ template_filter ] --START--
INFO: Run Behavior\ContentReplaceBehavior [ RunTime:0.000092s ]
INFO: [ template_filter ] --END-- [ RunTime:0.000141s ]
INFO: Run Behavior\ParseTemplateBehavior [ RunTime:0.013452s ]
INFO: [ view_parse ] --END-- [ RunTime:0.013503s ]
INFO: [ view_filter ] --START--
INFO: Run Behavior\WriteHtmlCacheBehavior [ RunTime:0.000815s ]
INFO: Run Common\Behavior\TmplStripSpaceBehavior [ RunTime:0.000678s ]
INFO: [ view_filter ] --END-- [ RunTime:0.001551s ]
INFO: [ app_end ] --START--
INFO: Run Behavior\ShowPageTraceBehavior [ RunTime:0.000935s ]
INFO: [ app_end ] --END-- [ RunTime:0.000976s ]

[ 2018-12-29T12:53:25+08:00 ] 42.236.10.106 /index.php?g=asset&m=asset&a=plupload&multi=0&filetype=image&app=admin
INFO: [ app_init ] --START--
INFO: Run Behavior\BuildLiteBehavior [ RunTime:0.000017s ]
INFO: Run Common\Behavior\InitHookBehavior [ RunTime:0.003366s ]
INFO: [ app_init ] --END-- [ RunTime:0.003971s ]
INFO: [ app_begin ] --START--
INFO: Run Behavior\ReadHtmlCacheBehavior [ RunTime:0.001049s ]
INFO: Run Behavior\CheckLangBehavior [ RunTime:0.001541s ]
INFO: Run Common\Behavior\UrldecodeGetBehavior [ RunTime:0.000784s ]
INFO: [ app_begin ] --END-- [ RunTime:0.003476s ]
INFO: [ admin_begin ] --START--
INFO: Run Common\Behavior\AdminDefaultLangBehavior [ RunTime:0.001879s ]
INFO: [ admin_begin ] --END-- [ RunTime:0.001930s ]

[ 2018-12-29T12:53:36+08:00 ] 27.14.253.85 /index.php?g=asset&m=asset&a=plupload
INFO: [ app_init ] --START--
INFO: Run Behavior\BuildLiteBehavior [ RunTime:0.000019s ]
INFO: Run Common\Behavior\InitHookBehavior [ RunTime:0.003282s ]
INFO: [ app_init ] --END-- [ RunTime:0.003940s ]
INFO: [ app_begin ] --START--
INFO: Run Behavior\ReadHtmlCacheBehavior [ RunTime:0.000897s ]
INFO: Run Behavior\CheckLangBehavior [ RunTime:0.001329s ]
INFO: Run Common\Behavior\UrldecodeGetBehavior [ RunTime:0.000499s ]
INFO: [ app_begin ] --END-- [ RunTime:0.002841s ]
INFO: [ admin_begin ] --START--
INFO: Run Common\Behavior\AdminDefaultLangBehavior [ RunTime:0.001825s ]
INFO: [ admin_begin ] --END-- [ RunTime:0.001889s ]
NOTIC: [2] call_user_func() expects parameter 1 to be a valid callback, no array or string given C:\www\xueshengapp\simplewind\Core\Library\Think\Upload.class.php 第 188 行.

[ 2018-12-29T13:04:59+08:00 ] 27.14.253.85 /index.php?g=asset&m=asset&a=plupload&multi=0&filetype=image&app=Admin
INFO: [ app_init ] --START--
INFO: Run Behavior\BuildLiteBehavior [ RunTime:0.000021s ]
INFO: Run Common\Behavior\InitHookBehavior [ RunTime:0.002274s ]
INFO: [ app_init ] --END-- [ RunTime:0.002752s ]
INFO: [ app_begin ] --START--
INFO: Run Behavior\ReadHtmlCacheBehavior [ RunTime:0.000813s ]
INFO: Run Behavior\CheckLangBehavior [ RunTime:0.001292s ]
INFO: Run Common\Behavior\UrldecodeGetBehavior [ RunTime:0.000617s ]
INFO: [ app_begin ] --END-- [ RunTime:0.002865s ]
INFO: [ admin_begin ] --START--
INFO: Run Common\Behavior\AdminDefaultLangBehavior [ RunTime:0.001681s ]
INFO: [ admin_begin ] --END-- [ RunTime:0.001746s ]
SQL: SHOW COLUMNS FROM `h2w_options` [ RunTime:0.0036s ]
SQL: SELECT `option_value` FROM `h2w_options` WHERE `option_name` = 'cdn_settings' LIMIT 1   [ RunTime:0.0002s ]
INFO: [ view_parse ] --START--
INFO: [ template_filter ] --START--
INFO: Run Behavior\ContentReplaceBehavior [ RunTime:0.000093s ]
INFO: [ template_filter ] --END-- [ RunTime:0.000132s ]
INFO: Run Behavior\ParseTemplateBehavior [ RunTime:0.010111s ]
INFO: [ view_parse ] --END-- [ RunTime:0.010155s ]
INFO: [ view_filter ] --START--
INFO: Run Behavior\WriteHtmlCacheBehavior [ RunTime:0.000392s ]
INFO: Run Common\Behavior\TmplStripSpaceBehavior [ RunTime:0.000443s ]
INFO: [ view_filter ] --END-- [ RunTime:0.000897s ]
INFO: [ app_end ] --START--
INFO: Run Behavior\ShowPageTraceBehavior [ RunTime:0.000562s ]
INFO: [ app_end ] --END-- [ RunTime:0.000603s ]

[ 2018-12-29T13:09:05+08:00 ] 27.14.253.85 /index.php?g=asset&m=asset&a=plupload&multi=0&filetype=image&app=Admin
INFO: [ app_init ] --START--
INFO: Run Behavior\BuildLiteBehavior [ RunTime:0.000022s ]
INFO: Run Common\Behavior\InitHookBehavior [ RunTime:0.003405s ]
INFO: [ app_init ] --END-- [ RunTime:0.004207s ]
INFO: [ app_begin ] --START--
INFO: Run Behavior\ReadHtmlCacheBehavior [ RunTime:0.001025s ]
INFO: Run Behavior\CheckLangBehavior [ RunTime:0.001610s ]
INFO: Run Common\Behavior\UrldecodeGetBehavior [ RunTime:0.000588s ]
INFO: [ app_begin ] --END-- [ RunTime:0.003353s ]
INFO: [ admin_begin ] --START--
INFO: Run Common\Behavior\AdminDefaultLangBehavior [ RunTime:0.001449s ]
INFO: [ admin_begin ] --END-- [ RunTime:0.001508s ]
SQL: SHOW COLUMNS FROM `h2w_options` [ RunTime:0.0043s ]
SQL: SELECT `option_value` FROM `h2w_options` WHERE `option_name` = 'cdn_settings' LIMIT 1   [ RunTime:0.0003s ]
INFO: [ view_parse ] --START--
INFO: [ template_filter ] --START--
INFO: Run Behavior\ContentReplaceBehavior [ RunTime:0.000137s ]
INFO: [ template_filter ] --END-- [ RunTime:0.000203s ]
INFO: Run Behavior\ParseTemplateBehavior [ RunTime:0.013036s ]
INFO: [ view_parse ] --END-- [ RunTime:0.013084s ]
INFO: [ view_filter ] --START--
INFO: Run Behavior\WriteHtmlCacheBehavior [ RunTime:0.000552s ]
INFO: Run Common\Behavior\TmplStripSpaceBehavior [ RunTime:0.000521s ]
INFO: [ view_filter ] --END-- [ RunTime:0.001143s ]
INFO: [ app_end ] --START--
INFO: Run Behavior\ShowPageTraceBehavior [ RunTime:0.000890s ]
INFO: [ app_end ] --END-- [ RunTime:0.000935s ]

[ 2018-12-29T13:09:14+08:00 ] 27.14.253.85 /index.php?g=asset&m=asset&a=plupload
INFO: [ app_init ] --START--
INFO: Run Behavior\BuildLiteBehavior [ RunTime:0.000019s ]
INFO: Run Common\Behavior\InitHookBehavior [ RunTime:0.003250s ]
INFO: [ app_init ] --END-- [ RunTime:0.004007s ]
INFO: [ app_begin ] --START--
INFO: Run Behavior\ReadHtmlCacheBehavior [ RunTime:0.000815s ]
INFO: Run Behavior\CheckLangBehavior [ RunTime:0.001500s ]
INFO: Run Common\Behavior\UrldecodeGetBehavior [ RunTime:0.000715s ]
INFO: [ app_begin ] --END-- [ RunTime:0.003162s ]
INFO: [ admin_begin ] --START--
INFO: Run Common\Behavior\AdminDefaultLangBehavior [ RunTime:0.001719s ]
INFO: [ admin_begin ] --END-- [ RunTime:0.001782s ]
NOTIC: [2] call_user_func() expects parameter 1 to be a valid callback, no array or string given C:\www\xueshengapp\simplewind\Core\Library\Think\Upload.class.php 第 188 行.

[ 2018-12-29T13:13:18+08:00 ] 27.14.253.85 /index.php?g=asset&m=asset&a=plupload&multi=0&filetype=image&app=Admin
INFO: [ app_init ] --START--
INFO: Run Behavior\BuildLiteBehavior [ RunTime:0.000015s ]
INFO: Run Common\Behavior\InitHookBehavior [ RunTime:0.002882s ]
INFO: [ app_init ] --END-- [ RunTime:0.003445s ]
INFO: [ app_begin ] --START--
INFO: Run Behavior\ReadHtmlCacheBehavior [ RunTime:0.000840s ]
INFO: Run Behavior\CheckLangBehavior [ RunTime:0.001348s ]
INFO: Run Common\Behavior\UrldecodeGetBehavior [ RunTime:0.000656s ]
INFO: [ app_begin ] --END-- [ RunTime:0.002941s ]
INFO: [ admin_begin ] --START--
INFO: Run Common\Behavior\AdminDefaultLangBehavior [ RunTime:0.001585s ]
INFO: [ admin_begin ] --END-- [ RunTime:0.001635s ]
SQL: SHOW COLUMNS FROM `h2w_options` [ RunTime:0.0038s ]
SQL: SELECT `option_value` FROM `h2w_options` WHERE `option_name` = 'cdn_settings' LIMIT 1   [ RunTime:0.0003s ]
INFO: [ view_parse ] --START--
INFO: [ template_filter ] --START--
INFO: Run Behavior\ContentReplaceBehavior [ RunTime:0.000091s ]
INFO: [ template_filter ] --END-- [ RunTime:0.000137s ]
INFO: Run Behavior\ParseTemplateBehavior [ RunTime:0.011337s ]
INFO: [ view_parse ] --END-- [ RunTime:0.011385s ]
INFO: [ view_filter ] --START--
INFO: Run Behavior\WriteHtmlCacheBehavior [ RunTime:0.000835s ]
INFO: Run Common\Behavior\TmplStripSpaceBehavior [ RunTime:0.000716s ]
INFO: [ view_filter ] --END-- [ RunTime:0.001610s ]
INFO: [ app_end ] --START--
INFO: Run Behavior\ShowPageTraceBehavior [ RunTime:0.000945s ]
INFO: [ app_end ] --END-- [ RunTime:0.000993s ]

[ 2018-12-29T13:13:24+08:00 ] 27.14.253.85 /index.php?g=asset&m=asset&a=plupload
INFO: [ app_init ] --START--
INFO: Run Behavior\BuildLiteBehavior [ RunTime:0.000016s ]
INFO: Run Common\Behavior\InitHookBehavior [ RunTime:0.003696s ]
INFO: [ app_init ] --END-- [ RunTime:0.004287s ]
INFO: [ app_begin ] --START--
INFO: Run Behavior\ReadHtmlCacheBehavior [ RunTime:0.001168s ]
INFO: Run Behavior\CheckLangBehavior [ RunTime:0.001439s ]
INFO: Run Common\Behavior\UrldecodeGetBehavior [ RunTime:0.000634s ]
INFO: [ app_begin ] --END-- [ RunTime:0.003361s ]
INFO: [ admin_begin ] --START--
INFO: Run Common\Behavior\AdminDefaultLangBehavior [ RunTime:0.001732s ]
INFO: [ admin_begin ] --END-- [ RunTime:0.001783s ]
NOTIC: [2] call_user_func() expects parameter 1 to be a valid callback, no array or string given C:\www\xueshengapp\simplewind\Core\Library\Think\Upload.class.php 第 188 行.

[ 2018-12-29T13:47:10+08:00 ] 222.182.196.132 /index.php?g=asset&m=asset&a=plupload&multi=0&filetype=image&app=Admin
INFO: [ app_init ] --START--
INFO: Run Behavior\BuildLiteBehavior [ RunTime:0.000015s ]
INFO: Run Common\Behavior\InitHookBehavior [ RunTime:0.001963s ]
INFO: [ app_init ] --END-- [ RunTime:0.002402s ]
INFO: [ app_begin ] --START--
INFO: Run Behavior\ReadHtmlCacheBehavior [ RunTime:0.000569s ]
INFO: Run Behavior\CheckLangBehavior [ RunTime:0.000928s ]
INFO: Run Common\Behavior\UrldecodeGetBehavior [ RunTime:0.000463s ]
INFO: [ app_begin ] --END-- [ RunTime:0.002077s ]
INFO: [ admin_begin ] --START--
INFO: Run Common\Behavior\AdminDefaultLangBehavior [ RunTime:0.001630s ]
INFO: [ admin_begin ] --END-- [ RunTime:0.001698s ]
SQL: SHOW COLUMNS FROM `h2w_options` [ RunTime:0.0038s ]
SQL: SELECT `option_value` FROM `h2w_options` WHERE `option_name` = 'cdn_settings' LIMIT 1   [ RunTime:0.0003s ]
INFO: [ view_parse ] --START--
INFO: [ template_filter ] --START--
INFO: Run Behavior\ContentReplaceBehavior [ RunTime:0.000132s ]
INFO: [ template_filter ] --END-- [ RunTime:0.000194s ]
INFO: Run Behavior\ParseTemplateBehavior [ RunTime:0.018490s ]
INFO: [ view_parse ] --END-- [ RunTime:0.018542s ]
INFO: [ view_filter ] --START--
INFO: Run Behavior\WriteHtmlCacheBehavior [ RunTime:0.000561s ]
INFO: Run Common\Behavior\TmplStripSpaceBehavior [ RunTime:0.000604s ]
INFO: [ view_filter ] --END-- [ RunTime:0.001243s ]
INFO: [ app_end ] --START--
INFO: Run Behavior\ShowPageTraceBehavior [ RunTime:0.000793s ]
INFO: [ app_end ] --END-- [ RunTime:0.000845s ]

[ 2018-12-29T13:47:19+08:00 ] 222.182.196.132 /index.php?g=asset&m=asset&a=plupload
INFO: [ app_init ] --START--
INFO: Run Behavior\BuildLiteBehavior [ RunTime:0.000017s ]
INFO: Run Common\Behavior\InitHookBehavior [ RunTime:0.002009s ]
INFO: [ app_init ] --END-- [ RunTime:0.002424s ]
INFO: [ app_begin ] --START--
INFO: Run Behavior\ReadHtmlCacheBehavior [ RunTime:0.000556s ]
INFO: Run Behavior\CheckLangBehavior [ RunTime:0.000885s ]
INFO: Run Common\Behavior\UrldecodeGetBehavior [ RunTime:0.000434s ]
INFO: [ app_begin ] --END-- [ RunTime:0.001978s ]
INFO: [ admin_begin ] --START--
INFO: Run Common\Behavior\AdminDefaultLangBehavior [ RunTime:0.001261s ]
INFO: [ admin_begin ] --END-- [ RunTime:0.001313s ]
NOTIC: [2] call_user_func() expects parameter 1 to be a valid callback, no array or string given C:\www\xueshengapp\simplewind\Core\Library\Think\Upload.class.php 第 188 行.

[ 2018-12-29T13:57:20+08:00 ] 222.182.196.132 /index.php?g=asset&m=asset&a=plupload&multi=0&filetype=image&app=Admin
INFO: [ app_init ] --START--
INFO: Run Behavior\BuildLiteBehavior [ RunTime:0.000022s ]
INFO: Run Common\Behavior\InitHookBehavior [ RunTime:0.002128s ]
INFO: [ app_init ] --END-- [ RunTime:0.002555s ]
INFO: [ app_begin ] --START--
INFO: Run Behavior\ReadHtmlCacheBehavior [ RunTime:0.000603s ]
INFO: Run Behavior\CheckLangBehavior [ RunTime:0.000946s ]
INFO: Run Common\Behavior\UrldecodeGetBehavior [ RunTime:0.000456s ]
INFO: [ app_begin ] --END-- [ RunTime:0.002112s ]
INFO: [ admin_begin ] --START--
INFO: Run Common\Behavior\AdminDefaultLangBehavior [ RunTime:0.001246s ]
INFO: [ admin_begin ] --END-- [ RunTime:0.001316s ]
SQL: SHOW COLUMNS FROM `h2w_options` [ RunTime:0.0040s ]
SQL: SELECT `option_value` FROM `h2w_options` WHERE `option_name` = 'cdn_settings' LIMIT 1   [ RunTime:0.0002s ]
INFO: [ view_parse ] --START--
INFO: [ template_filter ] --START--
INFO: Run Behavior\ContentReplaceBehavior [ RunTime:0.000134s ]
INFO: [ template_filter ] --END-- [ RunTime:0.000187s ]
INFO: Run Behavior\ParseTemplateBehavior [ RunTime:0.009545s ]
INFO: [ view_parse ] --END-- [ RunTime:0.009595s ]
INFO: [ view_filter ] --START--
INFO: Run Behavior\WriteHtmlCacheBehavior [ RunTime:0.000543s ]
INFO: Run Common\Behavior\TmplStripSpaceBehavior [ RunTime:0.000610s ]
INFO: [ view_filter ] --END-- [ RunTime:0.001230s ]
INFO: [ app_end ] --START--
INFO: Run Behavior\ShowPageTraceBehavior [ RunTime:0.000764s ]
INFO: [ app_end ] --END-- [ RunTime:0.000814s ]

[ 2018-12-29T13:57:30+08:00 ] 222.182.196.132 /index.php?g=asset&m=asset&a=plupload
INFO: [ app_init ] --START--
INFO: Run Behavior\BuildLiteBehavior [ RunTime:0.000016s ]
INFO: Run Common\Behavior\InitHookBehavior [ RunTime:0.001867s ]
INFO: [ app_init ] --END-- [ RunTime:0.002287s ]
INFO: [ app_begin ] --START--
INFO: Run Behavior\ReadHtmlCacheBehavior [ RunTime:0.000566s ]
INFO: Run Behavior\CheckLangBehavior [ RunTime:0.000934s ]
INFO: Run Common\Behavior\UrldecodeGetBehavior [ RunTime:0.000418s ]
INFO: [ app_begin ] --END-- [ RunTime:0.002020s ]
INFO: [ admin_begin ] --START--
INFO: Run Common\Behavior\AdminDefaultLangBehavior [ RunTime:0.001254s ]
INFO: [ admin_begin ] --END-- [ RunTime:0.001321s ]
NOTIC: [2] call_user_func() expects parameter 1 to be a valid callback, no array or string given C:\www\xueshengapp\simplewind\Core\Library\Think\Upload.class.php 第 188 行.

[ 2018-12-29T13:57:37+08:00 ] 222.182.196.132 /index.php?g=asset&m=asset&a=plupload&multi=0&filetype=image&app=Admin
INFO: [ app_init ] --START--
INFO: Run Behavior\BuildLiteBehavior [ RunTime:0.000019s ]
INFO: Run Common\Behavior\InitHookBehavior [ RunTime:0.002934s ]
INFO: [ app_init ] --END-- [ RunTime:0.003488s ]
INFO: [ app_begin ] --START--
INFO: Run Behavior\ReadHtmlCacheBehavior [ RunTime:0.000637s ]
INFO: Run Behavior\CheckLangBehavior [ RunTime:0.001110s ]
INFO: Run Common\Behavior\UrldecodeGetBehavior [ RunTime:0.000446s ]
INFO: [ app_begin ] --END-- [ RunTime:0.002333s ]
INFO: [ admin_begin ] --START--
INFO: Run Common\Behavior\AdminDefaultLangBehavior [ RunTime:0.001179s ]
INFO: [ admin_begin ] --END-- [ RunTime:0.001235s ]
SQL: SHOW COLUMNS FROM `h2w_options` [ RunTime:0.0044s ]
SQL: SELECT `option_value` FROM `h2w_options` WHERE `option_name` = 'cdn_settings' LIMIT 1   [ RunTime:0.0002s ]
INFO: [ view_parse ] --START--
INFO: [ template_filter ] --START--
INFO: Run Behavior\ContentReplaceBehavior [ RunTime:0.000141s ]
INFO: [ template_filter ] --END-- [ RunTime:0.000193s ]
INFO: Run Behavior\ParseTemplateBehavior [ RunTime:0.010340s ]
INFO: [ view_parse ] --END-- [ RunTime:0.010399s ]
INFO: [ view_filter ] --START--
INFO: Run Behavior\WriteHtmlCacheBehavior [ RunTime:0.000471s ]
INFO: Run Common\Behavior\TmplStripSpaceBehavior [ RunTime:0.000514s ]
INFO: [ view_filter ] --END-- [ RunTime:0.001062s ]
INFO: [ app_end ] --START--
INFO: Run Behavior\ShowPageTraceBehavior [ RunTime:0.000680s ]
INFO: [ app_end ] --END-- [ RunTime:0.000731s ]

[ 2018-12-29T13:57:44+08:00 ] 222.182.196.132 /index.php?g=asset&m=asset&a=plupload
INFO: [ app_init ] --START--
INFO: Run Behavior\BuildLiteBehavior [ RunTime:0.000019s ]
INFO: Run Common\Behavior\InitHookBehavior [ RunTime:0.001443s ]
INFO: [ app_init ] --END-- [ RunTime:0.001858s ]
INFO: [ app_begin ] --START--
INFO: Run Behavior\ReadHtmlCacheBehavior [ RunTime:0.000420s ]
INFO: Run Behavior\CheckLangBehavior [ RunTime:0.000701s ]
INFO: Run Common\Behavior\UrldecodeGetBehavior [ RunTime:0.000443s ]
INFO: [ app_begin ] --END-- [ RunTime:0.001735s ]
INFO: [ admin_begin ] --START--
INFO: Run Common\Behavior\AdminDefaultLangBehavior [ RunTime:0.001337s ]
INFO: [ admin_begin ] --END-- [ RunTime:0.001403s ]
NOTIC: [2] call_user_func() expects parameter 1 to be a valid callback, no array or string given C:\www\xueshengapp\simplewind\Core\Library\Think\Upload.class.php 第 188 行.

[ 2018-12-29T13:59:11+08:00 ] 222.182.196.132 /index.php?g=asset&m=asset&a=plupload&multi=0&filetype=image&app=Admin
INFO: [ app_init ] --START--
INFO: Run Behavior\BuildLiteBehavior [ RunTime:0.000014s ]
INFO: Run Common\Behavior\InitHookBehavior [ RunTime:0.001398s ]
INFO: [ app_init ] --END-- [ RunTime:0.001747s ]
INFO: [ app_begin ] --START--
INFO: Run Behavior\ReadHtmlCacheBehavior [ RunTime:0.000427s ]
INFO: Run Behavior\CheckLangBehavior [ RunTime:0.000664s ]
INFO: Run Common\Behavior\UrldecodeGetBehavior [ RunTime:0.000287s ]
INFO: [ app_begin ] --END-- [ RunTime:0.001473s ]
INFO: [ admin_begin ] --START--
INFO: Run Common\Behavior\AdminDefaultLangBehavior [ RunTime:0.000882s ]
INFO: [ admin_begin ] --END-- [ RunTime:0.000933s ]
SQL: SHOW COLUMNS FROM `h2w_options` [ RunTime:0.0041s ]
SQL: SELECT `option_value` FROM `h2w_options` WHERE `option_name` = 'cdn_settings' LIMIT 1   [ RunTime:0.0003s ]
INFO: [ view_parse ] --START--
INFO: [ template_filter ] --START--
INFO: Run Behavior\ContentReplaceBehavior [ RunTime:0.000090s ]
INFO: [ template_filter ] --END-- [ RunTime:0.000133s ]
INFO: Run Behavior\ParseTemplateBehavior [ RunTime:0.009905s ]
INFO: [ view_parse ] --END-- [ RunTime:0.009949s ]
INFO: [ view_filter ] --START--
INFO: Run Behavior\WriteHtmlCacheBehavior [ RunTime:0.000329s ]
INFO: Run Common\Behavior\TmplStripSpaceBehavior [ RunTime:0.000393s ]
INFO: [ view_filter ] --END-- [ RunTime:0.000779s ]
INFO: [ app_end ] --START--
INFO: Run Behavior\ShowPageTraceBehavior [ RunTime:0.000511s ]
INFO: [ app_end ] --END-- [ RunTime:0.000553s ]

[ 2018-12-29T13:59:18+08:00 ] 222.182.196.132 /index.php?g=asset&m=asset&a=plupload
INFO: [ app_init ] --START--
INFO: Run Behavior\BuildLiteBehavior [ RunTime:0.000015s ]
INFO: Run Common\Behavior\InitHookBehavior [ RunTime:0.001355s ]
INFO: [ app_init ] --END-- [ RunTime:0.001687s ]
INFO: [ app_begin ] --START--
INFO: Run Behavior\ReadHtmlCacheBehavior [ RunTime:0.000405s ]
INFO: Run Behavior\CheckLangBehavior [ RunTime:0.000657s ]
INFO: Run Common\Behavior\UrldecodeGetBehavior [ RunTime:0.000269s ]
INFO: [ app_begin ] --END-- [ RunTime:0.001428s ]
INFO: [ admin_begin ] --START--
INFO: Run Common\Behavior\AdminDefaultLangBehavior [ RunTime:0.000841s ]
INFO: [ admin_begin ] --END-- [ RunTime:0.000899s ]
NOTIC: [2] call_user_func() expects parameter 1 to be a valid callback, no array or string given C:\www\xueshengapp\simplewind\Core\Library\Think\Upload.class.php 第 188 行.

[ 2018-12-29T13:59:49+08:00 ] 27.14.253.85 /index.php?g=asset&m=asset&a=plupload&multi=0&filetype=image&app=Admin
INFO: [ app_init ] --START--
INFO: Run Behavior\BuildLiteBehavior [ RunTime:0.000025s ]
INFO: Run Common\Behavior\InitHookBehavior [ RunTime:0.002126s ]
INFO: [ app_init ] --END-- [ RunTime:0.002514s ]
INFO: [ app_begin ] --START--
INFO: Run Behavior\ReadHtmlCacheBehavior [ RunTime:0.000589s ]
INFO: Run Behavior\CheckLangBehavior [ RunTime:0.001014s ]
INFO: Run Common\Behavior\UrldecodeGetBehavior [ RunTime:0.000610s ]
INFO: [ app_begin ] --END-- [ RunTime:0.002327s ]
INFO: [ admin_begin ] --START--
INFO: Run Common\Behavior\AdminDefaultLangBehavior [ RunTime:0.001406s ]
INFO: [ admin_begin ] --END-- [ RunTime:0.001455s ]
SQL: SHOW COLUMNS FROM `h2w_options` [ RunTime:0.0084s ]
SQL: SELECT `option_value` FROM `h2w_options` WHERE `option_name` = 'cdn_settings' LIMIT 1   [ RunTime:0.0003s ]
INFO: [ view_parse ] --START--
INFO: [ template_filter ] --START--
INFO: Run Behavior\ContentReplaceBehavior [ RunTime:0.000133s ]
INFO: [ template_filter ] --END-- [ RunTime:0.000185s ]
INFO: Run Behavior\ParseTemplateBehavior [ RunTime:0.011230s ]
INFO: [ view_parse ] --END-- [ RunTime:0.011282s ]
INFO: [ view_filter ] --START--
INFO: Run Behavior\WriteHtmlCacheBehavior [ RunTime:0.000539s ]
INFO: Run Common\Behavior\TmplStripSpaceBehavior [ RunTime:0.000710s ]
INFO: [ view_filter ] --END-- [ RunTime:0.001318s ]
INFO: [ app_end ] --START--
INFO: Run Behavior\ShowPageTraceBehavior [ RunTime:0.000623s ]
INFO: [ app_end ] --END-- [ RunTime:0.000664s ]

[ 2018-12-29T13:59:55+08:00 ] 27.14.253.85 /index.php?g=asset&m=asset&a=plupload
INFO: [ app_init ] --START--
INFO: Run Behavior\BuildLiteBehavior [ RunTime:0.000016s ]
INFO: Run Common\Behavior\InitHookBehavior [ RunTime:0.002257s ]
INFO: [ app_init ] --END-- [ RunTime:0.002673s ]
INFO: [ app_begin ] --START--
INFO: Run Behavior\ReadHtmlCacheBehavior [ RunTime:0.000585s ]
INFO: Run Behavior\CheckLangBehavior [ RunTime:0.001010s ]
INFO: Run Common\Behavior\UrldecodeGetBehavior [ RunTime:0.000582s ]
INFO: [ app_begin ] --END-- [ RunTime:0.002278s ]
INFO: [ admin_begin ] --START--
INFO: Run Common\Behavior\AdminDefaultLangBehavior [ RunTime:0.001432s ]
INFO: [ admin_begin ] --END-- [ RunTime:0.001494s ]
NOTIC: [2] call_user_func() expects parameter 1 to be a valid callback, no array or string given C:\www\xueshengapp\simplewind\Core\Library\Think\Upload.class.php 第 188 行.

[ 2018-12-29T14:02:19+08:00 ] 222.182.196.132 /index.php?g=asset&m=asset&a=plupload&multi=0&filetype=image&app=Admin
INFO: [ app_init ] --START--
INFO: Run Behavior\BuildLiteBehavior [ RunTime:0.000015s ]
INFO: Run Common\Behavior\InitHookBehavior [ RunTime:0.001371s ]
INFO: [ app_init ] --END-- [ RunTime:0.001706s ]
INFO: [ app_begin ] --START--
INFO: Run Behavior\ReadHtmlCacheBehavior [ RunTime:0.000435s ]
INFO: Run Behavior\CheckLangBehavior [ RunTime:0.000650s ]
INFO: Run Common\Behavior\UrldecodeGetBehavior [ RunTime:0.000295s ]
INFO: [ app_begin ] --END-- [ RunTime:0.001485s ]
INFO: [ admin_begin ] --START--
INFO: Run Common\Behavior\AdminDefaultLangBehavior [ RunTime:0.000940s ]
INFO: [ admin_begin ] --END-- [ RunTime:0.000990s ]
SQL: SHOW COLUMNS FROM `h2w_options` [ RunTime:0.0041s ]
SQL: SELECT `option_value` FROM `h2w_options` WHERE `option_name` = 'cdn_settings' LIMIT 1   [ RunTime:0.0002s ]
INFO: [ view_parse ] --START--
INFO: [ template_filter ] --START--
INFO: Run Behavior\ContentReplaceBehavior [ RunTime:0.000133s ]
INFO: [ template_filter ] --END-- [ RunTime:0.000186s ]
INFO: Run Behavior\ParseTemplateBehavior [ RunTime:0.009882s ]
INFO: [ view_parse ] --END-- [ RunTime:0.009926s ]
INFO: [ view_filter ] --START--
INFO: Run Behavior\WriteHtmlCacheBehavior [ RunTime:0.000336s ]
INFO: Run Common\Behavior\TmplStripSpaceBehavior [ RunTime:0.000363s ]
INFO: [ view_filter ] --END-- [ RunTime:0.000757s ]
INFO: [ app_end ] --START--
INFO: Run Behavior\ShowPageTraceBehavior [ RunTime:0.000508s ]
INFO: [ app_end ] --END-- [ RunTime:0.000551s ]

[ 2018-12-29T14:02:26+08:00 ] 222.182.196.132 /index.php?g=asset&m=asset&a=plupload
INFO: [ app_init ] --START--
INFO: Run Behavior\BuildLiteBehavior [ RunTime:0.000019s ]
INFO: Run Common\Behavior\InitHookBehavior [ RunTime:0.001862s ]
INFO: [ app_init ] --END-- [ RunTime:0.002317s ]
INFO: [ app_begin ] --START--
INFO: Run Behavior\ReadHtmlCacheBehavior [ RunTime:0.000397s ]
INFO: Run Behavior\CheckLangBehavior [ RunTime:0.000648s ]
INFO: Run Common\Behavior\UrldecodeGetBehavior [ RunTime:0.000361s ]
INFO: [ app_begin ] --END-- [ RunTime:0.001503s ]
INFO: [ admin_begin ] --START--
INFO: Run Common\Behavior\AdminDefaultLangBehavior [ RunTime:0.000915s ]
INFO: [ admin_begin ] --END-- [ RunTime:0.000965s ]
NOTIC: [2] call_user_func() expects parameter 1 to be a valid callback, no array or string given C:\www\xueshengapp\simplewind\Core\Library\Think\Upload.class.php 第 188 行.

[ 2018-12-29T14:03:56+08:00 ] 222.182.196.132 /index.php?g=asset&m=asset&a=plupload&multi=0&filetype=image&app=Admin
INFO: [ app_init ] --START--
INFO: Run Behavior\BuildLiteBehavior [ RunTime:0.000015s ]
INFO: Run Common\Behavior\InitHookBehavior [ RunTime:0.001753s ]
INFO: [ app_init ] --END-- [ RunTime:0.002096s ]
INFO: [ app_begin ] --START--
INFO: Run Behavior\ReadHtmlCacheBehavior [ RunTime:0.000659s ]
INFO: Run Behavior\CheckLangBehavior [ RunTime:0.000972s ]
INFO: Run Common\Behavior\UrldecodeGetBehavior [ RunTime:0.000373s ]
INFO: [ app_begin ] --END-- [ RunTime:0.002136s ]
INFO: [ admin_begin ] --START--
INFO: Run Common\Behavior\AdminDefaultLangBehavior [ RunTime:0.001452s ]
INFO: [ admin_begin ] --END-- [ RunTime:0.001518s ]
SQL: SHOW COLUMNS FROM `h2w_options` [ RunTime:0.0040s ]
SQL: SELECT `option_value` FROM `h2w_options` WHERE `option_name` = 'cdn_settings' LIMIT 1   [ RunTime:0.0003s ]
INFO: [ view_parse ] --START--
INFO: [ template_filter ] --START--
INFO: Run Behavior\ContentReplaceBehavior [ RunTime:0.000090s ]
INFO: [ template_filter ] --END-- [ RunTime:0.000129s ]
INFO: Run Behavior\ParseTemplateBehavior [ RunTime:0.009377s ]
INFO: [ view_parse ] --END-- [ RunTime:0.009422s ]
INFO: [ view_filter ] --START--
INFO: Run Behavior\WriteHtmlCacheBehavior [ RunTime:0.000331s ]
INFO: Run Common\Behavior\TmplStripSpaceBehavior [ RunTime:0.000366s ]
INFO: [ view_filter ] --END-- [ RunTime:0.000750s ]
INFO: [ app_end ] --START--
INFO: Run Behavior\ShowPageTraceBehavior [ RunTime:0.000505s ]
INFO: [ app_end ] --END-- [ RunTime:0.000546s ]

[ 2018-12-29T14:04:02+08:00 ] 222.182.196.132 /index.php?g=asset&m=asset&a=plupload
INFO: [ app_init ] --START--
INFO: Run Behavior\BuildLiteBehavior [ RunTime:0.000021s ]
INFO: Run Common\Behavior\InitHookBehavior [ RunTime:0.002146s ]
INFO: [ app_init ] --END-- [ RunTime:0.002593s ]
INFO: [ app_begin ] --START--
INFO: Run Behavior\ReadHtmlCacheBehavior [ RunTime:0.000408s ]
INFO: Run Behavior\CheckLangBehavior [ RunTime:0.000641s ]
INFO: Run Common\Behavior\UrldecodeGetBehavior [ RunTime:0.000268s ]
INFO: [ app_begin ] --END-- [ RunTime:0.001431s ]
INFO: [ admin_begin ] --START--
INFO: Run Common\Behavior\AdminDefaultLangBehavior [ RunTime:0.000981s ]
INFO: [ admin_begin ] --END-- [ RunTime:0.001031s ]
NOTIC: [2] call_user_func() expects parameter 1 to be a valid callback, no array or string given C:\www\xueshengapp\simplewind\Core\Library\Think\Upload.class.php 第 188 行.

[ 2018-12-29T14:05:31+08:00 ] 222.182.196.132 /index.php?g=asset&m=asset&a=plupload&multi=0&filetype=image&app=Admin
INFO: [ app_init ] --START--
INFO: Run Behavior\BuildLiteBehavior [ RunTime:0.000020s ]
INFO: Run Common\Behavior\InitHookBehavior [ RunTime:0.001821s ]
INFO: [ app_init ] --END-- [ RunTime:0.002292s ]
INFO: [ app_begin ] --START--
INFO: Run Behavior\ReadHtmlCacheBehavior [ RunTime:0.000572s ]
INFO: Run Behavior\CheckLangBehavior [ RunTime:0.000917s ]
INFO: Run Common\Behavior\UrldecodeGetBehavior [ RunTime:0.000374s ]
INFO: [ app_begin ] --END-- [ RunTime:0.001993s ]
INFO: [ admin_begin ] --START--
INFO: Run Common\Behavior\AdminDefaultLangBehavior [ RunTime:0.001139s ]
INFO: [ admin_begin ] --END-- [ RunTime:0.001205s ]
SQL: SHOW COLUMNS FROM `h2w_options` [ RunTime:0.0041s ]
SQL: SELECT `option_value` FROM `h2w_options` WHERE `option_name` = 'cdn_settings' LIMIT 1   [ RunTime:0.0003s ]
INFO: [ view_parse ] --START--
INFO: [ template_filter ] --START--
INFO: Run Behavior\ContentReplaceBehavior [ RunTime:0.000100s ]
INFO: [ template_filter ] --END-- [ RunTime:0.000139s ]
INFO: Run Behavior\ParseTemplateBehavior [ RunTime:0.009026s ]
INFO: [ view_parse ] --END-- [ RunTime:0.009080s ]
INFO: [ view_filter ] --START--
INFO: Run Behavior\WriteHtmlCacheBehavior [ RunTime:0.000334s ]
INFO: Run Common\Behavior\TmplStripSpaceBehavior [ RunTime:0.000365s ]
INFO: [ view_filter ] --END-- [ RunTime:0.000754s ]
INFO: [ app_end ] --START--
INFO: Run Behavior\ShowPageTraceBehavior [ RunTime:0.000576s ]
INFO: [ app_end ] --END-- [ RunTime:0.000616s ]

[ 2018-12-29T14:05:48+08:00 ] 222.182.196.132 /index.php?g=asset&m=asset&a=plupload
INFO: [ app_init ] --START--
INFO: Run Behavior\BuildLiteBehavior [ RunTime:0.000021s ]
INFO: Run Common\Behavior\InitHookBehavior [ RunTime:0.001814s ]
INFO: [ app_init ] --END-- [ RunTime:0.002273s ]
INFO: [ app_begin ] --START--
INFO: Run Behavior\ReadHtmlCacheBehavior [ RunTime:0.000452s ]
INFO: Run Behavior\CheckLangBehavior [ RunTime:0.000698s ]
INFO: Run Common\Behavior\UrldecodeGetBehavior [ RunTime:0.000283s ]
INFO: [ app_begin ] --END-- [ RunTime:0.001528s ]
INFO: [ admin_begin ] --START--
INFO: Run Common\Behavior\AdminDefaultLangBehavior [ RunTime:0.000857s ]
INFO: [ admin_begin ] --END-- [ RunTime:0.000906s ]
NOTIC: [2] call_user_func() expects parameter 1 to be a valid callback, no array or string given C:\www\xueshengapp\simplewind\Core\Library\Think\Upload.class.php 第 188 行.

[ 2018-12-29T14:06:02+08:00 ] 222.182.196.132 /index.php?g=asset&m=asset&a=plupload&multi=0&filetype=image&app=Admin
INFO: [ app_init ] --START--
INFO: Run Behavior\BuildLiteBehavior [ RunTime:0.000018s ]
INFO: Run Common\Behavior\InitHookBehavior [ RunTime:0.002978s ]
INFO: [ app_init ] --END-- [ RunTime:0.003506s ]
INFO: [ app_begin ] --START--
INFO: Run Behavior\ReadHtmlCacheBehavior [ RunTime:0.000819s ]
INFO: Run Behavior\CheckLangBehavior [ RunTime:0.001112s ]
INFO: Run Common\Behavior\UrldecodeGetBehavior [ RunTime:0.000588s ]
INFO: [ app_begin ] --END-- [ RunTime:0.002632s ]
INFO: [ admin_begin ] --START--
INFO: Run Common\Behavior\AdminDefaultLangBehavior [ RunTime:0.001481s ]
INFO: [ admin_begin ] --END-- [ RunTime:0.001533s ]
SQL: SHOW COLUMNS FROM `h2w_options` [ RunTime:0.0044s ]
SQL: SELECT `option_value` FROM `h2w_options` WHERE `option_name` = 'cdn_settings' LIMIT 1   [ RunTime:0.0005s ]
INFO: [ view_parse ] --START--
INFO: [ template_filter ] --START--
INFO: Run Behavior\ContentReplaceBehavior [ RunTime:0.000088s ]
INFO: [ template_filter ] --END-- [ RunTime:0.000126s ]
INFO: Run Behavior\ParseTemplateBehavior [ RunTime:0.009689s ]
INFO: [ view_parse ] --END-- [ RunTime:0.009733s ]
INFO: [ view_filter ] --START--
INFO: Run Behavior\WriteHtmlCacheBehavior [ RunTime:0.000439s ]
INFO: Run Common\Behavior\TmplStripSpaceBehavior [ RunTime:0.000623s ]
INFO: [ view_filter ] --END-- [ RunTime:0.001119s ]
INFO: [ app_end ] --START--
INFO: Run Behavior\ShowPageTraceBehavior [ RunTime:0.000564s ]
INFO: [ app_end ] --END-- [ RunTime:0.000622s ]

[ 2018-12-29T14:06:08+08:00 ] 222.182.196.132 /index.php?g=asset&m=asset&a=plupload
INFO: [ app_init ] --START--
INFO: Run Behavior\BuildLiteBehavior [ RunTime:0.000015s ]
INFO: Run Common\Behavior\InitHookBehavior [ RunTime:0.002273s ]
INFO: [ app_init ] --END-- [ RunTime:0.002717s ]
INFO: [ app_begin ] --START--
INFO: Run Behavior\ReadHtmlCacheBehavior [ RunTime:0.000581s ]
INFO: Run Behavior\CheckLangBehavior [ RunTime:0.000987s ]
INFO: Run Common\Behavior\UrldecodeGetBehavior [ RunTime:0.000589s ]
INFO: [ app_begin ] --END-- [ RunTime:0.002258s ]
INFO: [ admin_begin ] --START--
INFO: Run Common\Behavior\AdminDefaultLangBehavior [ RunTime:0.001398s ]
INFO: [ admin_begin ] --END-- [ RunTime:0.001450s ]
NOTIC: [2] call_user_func() expects parameter 1 to be a valid callback, no array or string given C:\www\xueshengapp\simplewind\Core\Library\Think\Upload.class.php 第 188 行.

[ 2018-12-29T14:07:27+08:00 ] 222.182.196.132 /index.php?g=asset&m=asset&a=plupload&multi=0&filetype=image&app=Admin
INFO: [ app_init ] --START--
INFO: Run Behavior\BuildLiteBehavior [ RunTime:0.000015s ]
INFO: Run Common\Behavior\InitHookBehavior [ RunTime:0.002147s ]
INFO: [ app_init ] --END-- [ RunTime:0.002538s ]
INFO: [ app_begin ] --START--
INFO: Run Behavior\ReadHtmlCacheBehavior [ RunTime:0.000792s ]
INFO: Run Behavior\CheckLangBehavior [ RunTime:0.001375s ]
INFO: Run Common\Behavior\UrldecodeGetBehavior [ RunTime:0.000834s ]
INFO: [ app_begin ] --END-- [ RunTime:0.003129s ]
INFO: [ admin_begin ] --START--
INFO: Run Common\Behavior\AdminDefaultLangBehavior [ RunTime:0.001406s ]
INFO: [ admin_begin ] --END-- [ RunTime:0.001459s ]
SQL: SHOW COLUMNS FROM `h2w_options` [ RunTime:0.0060s ]
SQL: SELECT `option_value` FROM `h2w_options` WHERE `option_name` = 'cdn_settings' LIMIT 1   [ RunTime:0.0005s ]
INFO: [ view_parse ] --START--
INFO: [ template_filter ] --START--
INFO: Run Behavior\ContentReplaceBehavior [ RunTime:0.000117s ]
INFO: [ template_filter ] --END-- [ RunTime:0.000172s ]
INFO: Run Behavior\ParseTemplateBehavior [ RunTime:0.013235s ]
INFO: [ view_parse ] --END-- [ RunTime:0.013304s ]
INFO: [ view_filter ] --START--
INFO: Run Behavior\WriteHtmlCacheBehavior [ RunTime:0.000416s ]
INFO: Run Common\Behavior\TmplStripSpaceBehavior [ RunTime:0.000602s ]
INFO: [ view_filter ] --END-- [ RunTime:0.001077s ]
INFO: [ app_end ] --START--
INFO: Run Behavior\ShowPageTraceBehavior [ RunTime:0.000558s ]
INFO: [ app_end ] --END-- [ RunTime:0.000599s ]

[ 2018-12-29T14:07:34+08:00 ] 222.182.196.132 /index.php?g=asset&m=asset&a=plupload
INFO: [ app_init ] --START--
INFO: Run Behavior\BuildLiteBehavior [ RunTime:0.000015s ]
INFO: Run Common\Behavior\InitHookBehavior [ RunTime:0.002451s ]
INFO: [ app_init ] --END-- [ RunTime:0.002838s ]
INFO: [ app_begin ] --START--
INFO: Run Behavior\ReadHtmlCacheBehavior [ RunTime:0.000858s ]
INFO: Run Behavior\CheckLangBehavior [ RunTime:0.001163s ]
INFO: Run Common\Behavior\UrldecodeGetBehavior [ RunTime:0.000717s ]
INFO: [ app_begin ] --END-- [ RunTime:0.002866s ]
INFO: [ admin_begin ] --START--
INFO: Run Common\Behavior\AdminDefaultLangBehavior [ RunTime:0.001678s ]
INFO: [ admin_begin ] --END-- [ RunTime:0.001742s ]
NOTIC: [2] call_user_func() expects parameter 1 to be a valid callback, no array or string given C:\www\xueshengapp\simplewind\Core\Library\Think\Upload.class.php 第 188 行.

[ 2018-12-29T14:08:02+08:00 ] 222.182.196.132 /index.php?g=asset&m=asset&a=plupload&multi=0&filetype=image&app=Admin
INFO: [ app_init ] --START--
INFO: Run Behavior\BuildLiteBehavior [ RunTime:0.000018s ]
INFO: Run Common\Behavior\InitHookBehavior [ RunTime:0.001409s ]
INFO: [ app_init ] --END-- [ RunTime:0.001762s ]
INFO: [ app_begin ] --START--
INFO: Run Behavior\ReadHtmlCacheBehavior [ RunTime:0.000440s ]
INFO: Run Behavior\CheckLangBehavior [ RunTime:0.000661s ]
INFO: Run Common\Behavior\UrldecodeGetBehavior [ RunTime:0.000333s ]
INFO: [ app_begin ] --END-- [ RunTime:0.001543s ]
INFO: [ admin_begin ] --START--
INFO: Run Common\Behavior\AdminDefaultLangBehavior [ RunTime:0.000890s ]
INFO: [ admin_begin ] --END-- [ RunTime:0.000941s ]
SQL: SHOW COLUMNS FROM `h2w_options` [ RunTime:0.0042s ]
SQL: SELECT `option_value` FROM `h2w_options` WHERE `option_name` = 'cdn_settings' LIMIT 1   [ RunTime:0.0002s ]
INFO: [ view_parse ] --START--
INFO: [ template_filter ] --START--
INFO: Run Behavior\ContentReplaceBehavior [ RunTime:0.000090s ]
INFO: [ template_filter ] --END-- [ RunTime:0.000129s ]
INFO: Run Behavior\ParseTemplateBehavior [ RunTime:0.008688s ]
INFO: [ view_parse ] --END-- [ RunTime:0.008741s ]
INFO: [ view_filter ] --START--
INFO: Run Behavior\WriteHtmlCacheBehavior [ RunTime:0.000388s ]
INFO: Run Common\Behavior\TmplStripSpaceBehavior [ RunTime:0.000452s ]
INFO: [ view_filter ] --END-- [ RunTime:0.000902s ]
INFO: [ app_end ] --START--
INFO: Run Behavior\ShowPageTraceBehavior [ RunTime:0.000536s ]
INFO: [ app_end ] --END-- [ RunTime:0.000578s ]

[ 2018-12-29T14:08:12+08:00 ] 222.182.196.132 /index.php?g=asset&m=asset&a=plupload
INFO: [ app_init ] --START--
INFO: Run Behavior\BuildLiteBehavior [ RunTime:0.000020s ]
INFO: Run Common\Behavior\InitHookBehavior [ RunTime:0.001811s ]
INFO: [ app_init ] --END-- [ RunTime:0.002271s ]
INFO: [ app_begin ] --START--
INFO: Run Behavior\ReadHtmlCacheBehavior [ RunTime:0.000542s ]
INFO: Run Behavior\CheckLangBehavior [ RunTime:0.000892s ]
INFO: Run Common\Behavior\UrldecodeGetBehavior [ RunTime:0.000372s ]
INFO: [ app_begin ] --END-- [ RunTime:0.001932s ]
INFO: [ admin_begin ] --START--
INFO: Run Common\Behavior\AdminDefaultLangBehavior [ RunTime:0.001251s ]
INFO: [ admin_begin ] --END-- [ RunTime:0.001320s ]
NOTIC: [2] call_user_func() expects parameter 1 to be a valid callback, no array or string given C:\www\xueshengapp\simplewind\Core\Library\Think\Upload.class.php 第 188 行.

[ 2018-12-29T14:10:16+08:00 ] 222.182.196.132 /index.php?g=asset&m=asset&a=plupload&multi=0&filetype=image&app=Admin
INFO: [ app_init ] --START--
INFO: Run Behavior\BuildLiteBehavior [ RunTime:0.000015s ]
INFO: Run Common\Behavior\InitHookBehavior [ RunTime:0.001339s ]
INFO: [ app_init ] --END-- [ RunTime:0.001676s ]
INFO: [ app_begin ] --START--
INFO: Run Behavior\ReadHtmlCacheBehavior [ RunTime:0.000406s ]
INFO: Run Behavior\CheckLangBehavior [ RunTime:0.000687s ]
INFO: Run Common\Behavior\UrldecodeGetBehavior [ RunTime:0.000275s ]
INFO: [ app_begin ] --END-- [ RunTime:0.001462s ]
INFO: [ admin_begin ] --START--
INFO: Run Common\Behavior\AdminDefaultLangBehavior [ RunTime:0.000832s ]
INFO: [ admin_begin ] --END-- [ RunTime:0.000888s ]
SQL: SHOW COLUMNS FROM `h2w_options` [ RunTime:0.0041s ]
SQL: SELECT `option_value` FROM `h2w_options` WHERE `option_name` = 'cdn_settings' LIMIT 1   [ RunTime:0.0003s ]
INFO: [ view_parse ] --START--
INFO: [ template_filter ] --START--
INFO: Run Behavior\ContentReplaceBehavior [ RunTime:0.000089s ]
INFO: [ template_filter ] --END-- [ RunTime:0.000128s ]
INFO: Run Behavior\ParseTemplateBehavior [ RunTime:0.008866s ]
INFO: [ view_parse ] --END-- [ RunTime:0.008910s ]
INFO: [ view_filter ] --START--
INFO: Run Behavior\WriteHtmlCacheBehavior [ RunTime:0.000339s ]
INFO: Run Common\Behavior\TmplStripSpaceBehavior [ RunTime:0.000353s ]
INFO: [ view_filter ] --END-- [ RunTime:0.000744s ]
INFO: [ app_end ] --START--
INFO: Run Behavior\ShowPageTraceBehavior [ RunTime:0.000499s ]
INFO: [ app_end ] --END-- [ RunTime:0.000541s ]

[ 2018-12-29T14:10:38+08:00 ] 222.182.196.132 /index.php?g=asset&m=asset&a=plupload
INFO: [ app_init ] --START--
INFO: Run Behavior\BuildLiteBehavior [ RunTime:0.000016s ]
INFO: Run Common\Behavior\InitHookBehavior [ RunTime:0.002393s ]
INFO: [ app_init ] --END-- [ RunTime:0.002791s ]
INFO: [ app_begin ] --START--
INFO: Run Behavior\ReadHtmlCacheBehavior [ RunTime:0.000488s ]
INFO: Run Behavior\CheckLangBehavior [ RunTime:0.000816s ]
INFO: Run Common\Behavior\UrldecodeGetBehavior [ RunTime:0.000426s ]
INFO: [ app_begin ] --END-- [ RunTime:0.001843s ]
INFO: [ admin_begin ] --START--
INFO: Run Common\Behavior\AdminDefaultLangBehavior [ RunTime:0.001025s ]
INFO: [ admin_begin ] --END-- [ RunTime:0.001080s ]
NOTIC: [2] call_user_func() expects parameter 1 to be a valid callback, no array or string given C:\www\xueshengapp\simplewind\Core\Library\Think\Upload.class.php 第 188 行.

[ 2018-12-29T14:12:12+08:00 ] 222.182.196.132 /index.php?g=asset&m=asset&a=plupload&multi=0&filetype=image&app=Admin
INFO: [ app_init ] --START--
INFO: Run Behavior\BuildLiteBehavior [ RunTime:0.000015s ]
INFO: Run Common\Behavior\InitHookBehavior [ RunTime:0.001969s ]
INFO: [ app_init ] --END-- [ RunTime:0.002367s ]
INFO: [ app_begin ] --START--
INFO: Run Behavior\ReadHtmlCacheBehavior [ RunTime:0.000497s ]
INFO: Run Behavior\CheckLangBehavior [ RunTime:0.001037s ]
INFO: Run Common\Behavior\UrldecodeGetBehavior [ RunTime:0.000465s ]
INFO: [ app_begin ] --END-- [ RunTime:0.002098s ]
INFO: [ admin_begin ] --START--
INFO: Run Common\Behavior\AdminDefaultLangBehavior [ RunTime:0.001264s ]
INFO: [ admin_begin ] --END-- [ RunTime:0.001322s ]
SQL: SHOW COLUMNS FROM `h2w_options` [ RunTime:0.0039s ]
SQL: SELECT `option_value` FROM `h2w_options` WHERE `option_name` = 'cdn_settings' LIMIT 1   [ RunTime:0.0003s ]
INFO: [ view_parse ] --START--
INFO: [ template_filter ] --START--
INFO: Run Behavior\ContentReplaceBehavior [ RunTime:0.000116s ]
INFO: [ template_filter ] --END-- [ RunTime:0.000169s ]
INFO: Run Behavior\ParseTemplateBehavior [ RunTime:0.010124s ]
INFO: [ view_parse ] --END-- [ RunTime:0.010173s ]
INFO: [ view_filter ] --START--
INFO: Run Behavior\WriteHtmlCacheBehavior [ RunTime:0.000393s ]
INFO: Run Common\Behavior\TmplStripSpaceBehavior [ RunTime:0.000449s ]
INFO: [ view_filter ] --END-- [ RunTime:0.000902s ]
INFO: [ app_end ] --START--
INFO: Run Behavior\ShowPageTraceBehavior [ RunTime:0.000492s ]
INFO: [ app_end ] --END-- [ RunTime:0.000533s ]

[ 2018-12-29T14:12:17+08:00 ] 222.182.196.132 /index.php?g=asset&m=asset&a=plupload
INFO: [ app_init ] --START--
INFO: Run Behavior\BuildLiteBehavior [ RunTime:0.000015s ]
INFO: Run Common\Behavior\InitHookBehavior [ RunTime:0.001650s ]
INFO: [ app_init ] --END-- [ RunTime:0.001983s ]
INFO: [ app_begin ] --START--
INFO: Run Behavior\ReadHtmlCacheBehavior [ RunTime:0.000444s ]
INFO: Run Behavior\CheckLangBehavior [ RunTime:0.000633s ]
INFO: Run Common\Behavior\UrldecodeGetBehavior [ RunTime:0.000382s ]
INFO: [ app_begin ] --END-- [ RunTime:0.001562s ]
INFO: [ admin_begin ] --START--
INFO: Run Common\Behavior\AdminDefaultLangBehavior [ RunTime:0.000986s ]
INFO: [ admin_begin ] --END-- [ RunTime:0.001035s ]
NOTIC: [2] call_user_func() expects parameter 1 to be a valid callback, no array or string given C:\www\xueshengapp\simplewind\Core\Library\Think\Upload.class.php 第 188 行.

[ 2018-12-29T14:13:26+08:00 ] 222.182.196.132 /index.php?g=asset&m=asset&a=plupload&multi=0&filetype=image&app=Admin
INFO: [ app_init ] --START--
INFO: Run Behavior\BuildLiteBehavior [ RunTime:0.000015s ]
INFO: Run Common\Behavior\InitHookBehavior [ RunTime:0.001984s ]
INFO: [ app_init ] --END-- [ RunTime:0.002364s ]
INFO: [ app_begin ] --START--
INFO: Run Behavior\ReadHtmlCacheBehavior [ RunTime:0.000535s ]
INFO: Run Behavior\CheckLangBehavior [ RunTime:0.000857s ]
INFO: Run Common\Behavior\UrldecodeGetBehavior [ RunTime:0.000450s ]
INFO: [ app_begin ] --END-- [ RunTime:0.001941s ]
INFO: [ admin_begin ] --START--
INFO: Run Common\Behavior\AdminDefaultLangBehavior [ RunTime:0.001210s ]
INFO: [ admin_begin ] --END-- [ RunTime:0.001272s ]
SQL: SHOW COLUMNS FROM `h2w_options` [ RunTime:0.0042s ]
SQL: SELECT `option_value` FROM `h2w_options` WHERE `option_name` = 'cdn_settings' LIMIT 1   [ RunTime:0.0003s ]
INFO: [ view_parse ] --START--
INFO: [ template_filter ] --START--
INFO: Run Behavior\ContentReplaceBehavior [ RunTime:0.000099s ]
INFO: [ template_filter ] --END-- [ RunTime:0.000139s ]
INFO: Run Behavior\ParseTemplateBehavior [ RunTime:0.009285s ]
INFO: [ view_parse ] --END-- [ RunTime:0.009327s ]
INFO: [ view_filter ] --START--
INFO: Run Behavior\WriteHtmlCacheBehavior [ RunTime:0.000331s ]
INFO: Run Common\Behavior\TmplStripSpaceBehavior [ RunTime:0.000528s ]
INFO: [ view_filter ] --END-- [ RunTime:0.000924s ]
INFO: [ app_end ] --START--
INFO: Run Behavior\ShowPageTraceBehavior [ RunTime:0.000522s ]
INFO: [ app_end ] --END-- [ RunTime:0.000563s ]

[ 2018-12-29T14:13:32+08:00 ] 222.182.196.132 /index.php?g=asset&m=asset&a=plupload
INFO: [ app_init ] --START--
INFO: Run Behavior\BuildLiteBehavior [ RunTime:0.000018s ]
INFO: Run Common\Behavior\InitHookBehavior [ RunTime:0.002665s ]
INFO: [ app_init ] --END-- [ RunTime:0.003170s ]
INFO: [ app_begin ] --START--
INFO: Run Behavior\ReadHtmlCacheBehavior [ RunTime:0.000677s ]
INFO: Run Behavior\CheckLangBehavior [ RunTime:0.001132s ]
INFO: Run Common\Behavior\UrldecodeGetBehavior [ RunTime:0.000605s ]
INFO: [ app_begin ] --END-- [ RunTime:0.002542s ]
INFO: [ admin_begin ] --START--
INFO: Run Common\Behavior\AdminDefaultLangBehavior [ RunTime:0.001628s ]
INFO: [ admin_begin ] --END-- [ RunTime:0.001695s ]
NOTIC: [2] call_user_func() expects parameter 1 to be a valid callback, no array or string given C:\www\xueshengapp\simplewind\Core\Library\Think\Upload.class.php 第 188 行.

[ 2018-12-29T14:30:47+08:00 ] 222.182.196.132 /index.php?g=asset&m=asset&a=plupload&multi=0&filetype=image&app=Admin
INFO: [ app_init ] --START--
INFO: Run Behavior\BuildLiteBehavior [ RunTime:0.000015s ]
INFO: Run Common\Behavior\InitHookBehavior [ RunTime:0.001940s ]
INFO: [ app_init ] --END-- [ RunTime:0.002326s ]
INFO: [ app_begin ] --START--
INFO: Run Behavior\ReadHtmlCacheBehavior [ RunTime:0.000525s ]
INFO: Run Behavior\CheckLangBehavior [ RunTime:0.000790s ]
INFO: Run Common\Behavior\UrldecodeGetBehavior [ RunTime:0.000450s ]
INFO: [ app_begin ] --END-- [ RunTime:0.001884s ]
INFO: [ admin_begin ] --START--
INFO: Run Common\Behavior\AdminDefaultLangBehavior [ RunTime:0.001194s ]
INFO: [ admin_begin ] --END-- [ RunTime:0.001244s ]
SQL: SHOW COLUMNS FROM `h2w_options` [ RunTime:0.0040s ]
SQL: SELECT `option_value` FROM `h2w_options` WHERE `option_name` = 'cdn_settings' LIMIT 1   [ RunTime:0.0003s ]
INFO: [ view_parse ] --START--
INFO: [ template_filter ] --START--
INFO: Run Behavior\ContentReplaceBehavior [ RunTime:0.000093s ]
INFO: [ template_filter ] --END-- [ RunTime:0.000132s ]
INFO: Run Behavior\ParseTemplateBehavior [ RunTime:0.009034s ]
INFO: [ view_parse ] --END-- [ RunTime:0.009079s ]
INFO: [ view_filter ] --START--
INFO: Run Behavior\WriteHtmlCacheBehavior [ RunTime:0.000319s ]
INFO: Run Common\Behavior\TmplStripSpaceBehavior [ RunTime:0.000451s ]
INFO: [ view_filter ] --END-- [ RunTime:0.000824s ]
INFO: [ app_end ] --START--
INFO: Run Behavior\ShowPageTraceBehavior [ RunTime:0.000498s ]
INFO: [ app_end ] --END-- [ RunTime:0.000539s ]

[ 2018-12-29T14:30:59+08:00 ] 222.182.196.132 /index.php?g=asset&m=asset&a=plupload
INFO: [ app_init ] --START--
INFO: Run Behavior\BuildLiteBehavior [ RunTime:0.000016s ]
INFO: Run Common\Behavior\InitHookBehavior [ RunTime:0.001961s ]
INFO: [ app_init ] --END-- [ RunTime:0.002363s ]
INFO: [ app_begin ] --START--
INFO: Run Behavior\ReadHtmlCacheBehavior [ RunTime:0.000649s ]
INFO: Run Behavior\CheckLangBehavior [ RunTime:0.000744s ]
INFO: Run Common\Behavior\UrldecodeGetBehavior [ RunTime:0.000437s ]
INFO: [ app_begin ] --END-- [ RunTime:0.001938s ]
INFO: [ admin_begin ] --START--
INFO: Run Common\Behavior\AdminDefaultLangBehavior [ RunTime:0.001160s ]
INFO: [ admin_begin ] --END-- [ RunTime:0.001212s ]
NOTIC: [2] call_user_func() expects parameter 1 to be a valid callback, no array or string given C:\www\xueshengapp\simplewind\Core\Library\Think\Upload.class.php 第 188 行.

[ 2018-12-29T14:33:58+08:00 ] 222.182.196.132 /index.php?g=asset&m=asset&a=plupload&multi=0&filetype=image&app=Admin
INFO: [ app_init ] --START--
INFO: Run Behavior\BuildLiteBehavior [ RunTime:0.000015s ]
INFO: Run Common\Behavior\InitHookBehavior [ RunTime:0.002487s ]
INFO: [ app_init ] --END-- [ RunTime:0.002970s ]
INFO: [ app_begin ] --START--
INFO: Run Behavior\ReadHtmlCacheBehavior [ RunTime:0.000775s ]
INFO: Run Behavior\CheckLangBehavior [ RunTime:0.001114s ]
INFO: Run Common\Behavior\UrldecodeGetBehavior [ RunTime:0.000561s ]
INFO: [ app_begin ] --END-- [ RunTime:0.002551s ]
INFO: [ admin_begin ] --START--
INFO: Run Common\Behavior\AdminDefaultLangBehavior [ RunTime:0.001426s ]
INFO: [ admin_begin ] --END-- [ RunTime:0.001477s ]
SQL: SHOW COLUMNS FROM `h2w_options` [ RunTime:0.0054s ]
SQL: SELECT `option_value` FROM `h2w_options` WHERE `option_name` = 'cdn_settings' LIMIT 1   [ RunTime:0.0002s ]
INFO: [ view_parse ] --START--
INFO: [ template_filter ] --START--
INFO: Run Behavior\ContentReplaceBehavior [ RunTime:0.000088s ]
INFO: [ template_filter ] --END-- [ RunTime:0.000126s ]
INFO: Run Behavior\ParseTemplateBehavior [ RunTime:0.011483s ]
INFO: [ view_parse ] --END-- [ RunTime:0.011529s ]
INFO: [ view_filter ] --START--
INFO: Run Behavior\WriteHtmlCacheBehavior [ RunTime:0.000521s ]
INFO: Run Common\Behavior\TmplStripSpaceBehavior [ RunTime:0.000620s ]
INFO: [ view_filter ] --END-- [ RunTime:0.001199s ]
INFO: [ app_end ] --START--
INFO: Run Behavior\ShowPageTraceBehavior [ RunTime:0.000722s ]
INFO: [ app_end ] --END-- [ RunTime:0.000764s ]

[ 2018-12-29T14:34:05+08:00 ] 222.182.196.132 /index.php?g=asset&m=asset&a=plupload
INFO: [ app_init ] --START--
INFO: Run Behavior\BuildLiteBehavior [ RunTime:0.000014s ]
INFO: Run Common\Behavior\InitHookBehavior [ RunTime:0.002490s ]
INFO: [ app_init ] --END-- [ RunTime:0.002997s ]
INFO: [ app_begin ] --START--
INFO: Run Behavior\ReadHtmlCacheBehavior [ RunTime:0.000703s ]
INFO: Run Behavior\CheckLangBehavior [ RunTime:0.001161s ]
INFO: Run Common\Behavior\UrldecodeGetBehavior [ RunTime:0.000589s ]
INFO: [ app_begin ] --END-- [ RunTime:0.002566s ]
INFO: [ admin_begin ] --START--
INFO: Run Common\Behavior\AdminDefaultLangBehavior [ RunTime:0.001428s ]
INFO: [ admin_begin ] --END-- [ RunTime:0.001479s ]
NOTIC: [2] call_user_func() expects parameter 1 to be a valid callback, no array or string given C:\www\xueshengapp\simplewind\Core\Library\Think\Upload.class.php 第 188 行.

[ 2018-12-29T14:35:11+08:00 ] 222.182.196.132 /index.php?g=asset&m=asset&a=plupload&multi=0&filetype=image&app=Admin
INFO: [ app_init ] --START--
INFO: Run Behavior\BuildLiteBehavior [ RunTime:0.000015s ]
INFO: Run Common\Behavior\InitHookBehavior [ RunTime:0.002239s ]
INFO: [ app_init ] --END-- [ RunTime:0.002659s ]
INFO: [ app_begin ] --START--
INFO: Run Behavior\ReadHtmlCacheBehavior [ RunTime:0.000808s ]
INFO: Run Behavior\CheckLangBehavior [ RunTime:0.001225s ]
INFO: Run Common\Behavior\UrldecodeGetBehavior [ RunTime:0.000788s ]
INFO: [ app_begin ] --END-- [ RunTime:0.002947s ]
INFO: [ admin_begin ] --START--
INFO: Run Common\Behavior\AdminDefaultLangBehavior [ RunTime:0.001455s ]
INFO: [ admin_begin ] --END-- [ RunTime:0.001513s ]
SQL: SHOW COLUMNS FROM `h2w_options` [ RunTime:0.0037s ]
SQL: SELECT `option_value` FROM `h2w_options` WHERE `option_name` = 'cdn_settings' LIMIT 1   [ RunTime:0.0002s ]
INFO: [ view_parse ] --START--
INFO: [ template_filter ] --START--
INFO: Run Behavior\ContentReplaceBehavior [ RunTime:0.000089s ]
INFO: [ template_filter ] --END-- [ RunTime:0.000130s ]
INFO: Run Behavior\ParseTemplateBehavior [ RunTime:0.009841s ]
INFO: [ view_parse ] --END-- [ RunTime:0.009904s ]
INFO: [ view_filter ] --START--
INFO: Run Behavior\WriteHtmlCacheBehavior [ RunTime:0.000559s ]
INFO: Run Common\Behavior\TmplStripSpaceBehavior [ RunTime:0.000845s ]
INFO: [ view_filter ] --END-- [ RunTime:0.001481s ]
INFO: [ app_end ] --START--
INFO: Run Behavior\ShowPageTraceBehavior [ RunTime:0.000789s ]
INFO: [ app_end ] --END-- [ RunTime:0.000840s ]

[ 2018-12-29T14:35:16+08:00 ] 222.182.196.132 /index.php?g=asset&m=asset&a=plupload
INFO: [ app_init ] --START--
INFO: Run Behavior\BuildLiteBehavior [ RunTime:0.000023s ]
INFO: Run Common\Behavior\InitHookBehavior [ RunTime:0.002937s ]
INFO: [ app_init ] --END-- [ RunTime:0.003545s ]
INFO: [ app_begin ] --START--
INFO: Run Behavior\ReadHtmlCacheBehavior [ RunTime:0.000587s ]
INFO: Run Behavior\CheckLangBehavior [ RunTime:0.001050s ]
INFO: Run Common\Behavior\UrldecodeGetBehavior [ RunTime:0.000613s ]
INFO: [ app_begin ] --END-- [ RunTime:0.002359s ]
INFO: [ admin_begin ] --START--
INFO: Run Common\Behavior\AdminDefaultLangBehavior [ RunTime:0.001429s ]
INFO: [ admin_begin ] --END-- [ RunTime:0.001481s ]
NOTIC: [2] call_user_func() expects parameter 1 to be a valid callback, no array or string given C:\www\xueshengapp\simplewind\Core\Library\Think\Upload.class.php 第 188 行.

[ 2018-12-29T14:36:10+08:00 ] 222.182.196.132 /index.php?g=asset&m=asset&a=plupload&multi=0&filetype=image&app=Admin
INFO: [ app_init ] --START--
INFO: Run Behavior\BuildLiteBehavior [ RunTime:0.000016s ]
INFO: Run Common\Behavior\InitHookBehavior [ RunTime:0.001334s ]
INFO: [ app_init ] --END-- [ RunTime:0.001744s ]
INFO: [ app_begin ] --START--
INFO: Run Behavior\ReadHtmlCacheBehavior [ RunTime:0.000407s ]
INFO: Run Behavior\CheckLangBehavior [ RunTime:0.000676s ]
INFO: Run Common\Behavior\UrldecodeGetBehavior [ RunTime:0.000277s ]
INFO: [ app_begin ] --END-- [ RunTime:0.001454s ]
INFO: [ admin_begin ] --START--
INFO: Run Common\Behavior\AdminDefaultLangBehavior [ RunTime:0.000846s ]
INFO: [ admin_begin ] --END-- [ RunTime:0.000896s ]
SQL: SHOW COLUMNS FROM `h2w_options` [ RunTime:0.0042s ]
SQL: SELECT `option_value` FROM `h2w_options` WHERE `option_name` = 'cdn_settings' LIMIT 1   [ RunTime:0.0003s ]
INFO: [ view_parse ] --START--
INFO: [ template_filter ] --START--
INFO: Run Behavior\ContentReplaceBehavior [ RunTime:0.000120s ]
INFO: [ template_filter ] --END-- [ RunTime:0.000175s ]
INFO: Run Behavior\ParseTemplateBehavior [ RunTime:0.009354s ]
INFO: [ view_parse ] --END-- [ RunTime:0.009413s ]
INFO: [ view_filter ] --START--
INFO: Run Behavior\WriteHtmlCacheBehavior [ RunTime:0.000340s ]
INFO: Run Common\Behavior\TmplStripSpaceBehavior [ RunTime:0.000357s ]
INFO: [ view_filter ] --END-- [ RunTime:0.000753s ]
INFO: [ app_end ] --START--
INFO: Run Behavior\ShowPageTraceBehavior [ RunTime:0.000526s ]
INFO: [ app_end ] --END-- [ RunTime:0.000566s ]

[ 2018-12-29T14:36:16+08:00 ] 222.182.196.132 /index.php?g=asset&m=asset&a=plupload
INFO: [ app_init ] --START--
INFO: Run Behavior\BuildLiteBehavior [ RunTime:0.000015s ]
INFO: Run Common\Behavior\InitHookBehavior [ RunTime:0.001331s ]
INFO: [ app_init ] --END-- [ RunTime:0.001669s ]
INFO: [ app_begin ] --START--
INFO: Run Behavior\ReadHtmlCacheBehavior [ RunTime:0.000406s ]
INFO: Run Behavior\CheckLangBehavior [ RunTime:0.000655s ]
INFO: Run Common\Behavior\UrldecodeGetBehavior [ RunTime:0.000267s ]
INFO: [ app_begin ] --END-- [ RunTime:0.001423s ]
INFO: [ admin_begin ] --START--
INFO: Run Common\Behavior\AdminDefaultLangBehavior [ RunTime:0.000913s ]
INFO: [ admin_begin ] --END-- [ RunTime:0.000963s ]
NOTIC: [2] call_user_func() expects parameter 1 to be a valid callback, no array or string given C:\www\xueshengapp\simplewind\Core\Library\Think\Upload.class.php 第 188 行.

[ 2018-12-29T14:38:30+08:00 ] 222.182.196.132 /index.php?g=asset&m=asset&a=plupload&multi=0&filetype=image&app=Admin
INFO: [ app_init ] --START--
INFO: Run Behavior\BuildLiteBehavior [ RunTime:0.000020s ]
INFO: Run Common\Behavior\InitHookBehavior [ RunTime:0.002556s ]
INFO: [ app_init ] --END-- [ RunTime:0.003187s ]
INFO: [ app_begin ] --START--
INFO: Run Behavior\ReadHtmlCacheBehavior [ RunTime:0.000657s ]
INFO: Run Behavior\CheckLangBehavior [ RunTime:0.000970s ]
INFO: Run Common\Behavior\UrldecodeGetBehavior [ RunTime:0.000447s ]
INFO: [ app_begin ] --END-- [ RunTime:0.002175s ]
INFO: [ admin_begin ] --START--
INFO: Run Common\Behavior\AdminDefaultLangBehavior [ RunTime:0.001604s ]
INFO: [ admin_begin ] --END-- [ RunTime:0.001669s ]
SQL: SHOW COLUMNS FROM `h2w_options` [ RunTime:0.0061s ]
SQL: SELECT `option_value` FROM `h2w_options` WHERE `option_name` = 'cdn_settings' LIMIT 1   [ RunTime:0.0003s ]
INFO: [ view_parse ] --START--
INFO: [ template_filter ] --START--
INFO: Run Behavior\ContentReplaceBehavior [ RunTime:0.000210s ]
INFO: [ template_filter ] --END-- [ RunTime:0.000265s ]
INFO: Run Behavior\ParseTemplateBehavior [ RunTime:0.011698s ]
INFO: [ view_parse ] --END-- [ RunTime:0.011749s ]
INFO: [ view_filter ] --START--
INFO: Run Behavior\WriteHtmlCacheBehavior [ RunTime:0.000636s ]
INFO: Run Common\Behavior\TmplStripSpaceBehavior [ RunTime:0.000558s ]
INFO: [ view_filter ] --END-- [ RunTime:0.001265s ]
INFO: [ app_end ] --START--
INFO: Run Behavior\ShowPageTraceBehavior [ RunTime:0.000695s ]
INFO: [ app_end ] --END-- [ RunTime:0.000738s ]

[ 2018-12-29T14:38:36+08:00 ] 222.182.196.132 /index.php?g=asset&m=asset&a=plupload
INFO: [ app_init ] --START--
INFO: Run Behavior\BuildLiteBehavior [ RunTime:0.000015s ]
INFO: Run Common\Behavior\InitHookBehavior [ RunTime:0.002597s ]
INFO: [ app_init ] --END-- [ RunTime:0.003063s ]
INFO: [ app_begin ] --START--
INFO: Run Behavior\ReadHtmlCacheBehavior [ RunTime:0.000685s ]
INFO: Run Behavior\CheckLangBehavior [ RunTime:0.001026s ]
INFO: Run Common\Behavior\UrldecodeGetBehavior [ RunTime:0.000416s ]
INFO: [ app_begin ] --END-- [ RunTime:0.002236s ]
INFO: [ admin_begin ] --START--
INFO: Run Common\Behavior\AdminDefaultLangBehavior [ RunTime:0.001227s ]
INFO: [ admin_begin ] --END-- [ RunTime:0.001289s ]
NOTIC: [2] call_user_func() expects parameter 1 to be a valid callback, no array or string given C:\www\xueshengapp\simplewind\Core\Library\Think\Upload.class.php 第 188 行.

