[ 2018-12-26T14:17:30+08:00 ] 222.182.195.99 /index.php?g=asset&m=asset&a=plupload&multi=0&filetype=image&app=Admin
INFO: [ app_init ] --START--
INFO: Run Behavior\BuildLiteBehavior [ RunTime:0.000021s ]
INFO: Run Common\Behavior\InitHookBehavior [ RunTime:0.002107s ]
INFO: [ app_init ] --END-- [ RunTime:0.002542s ]
INFO: [ app_begin ] --START--
INFO: Run Behavior\ReadHtmlCacheBehavior [ RunTime:0.000559s ]
INFO: Run Behavior\CheckLangBehavior [ RunTime:0.000958s ]
INFO: Run Common\Behavior\UrldecodeGetBehavior [ RunTime:0.000492s ]
INFO: [ app_begin ] --END-- [ RunTime:0.002109s ]
INFO: [ admin_begin ] --START--
INFO: Run Common\Behavior\AdminDefaultLangBehavior [ RunTime:0.001280s ]
INFO: [ admin_begin ] --END-- [ RunTime:0.001335s ]
SQL: SHOW COLUMNS FROM `h2w_options` [ RunTime:0.0040s ]
SQL: SELECT `option_value` FROM `h2w_options` WHERE `option_name` = 'cdn_settings' LIMIT 1   [ RunTime:0.0002s ]
INFO: [ view_parse ] --START--
INFO: [ template_filter ] --START--
INFO: Run Behavior\ContentReplaceBehavior [ RunTime:0.000094s ]
INFO: [ template_filter ] --END-- [ RunTime:0.000143s ]
INFO: Run Behavior\ParseTemplateBehavior [ RunTime:0.010572s ]
INFO: [ view_parse ] --END-- [ RunTime:0.010620s ]
INFO: [ view_filter ] --START--
INFO: Run Behavior\WriteHtmlCacheBehavior [ RunTime:0.000389s ]
INFO: Run Common\Behavior\TmplStripSpaceBehavior [ RunTime:0.000514s ]
INFO: [ view_filter ] --END-- [ RunTime:0.000966s ]
INFO: [ app_end ] --START--
INFO: Run Behavior\ShowPageTraceBehavior [ RunTime:0.000575s ]
INFO: [ app_end ] --END-- [ RunTime:0.000613s ]

[ 2018-12-26T14:17:48+08:00 ] 222.182.195.99 /index.php?g=asset&m=asset&a=plupload
INFO: [ app_init ] --START--
INFO: Run Behavior\BuildLiteBehavior [ RunTime:0.000018s ]
INFO: Run Common\Behavior\InitHookBehavior [ RunTime:0.002194s ]
INFO: [ app_init ] --END-- [ RunTime:0.002681s ]
INFO: [ app_begin ] --START--
INFO: Run Behavior\ReadHtmlCacheBehavior [ RunTime:0.000610s ]
INFO: Run Behavior\CheckLangBehavior [ RunTime:0.000965s ]
INFO: Run Common\Behavior\UrldecodeGetBehavior [ RunTime:0.000494s ]
INFO: [ app_begin ] --END-- [ RunTime:0.002177s ]
INFO: [ admin_begin ] --START--
INFO: Run Common\Behavior\AdminDefaultLangBehavior [ RunTime:0.001263s ]
INFO: [ admin_begin ] --END-- [ RunTime:0.001315s ]
NOTIC: [2] call_user_func() expects parameter 1 to be a valid callback, no array or string given C:\www\xueshengapp\simplewind\Core\Library\Think\Upload.class.php 第 188 行.

[ 2018-12-26T14:18:05+08:00 ] 222.182.195.99 /index.php?g=asset&m=asset&a=plupload&multi=0&filetype=image&app=Admin
INFO: [ app_init ] --START--
INFO: Run Behavior\BuildLiteBehavior [ RunTime:0.000017s ]
INFO: Run Common\Behavior\InitHookBehavior [ RunTime:0.001345s ]
INFO: [ app_init ] --END-- [ RunTime:0.001704s ]
INFO: [ app_begin ] --START--
INFO: Run Behavior\ReadHtmlCacheBehavior [ RunTime:0.000435s ]
INFO: Run Behavior\CheckLangBehavior [ RunTime:0.000650s ]
INFO: Run Common\Behavior\UrldecodeGetBehavior [ RunTime:0.000288s ]
INFO: [ app_begin ] --END-- [ RunTime:0.001471s ]
INFO: [ admin_begin ] --START--
INFO: Run Common\Behavior\AdminDefaultLangBehavior [ RunTime:0.000843s ]
INFO: [ admin_begin ] --END-- [ RunTime:0.000895s ]
SQL: SHOW COLUMNS FROM `h2w_options` [ RunTime:0.0044s ]
SQL: SELECT `option_value` FROM `h2w_options` WHERE `option_name` = 'cdn_settings' LIMIT 1   [ RunTime:0.0002s ]
INFO: [ view_parse ] --START--
INFO: [ template_filter ] --START--
INFO: Run Behavior\ContentReplaceBehavior [ RunTime:0.000150s ]
INFO: [ template_filter ] --END-- [ RunTime:0.000224s ]
INFO: Run Behavior\ParseTemplateBehavior [ RunTime:0.009755s ]
INFO: [ view_parse ] --END-- [ RunTime:0.009802s ]
INFO: [ view_filter ] --START--
INFO: Run Behavior\WriteHtmlCacheBehavior [ RunTime:0.000326s ]
INFO: Run Common\Behavior\TmplStripSpaceBehavior [ RunTime:0.000374s ]
INFO: [ view_filter ] --END-- [ RunTime:0.000775s ]
INFO: [ app_end ] --START--
INFO: Run Behavior\ShowPageTraceBehavior [ RunTime:0.000522s ]
INFO: [ app_end ] --END-- [ RunTime:0.000560s ]

[ 2018-12-26T14:18:08+08:00 ] 222.182.195.99 /index.php?g=asset&m=asset&a=plupload
INFO: [ app_init ] --START--
INFO: Run Behavior\BuildLiteBehavior [ RunTime:0.000017s ]
INFO: Run Common\Behavior\InitHookBehavior [ RunTime:0.001357s ]
INFO: [ app_init ] --END-- [ RunTime:0.001711s ]
INFO: [ app_begin ] --START--
INFO: Run Behavior\ReadHtmlCacheBehavior [ RunTime:0.000408s ]
INFO: Run Behavior\CheckLangBehavior [ RunTime:0.000649s ]
INFO: Run Common\Behavior\UrldecodeGetBehavior [ RunTime:0.000269s ]
INFO: [ app_begin ] --END-- [ RunTime:0.001424s ]
INFO: [ admin_begin ] --START--
INFO: Run Common\Behavior\AdminDefaultLangBehavior [ RunTime:0.000844s ]
INFO: [ admin_begin ] --END-- [ RunTime:0.000894s ]
NOTIC: [2] call_user_func() expects parameter 1 to be a valid callback, no array or string given C:\www\xueshengapp\simplewind\Core\Library\Think\Upload.class.php 第 188 行.

[ 2018-12-26T14:18:25+08:00 ] 222.182.195.99 /index.php?g=asset&m=asset&a=plupload&multi=0&filetype=image&app=Admin
INFO: [ app_init ] --START--
INFO: Run Behavior\BuildLiteBehavior [ RunTime:0.000017s ]
INFO: Run Common\Behavior\InitHookBehavior [ RunTime:0.001323s ]
INFO: [ app_init ] --END-- [ RunTime:0.001670s ]
INFO: [ app_begin ] --START--
INFO: Run Behavior\ReadHtmlCacheBehavior [ RunTime:0.000418s ]
INFO: Run Behavior\CheckLangBehavior [ RunTime:0.000648s ]
INFO: Run Common\Behavior\UrldecodeGetBehavior [ RunTime:0.000283s ]
INFO: [ app_begin ] --END-- [ RunTime:0.001442s ]
INFO: [ admin_begin ] --START--
INFO: Run Common\Behavior\AdminDefaultLangBehavior [ RunTime:0.000853s ]
INFO: [ admin_begin ] --END-- [ RunTime:0.000904s ]
SQL: SHOW COLUMNS FROM `h2w_options` [ RunTime:0.0050s ]
SQL: SELECT `option_value` FROM `h2w_options` WHERE `option_name` = 'cdn_settings' LIMIT 1   [ RunTime:0.0003s ]
INFO: [ view_parse ] --START--
INFO: [ template_filter ] --START--
INFO: Run Behavior\ContentReplaceBehavior [ RunTime:0.000095s ]
INFO: [ template_filter ] --END-- [ RunTime:0.000142s ]
INFO: Run Behavior\ParseTemplateBehavior [ RunTime:0.010816s ]
INFO: [ view_parse ] --END-- [ RunTime:0.010871s ]
INFO: [ view_filter ] --START--
INFO: Run Behavior\WriteHtmlCacheBehavior [ RunTime:0.000335s ]
INFO: Run Common\Behavior\TmplStripSpaceBehavior [ RunTime:0.000373s ]
INFO: [ view_filter ] --END-- [ RunTime:0.000764s ]
INFO: [ app_end ] --START--
INFO: Run Behavior\ShowPageTraceBehavior [ RunTime:0.000498s ]
INFO: [ app_end ] --END-- [ RunTime:0.000535s ]

[ 2018-12-26T14:18:29+08:00 ] 222.182.195.99 /index.php?g=asset&m=asset&a=plupload
INFO: [ app_init ] --START--
INFO: Run Behavior\BuildLiteBehavior [ RunTime:0.000020s ]
INFO: Run Common\Behavior\InitHookBehavior [ RunTime:0.001443s ]
INFO: [ app_init ] --END-- [ RunTime:0.001837s ]
INFO: [ app_begin ] --START--
INFO: Run Behavior\ReadHtmlCacheBehavior [ RunTime:0.000449s ]
INFO: Run Behavior\CheckLangBehavior [ RunTime:0.000699s ]
INFO: Run Common\Behavior\UrldecodeGetBehavior [ RunTime:0.000287s ]
INFO: [ app_begin ] --END-- [ RunTime:0.001540s ]
INFO: [ admin_begin ] --START--
INFO: Run Common\Behavior\AdminDefaultLangBehavior [ RunTime:0.000864s ]
INFO: [ admin_begin ] --END-- [ RunTime:0.000921s ]
NOTIC: [2] call_user_func() expects parameter 1 to be a valid callback, no array or string given C:\www\xueshengapp\simplewind\Core\Library\Think\Upload.class.php 第 188 行.

[ 2018-12-26T14:18:30+08:00 ] 101.89.29.78 /index.php?g=asset&m=asset&a=plupload&multi=0&filetype=image&app=Admin
INFO: [ app_init ] --START--
INFO: Run Behavior\BuildLiteBehavior [ RunTime:0.000017s ]
INFO: Run Common\Behavior\InitHookBehavior [ RunTime:0.002296s ]
INFO: [ app_init ] --END-- [ RunTime:0.002704s ]
INFO: [ app_begin ] --START--
INFO: Run Behavior\ReadHtmlCacheBehavior [ RunTime:0.000583s ]
INFO: Run Behavior\CheckLangBehavior [ RunTime:0.001029s ]
INFO: Run Common\Behavior\UrldecodeGetBehavior [ RunTime:0.000626s ]
INFO: [ app_begin ] --END-- [ RunTime:0.002340s ]
INFO: [ admin_begin ] --START--
INFO: Run Common\Behavior\AdminDefaultLangBehavior [ RunTime:0.001396s ]
INFO: [ admin_begin ] --END-- [ RunTime:0.001448s ]

[ 2018-12-26T14:18:41+08:00 ] 222.182.195.99 /index.php?g=asset&m=asset&a=plupload&multi=0&filetype=image&app=Admin
INFO: [ app_init ] --START--
INFO: Run Behavior\BuildLiteBehavior [ RunTime:0.000022s ]
INFO: Run Common\Behavior\InitHookBehavior [ RunTime:0.002313s ]
INFO: [ app_init ] --END-- [ RunTime:0.002817s ]
INFO: [ app_begin ] --START--
INFO: Run Behavior\ReadHtmlCacheBehavior [ RunTime:0.000673s ]
INFO: Run Behavior\CheckLangBehavior [ RunTime:0.001066s ]
INFO: Run Common\Behavior\UrldecodeGetBehavior [ RunTime:0.000673s ]
INFO: [ app_begin ] --END-- [ RunTime:0.002518s ]
INFO: [ admin_begin ] --START--
INFO: Run Common\Behavior\AdminDefaultLangBehavior [ RunTime:0.001465s ]
INFO: [ admin_begin ] --END-- [ RunTime:0.001589s ]
SQL: SHOW COLUMNS FROM `h2w_options` [ RunTime:0.0040s ]
SQL: SELECT `option_value` FROM `h2w_options` WHERE `option_name` = 'cdn_settings' LIMIT 1   [ RunTime:0.0003s ]
INFO: [ view_parse ] --START--
INFO: [ template_filter ] --START--
INFO: Run Behavior\ContentReplaceBehavior [ RunTime:0.000094s ]
INFO: [ template_filter ] --END-- [ RunTime:0.000144s ]
INFO: Run Behavior\ParseTemplateBehavior [ RunTime:0.009855s ]
INFO: [ view_parse ] --END-- [ RunTime:0.009904s ]
INFO: [ view_filter ] --START--
INFO: Run Behavior\WriteHtmlCacheBehavior [ RunTime:0.000398s ]
INFO: Run Common\Behavior\TmplStripSpaceBehavior [ RunTime:0.000587s ]
INFO: [ view_filter ] --END-- [ RunTime:0.001042s ]
INFO: [ app_end ] --START--
INFO: Run Behavior\ShowPageTraceBehavior [ RunTime:0.000586s ]
INFO: [ app_end ] --END-- [ RunTime:0.000623s ]

[ 2018-12-26T14:18:45+08:00 ] 222.182.195.99 /index.php?g=asset&m=asset&a=plupload
INFO: [ app_init ] --START--
INFO: Run Behavior\BuildLiteBehavior [ RunTime:0.000025s ]
INFO: Run Common\Behavior\InitHookBehavior [ RunTime:0.002494s ]
INFO: [ app_init ] --END-- [ RunTime:0.002999s ]
INFO: [ app_begin ] --START--
INFO: Run Behavior\ReadHtmlCacheBehavior [ RunTime:0.000583s ]
INFO: Run Behavior\CheckLangBehavior [ RunTime:0.001275s ]
INFO: Run Common\Behavior\UrldecodeGetBehavior [ RunTime:0.000593s ]
INFO: [ app_begin ] --END-- [ RunTime:0.002570s ]
INFO: [ admin_begin ] --START--
INFO: Run Common\Behavior\AdminDefaultLangBehavior [ RunTime:0.001524s ]
INFO: [ admin_begin ] --END-- [ RunTime:0.001579s ]
NOTIC: [2] call_user_func() expects parameter 1 to be a valid callback, no array or string given C:\www\xueshengapp\simplewind\Core\Library\Think\Upload.class.php 第 188 行.

[ 2018-12-26T14:19:18+08:00 ] 222.182.195.99 /index.php?g=asset&m=asset&a=plupload&multi=0&filetype=image&app=Admin
INFO: [ app_init ] --START--
INFO: Run Behavior\BuildLiteBehavior [ RunTime:0.000017s ]
INFO: Run Common\Behavior\InitHookBehavior [ RunTime:0.001327s ]
INFO: [ app_init ] --END-- [ RunTime:0.001670s ]
INFO: [ app_begin ] --START--
INFO: Run Behavior\ReadHtmlCacheBehavior [ RunTime:0.000416s ]
INFO: Run Behavior\CheckLangBehavior [ RunTime:0.000633s ]
INFO: Run Common\Behavior\UrldecodeGetBehavior [ RunTime:0.000276s ]
INFO: [ app_begin ] --END-- [ RunTime:0.001420s ]
INFO: [ admin_begin ] --START--
INFO: Run Common\Behavior\AdminDefaultLangBehavior [ RunTime:0.000849s ]
INFO: [ admin_begin ] --END-- [ RunTime:0.000901s ]
SQL: SHOW COLUMNS FROM `h2w_options` [ RunTime:0.0036s ]
SQL: SELECT `option_value` FROM `h2w_options` WHERE `option_name` = 'cdn_settings' LIMIT 1   [ RunTime:0.0002s ]
INFO: [ view_parse ] --START--
INFO: [ template_filter ] --START--
INFO: Run Behavior\ContentReplaceBehavior [ RunTime:0.000096s ]
INFO: [ template_filter ] --END-- [ RunTime:0.000140s ]
INFO: Run Behavior\ParseTemplateBehavior [ RunTime:0.009996s ]
INFO: [ view_parse ] --END-- [ RunTime:0.010045s ]
INFO: [ view_filter ] --START--
INFO: Run Behavior\WriteHtmlCacheBehavior [ RunTime:0.000385s ]
INFO: Run Common\Behavior\TmplStripSpaceBehavior [ RunTime:0.000405s ]
INFO: [ view_filter ] --END-- [ RunTime:0.000849s ]
INFO: [ app_end ] --START--
INFO: Run Behavior\ShowPageTraceBehavior [ RunTime:0.000554s ]
INFO: [ app_end ] --END-- [ RunTime:0.000595s ]

[ 2018-12-26T14:19:23+08:00 ] 222.182.195.99 /index.php?g=asset&m=asset&a=plupload
INFO: [ app_init ] --START--
INFO: Run Behavior\BuildLiteBehavior [ RunTime:0.000016s ]
INFO: Run Common\Behavior\InitHookBehavior [ RunTime:0.001610s ]
INFO: [ app_init ] --END-- [ RunTime:0.001953s ]
INFO: [ app_begin ] --START--
INFO: Run Behavior\ReadHtmlCacheBehavior [ RunTime:0.000498s ]
INFO: Run Behavior\CheckLangBehavior [ RunTime:0.000652s ]
INFO: Run Common\Behavior\UrldecodeGetBehavior [ RunTime:0.000298s ]
INFO: [ app_begin ] --END-- [ RunTime:0.001555s ]
INFO: [ admin_begin ] --START--
INFO: Run Common\Behavior\AdminDefaultLangBehavior [ RunTime:0.000853s ]
INFO: [ admin_begin ] --END-- [ RunTime:0.000915s ]
NOTIC: [2] call_user_func() expects parameter 1 to be a valid callback, no array or string given C:\www\xueshengapp\simplewind\Core\Library\Think\Upload.class.php 第 188 行.

[ 2018-12-26T14:19:35+08:00 ] 222.182.195.99 /index.php?g=asset&m=asset&a=plupload&multi=0&filetype=image&app=Admin
INFO: [ app_init ] --START--
INFO: Run Behavior\BuildLiteBehavior [ RunTime:0.000016s ]
INFO: Run Common\Behavior\InitHookBehavior [ RunTime:0.001334s ]
INFO: [ app_init ] --END-- [ RunTime:0.001680s ]
INFO: [ app_begin ] --START--
INFO: Run Behavior\ReadHtmlCacheBehavior [ RunTime:0.000420s ]
INFO: Run Behavior\CheckLangBehavior [ RunTime:0.000661s ]
INFO: Run Common\Behavior\UrldecodeGetBehavior [ RunTime:0.000298s ]
INFO: [ app_begin ] --END-- [ RunTime:0.001477s ]
INFO: [ admin_begin ] --START--
INFO: Run Common\Behavior\AdminDefaultLangBehavior [ RunTime:0.000848s ]
INFO: [ admin_begin ] --END-- [ RunTime:0.000899s ]
SQL: SHOW COLUMNS FROM `h2w_options` [ RunTime:0.0038s ]
SQL: SELECT `option_value` FROM `h2w_options` WHERE `option_name` = 'cdn_settings' LIMIT 1   [ RunTime:0.0003s ]
INFO: [ view_parse ] --START--
INFO: [ template_filter ] --START--
INFO: Run Behavior\ContentReplaceBehavior [ RunTime:0.000096s ]
INFO: [ template_filter ] --END-- [ RunTime:0.000141s ]
INFO: Run Behavior\ParseTemplateBehavior [ RunTime:0.008925s ]
INFO: [ view_parse ] --END-- [ RunTime:0.008979s ]
INFO: [ view_filter ] --START--
INFO: Run Behavior\WriteHtmlCacheBehavior [ RunTime:0.000362s ]
INFO: Run Common\Behavior\TmplStripSpaceBehavior [ RunTime:0.000391s ]
INFO: [ view_filter ] --END-- [ RunTime:0.000810s ]
INFO: [ app_end ] --START--
INFO: Run Behavior\ShowPageTraceBehavior [ RunTime:0.000519s ]
INFO: [ app_end ] --END-- [ RunTime:0.000557s ]

[ 2018-12-26T14:19:40+08:00 ] 222.182.195.99 /index.php?g=asset&m=asset&a=plupload
INFO: [ app_init ] --START--
INFO: Run Behavior\BuildLiteBehavior [ RunTime:0.000016s ]
INFO: Run Common\Behavior\InitHookBehavior [ RunTime:0.001316s ]
INFO: [ app_init ] --END-- [ RunTime:0.001657s ]
INFO: [ app_begin ] --START--
INFO: Run Behavior\ReadHtmlCacheBehavior [ RunTime:0.000405s ]
INFO: Run Behavior\CheckLangBehavior [ RunTime:0.000641s ]
INFO: Run Common\Behavior\UrldecodeGetBehavior [ RunTime:0.000272s ]
INFO: [ app_begin ] --END-- [ RunTime:0.001415s ]
INFO: [ admin_begin ] --START--
INFO: Run Common\Behavior\AdminDefaultLangBehavior [ RunTime:0.000823s ]
INFO: [ admin_begin ] --END-- [ RunTime:0.000874s ]
NOTIC: [2] call_user_func() expects parameter 1 to be a valid callback, no array or string given C:\www\xueshengapp\simplewind\Core\Library\Think\Upload.class.php 第 188 行.

[ 2018-12-26T14:19:52+08:00 ] 222.182.195.99 /index.php?g=asset&m=asset&a=plupload&multi=0&filetype=image&app=Admin
INFO: [ app_init ] --START--
INFO: Run Behavior\BuildLiteBehavior [ RunTime:0.000015s ]
INFO: Run Common\Behavior\InitHookBehavior [ RunTime:0.001305s ]
INFO: [ app_init ] --END-- [ RunTime:0.001640s ]
INFO: [ app_begin ] --START--
INFO: Run Behavior\ReadHtmlCacheBehavior [ RunTime:0.000409s ]
INFO: Run Behavior\CheckLangBehavior [ RunTime:0.000639s ]
INFO: Run Common\Behavior\UrldecodeGetBehavior [ RunTime:0.000277s ]
INFO: [ app_begin ] --END-- [ RunTime:0.001420s ]
INFO: [ admin_begin ] --START--
INFO: Run Common\Behavior\AdminDefaultLangBehavior [ RunTime:0.000815s ]
INFO: [ admin_begin ] --END-- [ RunTime:0.000866s ]
SQL: SHOW COLUMNS FROM `h2w_options` [ RunTime:0.0052s ]
SQL: SELECT `option_value` FROM `h2w_options` WHERE `option_name` = 'cdn_settings' LIMIT 1   [ RunTime:0.0002s ]
INFO: [ view_parse ] --START--
INFO: [ template_filter ] --START--
INFO: Run Behavior\ContentReplaceBehavior [ RunTime:0.000098s ]
INFO: [ template_filter ] --END-- [ RunTime:0.000152s ]
INFO: Run Behavior\ParseTemplateBehavior [ RunTime:0.010616s ]
INFO: [ view_parse ] --END-- [ RunTime:0.010668s ]
INFO: [ view_filter ] --START--
INFO: Run Behavior\WriteHtmlCacheBehavior [ RunTime:0.000346s ]
INFO: Run Common\Behavior\TmplStripSpaceBehavior [ RunTime:0.000388s ]
INFO: [ view_filter ] --END-- [ RunTime:0.000863s ]
INFO: [ app_end ] --START--
INFO: Run Behavior\ShowPageTraceBehavior [ RunTime:0.000606s ]
INFO: [ app_end ] --END-- [ RunTime:0.000645s ]

[ 2018-12-26T14:20:00+08:00 ] 222.182.195.99 /index.php?g=asset&m=asset&a=plupload
INFO: [ app_init ] --START--
INFO: Run Behavior\BuildLiteBehavior [ RunTime:0.000017s ]
INFO: Run Common\Behavior\InitHookBehavior [ RunTime:0.001338s ]
INFO: [ app_init ] --END-- [ RunTime:0.001680s ]
INFO: [ app_begin ] --START--
INFO: Run Behavior\ReadHtmlCacheBehavior [ RunTime:0.000410s ]
INFO: Run Behavior\CheckLangBehavior [ RunTime:0.000639s ]
INFO: Run Common\Behavior\UrldecodeGetBehavior [ RunTime:0.000270s ]
INFO: [ app_begin ] --END-- [ RunTime:0.001416s ]
INFO: [ admin_begin ] --START--
INFO: Run Common\Behavior\AdminDefaultLangBehavior [ RunTime:0.000825s ]
INFO: [ admin_begin ] --END-- [ RunTime:0.000874s ]
NOTIC: [2] call_user_func() expects parameter 1 to be a valid callback, no array or string given C:\www\xueshengapp\simplewind\Core\Library\Think\Upload.class.php 第 188 行.

[ 2018-12-26T14:20:29+08:00 ] 222.182.195.99 /index.php?g=asset&m=asset&a=plupload&multi=0&filetype=image&app=Admin
INFO: [ app_init ] --START--
INFO: Run Behavior\BuildLiteBehavior [ RunTime:0.000017s ]
INFO: Run Common\Behavior\InitHookBehavior [ RunTime:0.002736s ]
INFO: [ app_init ] --END-- [ RunTime:0.003309s ]
INFO: [ app_begin ] --START--
INFO: Run Behavior\ReadHtmlCacheBehavior [ RunTime:0.000811s ]
INFO: Run Behavior\CheckLangBehavior [ RunTime:0.001203s ]
INFO: Run Common\Behavior\UrldecodeGetBehavior [ RunTime:0.000598s ]
INFO: [ app_begin ] --END-- [ RunTime:0.002712s ]
INFO: [ admin_begin ] --START--
INFO: Run Common\Behavior\AdminDefaultLangBehavior [ RunTime:0.001463s ]
INFO: [ admin_begin ] --END-- [ RunTime:0.001514s ]
SQL: SHOW COLUMNS FROM `h2w_options` [ RunTime:0.0064s ]
SQL: SELECT `option_value` FROM `h2w_options` WHERE `option_name` = 'cdn_settings' LIMIT 1   [ RunTime:0.0003s ]
INFO: [ view_parse ] --START--
INFO: [ template_filter ] --START--
INFO: Run Behavior\ContentReplaceBehavior [ RunTime:0.000096s ]
INFO: [ template_filter ] --END-- [ RunTime:0.000149s ]
INFO: Run Behavior\ParseTemplateBehavior [ RunTime:0.011658s ]
INFO: [ view_parse ] --END-- [ RunTime:0.011713s ]
INFO: [ view_filter ] --START--
INFO: Run Behavior\WriteHtmlCacheBehavior [ RunTime:0.000752s ]
INFO: Run Common\Behavior\TmplStripSpaceBehavior [ RunTime:0.000723s ]
INFO: [ view_filter ] --END-- [ RunTime:0.001539s ]
INFO: [ app_end ] --START--
INFO: Run Behavior\ShowPageTraceBehavior [ RunTime:0.000891s ]
INFO: [ app_end ] --END-- [ RunTime:0.000931s ]

[ 2018-12-26T14:20:33+08:00 ] 222.182.195.99 /index.php?g=asset&m=asset&a=plupload
INFO: [ app_init ] --START--
INFO: Run Behavior\BuildLiteBehavior [ RunTime:0.000018s ]
INFO: Run Common\Behavior\InitHookBehavior [ RunTime:0.002737s ]
INFO: [ app_init ] --END-- [ RunTime:0.003330s ]
INFO: [ app_begin ] --START--
INFO: Run Behavior\ReadHtmlCacheBehavior [ RunTime:0.000783s ]
INFO: Run Behavior\CheckLangBehavior [ RunTime:0.001240s ]
INFO: Run Common\Behavior\UrldecodeGetBehavior [ RunTime:0.000567s ]
INFO: [ app_begin ] --END-- [ RunTime:0.002706s ]
INFO: [ admin_begin ] --START--
INFO: Run Common\Behavior\AdminDefaultLangBehavior [ RunTime:0.001488s ]
INFO: [ admin_begin ] --END-- [ RunTime:0.001538s ]
NOTIC: [2] call_user_func() expects parameter 1 to be a valid callback, no array or string given C:\www\xueshengapp\simplewind\Core\Library\Think\Upload.class.php 第 188 行.

[ 2018-12-26T14:20:46+08:00 ] 222.182.195.99 /index.php?g=asset&m=asset&a=plupload&multi=0&filetype=image&app=Admin
INFO: [ app_init ] --START--
INFO: Run Behavior\BuildLiteBehavior [ RunTime:0.000016s ]
INFO: Run Common\Behavior\InitHookBehavior [ RunTime:0.001540s ]
INFO: [ app_init ] --END-- [ RunTime:0.001885s ]
INFO: [ app_begin ] --START--
INFO: Run Behavior\ReadHtmlCacheBehavior [ RunTime:0.000554s ]
INFO: Run Behavior\CheckLangBehavior [ RunTime:0.000874s ]
INFO: Run Common\Behavior\UrldecodeGetBehavior [ RunTime:0.000338s ]
INFO: [ app_begin ] --END-- [ RunTime:0.001877s ]
INFO: [ admin_begin ] --START--
INFO: Run Common\Behavior\AdminDefaultLangBehavior [ RunTime:0.000861s ]
INFO: [ admin_begin ] --END-- [ RunTime:0.000920s ]
SQL: SHOW COLUMNS FROM `h2w_options` [ RunTime:0.0038s ]
SQL: SELECT `option_value` FROM `h2w_options` WHERE `option_name` = 'cdn_settings' LIMIT 1   [ RunTime:0.0003s ]
INFO: [ view_parse ] --START--
INFO: [ template_filter ] --START--
INFO: Run Behavior\ContentReplaceBehavior [ RunTime:0.000093s ]
INFO: [ template_filter ] --END-- [ RunTime:0.000137s ]
INFO: Run Behavior\ParseTemplateBehavior [ RunTime:0.008688s ]
INFO: [ view_parse ] --END-- [ RunTime:0.008734s ]
INFO: [ view_filter ] --START--
INFO: Run Behavior\WriteHtmlCacheBehavior [ RunTime:0.000381s ]
INFO: Run Common\Behavior\TmplStripSpaceBehavior [ RunTime:0.000392s ]
INFO: [ view_filter ] --END-- [ RunTime:0.000829s ]
INFO: [ app_end ] --START--
INFO: Run Behavior\ShowPageTraceBehavior [ RunTime:0.000543s ]
INFO: [ app_end ] --END-- [ RunTime:0.000581s ]

[ 2018-12-26T14:20:50+08:00 ] 222.182.195.99 /index.php?g=asset&m=asset&a=plupload
INFO: [ app_init ] --START--
INFO: Run Behavior\BuildLiteBehavior [ RunTime:0.000018s ]
INFO: Run Common\Behavior\InitHookBehavior [ RunTime:0.001388s ]
INFO: [ app_init ] --END-- [ RunTime:0.001752s ]
INFO: [ app_begin ] --START--
INFO: Run Behavior\ReadHtmlCacheBehavior [ RunTime:0.000437s ]
INFO: Run Behavior\CheckLangBehavior [ RunTime:0.000646s ]
INFO: Run Common\Behavior\UrldecodeGetBehavior [ RunTime:0.000287s ]
INFO: [ app_begin ] --END-- [ RunTime:0.001467s ]
INFO: [ admin_begin ] --START--
INFO: Run Common\Behavior\AdminDefaultLangBehavior [ RunTime:0.000937s ]
INFO: [ admin_begin ] --END-- [ RunTime:0.000988s ]
NOTIC: [2] call_user_func() expects parameter 1 to be a valid callback, no array or string given C:\www\xueshengapp\simplewind\Core\Library\Think\Upload.class.php 第 188 行.

[ 2018-12-26T14:26:09+08:00 ] 222.182.195.99 /index.php?g=asset&m=asset&a=plupload&multi=0&filetype=image&app=Admin
INFO: [ app_init ] --START--
INFO: Run Behavior\BuildLiteBehavior [ RunTime:0.000015s ]
INFO: Run Common\Behavior\InitHookBehavior [ RunTime:0.001371s ]
INFO: [ app_init ] --END-- [ RunTime:0.001702s ]
INFO: [ app_begin ] --START--
INFO: Run Behavior\ReadHtmlCacheBehavior [ RunTime:0.000457s ]
INFO: Run Behavior\CheckLangBehavior [ RunTime:0.000625s ]
INFO: Run Common\Behavior\UrldecodeGetBehavior [ RunTime:0.000311s ]
INFO: [ app_begin ] --END-- [ RunTime:0.001490s ]
INFO: [ admin_begin ] --START--
INFO: Run Common\Behavior\AdminDefaultLangBehavior [ RunTime:0.000998s ]
INFO: [ admin_begin ] --END-- [ RunTime:0.001049s ]
SQL: SHOW COLUMNS FROM `h2w_options` [ RunTime:0.0039s ]
SQL: SELECT `option_value` FROM `h2w_options` WHERE `option_name` = 'cdn_settings' LIMIT 1   [ RunTime:0.0002s ]
INFO: [ view_parse ] --START--
INFO: [ template_filter ] --START--
INFO: Run Behavior\ContentReplaceBehavior [ RunTime:0.000095s ]
INFO: [ template_filter ] --END-- [ RunTime:0.000142s ]
INFO: Run Behavior\ParseTemplateBehavior [ RunTime:0.008873s ]
INFO: [ view_parse ] --END-- [ RunTime:0.008921s ]
INFO: [ view_filter ] --START--
INFO: Run Behavior\WriteHtmlCacheBehavior [ RunTime:0.000318s ]
INFO: Run Common\Behavior\TmplStripSpaceBehavior [ RunTime:0.000350s ]
INFO: [ view_filter ] --END-- [ RunTime:0.000724s ]
INFO: [ app_end ] --START--
INFO: Run Behavior\ShowPageTraceBehavior [ RunTime:0.000551s ]
INFO: [ app_end ] --END-- [ RunTime:0.000596s ]

[ 2018-12-26T14:26:21+08:00 ] 222.182.195.99 /index.php?g=asset&m=asset&a=plupload
INFO: [ app_init ] --START--
INFO: Run Behavior\BuildLiteBehavior [ RunTime:0.000017s ]
INFO: Run Common\Behavior\InitHookBehavior [ RunTime:0.001313s ]
INFO: [ app_init ] --END-- [ RunTime:0.001657s ]
INFO: [ app_begin ] --START--
INFO: Run Behavior\ReadHtmlCacheBehavior [ RunTime:0.000413s ]
INFO: Run Behavior\CheckLangBehavior [ RunTime:0.000641s ]
INFO: Run Common\Behavior\UrldecodeGetBehavior [ RunTime:0.000627s ]
INFO: [ app_begin ] --END-- [ RunTime:0.001784s ]
INFO: [ admin_begin ] --START--
INFO: Run Common\Behavior\AdminDefaultLangBehavior [ RunTime:0.001104s ]
INFO: [ admin_begin ] --END-- [ RunTime:0.001162s ]
NOTIC: [2] call_user_func() expects parameter 1 to be a valid callback, no array or string given C:\www\xueshengapp\simplewind\Core\Library\Think\Upload.class.php 第 188 行.

