[ 2019-01-06T16:40:58+08:00 ] 27.14.253.85 /index.php?g=Asset&m=Ueditor&a=upload&action=config&&noCache=1546764057392
INFO: [ app_init ] --START--
INFO: Run Behavior\BuildLiteBehavior [ RunTime:0.000016s ]
INFO: Run Common\Behavior\InitHookBehavior [ RunTime:0.001861s ]
INFO: [ app_init ] --END-- [ RunTime:0.002247s ]
INFO: [ app_begin ] --START--
INFO: Run Behavior\ReadHtmlCacheBehavior [ RunTime:0.000484s ]
INFO: Run Behavior\CheckLangBehavior [ RunTime:0.000825s ]
INFO: Run Common\Behavior\UrldecodeGetBehavior [ RunTime:0.000422s ]
INFO: [ app_begin ] --END-- [ RunTime:0.001829s ]

[ 2019-01-06T23:41:19+08:00 ] 119.84.153.195 /index.php?g=Asset&m=Ueditor&a=upload&action=config&&noCache=1546789280093
INFO: [ app_init ] --START--
INFO: Run Behavior\BuildLiteBehavior [ RunTime:0.000014s ]
INFO: Run Common\Behavior\InitHookBehavior [ RunTime:0.001330s ]
INFO: [ app_init ] --END-- [ RunTime:0.001665s ]
INFO: [ app_begin ] --START--
INFO: Run Behavior\ReadHtmlCacheBehavior [ RunTime:0.000412s ]
INFO: Run Behavior\CheckLangBehavior [ RunTime:0.000674s ]
INFO: Run Common\Behavior\UrldecodeGetBehavior [ RunTime:0.000272s ]
INFO: [ app_begin ] --END-- [ RunTime:0.001450s ]

