[ 2018-12-26T08:56:46+08:00 ] 222.182.195.99 /index.php?g=api&m=checkcode&a=index&length=4&font_size=16&width=120&height=40&use_noise=1&use_curve=0
INFO: [ app_init ] --START--
INFO: Run Behavior\BuildLiteBehavior [ RunTime:0.000016s ]
INFO: Run Common\Behavior\InitHookBehavior [ RunTime:0.001984s ]
INFO: [ app_init ] --END-- [ RunTime:0.002458s ]
INFO: [ app_begin ] --START--
INFO: Run Behavior\ReadHtmlCacheBehavior [ RunTime:0.000754s ]
INFO: Run Behavior\CheckLangBehavior [ RunTime:0.000955s ]
INFO: Run Common\Behavior\UrldecodeGetBehavior [ RunTime:0.000352s ]
INFO: [ app_begin ] --END-- [ RunTime:0.002169s ]
INFO: [ app_end ] --START--
INFO: Run Behavior\ShowPageTraceBehavior [ RunTime:0.000621s ]
INFO: [ app_end ] --END-- [ RunTime:0.000671s ]

[ 2018-12-26T08:57:46+08:00 ] 61.151.178.217 /index.php?g=api&m=checkcode&a=index&length=4&font_size=16&width=120&height=40&use_noise=1&use_curve=0
INFO: [ app_init ] --START--
INFO: Run Behavior\BuildLiteBehavior [ RunTime:0.000015s ]
INFO: Run Common\Behavior\InitHookBehavior [ RunTime:0.001799s ]
INFO: [ app_init ] --END-- [ RunTime:0.002249s ]
INFO: [ app_begin ] --START--
INFO: Run Behavior\ReadHtmlCacheBehavior [ RunTime:0.000490s ]
INFO: Run Behavior\CheckLangBehavior [ RunTime:0.001011s ]
INFO: Run Common\Behavior\UrldecodeGetBehavior [ RunTime:0.000398s ]
INFO: [ app_begin ] --END-- [ RunTime:0.001997s ]
INFO: [ app_end ] --START--
INFO: Run Behavior\ShowPageTraceBehavior [ RunTime:0.000499s ]
INFO: [ app_end ] --END-- [ RunTime:0.000546s ]

[ 2018-12-26T13:54:23+08:00 ] 222.182.195.99 /index.php?g=api&m=checkcode&a=index&length=4&font_size=16&width=120&height=40&use_noise=1&use_curve=0
INFO: [ app_init ] --START--
INFO: Run Behavior\BuildLiteBehavior [ RunTime:0.000017s ]
INFO: Run Common\Behavior\InitHookBehavior [ RunTime:0.002302s ]
INFO: [ app_init ] --END-- [ RunTime:0.002697s ]
INFO: [ app_begin ] --START--
INFO: Run Behavior\ReadHtmlCacheBehavior [ RunTime:0.000579s ]
INFO: Run Behavior\CheckLangBehavior [ RunTime:0.000988s ]
INFO: Run Common\Behavior\UrldecodeGetBehavior [ RunTime:0.000487s ]
INFO: [ app_begin ] --END-- [ RunTime:0.002161s ]
INFO: [ app_end ] --START--
INFO: Run Behavior\ShowPageTraceBehavior [ RunTime:0.000592s ]
INFO: [ app_end ] --END-- [ RunTime:0.000651s ]

[ 2018-12-26T13:54:25+08:00 ] 222.182.195.99 /index.php?g=api&m=checkcode&a=index&length=4&font_size=16&width=120&height=40&use_noise=1&use_curve=0
INFO: [ app_init ] --START--
INFO: Run Behavior\BuildLiteBehavior [ RunTime:0.000016s ]
INFO: Run Common\Behavior\InitHookBehavior [ RunTime:0.001919s ]
INFO: [ app_init ] --END-- [ RunTime:0.002317s ]
INFO: [ app_begin ] --START--
INFO: Run Behavior\ReadHtmlCacheBehavior [ RunTime:0.000504s ]
INFO: Run Behavior\CheckLangBehavior [ RunTime:0.000914s ]
INFO: Run Common\Behavior\UrldecodeGetBehavior [ RunTime:0.000511s ]
INFO: [ app_begin ] --END-- [ RunTime:0.002047s ]
INFO: [ app_end ] --START--
INFO: Run Behavior\ShowPageTraceBehavior [ RunTime:0.000657s ]
INFO: [ app_end ] --END-- [ RunTime:0.000711s ]

[ 2018-12-26T13:58:11+08:00 ] 222.182.195.99 /index.php?g=api&m=checkcode&a=index&length=4&font_size=16&width=120&height=40&use_noise=1&use_curve=0
INFO: [ app_init ] --START--
INFO: Run Behavior\BuildLiteBehavior [ RunTime:0.000016s ]
INFO: Run Common\Behavior\InitHookBehavior [ RunTime:0.002139s ]
INFO: [ app_init ] --END-- [ RunTime:0.002593s ]
INFO: [ app_begin ] --START--
INFO: Run Behavior\ReadHtmlCacheBehavior [ RunTime:0.000621s ]
INFO: Run Behavior\CheckLangBehavior [ RunTime:0.001333s ]
INFO: Run Common\Behavior\UrldecodeGetBehavior [ RunTime:0.000521s ]
INFO: [ app_begin ] --END-- [ RunTime:0.002587s ]
INFO: [ app_end ] --START--
INFO: Run Behavior\ShowPageTraceBehavior [ RunTime:0.000685s ]
INFO: [ app_end ] --END-- [ RunTime:0.000743s ]

[ 2018-12-26T14:16:59+08:00 ] 222.182.195.99 /index.php?g=api&m=checkcode&a=index&length=4&font_size=16&width=120&height=40&use_noise=1&use_curve=0
INFO: [ app_init ] --START--
INFO: Run Behavior\BuildLiteBehavior [ RunTime:0.000017s ]
INFO: Run Common\Behavior\InitHookBehavior [ RunTime:0.002400s ]
INFO: [ app_init ] --END-- [ RunTime:0.002870s ]
INFO: [ app_begin ] --START--
INFO: Run Behavior\ReadHtmlCacheBehavior [ RunTime:0.000740s ]
INFO: Run Behavior\CheckLangBehavior [ RunTime:0.001104s ]
INFO: Run Common\Behavior\UrldecodeGetBehavior [ RunTime:0.000481s ]
INFO: [ app_begin ] --END-- [ RunTime:0.002431s ]
INFO: [ app_end ] --START--
INFO: Run Behavior\ShowPageTraceBehavior [ RunTime:0.000611s ]
INFO: [ app_end ] --END-- [ RunTime:0.000665s ]

[ 2018-12-26T14:17:03+08:00 ] 222.182.195.99 /index.php?g=api&m=checkcode&a=index&length=4&font_size=16&width=120&height=40&use_noise=1&use_curve=0&time=0.2222381002210465
INFO: [ app_init ] --START--
INFO: Run Behavior\BuildLiteBehavior [ RunTime:0.000018s ]
INFO: Run Common\Behavior\InitHookBehavior [ RunTime:0.002246s ]
INFO: [ app_init ] --END-- [ RunTime:0.002720s ]
INFO: [ app_begin ] --START--
INFO: Run Behavior\ReadHtmlCacheBehavior [ RunTime:0.000636s ]
INFO: Run Behavior\CheckLangBehavior [ RunTime:0.001048s ]
INFO: Run Common\Behavior\UrldecodeGetBehavior [ RunTime:0.000493s ]
INFO: [ app_begin ] --END-- [ RunTime:0.002277s ]
INFO: [ app_end ] --START--
INFO: Run Behavior\ShowPageTraceBehavior [ RunTime:0.000595s ]
INFO: [ app_end ] --END-- [ RunTime:0.000643s ]

[ 2018-12-26T16:18:18+08:00 ] 222.182.195.99 /index.php?g=api&m=checkcode&a=index&length=4&font_size=16&width=120&height=40&use_noise=1&use_curve=0
INFO: [ app_init ] --START--
INFO: Run Behavior\BuildLiteBehavior [ RunTime:0.000017s ]
INFO: Run Common\Behavior\InitHookBehavior [ RunTime:0.002072s ]
INFO: [ app_init ] --END-- [ RunTime:0.002512s ]
INFO: [ app_begin ] --START--
INFO: Run Behavior\ReadHtmlCacheBehavior [ RunTime:0.000510s ]
INFO: Run Behavior\CheckLangBehavior [ RunTime:0.000886s ]
INFO: Run Common\Behavior\UrldecodeGetBehavior [ RunTime:0.000416s ]
INFO: [ app_begin ] --END-- [ RunTime:0.001914s ]
INFO: [ app_end ] --START--
INFO: Run Behavior\ShowPageTraceBehavior [ RunTime:0.000651s ]
INFO: [ app_end ] --END-- [ RunTime:0.000710s ]

