[ 2018-12-25T09:35:30+08:00 ] 222.182.195.99 /index.php?g=api&m=checkcode&a=index&length=4&font_size=16&width=120&height=40&use_noise=1&use_curve=0
INFO: [ app_init ] --START--
INFO: Run Behavior\BuildLiteBehavior [ RunTime:0.000016s ]
INFO: Run Common\Behavior\InitHookBehavior [ RunTime:0.001766s ]
INFO: [ app_init ] --END-- [ RunTime:0.002140s ]
INFO: [ app_begin ] --START--
INFO: Run Behavior\ReadHtmlCacheBehavior [ RunTime:0.000491s ]
INFO: Run Behavior\CheckLangBehavior [ RunTime:0.000787s ]
INFO: Run Common\Behavior\UrldecodeGetBehavior [ RunTime:0.000375s ]
INFO: [ app_begin ] --END-- [ RunTime:0.001759s ]
INFO: [ app_end ] --START--
INFO: Run Behavior\ShowPageTraceBehavior [ RunTime:0.000518s ]
INFO: [ app_end ] --END-- [ RunTime:0.000568s ]

[ 2018-12-25T09:35:31+08:00 ] 222.182.195.99 /index.php?g=api&m=checkcode&a=index&length=4&font_size=16&width=120&height=40&use_noise=1&use_curve=0
INFO: [ app_init ] --START--
INFO: Run Behavior\BuildLiteBehavior [ RunTime:0.000015s ]
INFO: Run Common\Behavior\InitHookBehavior [ RunTime:0.001710s ]
INFO: [ app_init ] --END-- [ RunTime:0.002119s ]
INFO: [ app_begin ] --START--
INFO: Run Behavior\ReadHtmlCacheBehavior [ RunTime:0.000480s ]
INFO: Run Behavior\CheckLangBehavior [ RunTime:0.000769s ]
INFO: Run Common\Behavior\UrldecodeGetBehavior [ RunTime:0.000357s ]
INFO: [ app_begin ] --END-- [ RunTime:0.001699s ]
INFO: [ app_end ] --START--
INFO: Run Behavior\ShowPageTraceBehavior [ RunTime:0.000516s ]
INFO: [ app_end ] --END-- [ RunTime:0.000564s ]

[ 2018-12-25T16:04:33+08:00 ] 222.182.195.99 /index.php?g=api&m=checkcode&a=index&length=4&font_size=16&width=120&height=40&use_noise=1&use_curve=0
INFO: [ app_init ] --START--
INFO: Run Behavior\BuildLiteBehavior [ RunTime:0.000016s ]
INFO: Run Common\Behavior\InitHookBehavior [ RunTime:0.001507s ]
INFO: [ app_init ] --END-- [ RunTime:0.001907s ]
INFO: [ app_begin ] --START--
INFO: Run Behavior\ReadHtmlCacheBehavior [ RunTime:0.000419s ]
INFO: Run Behavior\CheckLangBehavior [ RunTime:0.000871s ]
INFO: Run Common\Behavior\UrldecodeGetBehavior [ RunTime:0.000353s ]
INFO: [ app_begin ] --END-- [ RunTime:0.001741s ]
INFO: [ app_end ] --START--
INFO: Run Behavior\ShowPageTraceBehavior [ RunTime:0.000510s ]
INFO: [ app_end ] --END-- [ RunTime:0.000558s ]

[ 2018-12-25T16:04:34+08:00 ] 222.182.195.99 /index.php?g=api&m=checkcode&a=index&length=4&font_size=16&width=120&height=40&use_noise=1&use_curve=0
INFO: [ app_init ] --START--
INFO: Run Behavior\BuildLiteBehavior [ RunTime:0.000015s ]
INFO: Run Common\Behavior\InitHookBehavior [ RunTime:0.001537s ]
INFO: [ app_init ] --END-- [ RunTime:0.001904s ]
INFO: [ app_begin ] --START--
INFO: Run Behavior\ReadHtmlCacheBehavior [ RunTime:0.000401s ]
INFO: Run Behavior\CheckLangBehavior [ RunTime:0.000886s ]
INFO: Run Common\Behavior\UrldecodeGetBehavior [ RunTime:0.000363s ]
INFO: [ app_begin ] --END-- [ RunTime:0.001747s ]
INFO: [ app_end ] --START--
INFO: Run Behavior\ShowPageTraceBehavior [ RunTime:0.000520s ]
INFO: [ app_end ] --END-- [ RunTime:0.000577s ]

[ 2018-12-25T16:04:41+08:00 ] 222.182.195.99 /index.php?g=api&m=checkcode&a=index&length=4&font_size=16&width=120&height=40&use_noise=1&use_curve=0&time=0.06585999646911267
INFO: [ app_init ] --START--
INFO: Run Behavior\BuildLiteBehavior [ RunTime:0.000015s ]
INFO: Run Common\Behavior\InitHookBehavior [ RunTime:0.001595s ]
INFO: [ app_init ] --END-- [ RunTime:0.001948s ]
INFO: [ app_begin ] --START--
INFO: Run Behavior\ReadHtmlCacheBehavior [ RunTime:0.000423s ]
INFO: Run Behavior\CheckLangBehavior [ RunTime:0.000940s ]
INFO: Run Common\Behavior\UrldecodeGetBehavior [ RunTime:0.000370s ]
INFO: [ app_begin ] --END-- [ RunTime:0.001831s ]
INFO: [ app_end ] --START--
INFO: Run Behavior\ShowPageTraceBehavior [ RunTime:0.000508s ]
INFO: [ app_end ] --END-- [ RunTime:0.000558s ]

