[ 2019-01-05T14:24:45+08:00 ] 223.104.248.9 /index.php?g=api&m=checkcode&a=index&length=4&font_size=16&width=120&height=40&use_noise=1&use_curve=0
INFO: [ app_init ] --START--
INFO: Run Behavior\BuildLiteBehavior [ RunTime:0.000021s ]
INFO: Run Common\Behavior\InitHookBehavior [ RunTime:0.002812s ]
INFO: [ app_init ] --END-- [ RunTime:0.003380s ]
INFO: [ app_begin ] --START--
INFO: Run Behavior\ReadHtmlCacheBehavior [ RunTime:0.000770s ]
INFO: Run Behavior\CheckLangBehavior [ RunTime:0.002481s ]
INFO: Run Common\Behavior\UrldecodeGetBehavior [ RunTime:0.000588s ]
INFO: [ app_begin ] --END-- [ RunTime:0.003967s ]
INFO: [ app_end ] --START--
INFO: Run Behavior\ShowPageTraceBehavior [ RunTime:0.000629s ]
INFO: [ app_end ] --END-- [ RunTime:0.000678s ]

[ 2019-01-05T14:26:52+08:00 ] 223.104.248.9 /index.php?g=api&m=checkcode&a=index&length=4&font_size=16&width=120&height=40&use_noise=1&use_curve=0
INFO: [ app_init ] --START--
INFO: Run Behavior\BuildLiteBehavior [ RunTime:0.000015s ]
INFO: Run Common\Behavior\InitHookBehavior [ RunTime:0.002071s ]
INFO: [ app_init ] --END-- [ RunTime:0.002476s ]
INFO: [ app_begin ] --START--
INFO: Run Behavior\ReadHtmlCacheBehavior [ RunTime:0.000563s ]
INFO: Run Behavior\CheckLangBehavior [ RunTime:0.001921s ]
INFO: Run Common\Behavior\UrldecodeGetBehavior [ RunTime:0.000667s ]
INFO: [ app_begin ] --END-- [ RunTime:0.003533s ]
INFO: [ app_end ] --START--
INFO: Run Behavior\ShowPageTraceBehavior [ RunTime:0.000556s ]
INFO: [ app_end ] --END-- [ RunTime:0.000621s ]

[ 2019-01-05T14:26:59+08:00 ] 223.104.248.9 /index.php?g=api&m=checkcode&a=index&length=4&font_size=16&width=120&height=40&use_noise=1&use_curve=0
INFO: [ app_init ] --START--
INFO: Run Behavior\BuildLiteBehavior [ RunTime:0.000014s ]
INFO: Run Common\Behavior\InitHookBehavior [ RunTime:0.002311s ]
INFO: [ app_init ] --END-- [ RunTime:0.002644s ]
INFO: [ app_begin ] --START--
INFO: Run Behavior\ReadHtmlCacheBehavior [ RunTime:0.000575s ]
INFO: Run Behavior\CheckLangBehavior [ RunTime:0.001198s ]
INFO: Run Common\Behavior\UrldecodeGetBehavior [ RunTime:0.000429s ]
INFO: [ app_begin ] --END-- [ RunTime:0.002312s ]
INFO: [ app_end ] --START--
INFO: Run Behavior\ShowPageTraceBehavior [ RunTime:0.000585s ]
INFO: [ app_end ] --END-- [ RunTime:0.000636s ]

[ 2019-01-05T14:29:52+08:00 ] 223.104.248.9 /index.php?g=api&m=checkcode&a=index&length=4&font_size=16&width=120&height=40&use_noise=1&use_curve=0
INFO: [ app_init ] --START--
INFO: Run Behavior\BuildLiteBehavior [ RunTime:0.000019s ]
INFO: Run Common\Behavior\InitHookBehavior [ RunTime:0.002598s ]
INFO: [ app_init ] --END-- [ RunTime:0.003036s ]
INFO: [ app_begin ] --START--
INFO: Run Behavior\ReadHtmlCacheBehavior [ RunTime:0.000688s ]
INFO: Run Behavior\CheckLangBehavior [ RunTime:0.001582s ]
INFO: Run Common\Behavior\UrldecodeGetBehavior [ RunTime:0.000587s ]
INFO: [ app_begin ] --END-- [ RunTime:0.002989s ]
INFO: [ app_end ] --START--
INFO: Run Behavior\ShowPageTraceBehavior [ RunTime:0.000551s ]
INFO: [ app_end ] --END-- [ RunTime:0.000601s ]

[ 2019-01-05T14:30:04+08:00 ] 223.104.248.9 /index.php?g=api&m=checkcode&a=index&length=4&font_size=16&width=120&height=40&use_noise=1&use_curve=0
INFO: [ app_init ] --START--
INFO: Run Behavior\BuildLiteBehavior [ RunTime:0.000018s ]
INFO: Run Common\Behavior\InitHookBehavior [ RunTime:0.002626s ]
INFO: [ app_init ] --END-- [ RunTime:0.003067s ]
INFO: [ app_begin ] --START--
INFO: Run Behavior\ReadHtmlCacheBehavior [ RunTime:0.000682s ]
INFO: Run Behavior\CheckLangBehavior [ RunTime:0.001326s ]
INFO: Run Common\Behavior\UrldecodeGetBehavior [ RunTime:0.000442s ]
INFO: [ app_begin ] --END-- [ RunTime:0.002566s ]
INFO: [ app_end ] --START--
INFO: Run Behavior\ShowPageTraceBehavior [ RunTime:0.000729s ]
INFO: [ app_end ] --END-- [ RunTime:0.000792s ]

[ 2019-01-05T14:30:32+08:00 ] 223.104.248.9 /index.php?g=api&m=checkcode&a=index&length=4&font_size=16&width=120&height=40&use_noise=1&use_curve=0&refresh=0.2636931549992555
INFO: [ app_init ] --START--
INFO: Run Behavior\BuildLiteBehavior [ RunTime:0.000022s ]
INFO: Run Common\Behavior\InitHookBehavior [ RunTime:0.002094s ]
INFO: [ app_init ] --END-- [ RunTime:0.002537s ]
INFO: [ app_begin ] --START--
INFO: Run Behavior\ReadHtmlCacheBehavior [ RunTime:0.000497s ]
INFO: Run Behavior\CheckLangBehavior [ RunTime:0.001149s ]
INFO: Run Common\Behavior\UrldecodeGetBehavior [ RunTime:0.000425s ]
INFO: [ app_begin ] --END-- [ RunTime:0.002168s ]
INFO: [ app_end ] --START--
INFO: Run Behavior\ShowPageTraceBehavior [ RunTime:0.000571s ]
INFO: [ app_end ] --END-- [ RunTime:0.000625s ]

[ 2019-01-05T14:35:18+08:00 ] 58.17.206.121 /index.php?g=api&m=checkcode&a=index&length=4&font_size=16&width=120&height=40&use_noise=1&use_curve=0
INFO: [ app_init ] --START--
INFO: Run Behavior\BuildLiteBehavior [ RunTime:0.000014s ]
INFO: Run Common\Behavior\InitHookBehavior [ RunTime:0.001884s ]
INFO: [ app_init ] --END-- [ RunTime:0.002222s ]
INFO: [ app_begin ] --START--
INFO: Run Behavior\ReadHtmlCacheBehavior [ RunTime:0.000568s ]
INFO: Run Behavior\CheckLangBehavior [ RunTime:0.001841s ]
INFO: Run Common\Behavior\UrldecodeGetBehavior [ RunTime:0.000432s ]
INFO: [ app_begin ] --END-- [ RunTime:0.003001s ]
INFO: [ app_end ] --START--
INFO: Run Behavior\ShowPageTraceBehavior [ RunTime:0.000532s ]
INFO: [ app_end ] --END-- [ RunTime:0.000589s ]

[ 2019-01-05T14:38:14+08:00 ] 58.17.206.121 /index.php?g=api&m=checkcode&a=index&length=4&font_size=16&width=120&height=40&use_noise=1&use_curve=0&time=0.7344889401465005
INFO: [ app_init ] --START--
INFO: Run Behavior\BuildLiteBehavior [ RunTime:0.000019s ]
INFO: Run Common\Behavior\InitHookBehavior [ RunTime:0.002908s ]
INFO: [ app_init ] --END-- [ RunTime:0.003531s ]
INFO: [ app_begin ] --START--
INFO: Run Behavior\ReadHtmlCacheBehavior [ RunTime:0.000760s ]
INFO: Run Behavior\CheckLangBehavior [ RunTime:0.001400s ]
INFO: Run Common\Behavior\UrldecodeGetBehavior [ RunTime:0.000594s ]
INFO: [ app_begin ] --END-- [ RunTime:0.002886s ]
INFO: [ app_end ] --START--
INFO: Run Behavior\ShowPageTraceBehavior [ RunTime:0.000596s ]
INFO: [ app_end ] --END-- [ RunTime:0.000648s ]

[ 2019-01-05T14:38:56+08:00 ] 58.17.206.121 /index.php?g=api&m=checkcode&a=index&length=4&font_size=16&width=120&height=40&use_noise=1&use_curve=0&time=0.7344889401465005&refresh=0.09537965541449678
INFO: [ app_init ] --START--
INFO: Run Behavior\BuildLiteBehavior [ RunTime:0.000016s ]
INFO: Run Common\Behavior\InitHookBehavior [ RunTime:0.001987s ]
INFO: [ app_init ] --END-- [ RunTime:0.002434s ]
INFO: [ app_begin ] --START--
INFO: Run Behavior\ReadHtmlCacheBehavior [ RunTime:0.000491s ]
INFO: Run Behavior\CheckLangBehavior [ RunTime:0.000972s ]
INFO: Run Common\Behavior\UrldecodeGetBehavior [ RunTime:0.000514s ]
INFO: [ app_begin ] --END-- [ RunTime:0.002077s ]
INFO: [ app_end ] --START--
INFO: Run Behavior\ShowPageTraceBehavior [ RunTime:0.000515s ]
INFO: [ app_end ] --END-- [ RunTime:0.000562s ]

[ 2019-01-05T14:39:06+08:00 ] 58.17.206.121 /index.php?g=api&m=checkcode&a=index&length=4&font_size=16&width=120&height=40&use_noise=1&use_curve=0&time=0.7344889401465005&refresh=0.09537965541449678&refresh=0.442418572594218
INFO: [ app_init ] --START--
INFO: Run Behavior\BuildLiteBehavior [ RunTime:0.000016s ]
INFO: Run Common\Behavior\InitHookBehavior [ RunTime:0.002030s ]
INFO: [ app_init ] --END-- [ RunTime:0.002362s ]
INFO: [ app_begin ] --START--
INFO: Run Behavior\ReadHtmlCacheBehavior [ RunTime:0.000588s ]
INFO: Run Behavior\CheckLangBehavior [ RunTime:0.000947s ]
INFO: Run Common\Behavior\UrldecodeGetBehavior [ RunTime:0.000478s ]
INFO: [ app_begin ] --END-- [ RunTime:0.002125s ]
INFO: [ app_end ] --START--
INFO: Run Behavior\ShowPageTraceBehavior [ RunTime:0.000744s ]
INFO: [ app_end ] --END-- [ RunTime:0.000811s ]

[ 2019-01-05T14:40:01+08:00 ] 58.17.206.121 /index.php?g=api&m=checkcode&a=index&length=4&font_size=16&width=120&height=40&use_noise=1&use_curve=0&time=0.7344889401465005&refresh=0.09537965541449678&refresh=0.442418572594218&refresh=0.9901575133190281
INFO: [ app_init ] --START--
INFO: Run Behavior\BuildLiteBehavior [ RunTime:0.000015s ]
INFO: Run Common\Behavior\InitHookBehavior [ RunTime:0.001868s ]
INFO: [ app_init ] --END-- [ RunTime:0.002312s ]
INFO: [ app_begin ] --START--
INFO: Run Behavior\ReadHtmlCacheBehavior [ RunTime:0.000496s ]
INFO: Run Behavior\CheckLangBehavior [ RunTime:0.000882s ]
INFO: Run Common\Behavior\UrldecodeGetBehavior [ RunTime:0.000414s ]
INFO: [ app_begin ] --END-- [ RunTime:0.001890s ]
INFO: [ app_end ] --START--
INFO: Run Behavior\ShowPageTraceBehavior [ RunTime:0.000526s ]
INFO: [ app_end ] --END-- [ RunTime:0.000581s ]

[ 2019-01-05T14:40:09+08:00 ] 58.17.206.121 /index.php?g=api&m=checkcode&a=index&length=4&font_size=16&width=120&height=40&use_noise=1&use_curve=0&time=0.1214327761487034
INFO: [ app_init ] --START--
INFO: Run Behavior\BuildLiteBehavior [ RunTime:0.000019s ]
INFO: Run Common\Behavior\InitHookBehavior [ RunTime:0.001994s ]
INFO: [ app_init ] --END-- [ RunTime:0.002415s ]
INFO: [ app_begin ] --START--
INFO: Run Behavior\ReadHtmlCacheBehavior [ RunTime:0.000495s ]
INFO: Run Behavior\CheckLangBehavior [ RunTime:0.001058s ]
INFO: Run Common\Behavior\UrldecodeGetBehavior [ RunTime:0.000451s ]
INFO: [ app_begin ] --END-- [ RunTime:0.002162s ]
INFO: [ app_end ] --START--
INFO: Run Behavior\ShowPageTraceBehavior [ RunTime:0.000677s ]
INFO: [ app_end ] --END-- [ RunTime:0.000733s ]

[ 2019-01-05T14:40:15+08:00 ] 58.17.206.121 /index.php?g=api&m=checkcode&a=index&length=4&font_size=16&width=120&height=40&use_noise=1&use_curve=0&time=0.1214327761487034&refresh=0.3931724790484473
INFO: [ app_init ] --START--
INFO: Run Behavior\BuildLiteBehavior [ RunTime:0.000014s ]
INFO: Run Common\Behavior\InitHookBehavior [ RunTime:0.001790s ]
INFO: [ app_init ] --END-- [ RunTime:0.002164s ]
INFO: [ app_begin ] --START--
INFO: Run Behavior\ReadHtmlCacheBehavior [ RunTime:0.000498s ]
INFO: Run Behavior\CheckLangBehavior [ RunTime:0.000884s ]
INFO: Run Common\Behavior\UrldecodeGetBehavior [ RunTime:0.000441s ]
INFO: [ app_begin ] --END-- [ RunTime:0.001921s ]
INFO: [ app_end ] --START--
INFO: Run Behavior\ShowPageTraceBehavior [ RunTime:0.000510s ]
INFO: [ app_end ] --END-- [ RunTime:0.000575s ]

[ 2019-01-05T14:41:15+08:00 ] 58.17.206.121 /index.php?g=api&m=checkcode&a=index&length=4&font_size=16&width=120&height=40&use_noise=1&use_curve=0&time=0.1214327761487034&refresh=0.3931724790484473&refresh=0.8881291395883077
INFO: [ app_init ] --START--
INFO: Run Behavior\BuildLiteBehavior [ RunTime:0.000015s ]
INFO: Run Common\Behavior\InitHookBehavior [ RunTime:0.001809s ]
INFO: [ app_init ] --END-- [ RunTime:0.002184s ]
INFO: [ app_begin ] --START--
INFO: Run Behavior\ReadHtmlCacheBehavior [ RunTime:0.000480s ]
INFO: Run Behavior\CheckLangBehavior [ RunTime:0.000892s ]
INFO: Run Common\Behavior\UrldecodeGetBehavior [ RunTime:0.000444s ]
INFO: [ app_begin ] --END-- [ RunTime:0.001912s ]
INFO: [ app_end ] --START--
INFO: Run Behavior\ShowPageTraceBehavior [ RunTime:0.000511s ]
INFO: [ app_end ] --END-- [ RunTime:0.000565s ]

[ 2019-01-05T15:42:53+08:00 ] 223.104.248.9 /index.php?g=api&m=checkcode&a=index&length=4&font_size=16&width=120&height=40&use_noise=1&use_curve=0
INFO: [ app_init ] --START--
INFO: Run Behavior\BuildLiteBehavior [ RunTime:0.000019s ]
INFO: Run Common\Behavior\InitHookBehavior [ RunTime:0.002064s ]
INFO: [ app_init ] --END-- [ RunTime:0.002572s ]
INFO: [ app_begin ] --START--
INFO: Run Behavior\ReadHtmlCacheBehavior [ RunTime:0.000554s ]
INFO: Run Behavior\CheckLangBehavior [ RunTime:0.001338s ]
INFO: Run Common\Behavior\UrldecodeGetBehavior [ RunTime:0.000415s ]
INFO: [ app_begin ] --END-- [ RunTime:0.002406s ]
INFO: [ app_end ] --START--
INFO: Run Behavior\ShowPageTraceBehavior [ RunTime:0.000612s ]
INFO: [ app_end ] --END-- [ RunTime:0.000671s ]

[ 2019-01-05T15:46:29+08:00 ] 27.14.253.85 /index.php?g=api&m=checkcode&a=index&length=4&font_size=16&width=120&height=40&use_noise=1&use_curve=0
INFO: [ app_init ] --START--
INFO: Run Behavior\BuildLiteBehavior [ RunTime:0.000020s ]
INFO: Run Common\Behavior\InitHookBehavior [ RunTime:0.002648s ]
INFO: [ app_init ] --END-- [ RunTime:0.003177s ]
INFO: [ app_begin ] --START--
INFO: Run Behavior\ReadHtmlCacheBehavior [ RunTime:0.000787s ]
INFO: Run Behavior\CheckLangBehavior [ RunTime:0.001352s ]
INFO: Run Common\Behavior\UrldecodeGetBehavior [ RunTime:0.000624s ]
INFO: [ app_begin ] --END-- [ RunTime:0.002890s ]
INFO: [ app_end ] --START--
INFO: Run Behavior\ShowPageTraceBehavior [ RunTime:0.000809s ]
INFO: [ app_end ] --END-- [ RunTime:0.000872s ]

[ 2019-01-05T15:46:40+08:00 ] 27.14.253.85 /index.php?g=api&m=checkcode&a=index&length=4&font_size=16&width=120&height=40&use_noise=1&use_curve=0&time=0.9539271432171683
INFO: [ app_init ] --START--
INFO: Run Behavior\BuildLiteBehavior [ RunTime:0.000015s ]
INFO: Run Common\Behavior\InitHookBehavior [ RunTime:0.001939s ]
INFO: [ app_init ] --END-- [ RunTime:0.002337s ]
INFO: [ app_begin ] --START--
INFO: Run Behavior\ReadHtmlCacheBehavior [ RunTime:0.000854s ]
INFO: Run Behavior\CheckLangBehavior [ RunTime:0.001416s ]
INFO: Run Common\Behavior\UrldecodeGetBehavior [ RunTime:0.000632s ]
INFO: [ app_begin ] --END-- [ RunTime:0.003037s ]
INFO: [ app_end ] --START--
INFO: Run Behavior\ShowPageTraceBehavior [ RunTime:0.000784s ]
INFO: [ app_end ] --END-- [ RunTime:0.000840s ]

[ 2019-01-05T15:50:05+08:00 ] 223.104.248.9 /index.php?g=api&m=checkcode&a=index&length=4&font_size=16&width=120&height=40&use_noise=1&use_curve=0
INFO: [ app_init ] --START--
INFO: Run Behavior\BuildLiteBehavior [ RunTime:0.000016s ]
INFO: Run Common\Behavior\InitHookBehavior [ RunTime:0.002158s ]
INFO: [ app_init ] --END-- [ RunTime:0.002578s ]
INFO: [ app_begin ] --START--
INFO: Run Behavior\ReadHtmlCacheBehavior [ RunTime:0.000809s ]
INFO: Run Behavior\CheckLangBehavior [ RunTime:0.001347s ]
INFO: Run Common\Behavior\UrldecodeGetBehavior [ RunTime:0.000490s ]
INFO: [ app_begin ] --END-- [ RunTime:0.002753s ]
INFO: [ app_end ] --START--
INFO: Run Behavior\ShowPageTraceBehavior [ RunTime:0.000808s ]
INFO: [ app_end ] --END-- [ RunTime:0.000871s ]

[ 2019-01-05T15:50:23+08:00 ] 223.104.248.9 /index.php?g=api&m=checkcode&a=index&length=4&font_size=16&width=120&height=40&use_noise=1&use_curve=0&refresh=0.40289916131080705
INFO: [ app_init ] --START--
INFO: Run Behavior\BuildLiteBehavior [ RunTime:0.000020s ]
INFO: Run Common\Behavior\InitHookBehavior [ RunTime:0.002458s ]
INFO: [ app_init ] --END-- [ RunTime:0.003024s ]
INFO: [ app_begin ] --START--
INFO: Run Behavior\ReadHtmlCacheBehavior [ RunTime:0.000674s ]
INFO: Run Behavior\CheckLangBehavior [ RunTime:0.001437s ]
INFO: Run Common\Behavior\UrldecodeGetBehavior [ RunTime:0.000515s ]
INFO: [ app_begin ] --END-- [ RunTime:0.002730s ]
INFO: [ app_end ] --START--
INFO: Run Behavior\ShowPageTraceBehavior [ RunTime:0.000673s ]
INFO: [ app_end ] --END-- [ RunTime:0.000722s ]

[ 2019-01-05T15:50:32+08:00 ] 223.104.248.9 /index.php?g=api&m=checkcode&a=index&length=4&font_size=16&width=120&height=40&use_noise=1&use_curve=0&refresh=0.40289916131080705&refresh=0.00992113663348082
INFO: [ app_init ] --START--
INFO: Run Behavior\BuildLiteBehavior [ RunTime:0.000019s ]
INFO: Run Common\Behavior\InitHookBehavior [ RunTime:0.002284s ]
INFO: [ app_init ] --END-- [ RunTime:0.002851s ]
INFO: [ app_begin ] --START--
INFO: Run Behavior\ReadHtmlCacheBehavior [ RunTime:0.000760s ]
INFO: Run Behavior\CheckLangBehavior [ RunTime:0.001713s ]
INFO: Run Common\Behavior\UrldecodeGetBehavior [ RunTime:0.000458s ]
INFO: [ app_begin ] --END-- [ RunTime:0.003045s ]
INFO: [ app_end ] --START--
INFO: Run Behavior\ShowPageTraceBehavior [ RunTime:0.000604s ]
INFO: [ app_end ] --END-- [ RunTime:0.000649s ]

[ 2019-01-05T15:51:20+08:00 ] 58.17.206.121 /index.php?g=api&m=checkcode&a=index&length=4&font_size=16&width=120&height=40&use_noise=1&use_curve=0
INFO: [ app_init ] --START--
INFO: Run Behavior\BuildLiteBehavior [ RunTime:0.000015s ]
INFO: Run Common\Behavior\InitHookBehavior [ RunTime:0.002109s ]
INFO: [ app_init ] --END-- [ RunTime:0.002528s ]
INFO: [ app_begin ] --START--
INFO: Run Behavior\ReadHtmlCacheBehavior [ RunTime:0.000599s ]
INFO: Run Behavior\CheckLangBehavior [ RunTime:0.000992s ]
INFO: Run Common\Behavior\UrldecodeGetBehavior [ RunTime:0.000422s ]
INFO: [ app_begin ] --END-- [ RunTime:0.002123s ]
INFO: [ app_end ] --START--
INFO: Run Behavior\ShowPageTraceBehavior [ RunTime:0.000676s ]
INFO: [ app_end ] --END-- [ RunTime:0.000736s ]

