[ 2019-01-07T00:20:10+08:00 ] 27.14.253.85 /index.php?g=api&m=checkcode&a=index&length=4&font_size=16&width=120&height=40&use_noise=1&use_curve=0
INFO: [ app_init ] --START--
INFO: Run Behavior\BuildLiteBehavior [ RunTime:0.000013s ]
INFO: Run Common\Behavior\InitHookBehavior [ RunTime:0.001550s ]
INFO: [ app_init ] --END-- [ RunTime:0.001890s ]
INFO: [ app_begin ] --START--
INFO: Run Behavior\ReadHtmlCacheBehavior [ RunTime:0.000520s ]
INFO: Run Behavior\CheckLangBehavior [ RunTime:0.000719s ]
INFO: Run Common\Behavior\UrldecodeGetBehavior [ RunTime:0.000294s ]
INFO: [ app_begin ] --END-- [ RunTime:0.001638s ]
INFO: [ app_end ] --START--
INFO: Run Behavior\ShowPageTraceBehavior [ RunTime:0.000522s ]
INFO: [ app_end ] --END-- [ RunTime:0.000574s ]

[ 2019-01-07T00:20:10+08:00 ] 27.14.253.85 /index.php?g=api&m=checkcode&a=index&length=4&font_size=16&width=120&height=40&use_noise=1&use_curve=0
INFO: [ app_init ] --START--
INFO: Run Behavior\BuildLiteBehavior [ RunTime:0.000016s ]
INFO: Run Common\Behavior\InitHookBehavior [ RunTime:0.001643s ]
INFO: [ app_init ] --END-- [ RunTime:0.002114s ]
INFO: [ app_begin ] --START--
INFO: Run Behavior\ReadHtmlCacheBehavior [ RunTime:0.000630s ]
INFO: Run Behavior\CheckLangBehavior [ RunTime:0.001067s ]
INFO: Run Common\Behavior\UrldecodeGetBehavior [ RunTime:0.000381s ]
INFO: [ app_begin ] --END-- [ RunTime:0.002202s ]
INFO: [ app_end ] --START--
INFO: Run Behavior\ShowPageTraceBehavior [ RunTime:0.000523s ]
INFO: [ app_end ] --END-- [ RunTime:0.000572s ]

[ 2019-01-07T07:11:38+08:00 ] 111.10.140.207 /index.php?g=api&m=checkcode&a=index&length=4&font_size=16&width=120&height=40&use_noise=1&use_curve=0
INFO: [ app_init ] --START--
INFO: Run Behavior\BuildLiteBehavior [ RunTime:0.000022s ]
INFO: Run Common\Behavior\InitHookBehavior [ RunTime:0.002142s ]
INFO: [ app_init ] --END-- [ RunTime:0.002659s ]
INFO: [ app_begin ] --START--
INFO: Run Behavior\ReadHtmlCacheBehavior [ RunTime:0.000573s ]
INFO: Run Behavior\CheckLangBehavior [ RunTime:0.000989s ]
INFO: Run Common\Behavior\UrldecodeGetBehavior [ RunTime:0.000559s ]
INFO: [ app_begin ] --END-- [ RunTime:0.002218s ]
INFO: [ app_end ] --START--
INFO: Run Behavior\ShowPageTraceBehavior [ RunTime:0.000609s ]
INFO: [ app_end ] --END-- [ RunTime:0.000664s ]

[ 2019-01-07T07:11:55+08:00 ] 111.10.140.207 /index.php?g=api&m=checkcode&a=index&length=4&font_size=16&width=120&height=40&use_noise=1&use_curve=0&time=0.04716943775298654
INFO: [ app_init ] --START--
INFO: Run Behavior\BuildLiteBehavior [ RunTime:0.000014s ]
INFO: Run Common\Behavior\InitHookBehavior [ RunTime:0.001369s ]
INFO: [ app_init ] --END-- [ RunTime:0.001711s ]
INFO: [ app_begin ] --START--
INFO: Run Behavior\ReadHtmlCacheBehavior [ RunTime:0.000409s ]
INFO: Run Behavior\CheckLangBehavior [ RunTime:0.000797s ]
INFO: Run Common\Behavior\UrldecodeGetBehavior [ RunTime:0.000268s ]
INFO: [ app_begin ] --END-- [ RunTime:0.001570s ]
INFO: [ app_end ] --START--
INFO: Run Behavior\ShowPageTraceBehavior [ RunTime:0.000647s ]
INFO: [ app_end ] --END-- [ RunTime:0.000779s ]

[ 2019-01-07T11:19:52+08:00 ] 222.182.194.33 /index.php?g=api&m=checkcode&a=index&length=4&font_size=16&width=120&height=40&use_noise=1&use_curve=0
INFO: [ app_init ] --START--
INFO: Run Behavior\BuildLiteBehavior [ RunTime:0.000019s ]
INFO: Run Common\Behavior\InitHookBehavior [ RunTime:0.002659s ]
INFO: [ app_init ] --END-- [ RunTime:0.003178s ]
INFO: [ app_begin ] --START--
INFO: Run Behavior\ReadHtmlCacheBehavior [ RunTime:0.000763s ]
INFO: Run Behavior\CheckLangBehavior [ RunTime:0.001320s ]
INFO: Run Common\Behavior\UrldecodeGetBehavior [ RunTime:0.000681s ]
INFO: [ app_begin ] --END-- [ RunTime:0.002892s ]
INFO: [ app_end ] --START--
INFO: Run Behavior\ShowPageTraceBehavior [ RunTime:0.000675s ]
INFO: [ app_end ] --END-- [ RunTime:0.000740s ]

