[ 2018-12-30T00:30:48+08:00 ] 113.249.194.115 /data/upload/mobile/20181212/thumb_5c10a7d7a14f8.jpg
INFO: [ app_init ] --START--
INFO: Run Behavior\BuildLiteBehavior [ RunTime:0.000021s ]
INFO: Run Common\Behavior\InitHookBehavior [ RunTime:0.002681s ]
INFO: [ app_init ] --END-- [ RunTime:0.003209s ]

[ 2018-12-30T00:30:48+08:00 ] 113.249.194.115 /data/upload/mobile/20181210/thumb_5c0de074c352b.jpg
INFO: [ app_init ] --START--
INFO: Run Behavior\BuildLiteBehavior [ RunTime:0.000019s ]
INFO: Run Common\Behavior\InitHookBehavior [ RunTime:0.002505s ]
INFO: [ app_init ] --END-- [ RunTime:0.003046s ]

[ 2018-12-30T00:30:48+08:00 ] 113.249.194.115 /data/upload/mobile/20181221/thumb_5c1caa4d47dfb.jpg
INFO: [ app_init ] --START--
INFO: Run Behavior\BuildLiteBehavior [ RunTime:0.000019s ]
INFO: Run Common\Behavior\InitHookBehavior [ RunTime:0.002745s ]
INFO: [ app_init ] --END-- [ RunTime:0.003361s ]

[ 2018-12-30T00:30:48+08:00 ] 113.249.194.115 /data/upload/admin/20181204/5c06146eaea64.jpg
INFO: [ app_init ] --START--
INFO: Run Behavior\BuildLiteBehavior [ RunTime:0.000018s ]
INFO: Run Common\Behavior\InitHookBehavior [ RunTime:0.002435s ]
INFO: [ app_init ] --END-- [ RunTime:0.002950s ]

[ 2018-12-30T00:30:48+08:00 ] 113.249.194.115 /data/upload/mobile/20181221/thumb_5c1caa524f777.jpg
INFO: [ app_init ] --START--
INFO: Run Behavior\BuildLiteBehavior [ RunTime:0.000020s ]
INFO: Run Common\Behavior\InitHookBehavior [ RunTime:0.002524s ]
INFO: [ app_init ] --END-- [ RunTime:0.003087s ]

[ 2018-12-30T13:44:32+08:00 ] 171.13.14.44 /
INFO: [ app_init ] --START--
INFO: Run Behavior\BuildLiteBehavior [ RunTime:0.000015s ]
INFO: Run Common\Behavior\InitHookBehavior [ RunTime:0.002199s ]
INFO: [ app_init ] --END-- [ RunTime:0.002646s ]
INFO: [ app_begin ] --START--
INFO: Run Behavior\ReadHtmlCacheBehavior [ RunTime:0.000601s ]
INFO: Run Behavior\CheckLangBehavior [ RunTime:0.001066s ]
INFO: Run Common\Behavior\UrldecodeGetBehavior [ RunTime:0.000473s ]
INFO: [ app_begin ] --END-- [ RunTime:0.002247s ]

[ 2018-12-30T17:12:27+08:00 ] 27.14.253.85 /favicon.ico
INFO: [ app_init ] --START--
INFO: Run Behavior\BuildLiteBehavior [ RunTime:0.000015s ]
INFO: Run Common\Behavior\InitHookBehavior [ RunTime:0.002037s ]
INFO: [ app_init ] --END-- [ RunTime:0.002485s ]

[ 2018-12-30T17:15:06+08:00 ] 180.163.220.68 /
INFO: [ app_init ] --START--
INFO: Run Behavior\BuildLiteBehavior [ RunTime:0.000020s ]
INFO: Run Common\Behavior\InitHookBehavior [ RunTime:0.002066s ]
INFO: [ app_init ] --END-- [ RunTime:0.002582s ]
INFO: [ app_begin ] --START--
INFO: Run Behavior\ReadHtmlCacheBehavior [ RunTime:0.000492s ]
INFO: Run Behavior\CheckLangBehavior [ RunTime:0.000896s ]
INFO: Run Common\Behavior\UrldecodeGetBehavior [ RunTime:0.000425s ]
INFO: [ app_begin ] --END-- [ RunTime:0.001926s ]

[ 2018-12-30T20:32:21+08:00 ] 120.92.92.251 /
INFO: [ app_init ] --START--
INFO: Run Behavior\BuildLiteBehavior [ RunTime:0.000015s ]
INFO: Run Common\Behavior\InitHookBehavior [ RunTime:0.002090s ]
INFO: [ app_init ] --END-- [ RunTime:0.002488s ]
INFO: [ app_begin ] --START--
INFO: Run Behavior\ReadHtmlCacheBehavior [ RunTime:0.000688s ]
INFO: Run Behavior\CheckLangBehavior [ RunTime:0.001078s ]
INFO: Run Common\Behavior\UrldecodeGetBehavior [ RunTime:0.000548s ]
INFO: [ app_begin ] --END-- [ RunTime:0.002432s ]

