[ 2018-12-26T08:56:47+08:00 ] 222.182.195.99 /favicon.ico
INFO: [ app_init ] --START--
INFO: Run Behavior\BuildLiteBehavior [ RunTime:0.000015s ]
INFO: Run Common\Behavior\InitHookBehavior [ RunTime:0.001863s ]
INFO: [ app_init ] --END-- [ RunTime:0.002261s ]

[ 2018-12-26T13:54:23+08:00 ] 222.182.195.99 /
INFO: [ app_init ] --START--
INFO: Run Behavior\BuildLiteBehavior [ RunTime:0.000016s ]
INFO: Run Common\Behavior\InitHookBehavior [ RunTime:0.001872s ]
INFO: [ app_init ] --END-- [ RunTime:0.002279s ]
INFO: [ app_begin ] --START--
INFO: Run Behavior\ReadHtmlCacheBehavior [ RunTime:0.000491s ]
INFO: Run Behavior\CheckLangBehavior [ RunTime:0.001088s ]
INFO: Run Common\Behavior\UrldecodeGetBehavior [ RunTime:0.000405s ]
INFO: [ app_begin ] --END-- [ RunTime:0.002081s ]
SQL: SHOW COLUMNS FROM `h2w_options` [ RunTime:0.0042s ]
SQL: SELECT * FROM `h2w_options` WHERE ( option_name='site_options' ) LIMIT 1   [ RunTime:0.0003s ]

[ 2018-12-26T13:54:23+08:00 ] 222.182.195.99 /favicon.ico
INFO: [ app_init ] --START--
INFO: Run Behavior\BuildLiteBehavior [ RunTime:0.000020s ]
INFO: Run Common\Behavior\InitHookBehavior [ RunTime:0.001993s ]
INFO: [ app_init ] --END-- [ RunTime:0.002406s ]

[ 2018-12-26T13:58:12+08:00 ] 222.182.195.99 /favicon.ico
INFO: [ app_init ] --START--
INFO: Run Behavior\BuildLiteBehavior [ RunTime:0.000016s ]
INFO: Run Common\Behavior\InitHookBehavior [ RunTime:0.002093s ]
INFO: [ app_init ] --END-- [ RunTime:0.002557s ]

[ 2018-12-26T14:17:00+08:00 ] 222.182.195.99 /favicon.ico
INFO: [ app_init ] --START--
INFO: Run Behavior\BuildLiteBehavior [ RunTime:0.000018s ]
INFO: Run Common\Behavior\InitHookBehavior [ RunTime:0.002617s ]
INFO: [ app_init ] --END-- [ RunTime:0.003195s ]

[ 2018-12-26T16:18:19+08:00 ] 222.182.195.99 /favicon.ico
INFO: [ app_init ] --START--
INFO: Run Behavior\BuildLiteBehavior [ RunTime:0.000017s ]
INFO: Run Common\Behavior\InitHookBehavior [ RunTime:0.001938s ]
INFO: [ app_init ] --END-- [ RunTime:0.002353s ]

