[ 2019-01-03T08:33:35+08:00 ] 222.182.194.150 /
INFO: [ app_init ] --START--
INFO: Run Behavior\BuildLiteBehavior [ RunTime:0.000016s ]
INFO: Run Common\Behavior\InitHookBehavior [ RunTime:0.002080s ]
INFO: [ app_init ] --END-- [ RunTime:0.002471s ]
INFO: [ app_begin ] --START--
INFO: Run Behavior\ReadHtmlCacheBehavior [ RunTime:0.000716s ]
INFO: Run Behavior\CheckLangBehavior [ RunTime:0.002270s ]
INFO: Run Common\Behavior\UrldecodeGetBehavior [ RunTime:0.000511s ]
INFO: [ app_begin ] --END-- [ RunTime:0.003621s ]

[ 2019-01-03T08:33:36+08:00 ] 222.182.194.150 /favicon.ico
INFO: [ app_init ] --START--
INFO: Run Behavior\BuildLiteBehavior [ RunTime:0.000019s ]
INFO: Run Common\Behavior\InitHookBehavior [ RunTime:0.002181s ]
INFO: [ app_init ] --END-- [ RunTime:0.002700s ]

[ 2019-01-03T22:28:59+08:00 ] 42.236.10.124 /
INFO: [ app_init ] --START--
INFO: Run Behavior\BuildLiteBehavior [ RunTime:0.000022s ]
INFO: Run Common\Behavior\InitHookBehavior [ RunTime:0.002392s ]
INFO: [ app_init ] --END-- [ RunTime:0.002930s ]
INFO: [ app_begin ] --START--
INFO: Run Behavior\ReadHtmlCacheBehavior [ RunTime:0.000619s ]
INFO: Run Behavior\CheckLangBehavior [ RunTime:0.001967s ]
INFO: Run Common\Behavior\UrldecodeGetBehavior [ RunTime:0.000383s ]
INFO: [ app_begin ] --END-- [ RunTime:0.003085s ]

