[ 2019-01-07T00:16:56+08:00 ] 112.47.17.119 /
INFO: [ app_init ] --START--
INFO: Run Behavior\BuildLiteBehavior [ RunTime:0.000019s ]
INFO: Run Common\Behavior\InitHookBehavior [ RunTime:0.002552s ]
INFO: [ app_init ] --END-- [ RunTime:0.003076s ]
INFO: [ app_begin ] --START--
INFO: Run Behavior\ReadHtmlCacheBehavior [ RunTime:0.000615s ]
INFO: Run Behavior\CheckLangBehavior [ RunTime:0.000895s ]
INFO: Run Common\Behavior\UrldecodeGetBehavior [ RunTime:0.000318s ]
INFO: [ app_begin ] --END-- [ RunTime:0.001932s ]

[ 2019-01-07T00:16:56+08:00 ] 112.47.17.119 /
INFO: [ app_init ] --START--
INFO: Run Behavior\BuildLiteBehavior [ RunTime:0.000014s ]
INFO: Run Common\Behavior\InitHookBehavior [ RunTime:0.001526s ]
INFO: [ app_init ] --END-- [ RunTime:0.001943s ]
INFO: [ app_begin ] --START--
INFO: Run Behavior\ReadHtmlCacheBehavior [ RunTime:0.000488s ]
INFO: Run Behavior\CheckLangBehavior [ RunTime:0.000773s ]
INFO: Run Common\Behavior\UrldecodeGetBehavior [ RunTime:0.000258s ]
INFO: [ app_begin ] --END-- [ RunTime:0.001615s ]

[ 2019-01-07T00:16:56+08:00 ] 112.47.17.119 /
INFO: [ app_init ] --START--
INFO: Run Behavior\BuildLiteBehavior [ RunTime:0.000014s ]
INFO: Run Common\Behavior\InitHookBehavior [ RunTime:0.001470s ]
INFO: [ app_init ] --END-- [ RunTime:0.001807s ]
INFO: [ app_begin ] --START--
INFO: Run Behavior\ReadHtmlCacheBehavior [ RunTime:0.000493s ]
INFO: Run Behavior\CheckLangBehavior [ RunTime:0.000724s ]
INFO: Run Common\Behavior\UrldecodeGetBehavior [ RunTime:0.000262s ]
INFO: [ app_begin ] --END-- [ RunTime:0.001573s ]

[ 2019-01-07T07:11:38+08:00 ] 119.84.153.192 /
INFO: [ app_init ] --START--
INFO: Run Behavior\BuildLiteBehavior [ RunTime:0.000018s ]
INFO: Run Common\Behavior\InitHookBehavior [ RunTime:0.002687s ]
INFO: [ app_init ] --END-- [ RunTime:0.003198s ]
INFO: [ app_begin ] --START--
INFO: Run Behavior\ReadHtmlCacheBehavior [ RunTime:0.000541s ]
INFO: Run Behavior\CheckLangBehavior [ RunTime:0.000972s ]
INFO: Run Common\Behavior\UrldecodeGetBehavior [ RunTime:0.000490s ]
INFO: [ app_begin ] --END-- [ RunTime:0.002101s ]

[ 2019-01-07T07:11:39+08:00 ] 111.10.140.207 /favicon.ico
INFO: [ app_init ] --START--
INFO: Run Behavior\BuildLiteBehavior [ RunTime:0.000018s ]
INFO: Run Common\Behavior\InitHookBehavior [ RunTime:0.001969s ]
INFO: [ app_init ] --END-- [ RunTime:0.002371s ]

[ 2019-01-07T07:11:40+08:00 ] 111.10.34.19 /
INFO: [ app_init ] --START--
INFO: Run Behavior\BuildLiteBehavior [ RunTime:0.000015s ]
INFO: Run Common\Behavior\InitHookBehavior [ RunTime:0.002210s ]
INFO: [ app_init ] --END-- [ RunTime:0.002669s ]
INFO: [ app_begin ] --START--
INFO: Run Behavior\ReadHtmlCacheBehavior [ RunTime:0.000656s ]
INFO: Run Behavior\CheckLangBehavior [ RunTime:0.001169s ]
INFO: Run Common\Behavior\UrldecodeGetBehavior [ RunTime:0.000466s ]
INFO: [ app_begin ] --END-- [ RunTime:0.002420s ]

[ 2019-01-07T11:19:52+08:00 ] 222.182.194.33 /
INFO: [ app_init ] --START--
INFO: Run Behavior\BuildLiteBehavior [ RunTime:0.000014s ]
INFO: Run Common\Behavior\InitHookBehavior [ RunTime:0.002330s ]
INFO: [ app_init ] --END-- [ RunTime:0.002793s ]
INFO: [ app_begin ] --START--
INFO: Run Behavior\ReadHtmlCacheBehavior [ RunTime:0.000663s ]
INFO: Run Behavior\CheckLangBehavior [ RunTime:0.001478s ]
INFO: Run Common\Behavior\UrldecodeGetBehavior [ RunTime:0.000700s ]
INFO: [ app_begin ] --END-- [ RunTime:0.002974s ]

[ 2019-01-07T11:19:53+08:00 ] 222.182.194.33 /favicon.ico
INFO: [ app_init ] --START--
INFO: Run Behavior\BuildLiteBehavior [ RunTime:0.000015s ]
INFO: Run Common\Behavior\InitHookBehavior [ RunTime:0.002134s ]
INFO: [ app_init ] --END-- [ RunTime:0.002597s ]

