[ 2018-12-25T09:35:30+08:00 ] 222.182.195.99 /index.php?g=admin&m=public&a=login
INFO: [ app_init ] --START--
INFO: Run Behavior\BuildLiteBehavior [ RunTime:0.000016s ]
INFO: Run Common\Behavior\InitHookBehavior [ RunTime:0.001828s ]
INFO: [ app_init ] --END-- [ RunTime:0.002235s ]
INFO: [ app_begin ] --START--
INFO: Run Behavior\ReadHtmlCacheBehavior [ RunTime:0.000551s ]
INFO: Run Behavior\CheckLangBehavior [ RunTime:0.001102s ]
INFO: Run Common\Behavior\UrldecodeGetBehavior [ RunTime:0.000340s ]
INFO: [ app_begin ] --END-- [ RunTime:0.002093s ]
INFO: [ admin_begin ] --START--
INFO: Run Common\Behavior\AdminDefaultLangBehavior [ RunTime:0.001349s ]
INFO: [ admin_begin ] --END-- [ RunTime:0.001401s ]
SQL: SHOW COLUMNS FROM `h2w_options` [ RunTime:0.0039s ]
SQL: SELECT `option_value` FROM `h2w_options` WHERE `option_name` = 'cdn_settings' LIMIT 1   [ RunTime:0.0002s ]
INFO: [ view_parse ] --START--
INFO: [ template_filter ] --START--
INFO: Run Behavior\ContentReplaceBehavior [ RunTime:0.000067s ]
INFO: [ template_filter ] --END-- [ RunTime:0.000108s ]
INFO: Run Behavior\ParseTemplateBehavior [ RunTime:0.006526s ]
INFO: [ view_parse ] --END-- [ RunTime:0.006570s ]
INFO: [ view_filter ] --START--
INFO: Run Behavior\WriteHtmlCacheBehavior [ RunTime:0.000343s ]
INFO: Run Common\Behavior\TmplStripSpaceBehavior [ RunTime:0.000387s ]
INFO: [ view_filter ] --END-- [ RunTime:0.000784s ]
INFO: [ app_end ] --START--
INFO: Run Behavior\ShowPageTraceBehavior [ RunTime:0.000484s ]
INFO: [ app_end ] --END-- [ RunTime:0.000520s ]

[ 2018-12-25T16:04:32+08:00 ] 222.182.195.99 /index.php?g=admin&m=public&a=login
INFO: [ app_init ] --START--
INFO: Run Behavior\BuildLiteBehavior [ RunTime:0.000016s ]
INFO: Run Common\Behavior\InitHookBehavior [ RunTime:0.001775s ]
INFO: [ app_init ] --END-- [ RunTime:0.002163s ]
INFO: [ app_begin ] --START--
INFO: Run Behavior\ReadHtmlCacheBehavior [ RunTime:0.000443s ]
INFO: Run Behavior\CheckLangBehavior [ RunTime:0.001134s ]
INFO: Run Common\Behavior\UrldecodeGetBehavior [ RunTime:0.000335s ]
INFO: [ app_begin ] --END-- [ RunTime:0.002009s ]
INFO: [ admin_begin ] --START--
INFO: Run Common\Behavior\AdminDefaultLangBehavior [ RunTime:0.001228s ]
INFO: [ admin_begin ] --END-- [ RunTime:0.001278s ]
SQL: SHOW COLUMNS FROM `h2w_options` [ RunTime:0.0038s ]
SQL: SELECT `option_value` FROM `h2w_options` WHERE `option_name` = 'cdn_settings' LIMIT 1   [ RunTime:0.0002s ]
INFO: [ view_parse ] --START--
INFO: [ template_filter ] --START--
INFO: Run Behavior\ContentReplaceBehavior [ RunTime:0.000057s ]
INFO: [ template_filter ] --END-- [ RunTime:0.000098s ]
INFO: Run Behavior\ParseTemplateBehavior [ RunTime:0.014976s ]
INFO: [ view_parse ] --END-- [ RunTime:0.015020s ]
INFO: [ view_filter ] --START--
INFO: Run Behavior\WriteHtmlCacheBehavior [ RunTime:0.000330s ]
INFO: Run Common\Behavior\TmplStripSpaceBehavior [ RunTime:0.000395s ]
INFO: [ view_filter ] --END-- [ RunTime:0.000780s ]
INFO: [ app_end ] --START--
INFO: Run Behavior\ShowPageTraceBehavior [ RunTime:0.000479s ]
INFO: [ app_end ] --END-- [ RunTime:0.000514s ]

[ 2018-12-25T16:04:45+08:00 ] 222.182.195.99 /index.php?g=Admin&m=public&a=dologin
INFO: [ app_init ] --START--
INFO: Run Behavior\BuildLiteBehavior [ RunTime:0.000015s ]
INFO: Run Common\Behavior\InitHookBehavior [ RunTime:0.001503s ]
INFO: [ app_init ] --END-- [ RunTime:0.001839s ]
INFO: [ app_begin ] --START--
INFO: Run Behavior\ReadHtmlCacheBehavior [ RunTime:0.000405s ]
INFO: Run Behavior\CheckLangBehavior [ RunTime:0.001412s ]
INFO: Run Common\Behavior\UrldecodeGetBehavior [ RunTime:0.000401s ]
INFO: [ app_begin ] --END-- [ RunTime:0.002315s ]
INFO: [ admin_begin ] --START--
INFO: Run Common\Behavior\AdminDefaultLangBehavior [ RunTime:0.001289s ]
INFO: [ admin_begin ] --END-- [ RunTime:0.001337s ]
SQL: SHOW COLUMNS FROM `h2w_users` [ RunTime:0.0042s ]
SQL: SELECT * FROM `h2w_users` WHERE `user_login` = 'admin' LIMIT 1   [ RunTime:0.0004s ]
SQL: SHOW COLUMNS FROM `h2w_role_user` [ RunTime:0.0029s ]
SQL: SELECT `role_id` FROM h2w_role_user a INNER JOIN h2w_role as b on a.role_id =b.id  WHERE `user_id` = '1' AND `status` = 1  [ RunTime:0.0007s ]
SQL: UPDATE `h2w_users` SET `user_login`='admin',`user_pass`='###a8d4b4bcd77826ff84ca126241fc5be3',`user_nicename`='admin',`user_name`='admin',`user_email`='123456@qq.com',`user_url`='',`avatar`=NULL,`sex`='1',`birthday`='2000-01-01',`signature`='',`last_login_ip`='222.182.195.99',`last_login_time`='2018-12-25 16:04:45',`create_time`='2018-11-19 04:55:56',`user_activation_key`='',`user_status`='1',`score`='0',`user_type`='1',`coin`='0',`mobile`='',`school_id`=NULL,`specialty_id`=NULL,`verify_id`='0',`verify`='0',`online_time`='0',`continuous_day`='0',`aurora`=NULL,`push`='1',`uu_id`=NULL,`school_area`='0',`invitation_code`=NULL WHERE `id` = '1' [ RunTime:0.0004s ]

[ 2018-12-25T16:04:45+08:00 ] 222.182.195.99 /index.php?g=Admin&m=Index&a=index
INFO: [ app_init ] --START--
INFO: Run Behavior\BuildLiteBehavior [ RunTime:0.000015s ]
INFO: Run Common\Behavior\InitHookBehavior [ RunTime:0.001665s ]
INFO: [ app_init ] --END-- [ RunTime:0.001991s ]
INFO: [ app_begin ] --START--
INFO: Run Behavior\ReadHtmlCacheBehavior [ RunTime:0.000465s ]
INFO: Run Behavior\CheckLangBehavior [ RunTime:0.001133s ]
INFO: Run Common\Behavior\UrldecodeGetBehavior [ RunTime:0.000371s ]
INFO: [ app_begin ] --END-- [ RunTime:0.002078s ]
INFO: [ admin_begin ] --START--
INFO: Run Common\Behavior\AdminDefaultLangBehavior [ RunTime:0.001242s ]
INFO: [ admin_begin ] --END-- [ RunTime:0.001293s ]
SQL: SHOW COLUMNS FROM `h2w_users` [ RunTime:0.0043s ]
SQL: SELECT * FROM `h2w_users` WHERE `id` = '1' LIMIT 1   [ RunTime:0.0003s ]
SQL: SHOW COLUMNS FROM `h2w_menu` [ RunTime:0.0037s ]
SQL: SELECT * FROM `h2w_menu` WHERE `parentid` = 0 AND `status` = 1 ORDER BY `listorder` ASC  [ RunTime:0.0004s ]
SQL: SELECT * FROM `h2w_menu` WHERE `parentid` = 134 AND `status` = 1 ORDER BY `listorder` ASC  [ RunTime:0.0002s ]
SQL: SELECT * FROM `h2w_menu` WHERE `parentid` = 190 AND `status` = 1 ORDER BY `listorder` ASC  [ RunTime:0.0002s ]
SQL: SELECT * FROM `h2w_menu` WHERE `parentid` = 191 AND `status` = 1 ORDER BY `listorder` ASC  [ RunTime:0.0002s ]
SQL: SELECT * FROM `h2w_menu` WHERE `parentid` = 192 AND `status` = 1 ORDER BY `listorder` ASC  [ RunTime:0.0002s ]
SQL: SELECT * FROM `h2w_menu` WHERE `parentid` = 193 AND `status` = 1 ORDER BY `listorder` ASC  [ RunTime:0.0002s ]
SQL: SELECT * FROM `h2w_menu` WHERE `parentid` = 194 AND `status` = 1 ORDER BY `listorder` ASC  [ RunTime:0.0002s ]
SQL: SELECT * FROM `h2w_menu` WHERE `parentid` = 189 AND `status` = 1 ORDER BY `listorder` ASC  [ RunTime:0.0002s ]
SQL: SELECT * FROM `h2w_menu` WHERE `parentid` = 198 AND `status` = 1 ORDER BY `listorder` ASC  [ RunTime:0.0002s ]
SQL: SELECT * FROM `h2w_menu` WHERE `parentid` = 197 AND `status` = 1 ORDER BY `listorder` ASC  [ RunTime:0.0003s ]
SQL: SELECT * FROM `h2w_menu` WHERE `parentid` = 188 AND `status` = 1 ORDER BY `listorder` ASC  [ RunTime:0.0002s ]
SQL: SELECT * FROM `h2w_menu` WHERE `parentid` = 195 AND `status` = 1 ORDER BY `listorder` ASC  [ RunTime:0.0002s ]
SQL: SELECT * FROM `h2w_menu` WHERE `parentid` = 196 AND `status` = 1 ORDER BY `listorder` ASC  [ RunTime:0.0002s ]
SQL: SELECT * FROM `h2w_menu` WHERE `parentid` = 187 AND `status` = 1 ORDER BY `listorder` ASC  [ RunTime:0.0002s ]
SQL: SELECT * FROM `h2w_menu` WHERE `parentid` = 109 AND `status` = 1 ORDER BY `listorder` ASC  [ RunTime:0.0002s ]
SQL: SELECT * FROM `h2w_menu` WHERE `parentid` = 200 AND `status` = 1 ORDER BY `listorder` ASC  [ RunTime:0.0002s ]
SQL: SELECT * FROM `h2w_menu` WHERE `parentid` = 54 AND `status` = 1 ORDER BY `listorder` ASC  [ RunTime:0.0002s ]
SQL: SELECT * FROM `h2w_menu` WHERE `parentid` = 199 AND `status` = 1 ORDER BY `listorder` ASC  [ RunTime:0.0002s ]
SQL: SELECT * FROM `h2w_menu` WHERE `parentid` = 139 AND `status` = 1 ORDER BY `listorder` ASC  [ RunTime:0.0002s ]
SQL: SELECT * FROM `h2w_menu` WHERE `parentid` = 140 AND `status` = 1 ORDER BY `listorder` ASC  [ RunTime:0.0002s ]
SQL: SELECT * FROM `h2w_menu` WHERE `parentid` = 149 AND `status` = 1 ORDER BY `listorder` ASC  [ RunTime:0.0002s ]
SQL: SHOW COLUMNS FROM `h2w_options` [ RunTime:0.0029s ]
SQL: SELECT `option_value` FROM `h2w_options` WHERE `option_name` = 'cdn_settings' LIMIT 1   [ RunTime:0.0002s ]
INFO: [ view_parse ] --START--
INFO: [ template_filter ] --START--
INFO: Run Behavior\ContentReplaceBehavior [ RunTime:0.000157s ]
INFO: [ template_filter ] --END-- [ RunTime:0.000195s ]
INFO: Run Behavior\ParseTemplateBehavior [ RunTime:0.013015s ]
INFO: [ view_parse ] --END-- [ RunTime:0.013057s ]
INFO: [ view_filter ] --START--
INFO: Run Behavior\WriteHtmlCacheBehavior [ RunTime:0.000372s ]
INFO: Run Common\Behavior\TmplStripSpaceBehavior [ RunTime:0.000401s ]
INFO: [ view_filter ] --END-- [ RunTime:0.000830s ]
INFO: [ app_end ] --START--
INFO: Run Behavior\ShowPageTraceBehavior [ RunTime:0.000493s ]
INFO: [ app_end ] --END-- [ RunTime:0.000532s ]

[ 2018-12-25T16:04:45+08:00 ] 222.182.195.99 /index.php?g=Admin&m=Main&a=index
INFO: [ app_init ] --START--
INFO: Run Behavior\BuildLiteBehavior [ RunTime:0.000015s ]
INFO: Run Common\Behavior\InitHookBehavior [ RunTime:0.001484s ]
INFO: [ app_init ] --END-- [ RunTime:0.001801s ]
INFO: [ app_begin ] --START--
INFO: Run Behavior\ReadHtmlCacheBehavior [ RunTime:0.000405s ]
INFO: Run Behavior\CheckLangBehavior [ RunTime:0.001338s ]
INFO: Run Common\Behavior\UrldecodeGetBehavior [ RunTime:0.000334s ]
INFO: [ app_begin ] --END-- [ RunTime:0.002172s ]
INFO: [ admin_begin ] --START--
INFO: Run Common\Behavior\AdminDefaultLangBehavior [ RunTime:0.001457s ]
INFO: [ admin_begin ] --END-- [ RunTime:0.001508s ]
SQL: SHOW COLUMNS FROM `h2w_users` [ RunTime:0.0041s ]
SQL: SELECT * FROM `h2w_users` WHERE `id` = '1' LIMIT 1   [ RunTime:0.0003s ]
SQL: select VERSION() as version [ RunTime:0.0001s ]
SQL: SHOW COLUMNS FROM `h2w_options` [ RunTime:0.0031s ]
SQL: SELECT `option_value` FROM `h2w_options` WHERE `option_name` = 'cdn_settings' LIMIT 1   [ RunTime:0.0002s ]
INFO: [ view_parse ] --START--
INFO: [ template_filter ] --START--
INFO: Run Behavior\ContentReplaceBehavior [ RunTime:0.000078s ]
INFO: [ template_filter ] --END-- [ RunTime:0.000115s ]
INFO: Run Behavior\ParseTemplateBehavior [ RunTime:0.009509s ]
INFO: [ view_parse ] --END-- [ RunTime:0.009551s ]
INFO: [ view_filter ] --START--
INFO: Run Behavior\WriteHtmlCacheBehavior [ RunTime:0.000302s ]
INFO: Run Common\Behavior\TmplStripSpaceBehavior [ RunTime:0.000335s ]
INFO: [ view_filter ] --END-- [ RunTime:0.000697s ]
INFO: [ app_end ] --START--
INFO: Run Behavior\ShowPageTraceBehavior [ RunTime:0.000478s ]
INFO: [ app_end ] --END-- [ RunTime:0.000513s ]

[ 2018-12-25T16:04:48+08:00 ] 222.182.195.99 /index.php?g=Admin&m=Discuss&a=index
INFO: [ app_init ] --START--
INFO: Run Behavior\BuildLiteBehavior [ RunTime:0.000016s ]
INFO: Run Common\Behavior\InitHookBehavior [ RunTime:0.001659s ]
INFO: [ app_init ] --END-- [ RunTime:0.002021s ]
INFO: [ app_begin ] --START--
INFO: Run Behavior\ReadHtmlCacheBehavior [ RunTime:0.000434s ]
INFO: Run Behavior\CheckLangBehavior [ RunTime:0.001196s ]
INFO: Run Common\Behavior\UrldecodeGetBehavior [ RunTime:0.000368s ]
INFO: [ app_begin ] --END-- [ RunTime:0.002100s ]
INFO: [ admin_begin ] --START--
INFO: Run Common\Behavior\AdminDefaultLangBehavior [ RunTime:0.001483s ]
INFO: [ admin_begin ] --END-- [ RunTime:0.001545s ]
SQL: SHOW COLUMNS FROM `h2w_users` [ RunTime:0.0042s ]
SQL: SELECT * FROM `h2w_users` WHERE `id` = '1' LIMIT 1   [ RunTime:0.0003s ]
SQL: SHOW COLUMNS FROM `h2w_category` [ RunTime:0.0035s ]
SQL: SHOW COLUMNS FROM `h2w_label` [ RunTime:0.0034s ]
SQL: SHOW COLUMNS FROM `h2w_discuss` [ RunTime:0.0038s ]
SQL: SHOW COLUMNS FROM `h2w_comment` [ RunTime:0.0031s ]
SQL: SHOW COLUMNS FROM `h2w_reply` [ RunTime:0.0031s ]
SQL: SELECT COUNT(*) AS tp_count FROM h2w_discuss d INNER JOIN h2w_users as u on u.id=d.user_id INNER JOIN h2w_school as s on s.id=d.school_id  LIMIT 1   [ RunTime:0.0005s ]
SQL: SELECT d.*,u.user_name,s.school_name,c.name category_name FROM h2w_discuss d INNER JOIN h2w_users as u on u.id=d.user_id INNER JOIN h2w_school as s on s.id=d.school_id INNER JOIN h2w_category as c on c.id=d.category_id  ORDER BY d.hot desc,d.update_time desc LIMIT 0,20   [ RunTime:0.0007s ]
SQL: SHOW COLUMNS FROM `h2w_label` [ RunTime:0.0030s ]
SQL: SELECT * FROM `h2w_label` WHERE `id` IN ('7','5')  [ RunTime:0.0002s ]
SQL: SELECT * FROM `h2w_label` WHERE `id` IN ('1','5')  [ RunTime:0.0001s ]
SQL: SELECT * FROM `h2w_label` WHERE `id` IN ('3')  [ RunTime:0.0001s ]
SQL: SELECT * FROM `h2w_label` WHERE `id` IN ('1')  [ RunTime:0.0001s ]
SQL: SELECT * FROM `h2w_label` WHERE `id` IN ('6')  [ RunTime:0.0001s ]
SQL: SELECT * FROM `h2w_label` WHERE `id` IN ('6')  [ RunTime:0.0001s ]
SQL: SELECT * FROM `h2w_label` WHERE `id` IN ('8')  [ RunTime:0.0001s ]
SQL: SELECT * FROM `h2w_label` WHERE `id` IN ('7')  [ RunTime:0.0001s ]
SQL: SELECT * FROM `h2w_label` WHERE `id` IN ('3')  [ RunTime:0.0001s ]
SQL: SELECT * FROM `h2w_label` WHERE `id` IN ('3')  [ RunTime:0.0001s ]
SQL: SELECT * FROM `h2w_label` WHERE `id` IN ('7')  [ RunTime:0.0001s ]
SQL: SELECT * FROM `h2w_label` WHERE `id` IN ('3')  [ RunTime:0.0001s ]
SQL: SELECT * FROM `h2w_label` WHERE `id` IN ('7')  [ RunTime:0.0001s ]
SQL: SELECT * FROM `h2w_label` WHERE `id` IN ('3')  [ RunTime:0.0001s ]
SQL: SELECT * FROM `h2w_label` WHERE `id` IN ('3')  [ RunTime:0.0001s ]
SQL: SELECT * FROM `h2w_label` WHERE `id` IN ('3')  [ RunTime:0.0001s ]
SQL: SELECT * FROM `h2w_label` WHERE `id` IN ('3')  [ RunTime:0.0001s ]
SQL: SELECT * FROM `h2w_label` WHERE `id` IN ('3')  [ RunTime:0.0001s ]
SQL: SELECT * FROM `h2w_label` WHERE `id` IN ('3')  [ RunTime:0.0001s ]
SQL: SELECT * FROM `h2w_label` WHERE `id` IN ('3')  [ RunTime:0.0001s ]
SQL: SHOW COLUMNS FROM `h2w_options` [ RunTime:0.0038s ]
SQL: SELECT `option_value` FROM `h2w_options` WHERE `option_name` = 'cdn_settings' LIMIT 1   [ RunTime:0.0002s ]
INFO: [ view_parse ] --START--
INFO: [ template_filter ] --START--
INFO: Run Behavior\ContentReplaceBehavior [ RunTime:0.000088s ]
INFO: [ template_filter ] --END-- [ RunTime:0.000127s ]
INFO: Run Behavior\ParseTemplateBehavior [ RunTime:0.013356s ]
INFO: [ view_parse ] --END-- [ RunTime:0.013398s ]
INFO: [ view_filter ] --START--
INFO: Run Behavior\WriteHtmlCacheBehavior [ RunTime:0.000350s ]
INFO: Run Common\Behavior\TmplStripSpaceBehavior [ RunTime:0.000344s ]
INFO: [ view_filter ] --END-- [ RunTime:0.000748s ]
INFO: [ app_end ] --START--
INFO: Run Behavior\ShowPageTraceBehavior [ RunTime:0.000500s ]
INFO: [ app_end ] --END-- [ RunTime:0.000538s ]

[ 2018-12-25T16:12:00+08:00 ] 222.182.195.99 /index.php?g=Admin&m=Discuss&a=index
INFO: [ app_init ] --START--
INFO: Run Behavior\BuildLiteBehavior [ RunTime:0.000017s ]
INFO: Run Common\Behavior\InitHookBehavior [ RunTime:0.001954s ]
INFO: [ app_init ] --END-- [ RunTime:0.002334s ]
INFO: [ app_begin ] --START--
INFO: Run Behavior\ReadHtmlCacheBehavior [ RunTime:0.000529s ]
INFO: Run Behavior\CheckLangBehavior [ RunTime:0.001051s ]
INFO: Run Common\Behavior\UrldecodeGetBehavior [ RunTime:0.000439s ]
INFO: [ app_begin ] --END-- [ RunTime:0.002121s ]
INFO: [ admin_begin ] --START--
INFO: Run Common\Behavior\AdminDefaultLangBehavior [ RunTime:0.001418s ]
INFO: [ admin_begin ] --END-- [ RunTime:0.001470s ]
SQL: SHOW COLUMNS FROM `h2w_users` [ RunTime:0.0046s ]
SQL: SELECT * FROM `h2w_users` WHERE `id` = '1' LIMIT 1   [ RunTime:0.0003s ]
SQL: SHOW COLUMNS FROM `h2w_category` [ RunTime:0.0035s ]
SQL: SHOW COLUMNS FROM `h2w_label` [ RunTime:0.0037s ]
SQL: SHOW COLUMNS FROM `h2w_discuss` [ RunTime:0.0030s ]
SQL: SHOW COLUMNS FROM `h2w_comment` [ RunTime:0.0032s ]
SQL: SHOW COLUMNS FROM `h2w_reply` [ RunTime:0.0031s ]
SQL: SELECT COUNT(*) AS tp_count FROM h2w_discuss d INNER JOIN h2w_users as u on u.id=d.user_id INNER JOIN h2w_school as s on s.id=d.school_id  LIMIT 1   [ RunTime:0.0004s ]
SQL: SELECT d.*,u.user_name,s.school_name,c.name category_name FROM h2w_discuss d INNER JOIN h2w_users as u on u.id=d.user_id INNER JOIN h2w_school as s on s.id=d.school_id INNER JOIN h2w_category as c on c.id=d.category_id  ORDER BY d.hot desc,d.update_time desc LIMIT 0,20   [ RunTime:0.0008s ]
SQL: SHOW COLUMNS FROM `h2w_label` [ RunTime:0.0031s ]
SQL: SELECT * FROM `h2w_label` WHERE `id` IN ('7','5')  [ RunTime:0.0002s ]
SQL: SELECT * FROM `h2w_label` WHERE `id` IN ('1','5')  [ RunTime:0.0002s ]
SQL: SELECT * FROM `h2w_label` WHERE `id` IN ('3')  [ RunTime:0.0002s ]
SQL: SELECT * FROM `h2w_label` WHERE `id` IN ('1')  [ RunTime:0.0001s ]
SQL: SELECT * FROM `h2w_label` WHERE `id` IN ('6')  [ RunTime:0.0001s ]
SQL: SELECT * FROM `h2w_label` WHERE `id` IN ('6')  [ RunTime:0.0001s ]
SQL: SELECT * FROM `h2w_label` WHERE `id` IN ('8')  [ RunTime:0.0001s ]
SQL: SELECT * FROM `h2w_label` WHERE `id` IN ('7')  [ RunTime:0.0001s ]
SQL: SELECT * FROM `h2w_label` WHERE `id` IN ('3')  [ RunTime:0.0001s ]
SQL: SELECT * FROM `h2w_label` WHERE `id` IN ('3')  [ RunTime:0.0001s ]
SQL: SELECT * FROM `h2w_label` WHERE `id` IN ('7')  [ RunTime:0.0001s ]
SQL: SELECT * FROM `h2w_label` WHERE `id` IN ('3')  [ RunTime:0.0002s ]
SQL: SELECT * FROM `h2w_label` WHERE `id` IN ('7')  [ RunTime:0.0001s ]
SQL: SELECT * FROM `h2w_label` WHERE `id` IN ('3')  [ RunTime:0.0001s ]
SQL: SELECT * FROM `h2w_label` WHERE `id` IN ('3')  [ RunTime:0.0001s ]
SQL: SELECT * FROM `h2w_label` WHERE `id` IN ('3')  [ RunTime:0.0001s ]
SQL: SELECT * FROM `h2w_label` WHERE `id` IN ('3')  [ RunTime:0.0001s ]
SQL: SELECT * FROM `h2w_label` WHERE `id` IN ('3')  [ RunTime:0.0001s ]
SQL: SELECT * FROM `h2w_label` WHERE `id` IN ('3')  [ RunTime:0.0002s ]
SQL: SELECT * FROM `h2w_label` WHERE `id` IN ('3')  [ RunTime:0.0001s ]
SQL: SHOW COLUMNS FROM `h2w_options` [ RunTime:0.0034s ]
SQL: SELECT `option_value` FROM `h2w_options` WHERE `option_name` = 'cdn_settings' LIMIT 1   [ RunTime:0.0002s ]
INFO: [ view_parse ] --START--
INFO: [ template_filter ] --START--
INFO: Run Behavior\ContentReplaceBehavior [ RunTime:0.000094s ]
INFO: [ template_filter ] --END-- [ RunTime:0.000145s ]
INFO: Run Behavior\ParseTemplateBehavior [ RunTime:0.023236s ]
INFO: [ view_parse ] --END-- [ RunTime:0.023290s ]
INFO: [ view_filter ] --START--
INFO: Run Behavior\WriteHtmlCacheBehavior [ RunTime:0.000409s ]
INFO: Run Common\Behavior\TmplStripSpaceBehavior [ RunTime:0.000417s ]
INFO: [ view_filter ] --END-- [ RunTime:0.000884s ]
INFO: [ app_end ] --START--
INFO: Run Behavior\ShowPageTraceBehavior [ RunTime:0.000559s ]
INFO: [ app_end ] --END-- [ RunTime:0.000597s ]

[ 2018-12-25T16:12:08+08:00 ] 222.182.195.99 /index.php?g=Admin&m=Discuss&a=discuss_hot&id=53
INFO: [ app_init ] --START--
INFO: Run Behavior\BuildLiteBehavior [ RunTime:0.000016s ]
INFO: Run Common\Behavior\InitHookBehavior [ RunTime:0.001900s ]
INFO: [ app_init ] --END-- [ RunTime:0.002294s ]
INFO: [ app_begin ] --START--
INFO: Run Behavior\ReadHtmlCacheBehavior [ RunTime:0.000585s ]
INFO: Run Behavior\CheckLangBehavior [ RunTime:0.001274s ]
INFO: Run Common\Behavior\UrldecodeGetBehavior [ RunTime:0.000392s ]
INFO: [ app_begin ] --END-- [ RunTime:0.002350s ]
INFO: [ admin_begin ] --START--
INFO: Run Common\Behavior\AdminDefaultLangBehavior [ RunTime:0.001425s ]
INFO: [ admin_begin ] --END-- [ RunTime:0.001472s ]
SQL: SHOW COLUMNS FROM `h2w_users` [ RunTime:0.0042s ]
SQL: SELECT * FROM `h2w_users` WHERE `id` = '1' LIMIT 1   [ RunTime:0.0003s ]
SQL: SHOW COLUMNS FROM `h2w_category` [ RunTime:0.0031s ]
SQL: SHOW COLUMNS FROM `h2w_label` [ RunTime:0.0038s ]
SQL: SHOW COLUMNS FROM `h2w_discuss` [ RunTime:0.0029s ]
SQL: SHOW COLUMNS FROM `h2w_comment` [ RunTime:0.0029s ]
SQL: SHOW COLUMNS FROM `h2w_reply` [ RunTime:0.0030s ]
SQL: SELECT * FROM `h2w_discuss` WHERE `id` = 53 LIMIT 1   [ RunTime:0.0002s ]
SQL: UPDATE `h2w_discuss` SET `hot`='2' WHERE `id` = 53 [ RunTime:0.0030s ]

[ 2018-12-25T16:12:11+08:00 ] 222.182.195.99 /index.php?g=Admin&m=Discuss&a=index
INFO: [ app_init ] --START--
INFO: Run Behavior\BuildLiteBehavior [ RunTime:0.000025s ]
INFO: Run Common\Behavior\InitHookBehavior [ RunTime:0.001774s ]
INFO: [ app_init ] --END-- [ RunTime:0.002118s ]
INFO: [ app_begin ] --START--
INFO: Run Behavior\ReadHtmlCacheBehavior [ RunTime:0.000482s ]
INFO: Run Behavior\CheckLangBehavior [ RunTime:0.001006s ]
INFO: Run Common\Behavior\UrldecodeGetBehavior [ RunTime:0.000389s ]
INFO: [ app_begin ] --END-- [ RunTime:0.001981s ]
INFO: [ admin_begin ] --START--
INFO: Run Common\Behavior\AdminDefaultLangBehavior [ RunTime:0.001328s ]
INFO: [ admin_begin ] --END-- [ RunTime:0.001378s ]
SQL: SHOW COLUMNS FROM `h2w_users` [ RunTime:0.0044s ]
SQL: SELECT * FROM `h2w_users` WHERE `id` = '1' LIMIT 1   [ RunTime:0.0003s ]
SQL: SHOW COLUMNS FROM `h2w_category` [ RunTime:0.0034s ]
SQL: SHOW COLUMNS FROM `h2w_label` [ RunTime:0.0029s ]
SQL: SHOW COLUMNS FROM `h2w_discuss` [ RunTime:0.0030s ]
SQL: SHOW COLUMNS FROM `h2w_comment` [ RunTime:0.0030s ]
SQL: SHOW COLUMNS FROM `h2w_reply` [ RunTime:0.0032s ]
SQL: SELECT COUNT(*) AS tp_count FROM h2w_discuss d INNER JOIN h2w_users as u on u.id=d.user_id INNER JOIN h2w_school as s on s.id=d.school_id  LIMIT 1   [ RunTime:0.0003s ]
SQL: SELECT d.*,u.user_name,s.school_name,c.name category_name FROM h2w_discuss d INNER JOIN h2w_users as u on u.id=d.user_id INNER JOIN h2w_school as s on s.id=d.school_id INNER JOIN h2w_category as c on c.id=d.category_id  ORDER BY d.hot desc,d.update_time desc LIMIT 0,20   [ RunTime:0.0007s ]
SQL: SHOW COLUMNS FROM `h2w_label` [ RunTime:0.0031s ]
SQL: SELECT * FROM `h2w_label` WHERE `id` IN ('7','5')  [ RunTime:0.0002s ]
SQL: SELECT * FROM `h2w_label` WHERE `id` IN ('1','5')  [ RunTime:0.0002s ]
SQL: SELECT * FROM `h2w_label` WHERE `id` IN ('7')  [ RunTime:0.0001s ]
SQL: SELECT * FROM `h2w_label` WHERE `id` IN ('3')  [ RunTime:0.0001s ]
SQL: SELECT * FROM `h2w_label` WHERE `id` IN ('1')  [ RunTime:0.0001s ]
SQL: SELECT * FROM `h2w_label` WHERE `id` IN ('6')  [ RunTime:0.0001s ]
SQL: SELECT * FROM `h2w_label` WHERE `id` IN ('6')  [ RunTime:0.0001s ]
SQL: SELECT * FROM `h2w_label` WHERE `id` IN ('8')  [ RunTime:0.0001s ]
SQL: SELECT * FROM `h2w_label` WHERE `id` IN ('7')  [ RunTime:0.0001s ]
SQL: SELECT * FROM `h2w_label` WHERE `id` IN ('3')  [ RunTime:0.0001s ]
SQL: SELECT * FROM `h2w_label` WHERE `id` IN ('3')  [ RunTime:0.0001s ]
SQL: SELECT * FROM `h2w_label` WHERE `id` IN ('3')  [ RunTime:0.0001s ]
SQL: SELECT * FROM `h2w_label` WHERE `id` IN ('7')  [ RunTime:0.0001s ]
SQL: SELECT * FROM `h2w_label` WHERE `id` IN ('3')  [ RunTime:0.0001s ]
SQL: SELECT * FROM `h2w_label` WHERE `id` IN ('3')  [ RunTime:0.0001s ]
SQL: SELECT * FROM `h2w_label` WHERE `id` IN ('3')  [ RunTime:0.0001s ]
SQL: SELECT * FROM `h2w_label` WHERE `id` IN ('3')  [ RunTime:0.0001s ]
SQL: SELECT * FROM `h2w_label` WHERE `id` IN ('3')  [ RunTime:0.0001s ]
SQL: SELECT * FROM `h2w_label` WHERE `id` IN ('3')  [ RunTime:0.0001s ]
SQL: SELECT * FROM `h2w_label` WHERE `id` IN ('3')  [ RunTime:0.0001s ]
SQL: SHOW COLUMNS FROM `h2w_options` [ RunTime:0.0041s ]
SQL: SELECT `option_value` FROM `h2w_options` WHERE `option_name` = 'cdn_settings' LIMIT 1   [ RunTime:0.0002s ]
INFO: [ view_parse ] --START--
INFO: [ template_filter ] --START--
INFO: Run Behavior\ContentReplaceBehavior [ RunTime:0.000088s ]
INFO: [ template_filter ] --END-- [ RunTime:0.000127s ]
INFO: Run Behavior\ParseTemplateBehavior [ RunTime:0.013022s ]
INFO: [ view_parse ] --END-- [ RunTime:0.013065s ]
INFO: [ view_filter ] --START--
INFO: Run Behavior\WriteHtmlCacheBehavior [ RunTime:0.000374s ]
INFO: Run Common\Behavior\TmplStripSpaceBehavior [ RunTime:0.000405s ]
INFO: [ view_filter ] --END-- [ RunTime:0.000834s ]
INFO: [ app_end ] --START--
INFO: Run Behavior\ShowPageTraceBehavior [ RunTime:0.000509s ]
INFO: [ app_end ] --END-- [ RunTime:0.000548s ]

[ 2018-12-25T16:13:21+08:00 ] 222.182.195.99 /index.php?g=Admin&m=Discuss&a=index
INFO: [ app_init ] --START--
INFO: Run Behavior\BuildLiteBehavior [ RunTime:0.000015s ]
INFO: Run Common\Behavior\InitHookBehavior [ RunTime:0.001323s ]
INFO: [ app_init ] --END-- [ RunTime:0.001680s ]
INFO: [ app_begin ] --START--
INFO: Run Behavior\ReadHtmlCacheBehavior [ RunTime:0.000523s ]
INFO: Run Behavior\CheckLangBehavior [ RunTime:0.001088s ]
INFO: Run Common\Behavior\UrldecodeGetBehavior [ RunTime:0.000279s ]
INFO: [ app_begin ] --END-- [ RunTime:0.001996s ]
INFO: [ admin_begin ] --START--
INFO: Run Common\Behavior\AdminDefaultLangBehavior [ RunTime:0.001044s ]
INFO: [ admin_begin ] --END-- [ RunTime:0.001094s ]
SQL: SHOW COLUMNS FROM `h2w_users` [ RunTime:0.0040s ]
SQL: SELECT * FROM `h2w_users` WHERE `id` = '1' LIMIT 1   [ RunTime:0.0004s ]
SQL: SHOW COLUMNS FROM `h2w_category` [ RunTime:0.0032s ]
SQL: SHOW COLUMNS FROM `h2w_label` [ RunTime:0.0047s ]
SQL: SHOW COLUMNS FROM `h2w_discuss` [ RunTime:0.0030s ]
SQL: SHOW COLUMNS FROM `h2w_comment` [ RunTime:0.0028s ]
SQL: SHOW COLUMNS FROM `h2w_reply` [ RunTime:0.0028s ]
SQL: SELECT COUNT(*) AS tp_count FROM h2w_discuss d INNER JOIN h2w_users as u on u.id=d.user_id INNER JOIN h2w_school as s on s.id=d.school_id  LIMIT 1   [ RunTime:0.0003s ]
SQL: SELECT d.*,u.user_name,s.school_name,c.name category_name FROM h2w_discuss d INNER JOIN h2w_users as u on u.id=d.user_id INNER JOIN h2w_school as s on s.id=d.school_id INNER JOIN h2w_category as c on c.id=d.category_id  ORDER BY d.hot desc,d.update_time desc LIMIT 0,20   [ RunTime:0.0007s ]
SQL: SHOW COLUMNS FROM `h2w_label` [ RunTime:0.0028s ]
SQL: SELECT * FROM `h2w_label` WHERE `id` IN ('7','5')  [ RunTime:0.0002s ]
SQL: SELECT * FROM `h2w_label` WHERE `id` IN ('1','5')  [ RunTime:0.0001s ]
SQL: SELECT * FROM `h2w_label` WHERE `id` IN ('7')  [ RunTime:0.0001s ]
SQL: SELECT * FROM `h2w_label` WHERE `id` IN ('3')  [ RunTime:0.0001s ]
SQL: SELECT * FROM `h2w_label` WHERE `id` IN ('1')  [ RunTime:0.0001s ]
SQL: SELECT * FROM `h2w_label` WHERE `id` IN ('6')  [ RunTime:0.0001s ]
SQL: SELECT * FROM `h2w_label` WHERE `id` IN ('6')  [ RunTime:0.0001s ]
SQL: SELECT * FROM `h2w_label` WHERE `id` IN ('8')  [ RunTime:0.0001s ]
SQL: SELECT * FROM `h2w_label` WHERE `id` IN ('7')  [ RunTime:0.0001s ]
SQL: SELECT * FROM `h2w_label` WHERE `id` IN ('3')  [ RunTime:0.0001s ]
SQL: SELECT * FROM `h2w_label` WHERE `id` IN ('3')  [ RunTime:0.0001s ]
SQL: SELECT * FROM `h2w_label` WHERE `id` IN ('3')  [ RunTime:0.0001s ]
SQL: SELECT * FROM `h2w_label` WHERE `id` IN ('7')  [ RunTime:0.0001s ]
SQL: SELECT * FROM `h2w_label` WHERE `id` IN ('3')  [ RunTime:0.0001s ]
SQL: SELECT * FROM `h2w_label` WHERE `id` IN ('3')  [ RunTime:0.0001s ]
SQL: SELECT * FROM `h2w_label` WHERE `id` IN ('3')  [ RunTime:0.0001s ]
SQL: SELECT * FROM `h2w_label` WHERE `id` IN ('3')  [ RunTime:0.0001s ]
SQL: SELECT * FROM `h2w_label` WHERE `id` IN ('3')  [ RunTime:0.0001s ]
SQL: SELECT * FROM `h2w_label` WHERE `id` IN ('3')  [ RunTime:0.0001s ]
SQL: SELECT * FROM `h2w_label` WHERE `id` IN ('3')  [ RunTime:0.0001s ]
SQL: SHOW COLUMNS FROM `h2w_options` [ RunTime:0.0028s ]
SQL: SELECT `option_value` FROM `h2w_options` WHERE `option_name` = 'cdn_settings' LIMIT 1   [ RunTime:0.0002s ]
INFO: [ view_parse ] --START--
INFO: [ template_filter ] --START--
INFO: Run Behavior\ContentReplaceBehavior [ RunTime:0.000097s ]
INFO: [ template_filter ] --END-- [ RunTime:0.000137s ]
INFO: Run Behavior\ParseTemplateBehavior [ RunTime:0.023307s ]
INFO: [ view_parse ] --END-- [ RunTime:0.023350s ]
INFO: [ view_filter ] --START--
INFO: Run Behavior\WriteHtmlCacheBehavior [ RunTime:0.000383s ]
INFO: Run Common\Behavior\TmplStripSpaceBehavior [ RunTime:0.000398s ]
INFO: [ view_filter ] --END-- [ RunTime:0.000837s ]
INFO: [ app_end ] --START--
INFO: Run Behavior\ShowPageTraceBehavior [ RunTime:0.000534s ]
INFO: [ app_end ] --END-- [ RunTime:0.000572s ]

[ 2018-12-25T16:36:39+08:00 ] 222.182.195.99 /index.php?g=Admin&m=Discuss&a=index
INFO: [ app_init ] --START--
INFO: Run Behavior\BuildLiteBehavior [ RunTime:0.000016s ]
INFO: Run Common\Behavior\InitHookBehavior [ RunTime:0.001922s ]
INFO: [ app_init ] --END-- [ RunTime:0.002305s ]
INFO: [ app_begin ] --START--
INFO: Run Behavior\ReadHtmlCacheBehavior [ RunTime:0.000458s ]
INFO: Run Behavior\CheckLangBehavior [ RunTime:0.001134s ]
INFO: Run Common\Behavior\UrldecodeGetBehavior [ RunTime:0.000373s ]
INFO: [ app_begin ] --END-- [ RunTime:0.002064s ]
INFO: [ admin_begin ] --START--
INFO: Run Common\Behavior\AdminDefaultLangBehavior [ RunTime:0.001174s ]
INFO: [ admin_begin ] --END-- [ RunTime:0.001226s ]
SQL: SHOW COLUMNS FROM `h2w_users` [ RunTime:0.0040s ]
SQL: SELECT * FROM `h2w_users` WHERE `id` = '1' LIMIT 1   [ RunTime:0.0003s ]
SQL: SHOW COLUMNS FROM `h2w_category` [ RunTime:0.0030s ]
SQL: SHOW COLUMNS FROM `h2w_label` [ RunTime:0.0028s ]
SQL: SHOW COLUMNS FROM `h2w_discuss` [ RunTime:0.0036s ]
SQL: SHOW COLUMNS FROM `h2w_comment` [ RunTime:0.0029s ]
SQL: SHOW COLUMNS FROM `h2w_reply` [ RunTime:0.0035s ]
SQL: SELECT COUNT(*) AS tp_count FROM h2w_discuss d INNER JOIN h2w_users as u on u.id=d.user_id INNER JOIN h2w_school as s on s.id=d.school_id  LIMIT 1   [ RunTime:0.0005s ]
SQL: SELECT d.*,u.user_name,s.school_name,c.name category_name FROM h2w_discuss d INNER JOIN h2w_users as u on u.id=d.user_id INNER JOIN h2w_school as s on s.id=d.school_id INNER JOIN h2w_category as c on c.id=d.category_id  ORDER BY d.hot desc,d.update_time desc LIMIT 0,20   [ RunTime:0.0007s ]
SQL: SHOW COLUMNS FROM `h2w_label` [ RunTime:0.0032s ]
SQL: SELECT * FROM `h2w_label` WHERE `id` IN ('7','5')  [ RunTime:0.0002s ]
SQL: SELECT * FROM `h2w_label` WHERE `id` IN ('1','5')  [ RunTime:0.0002s ]
SQL: SELECT * FROM `h2w_label` WHERE `id` IN ('7')  [ RunTime:0.0001s ]
SQL: SELECT * FROM `h2w_label` WHERE `id` IN ('3')  [ RunTime:0.0001s ]
SQL: SELECT * FROM `h2w_label` WHERE `id` IN ('1')  [ RunTime:0.0001s ]
SQL: SELECT * FROM `h2w_label` WHERE `id` IN ('6')  [ RunTime:0.0001s ]
SQL: SELECT * FROM `h2w_label` WHERE `id` IN ('6')  [ RunTime:0.0001s ]
SQL: SELECT * FROM `h2w_label` WHERE `id` IN ('8')  [ RunTime:0.0001s ]
SQL: SELECT * FROM `h2w_label` WHERE `id` IN ('7')  [ RunTime:0.0001s ]
SQL: SELECT * FROM `h2w_label` WHERE `id` IN ('3')  [ RunTime:0.0001s ]
SQL: SELECT * FROM `h2w_label` WHERE `id` IN ('3')  [ RunTime:0.0001s ]
SQL: SELECT * FROM `h2w_label` WHERE `id` IN ('3')  [ RunTime:0.0001s ]
SQL: SELECT * FROM `h2w_label` WHERE `id` IN ('7')  [ RunTime:0.0001s ]
SQL: SELECT * FROM `h2w_label` WHERE `id` IN ('3')  [ RunTime:0.0001s ]
SQL: SELECT * FROM `h2w_label` WHERE `id` IN ('3')  [ RunTime:0.0001s ]
SQL: SELECT * FROM `h2w_label` WHERE `id` IN ('3')  [ RunTime:0.0001s ]
SQL: SELECT * FROM `h2w_label` WHERE `id` IN ('3')  [ RunTime:0.0001s ]
SQL: SELECT * FROM `h2w_label` WHERE `id` IN ('3')  [ RunTime:0.0001s ]
SQL: SELECT * FROM `h2w_label` WHERE `id` IN ('3')  [ RunTime:0.0001s ]
SQL: SELECT * FROM `h2w_label` WHERE `id` IN ('3')  [ RunTime:0.0001s ]
SQL: SHOW COLUMNS FROM `h2w_options` [ RunTime:0.0028s ]
SQL: SELECT `option_value` FROM `h2w_options` WHERE `option_name` = 'cdn_settings' LIMIT 1   [ RunTime:0.0002s ]
INFO: [ view_parse ] --START--
INFO: [ template_filter ] --START--
INFO: Run Behavior\ContentReplaceBehavior [ RunTime:0.000091s ]
INFO: [ template_filter ] --END-- [ RunTime:0.000130s ]
INFO: Run Behavior\ParseTemplateBehavior [ RunTime:0.022306s ]
INFO: [ view_parse ] --END-- [ RunTime:0.022349s ]
INFO: [ view_filter ] --START--
INFO: Run Behavior\WriteHtmlCacheBehavior [ RunTime:0.000380s ]
INFO: Run Common\Behavior\TmplStripSpaceBehavior [ RunTime:0.000423s ]
INFO: [ view_filter ] --END-- [ RunTime:0.000862s ]
INFO: [ app_end ] --START--
INFO: Run Behavior\ShowPageTraceBehavior [ RunTime:0.000531s ]
INFO: [ app_end ] --END-- [ RunTime:0.000570s ]

