[ 2018-12-18T15:40:56+08:00 ] 222.182.199.82 /index.php?g=admin&m=public&a=login
INFO: [ app_init ] --START--
INFO: Run Behavior\BuildLiteBehavior [ RunTime:0.000017s ]
INFO: Run Common\Behavior\InitHookBehavior [ RunTime:0.005602s ]
INFO: [ app_init ] --END-- [ RunTime:0.006528s ]
INFO: [ app_begin ] --START--
INFO: Run Behavior\ReadHtmlCacheBehavior [ RunTime:0.001400s ]
INFO: Run Behavior\CheckLangBehavior [ RunTime:0.003186s ]
INFO: Run Common\Behavior\UrldecodeGetBehavior [ RunTime:0.000980s ]
INFO: [ app_begin ] --END-- [ RunTime:0.005679s ]
INFO: [ admin_begin ] --START--
INFO: Run Common\Behavior\AdminDefaultLangBehavior [ RunTime:0.002028s ]
INFO: [ admin_begin ] --END-- [ RunTime:0.002080s ]
SQL: SHOW COLUMNS FROM `h2w_options` [ RunTime:0.0048s ]
SQL: SELECT `option_value` FROM `h2w_options` WHERE `option_name` = 'cdn_settings' LIMIT 1   [ RunTime:0.0002s ]
INFO: [ view_parse ] --START--
INFO: [ template_filter ] --START--
INFO: Run Behavior\ContentReplaceBehavior [ RunTime:0.000062s ]
INFO: [ template_filter ] --END-- [ RunTime:0.000105s ]
INFO: Run Behavior\ParseTemplateBehavior [ RunTime:0.015201s ]
INFO: [ view_parse ] --END-- [ RunTime:0.015247s ]
INFO: [ view_filter ] --START--
INFO: Run Behavior\WriteHtmlCacheBehavior [ RunTime:0.000999s ]
INFO: Run Common\Behavior\TmplStripSpaceBehavior [ RunTime:0.001207s ]
INFO: [ view_filter ] --END-- [ RunTime:0.002266s ]
INFO: [ app_end ] --START--
INFO: Run Behavior\ShowPageTraceBehavior [ RunTime:0.001588s ]
INFO: [ app_end ] --END-- [ RunTime:0.001624s ]

[ 2018-12-18T15:41:06+08:00 ] 222.182.199.82 /index.php?g=Admin&m=public&a=dologin
INFO: [ app_init ] --START--
INFO: Run Behavior\BuildLiteBehavior [ RunTime:0.000015s ]
INFO: Run Common\Behavior\InitHookBehavior [ RunTime:0.002656s ]
INFO: [ app_init ] --END-- [ RunTime:0.003225s ]
INFO: [ app_begin ] --START--
INFO: Run Behavior\ReadHtmlCacheBehavior [ RunTime:0.000775s ]
INFO: Run Behavior\CheckLangBehavior [ RunTime:0.001489s ]
INFO: Run Common\Behavior\UrldecodeGetBehavior [ RunTime:0.000570s ]
INFO: [ app_begin ] --END-- [ RunTime:0.002936s ]
INFO: [ admin_begin ] --START--
INFO: Run Common\Behavior\AdminDefaultLangBehavior [ RunTime:0.001773s ]
INFO: [ admin_begin ] --END-- [ RunTime:0.001820s ]
SQL: SHOW COLUMNS FROM `h2w_users` [ RunTime:0.0049s ]
SQL: SELECT * FROM `h2w_users` WHERE `user_login` = 'admin' LIMIT 1   [ RunTime:0.0004s ]
SQL: SHOW COLUMNS FROM `h2w_role_user` [ RunTime:0.0032s ]
SQL: SELECT `role_id` FROM h2w_role_user a INNER JOIN h2w_role as b on a.role_id =b.id  WHERE `user_id` = '1' AND `status` = 1  [ RunTime:0.0006s ]
SQL: UPDATE `h2w_users` SET `user_login`='admin',`user_pass`='###a8d4b4bcd77826ff84ca126241fc5be3',`user_nicename`='admin',`user_name`='admin',`user_email`='123456@qq.com',`user_url`='',`avatar`=NULL,`sex`='1',`birthday`='2000-01-01',`signature`='',`last_login_ip`='222.182.199.82',`last_login_time`='2018-12-18 15:41:06',`create_time`='2018-11-19 04:55:56',`user_activation_key`='',`user_status`='1',`score`='0',`user_type`='1',`coin`='0',`mobile`='',`school_id`=NULL,`specialty_id`=NULL,`verify`='0',`online_time`='0',`continuous_day`='0',`aurora`=NULL,`push`='1',`uu_id`=NULL,`school_area`='0',`invitation_code`=NULL WHERE `id` = '1' [ RunTime:0.0003s ]

[ 2018-12-18T15:41:06+08:00 ] 222.182.199.82 /index.php?g=Admin&m=Index&a=index
INFO: [ app_init ] --START--
INFO: Run Behavior\BuildLiteBehavior [ RunTime:0.000016s ]
INFO: Run Common\Behavior\InitHookBehavior [ RunTime:0.002807s ]
INFO: [ app_init ] --END-- [ RunTime:0.003383s ]
INFO: [ app_begin ] --START--
INFO: Run Behavior\ReadHtmlCacheBehavior [ RunTime:0.000862s ]
INFO: Run Behavior\CheckLangBehavior [ RunTime:0.001561s ]
INFO: Run Common\Behavior\UrldecodeGetBehavior [ RunTime:0.000583s ]
INFO: [ app_begin ] --END-- [ RunTime:0.003114s ]
INFO: [ admin_begin ] --START--
INFO: Run Common\Behavior\AdminDefaultLangBehavior [ RunTime:0.001842s ]
INFO: [ admin_begin ] --END-- [ RunTime:0.001894s ]
SQL: SHOW COLUMNS FROM `h2w_users` [ RunTime:0.0040s ]
SQL: SELECT * FROM `h2w_users` WHERE `id` = '1' LIMIT 1   [ RunTime:0.0004s ]
SQL: SHOW COLUMNS FROM `h2w_menu` [ RunTime:0.0045s ]
SQL: SELECT * FROM `h2w_menu` WHERE `shows` = 1  [ RunTime:0.0005s ]
SQL: SELECT * FROM `h2w_menu` WHERE `parentid` = 0 AND `status` = 1 ORDER BY `listorder` ASC  [ RunTime:0.0004s ]
SQL: SELECT * FROM `h2w_menu` WHERE `parentid` = 134 AND `status` = 1 ORDER BY `listorder` ASC  [ RunTime:0.0002s ]
SQL: SELECT * FROM `h2w_menu` WHERE `parentid` = 190 AND `status` = 1 ORDER BY `listorder` ASC  [ RunTime:0.0002s ]
SQL: SELECT * FROM `h2w_menu` WHERE `parentid` = 191 AND `status` = 1 ORDER BY `listorder` ASC  [ RunTime:0.0002s ]
SQL: SELECT * FROM `h2w_menu` WHERE `parentid` = 192 AND `status` = 1 ORDER BY `listorder` ASC  [ RunTime:0.0002s ]
SQL: SELECT * FROM `h2w_menu` WHERE `parentid` = 193 AND `status` = 1 ORDER BY `listorder` ASC  [ RunTime:0.0002s ]
SQL: SELECT * FROM `h2w_menu` WHERE `parentid` = 194 AND `status` = 1 ORDER BY `listorder` ASC  [ RunTime:0.0002s ]
SQL: SELECT * FROM `h2w_menu` WHERE `parentid` = 189 AND `status` = 1 ORDER BY `listorder` ASC  [ RunTime:0.0002s ]
SQL: SELECT * FROM `h2w_menu` WHERE `parentid` = 198 AND `status` = 1 ORDER BY `listorder` ASC  [ RunTime:0.0002s ]
SQL: SELECT * FROM `h2w_menu` WHERE `parentid` = 197 AND `status` = 1 ORDER BY `listorder` ASC  [ RunTime:0.0002s ]
SQL: SELECT * FROM `h2w_menu` WHERE `parentid` = 188 AND `status` = 1 ORDER BY `listorder` ASC  [ RunTime:0.0002s ]
SQL: SELECT * FROM `h2w_menu` WHERE `parentid` = 195 AND `status` = 1 ORDER BY `listorder` ASC  [ RunTime:0.0002s ]
SQL: SELECT * FROM `h2w_menu` WHERE `parentid` = 196 AND `status` = 1 ORDER BY `listorder` ASC  [ RunTime:0.0002s ]
SQL: SELECT * FROM `h2w_menu` WHERE `parentid` = 187 AND `status` = 1 ORDER BY `listorder` ASC  [ RunTime:0.0002s ]
SQL: SELECT * FROM `h2w_menu` WHERE `parentid` = 109 AND `status` = 1 ORDER BY `listorder` ASC  [ RunTime:0.0002s ]
SQL: SELECT * FROM `h2w_menu` WHERE `parentid` = 200 AND `status` = 1 ORDER BY `listorder` ASC  [ RunTime:0.0002s ]
SQL: SELECT * FROM `h2w_menu` WHERE `parentid` = 54 AND `status` = 1 ORDER BY `listorder` ASC  [ RunTime:0.0002s ]
SQL: SELECT * FROM `h2w_menu` WHERE `parentid` = 199 AND `status` = 1 ORDER BY `listorder` ASC  [ RunTime:0.0002s ]
SQL: SELECT * FROM `h2w_menu` WHERE `parentid` = 139 AND `status` = 1 ORDER BY `listorder` ASC  [ RunTime:0.0002s ]
SQL: SELECT * FROM `h2w_menu` WHERE `parentid` = 140 AND `status` = 1 ORDER BY `listorder` ASC  [ RunTime:0.0002s ]
SQL: SELECT * FROM `h2w_menu` WHERE `parentid` = 149 AND `status` = 1 ORDER BY `listorder` ASC  [ RunTime:0.0002s ]
SQL: SHOW COLUMNS FROM `h2w_options` [ RunTime:0.0031s ]
SQL: SELECT `option_value` FROM `h2w_options` WHERE `option_name` = 'cdn_settings' LIMIT 1   [ RunTime:0.0002s ]
INFO: [ view_parse ] --START--
INFO: [ template_filter ] --START--
INFO: Run Behavior\ContentReplaceBehavior [ RunTime:0.000211s ]
INFO: [ template_filter ] --END-- [ RunTime:0.000253s ]
INFO: Run Behavior\ParseTemplateBehavior [ RunTime:0.017749s ]
INFO: [ view_parse ] --END-- [ RunTime:0.017791s ]
INFO: [ view_filter ] --START--
INFO: Run Behavior\WriteHtmlCacheBehavior [ RunTime:0.000662s ]
INFO: Run Common\Behavior\TmplStripSpaceBehavior [ RunTime:0.000588s ]
INFO: [ view_filter ] --END-- [ RunTime:0.001306s ]
INFO: [ app_end ] --START--
INFO: Run Behavior\ShowPageTraceBehavior [ RunTime:0.000776s ]
INFO: [ app_end ] --END-- [ RunTime:0.000814s ]

[ 2018-12-18T15:41:07+08:00 ] 222.182.199.82 /index.php?g=Admin&m=Main&a=index
INFO: [ app_init ] --START--
INFO: Run Behavior\BuildLiteBehavior [ RunTime:0.000014s ]
INFO: Run Common\Behavior\InitHookBehavior [ RunTime:0.002499s ]
INFO: [ app_init ] --END-- [ RunTime:0.003011s ]
INFO: [ app_begin ] --START--
INFO: Run Behavior\ReadHtmlCacheBehavior [ RunTime:0.000856s ]
INFO: Run Behavior\CheckLangBehavior [ RunTime:0.002206s ]
INFO: Run Common\Behavior\UrldecodeGetBehavior [ RunTime:0.000574s ]
INFO: [ app_begin ] --END-- [ RunTime:0.003737s ]
INFO: [ admin_begin ] --START--
INFO: Run Common\Behavior\AdminDefaultLangBehavior [ RunTime:0.002050s ]
INFO: [ admin_begin ] --END-- [ RunTime:0.002100s ]
SQL: SHOW COLUMNS FROM `h2w_users` [ RunTime:0.0037s ]
SQL: SELECT * FROM `h2w_users` WHERE `id` = '1' LIMIT 1   [ RunTime:0.0003s ]
SQL: select VERSION() as version [ RunTime:0.0001s ]
SQL: SHOW COLUMNS FROM `h2w_options` [ RunTime:0.0032s ]
SQL: SELECT `option_value` FROM `h2w_options` WHERE `option_name` = 'cdn_settings' LIMIT 1   [ RunTime:0.0002s ]
INFO: [ view_parse ] --START--
INFO: [ template_filter ] --START--
INFO: Run Behavior\ContentReplaceBehavior [ RunTime:0.000079s ]
INFO: [ template_filter ] --END-- [ RunTime:0.000116s ]
INFO: Run Behavior\ParseTemplateBehavior [ RunTime:0.012155s ]
INFO: [ view_parse ] --END-- [ RunTime:0.012198s ]
INFO: [ view_filter ] --START--
INFO: Run Behavior\WriteHtmlCacheBehavior [ RunTime:0.000573s ]
INFO: Run Common\Behavior\TmplStripSpaceBehavior [ RunTime:0.000560s ]
INFO: [ view_filter ] --END-- [ RunTime:0.001197s ]
INFO: [ app_end ] --START--
INFO: Run Behavior\ShowPageTraceBehavior [ RunTime:0.000744s ]
INFO: [ app_end ] --END-- [ RunTime:0.000787s ]

[ 2018-12-18T15:41:09+08:00 ] 222.182.199.82 /index.php?g=Admin&m=Discuss&a=index
INFO: [ app_init ] --START--
INFO: Run Behavior\BuildLiteBehavior [ RunTime:0.000020s ]
INFO: Run Common\Behavior\InitHookBehavior [ RunTime:0.002582s ]
INFO: [ app_init ] --END-- [ RunTime:0.003120s ]
INFO: [ app_begin ] --START--
INFO: Run Behavior\ReadHtmlCacheBehavior [ RunTime:0.000823s ]
INFO: Run Behavior\CheckLangBehavior [ RunTime:0.001495s ]
INFO: Run Common\Behavior\UrldecodeGetBehavior [ RunTime:0.000719s ]
INFO: [ app_begin ] --END-- [ RunTime:0.003145s ]
INFO: [ admin_begin ] --START--
INFO: Run Common\Behavior\AdminDefaultLangBehavior [ RunTime:0.001957s ]
INFO: [ admin_begin ] --END-- [ RunTime:0.002012s ]
SQL: SHOW COLUMNS FROM `h2w_users` [ RunTime:0.0048s ]
SQL: SELECT * FROM `h2w_users` WHERE `id` = '1' LIMIT 1   [ RunTime:0.0004s ]
SQL: SHOW COLUMNS FROM `h2w_category` [ RunTime:0.0041s ]
SQL: SHOW COLUMNS FROM `h2w_label` [ RunTime:0.0034s ]
SQL: SHOW COLUMNS FROM `h2w_discuss` [ RunTime:0.0037s ]
SQL: SHOW COLUMNS FROM `h2w_comment` [ RunTime:0.0044s ]
SQL: SHOW COLUMNS FROM `h2w_reply` [ RunTime:0.0036s ]
SQL: SELECT COUNT(*) AS tp_count FROM h2w_discuss d INNER JOIN h2w_users as u on u.id=d.user_id INNER JOIN h2w_school as s on s.id=d.school_id  LIMIT 1   [ RunTime:0.0007s ]
SQL: SELECT d.*,u.user_name,s.school_name,c.name category_name FROM h2w_discuss d INNER JOIN h2w_users as u on u.id=d.user_id INNER JOIN h2w_school as s on s.id=d.school_id INNER JOIN h2w_category as c on c.id=d.category_id  ORDER BY d.update_time desc LIMIT 0,20   [ RunTime:0.0028s ]
SQL: SHOW COLUMNS FROM `h2w_label` [ RunTime:0.0031s ]
SQL: SELECT * FROM `h2w_label` WHERE `id` IN ('2','3')  [ RunTime:0.0002s ]
SQL: SELECT * FROM `h2w_label` WHERE `id` IN ('2')  [ RunTime:0.0001s ]
SQL: SELECT * FROM `h2w_label` WHERE `id` IN ('6')  [ RunTime:0.0001s ]
SQL: SELECT * FROM `h2w_label` WHERE `id` IN ('6')  [ RunTime:0.0001s ]
SQL: SELECT * FROM `h2w_label` WHERE `id` IN ('2','3')  [ RunTime:0.0001s ]
SQL: SELECT * FROM `h2w_label` WHERE `id` IN ('2','3','4')  [ RunTime:0.0001s ]
SQL: SELECT * FROM `h2w_label` WHERE `id` IN ('1','5')  [ RunTime:0.0001s ]
SQL: SELECT * FROM `h2w_label` WHERE `id` IN ('1','3')  [ RunTime:0.0002s ]
SQL: SHOW COLUMNS FROM `h2w_options` [ RunTime:0.0071s ]
SQL: SELECT `option_value` FROM `h2w_options` WHERE `option_name` = 'cdn_settings' LIMIT 1   [ RunTime:0.0002s ]
INFO: [ view_parse ] --START--
INFO: [ template_filter ] --START--
INFO: Run Behavior\ContentReplaceBehavior [ RunTime:0.000088s ]
INFO: [ template_filter ] --END-- [ RunTime:0.000127s ]
INFO: Run Behavior\ParseTemplateBehavior [ RunTime:0.016939s ]
INFO: [ view_parse ] --END-- [ RunTime:0.016985s ]
INFO: [ view_filter ] --START--
INFO: Run Behavior\WriteHtmlCacheBehavior [ RunTime:0.000604s ]
INFO: Run Common\Behavior\TmplStripSpaceBehavior [ RunTime:0.000565s ]
INFO: [ view_filter ] --END-- [ RunTime:0.001227s ]
INFO: [ app_end ] --START--
INFO: Run Behavior\ShowPageTraceBehavior [ RunTime:0.000797s ]
INFO: [ app_end ] --END-- [ RunTime:0.000834s ]

[ 2018-12-18T15:41:12+08:00 ] 222.182.199.82 /index.php?g=Admin&m=Discuss&a=category
INFO: [ app_init ] --START--
INFO: Run Behavior\BuildLiteBehavior [ RunTime:0.000015s ]
INFO: Run Common\Behavior\InitHookBehavior [ RunTime:0.002616s ]
INFO: [ app_init ] --END-- [ RunTime:0.003176s ]
INFO: [ app_begin ] --START--
INFO: Run Behavior\ReadHtmlCacheBehavior [ RunTime:0.000754s ]
INFO: Run Behavior\CheckLangBehavior [ RunTime:0.001878s ]
INFO: Run Common\Behavior\UrldecodeGetBehavior [ RunTime:0.000561s ]
INFO: [ app_begin ] --END-- [ RunTime:0.003297s ]
INFO: [ admin_begin ] --START--
INFO: Run Common\Behavior\AdminDefaultLangBehavior [ RunTime:0.001688s ]
INFO: [ admin_begin ] --END-- [ RunTime:0.001740s ]
SQL: SHOW COLUMNS FROM `h2w_users` [ RunTime:0.0047s ]
SQL: SELECT * FROM `h2w_users` WHERE `id` = '1' LIMIT 1   [ RunTime:0.0004s ]
SQL: SHOW COLUMNS FROM `h2w_category` [ RunTime:0.0031s ]
SQL: SHOW COLUMNS FROM `h2w_label` [ RunTime:0.0032s ]
SQL: SHOW COLUMNS FROM `h2w_discuss` [ RunTime:0.0032s ]
SQL: SHOW COLUMNS FROM `h2w_comment` [ RunTime:0.0057s ]
SQL: SHOW COLUMNS FROM `h2w_reply` [ RunTime:0.0048s ]
SQL: SELECT COUNT(*) AS tp_count FROM `h2w_category` LIMIT 1   [ RunTime:0.0002s ]
SQL: SELECT * FROM `h2w_category` ORDER BY listorder asc,create_time desc LIMIT 0,20   [ RunTime:0.0002s ]
SQL: SHOW COLUMNS FROM `h2w_options` [ RunTime:0.0034s ]
SQL: SELECT `option_value` FROM `h2w_options` WHERE `option_name` = 'cdn_settings' LIMIT 1   [ RunTime:0.0002s ]
INFO: [ view_parse ] --START--
INFO: [ template_filter ] --START--
INFO: Run Behavior\ContentReplaceBehavior [ RunTime:0.000091s ]
INFO: [ template_filter ] --END-- [ RunTime:0.000149s ]
INFO: Run Behavior\ParseTemplateBehavior [ RunTime:0.014293s ]
INFO: [ view_parse ] --END-- [ RunTime:0.014338s ]
INFO: [ view_filter ] --START--
INFO: Run Behavior\WriteHtmlCacheBehavior [ RunTime:0.000631s ]
INFO: Run Common\Behavior\TmplStripSpaceBehavior [ RunTime:0.000579s ]
INFO: [ view_filter ] --END-- [ RunTime:0.001268s ]
INFO: [ app_end ] --START--
INFO: Run Behavior\ShowPageTraceBehavior [ RunTime:0.000770s ]
INFO: [ app_end ] --END-- [ RunTime:0.000807s ]

[ 2018-12-18T15:41:13+08:00 ] 222.182.199.82 /index.php?g=Admin&m=Discuss&a=cate_add
INFO: [ app_init ] --START--
INFO: Run Behavior\BuildLiteBehavior [ RunTime:0.000016s ]
INFO: Run Common\Behavior\InitHookBehavior [ RunTime:0.002023s ]
INFO: [ app_init ] --END-- [ RunTime:0.002485s ]
INFO: [ app_begin ] --START--
INFO: Run Behavior\ReadHtmlCacheBehavior [ RunTime:0.000500s ]
INFO: Run Behavior\CheckLangBehavior [ RunTime:0.001127s ]
INFO: Run Common\Behavior\UrldecodeGetBehavior [ RunTime:0.000501s ]
INFO: [ app_begin ] --END-- [ RunTime:0.002228s ]
INFO: [ admin_begin ] --START--
INFO: Run Common\Behavior\AdminDefaultLangBehavior [ RunTime:0.001525s ]
INFO: [ admin_begin ] --END-- [ RunTime:0.001577s ]
SQL: SHOW COLUMNS FROM `h2w_users` [ RunTime:0.0038s ]
SQL: SELECT * FROM `h2w_users` WHERE `id` = '1' LIMIT 1   [ RunTime:0.0003s ]
SQL: SHOW COLUMNS FROM `h2w_category` [ RunTime:0.0058s ]
SQL: SHOW COLUMNS FROM `h2w_label` [ RunTime:0.0028s ]
SQL: SHOW COLUMNS FROM `h2w_discuss` [ RunTime:0.0028s ]
SQL: SHOW COLUMNS FROM `h2w_comment` [ RunTime:0.0028s ]
SQL: SHOW COLUMNS FROM `h2w_reply` [ RunTime:0.0028s ]
SQL: SHOW COLUMNS FROM `h2w_options` [ RunTime:0.0027s ]
SQL: SELECT `option_value` FROM `h2w_options` WHERE `option_name` = 'cdn_settings' LIMIT 1   [ RunTime:0.0002s ]
INFO: [ view_parse ] --START--
INFO: [ template_filter ] --START--
INFO: Run Behavior\ContentReplaceBehavior [ RunTime:0.000065s ]
INFO: [ template_filter ] --END-- [ RunTime:0.000106s ]
INFO: Run Behavior\ParseTemplateBehavior [ RunTime:0.009213s ]
INFO: [ view_parse ] --END-- [ RunTime:0.009258s ]
INFO: [ view_filter ] --START--
INFO: Run Behavior\WriteHtmlCacheBehavior [ RunTime:0.000332s ]
INFO: Run Common\Behavior\TmplStripSpaceBehavior [ RunTime:0.000510s ]
INFO: [ view_filter ] --END-- [ RunTime:0.000899s ]
INFO: [ app_end ] --START--
INFO: Run Behavior\ShowPageTraceBehavior [ RunTime:0.000479s ]
INFO: [ app_end ] --END-- [ RunTime:0.000515s ]

[ 2018-12-18T15:41:15+08:00 ] 222.182.199.82 /index.php?g=Admin&m=Discuss&a=label
INFO: [ app_init ] --START--
INFO: Run Behavior\BuildLiteBehavior [ RunTime:0.000015s ]
INFO: Run Common\Behavior\InitHookBehavior [ RunTime:0.002004s ]
INFO: [ app_init ] --END-- [ RunTime:0.002416s ]
INFO: [ app_begin ] --START--
INFO: Run Behavior\ReadHtmlCacheBehavior [ RunTime:0.000501s ]
INFO: Run Behavior\CheckLangBehavior [ RunTime:0.001128s ]
INFO: Run Common\Behavior\UrldecodeGetBehavior [ RunTime:0.000515s ]
INFO: [ app_begin ] --END-- [ RunTime:0.002245s ]
INFO: [ admin_begin ] --START--
INFO: Run Common\Behavior\AdminDefaultLangBehavior [ RunTime:0.001487s ]
INFO: [ admin_begin ] --END-- [ RunTime:0.001540s ]
SQL: SHOW COLUMNS FROM `h2w_users` [ RunTime:0.0044s ]
SQL: SELECT * FROM `h2w_users` WHERE `id` = '1' LIMIT 1   [ RunTime:0.0004s ]
SQL: SHOW COLUMNS FROM `h2w_category` [ RunTime:0.0044s ]
SQL: SHOW COLUMNS FROM `h2w_label` [ RunTime:0.0031s ]
SQL: SHOW COLUMNS FROM `h2w_discuss` [ RunTime:0.0041s ]
SQL: SHOW COLUMNS FROM `h2w_comment` [ RunTime:0.0030s ]
SQL: SHOW COLUMNS FROM `h2w_reply` [ RunTime:0.0032s ]
SQL: SELECT COUNT(*) AS tp_count FROM `h2w_label` LIMIT 1   [ RunTime:0.0002s ]
SQL: SELECT * FROM `h2w_label` ORDER BY listorder asc,create_time desc LIMIT 0,20   [ RunTime:0.0002s ]
SQL: SHOW COLUMNS FROM `h2w_options` [ RunTime:0.0035s ]
SQL: SELECT `option_value` FROM `h2w_options` WHERE `option_name` = 'cdn_settings' LIMIT 1   [ RunTime:0.0002s ]
INFO: [ view_parse ] --START--
INFO: [ template_filter ] --START--
INFO: Run Behavior\ContentReplaceBehavior [ RunTime:0.000061s ]
INFO: [ template_filter ] --END-- [ RunTime:0.000105s ]
INFO: Run Behavior\ParseTemplateBehavior [ RunTime:0.011325s ]
INFO: [ view_parse ] --END-- [ RunTime:0.011369s ]
INFO: [ view_filter ] --START--
INFO: Run Behavior\WriteHtmlCacheBehavior [ RunTime:0.000346s ]
INFO: Run Common\Behavior\TmplStripSpaceBehavior [ RunTime:0.000508s ]
INFO: [ view_filter ] --END-- [ RunTime:0.000912s ]
INFO: [ app_end ] --START--
INFO: Run Behavior\ShowPageTraceBehavior [ RunTime:0.000611s ]
INFO: [ app_end ] --END-- [ RunTime:0.000649s ]

[ 2018-12-18T15:41:16+08:00 ] 222.182.199.82 /index.php?g=Admin&m=Discuss&a=label_add
INFO: [ app_init ] --START--
INFO: Run Behavior\BuildLiteBehavior [ RunTime:0.000015s ]
INFO: Run Common\Behavior\InitHookBehavior [ RunTime:0.002238s ]
INFO: [ app_init ] --END-- [ RunTime:0.002624s ]
INFO: [ app_begin ] --START--
INFO: Run Behavior\ReadHtmlCacheBehavior [ RunTime:0.000521s ]
INFO: Run Behavior\CheckLangBehavior [ RunTime:0.001133s ]
INFO: Run Common\Behavior\UrldecodeGetBehavior [ RunTime:0.000521s ]
INFO: [ app_begin ] --END-- [ RunTime:0.002279s ]
INFO: [ admin_begin ] --START--
INFO: Run Common\Behavior\AdminDefaultLangBehavior [ RunTime:0.001546s ]
INFO: [ admin_begin ] --END-- [ RunTime:0.001604s ]
SQL: SHOW COLUMNS FROM `h2w_users` [ RunTime:0.0045s ]
SQL: SELECT * FROM `h2w_users` WHERE `id` = '1' LIMIT 1   [ RunTime:0.0003s ]
SQL: SHOW COLUMNS FROM `h2w_category` [ RunTime:0.0032s ]
SQL: SHOW COLUMNS FROM `h2w_label` [ RunTime:0.0029s ]
SQL: SHOW COLUMNS FROM `h2w_discuss` [ RunTime:0.0038s ]
SQL: SHOW COLUMNS FROM `h2w_comment` [ RunTime:0.0028s ]
SQL: SHOW COLUMNS FROM `h2w_reply` [ RunTime:0.0027s ]
SQL: SHOW COLUMNS FROM `h2w_options` [ RunTime:0.0043s ]
SQL: SELECT `option_value` FROM `h2w_options` WHERE `option_name` = 'cdn_settings' LIMIT 1   [ RunTime:0.0002s ]
INFO: [ view_parse ] --START--
INFO: [ template_filter ] --START--
INFO: Run Behavior\ContentReplaceBehavior [ RunTime:0.000064s ]
INFO: [ template_filter ] --END-- [ RunTime:0.000107s ]
INFO: Run Behavior\ParseTemplateBehavior [ RunTime:0.009059s ]
INFO: [ view_parse ] --END-- [ RunTime:0.009104s ]
INFO: [ view_filter ] --START--
INFO: Run Behavior\WriteHtmlCacheBehavior [ RunTime:0.000364s ]
INFO: Run Common\Behavior\TmplStripSpaceBehavior [ RunTime:0.000539s ]
INFO: [ view_filter ] --END-- [ RunTime:0.000961s ]
INFO: [ app_end ] --START--
INFO: Run Behavior\ShowPageTraceBehavior [ RunTime:0.000509s ]
INFO: [ app_end ] --END-- [ RunTime:0.000547s ]

[ 2018-12-18T15:41:20+08:00 ] 222.182.199.82 /index.php?g=Admin&m=Scripture&a=index
INFO: [ app_init ] --START--
INFO: Run Behavior\BuildLiteBehavior [ RunTime:0.000015s ]
INFO: Run Common\Behavior\InitHookBehavior [ RunTime:0.001970s ]
INFO: [ app_init ] --END-- [ RunTime:0.002398s ]
INFO: [ app_begin ] --START--
INFO: Run Behavior\ReadHtmlCacheBehavior [ RunTime:0.000555s ]
INFO: Run Behavior\CheckLangBehavior [ RunTime:0.001099s ]
INFO: Run Common\Behavior\UrldecodeGetBehavior [ RunTime:0.000440s ]
INFO: [ app_begin ] --END-- [ RunTime:0.002202s ]
INFO: [ admin_begin ] --START--
INFO: Run Common\Behavior\AdminDefaultLangBehavior [ RunTime:0.001542s ]
INFO: [ admin_begin ] --END-- [ RunTime:0.001595s ]
SQL: SHOW COLUMNS FROM `h2w_users` [ RunTime:0.0036s ]
SQL: SELECT * FROM `h2w_users` WHERE `id` = '1' LIMIT 1   [ RunTime:0.0004s ]
SQL: SHOW COLUMNS FROM `h2w_scripture` [ RunTime:0.0034s ]
SQL: SELECT COUNT(*) AS tp_count FROM `h2w_scripture` LIMIT 1   [ RunTime:0.0001s ]
SQL: SELECT * FROM `h2w_scripture` ORDER BY create_time DESC LIMIT 0,20   [ RunTime:0.0002s ]
SQL: SHOW COLUMNS FROM `h2w_options` [ RunTime:0.0029s ]
SQL: SELECT `option_value` FROM `h2w_options` WHERE `option_name` = 'cdn_settings' LIMIT 1   [ RunTime:0.0002s ]
INFO: [ view_parse ] --START--
INFO: [ template_filter ] --START--
INFO: Run Behavior\ContentReplaceBehavior [ RunTime:0.000074s ]
INFO: [ template_filter ] --END-- [ RunTime:0.000122s ]
NOTIC: [8] Undefined variable: url C:\www\xueshengapp\data\runtime\Cache\Admin\e076b6b325888a051a5771f23a85f4ce.php 第 89 行.
INFO: Run Behavior\ParseTemplateBehavior [ RunTime:0.013945s ]
INFO: [ view_parse ] --END-- [ RunTime:0.013990s ]
INFO: [ view_filter ] --START--
INFO: Run Behavior\WriteHtmlCacheBehavior [ RunTime:0.000332s ]
INFO: Run Common\Behavior\TmplStripSpaceBehavior [ RunTime:0.000717s ]
INFO: [ view_filter ] --END-- [ RunTime:0.001114s ]
INFO: [ app_end ] --START--
INFO: Run Behavior\ShowPageTraceBehavior [ RunTime:0.000737s ]
INFO: [ app_end ] --END-- [ RunTime:0.000785s ]

[ 2018-12-18T15:41:22+08:00 ] 222.182.199.82 /index.php?g=Admin&m=Gift&a=index
INFO: [ app_init ] --START--
INFO: Run Behavior\BuildLiteBehavior [ RunTime:0.000016s ]
INFO: Run Common\Behavior\InitHookBehavior [ RunTime:0.002653s ]
INFO: [ app_init ] --END-- [ RunTime:0.003276s ]
INFO: [ app_begin ] --START--
INFO: Run Behavior\ReadHtmlCacheBehavior [ RunTime:0.001006s ]
INFO: Run Behavior\CheckLangBehavior [ RunTime:0.001680s ]
INFO: Run Common\Behavior\UrldecodeGetBehavior [ RunTime:0.000716s ]
INFO: [ app_begin ] --END-- [ RunTime:0.003534s ]
INFO: [ admin_begin ] --START--
INFO: Run Common\Behavior\AdminDefaultLangBehavior [ RunTime:0.002267s ]
INFO: [ admin_begin ] --END-- [ RunTime:0.002320s ]
SQL: SHOW COLUMNS FROM `h2w_users` [ RunTime:0.0036s ]
SQL: SELECT * FROM `h2w_users` WHERE `id` = '1' LIMIT 1   [ RunTime:0.0003s ]
SQL: SHOW COLUMNS FROM `h2w_gift` [ RunTime:0.0032s ]
SQL: SELECT COUNT(*) AS tp_count FROM `h2w_gift` LIMIT 1   [ RunTime:0.0001s ]
SQL: SELECT * FROM `h2w_gift` ORDER BY create_time DESC LIMIT 0,20   [ RunTime:0.0003s ]
SQL: SHOW COLUMNS FROM `h2w_options` [ RunTime:0.0028s ]
SQL: SELECT `option_value` FROM `h2w_options` WHERE `option_name` = 'cdn_settings' LIMIT 1   [ RunTime:0.0002s ]
INFO: [ view_parse ] --START--
INFO: [ template_filter ] --START--
INFO: Run Behavior\ContentReplaceBehavior [ RunTime:0.000072s ]
INFO: [ template_filter ] --END-- [ RunTime:0.000111s ]
INFO: Run Behavior\ParseTemplateBehavior [ RunTime:0.014682s ]
INFO: [ view_parse ] --END-- [ RunTime:0.014731s ]
INFO: [ view_filter ] --START--
INFO: Run Behavior\WriteHtmlCacheBehavior [ RunTime:0.000676s ]
INFO: Run Common\Behavior\TmplStripSpaceBehavior [ RunTime:0.000600s ]
INFO: [ view_filter ] --END-- [ RunTime:0.001342s ]
INFO: [ app_end ] --START--
INFO: Run Behavior\ShowPageTraceBehavior [ RunTime:0.000820s ]
INFO: [ app_end ] --END-- [ RunTime:0.000869s ]

[ 2018-12-18T15:41:24+08:00 ] 222.182.199.82 /index.php?g=Admin&m=OrderList&a=index
INFO: [ app_init ] --START--
INFO: Run Behavior\BuildLiteBehavior [ RunTime:0.000014s ]
INFO: Run Common\Behavior\InitHookBehavior [ RunTime:0.003288s ]
INFO: [ app_init ] --END-- [ RunTime:0.003816s ]
INFO: [ app_begin ] --START--
INFO: Run Behavior\ReadHtmlCacheBehavior [ RunTime:0.000824s ]
INFO: Run Behavior\CheckLangBehavior [ RunTime:0.001643s ]
INFO: Run Common\Behavior\UrldecodeGetBehavior [ RunTime:0.000580s ]
INFO: [ app_begin ] --END-- [ RunTime:0.003163s ]
INFO: [ admin_begin ] --START--
INFO: Run Common\Behavior\AdminDefaultLangBehavior [ RunTime:0.001867s ]
INFO: [ admin_begin ] --END-- [ RunTime:0.001920s ]
SQL: SHOW COLUMNS FROM `h2w_users` [ RunTime:0.0038s ]
SQL: SELECT * FROM `h2w_users` WHERE `id` = '1' LIMIT 1   [ RunTime:0.0004s ]
SQL: SHOW COLUMNS FROM `h2w_order_list` [ RunTime:0.0035s ]
SQL: SELECT COUNT(*) AS tp_count FROM `h2w_order_list` LIMIT 1   [ RunTime:0.0001s ]
SQL: SELECT * FROM `h2w_order_list` ORDER BY status ASC,create_time DESC LIMIT 0,20   [ RunTime:0.0003s ]
SQL: SHOW COLUMNS FROM `h2w_options` [ RunTime:0.0028s ]
SQL: SELECT `option_value` FROM `h2w_options` WHERE `option_name` = 'cdn_settings' LIMIT 1   [ RunTime:0.0002s ]
INFO: [ view_parse ] --START--
INFO: [ template_filter ] --START--
INFO: Run Behavior\ContentReplaceBehavior [ RunTime:0.000085s ]
INFO: [ template_filter ] --END-- [ RunTime:0.000123s ]
INFO: Run Behavior\ParseTemplateBehavior [ RunTime:0.013956s ]
INFO: [ view_parse ] --END-- [ RunTime:0.014007s ]
INFO: [ view_filter ] --START--
INFO: Run Behavior\WriteHtmlCacheBehavior [ RunTime:0.000792s ]
INFO: Run Common\Behavior\TmplStripSpaceBehavior [ RunTime:0.000660s ]
INFO: [ view_filter ] --END-- [ RunTime:0.001525s ]
INFO: [ app_end ] --START--
INFO: Run Behavior\ShowPageTraceBehavior [ RunTime:0.000784s ]
INFO: [ app_end ] --END-- [ RunTime:0.000821s ]

