[ 2018-12-27T08:32:24+08:00 ] 222.182.199.148 /index.php?g=admin&m=public&a=login
INFO: [ app_init ] --START--
INFO: Run Behavior\BuildLiteBehavior [ RunTime:0.000024s ]
INFO: Run Common\Behavior\InitHookBehavior [ RunTime:0.002804s ]
INFO: [ app_init ] --END-- [ RunTime:0.003446s ]
INFO: [ app_begin ] --START--
INFO: Run Behavior\ReadHtmlCacheBehavior [ RunTime:0.000672s ]
INFO: Run Behavior\CheckLangBehavior [ RunTime:0.001312s ]
INFO: Run Common\Behavior\UrldecodeGetBehavior [ RunTime:0.000429s ]
INFO: [ app_begin ] --END-- [ RunTime:0.002524s ]
INFO: [ admin_begin ] --START--
INFO: Run Common\Behavior\AdminDefaultLangBehavior [ RunTime:0.001941s ]
INFO: [ admin_begin ] --END-- [ RunTime:0.002012s ]
SQL: SHOW COLUMNS FROM `h2w_options` [ RunTime:0.0056s ]
SQL: SELECT `option_value` FROM `h2w_options` WHERE `option_name` = 'cdn_settings' LIMIT 1   [ RunTime:0.0004s ]
INFO: [ view_parse ] --START--
INFO: [ template_filter ] --START--
INFO: Run Behavior\ContentReplaceBehavior [ RunTime:0.000085s ]
INFO: [ template_filter ] --END-- [ RunTime:0.000147s ]
INFO: Run Behavior\ParseTemplateBehavior [ RunTime:0.021645s ]
INFO: [ view_parse ] --END-- [ RunTime:0.021708s ]
INFO: [ view_filter ] --START--
INFO: Run Behavior\WriteHtmlCacheBehavior [ RunTime:0.000590s ]
INFO: Run Common\Behavior\TmplStripSpaceBehavior [ RunTime:0.000621s ]
INFO: [ view_filter ] --END-- [ RunTime:0.001293s ]
INFO: [ app_end ] --START--
INFO: Run Behavior\ShowPageTraceBehavior [ RunTime:0.000834s ]
INFO: [ app_end ] --END-- [ RunTime:0.000891s ]

[ 2018-12-27T08:32:33+08:00 ] 222.182.199.148 /index.php?g=Admin&m=public&a=dologin
INFO: [ app_init ] --START--
INFO: Run Behavior\BuildLiteBehavior [ RunTime:0.000023s ]
INFO: Run Common\Behavior\InitHookBehavior [ RunTime:0.002972s ]
INFO: [ app_init ] --END-- [ RunTime:0.003557s ]
INFO: [ app_begin ] --START--
INFO: Run Behavior\ReadHtmlCacheBehavior [ RunTime:0.000900s ]
INFO: Run Behavior\CheckLangBehavior [ RunTime:0.001887s ]
INFO: Run Common\Behavior\UrldecodeGetBehavior [ RunTime:0.001039s ]
INFO: [ app_begin ] --END-- [ RunTime:0.003965s ]
INFO: [ admin_begin ] --START--
INFO: Run Common\Behavior\AdminDefaultLangBehavior [ RunTime:0.002148s ]
INFO: [ admin_begin ] --END-- [ RunTime:0.002214s ]
SQL: SHOW COLUMNS FROM `h2w_users` [ RunTime:0.0053s ]
SQL: SELECT * FROM `h2w_users` WHERE `user_login` = '1' LIMIT 1   [ RunTime:0.0008s ]
SQL: SHOW COLUMNS FROM `h2w_role_user` [ RunTime:0.0051s ]
SQL: SELECT `role_id` FROM h2w_role_user a INNER JOIN h2w_role as b on a.role_id =b.id  WHERE `user_id` = '6' AND `status` = 1  [ RunTime:0.0010s ]
SQL: UPDATE `h2w_users` SET `user_login`='1',`user_pass`='###53004147794a7cabca36b75920d6ec6e',`user_nicename`='',`user_name`='32232',`user_email`='',`user_url`='',`avatar`=NULL,`sex`='0',`birthday`='2000-01-01',`signature`=NULL,`last_login_ip`='222.182.199.148',`last_login_time`='2018-12-27 08:32:33',`create_time`='2018-12-19 09:04:55',`user_activation_key`='',`user_status`='1',`score`='0',`user_type`='1',`coin`='0',`mobile`='13333333333',`school_id`=NULL,`specialty_id`=NULL,`verify_id`='0',`verify`='0',`online_time`='0',`continuous_day`='0',`aurora`=NULL,`push`='1',`uu_id`=NULL,`school_area`='0',`invitation_code`=NULL WHERE `id` = '6' [ RunTime:0.0016s ]

[ 2018-12-27T08:32:33+08:00 ] 222.182.199.148 /index.php?g=Admin&m=Index&a=index
INFO: [ app_init ] --START--
INFO: Run Behavior\BuildLiteBehavior [ RunTime:0.000024s ]
INFO: Run Common\Behavior\InitHookBehavior [ RunTime:0.002556s ]
INFO: [ app_init ] --END-- [ RunTime:0.003106s ]
INFO: [ app_begin ] --START--
INFO: Run Behavior\ReadHtmlCacheBehavior [ RunTime:0.000756s ]
INFO: Run Behavior\CheckLangBehavior [ RunTime:0.001695s ]
INFO: Run Common\Behavior\UrldecodeGetBehavior [ RunTime:0.000583s ]
INFO: [ app_begin ] --END-- [ RunTime:0.003175s ]
INFO: [ admin_begin ] --START--
INFO: Run Common\Behavior\AdminDefaultLangBehavior [ RunTime:0.002040s ]
INFO: [ admin_begin ] --END-- [ RunTime:0.002118s ]
SQL: SHOW COLUMNS FROM `h2w_users` [ RunTime:0.0055s ]
SQL: SELECT * FROM `h2w_users` WHERE `id` = '6' LIMIT 1   [ RunTime:0.0005s ]
SQL: SHOW COLUMNS FROM `h2w_menu` [ RunTime:0.0047s ]
SQL: SELECT * FROM `h2w_menu` WHERE `parentid` = 0 AND `status` = 1 ORDER BY `listorder` ASC  [ RunTime:0.0006s ]
SQL: SHOW COLUMNS FROM `h2w_role_user` [ RunTime:0.0028s ]
SQL: SELECT `role_id` FROM h2w_role_user a INNER JOIN h2w_role as b on a.role_id =b.id  WHERE `user_id` = '6' AND `status` = 1  [ RunTime:0.0003s ]
SQL: SHOW COLUMNS FROM `h2w_auth_access` [ RunTime:0.0043s ]
SQL: SELECT * FROM h2w_auth_access a INNER JOIN h2w_auth_rule as b on a.rule_name =b.name  WHERE a.role_id IN ('10') AND b.name IN ('user/indexadmin/index')  [ RunTime:0.0022s ]
SQL: SELECT `role_id` FROM h2w_role_user a INNER JOIN h2w_role as b on a.role_id =b.id  WHERE `user_id` = '6' AND `status` = 1  [ RunTime:0.0003s ]
SQL: SELECT * FROM h2w_auth_access a INNER JOIN h2w_auth_rule as b on a.rule_name =b.name  WHERE a.role_id IN ('10') AND b.name IN ('admin/school/index')  [ RunTime:0.0005s ]
SQL: SELECT `role_id` FROM h2w_role_user a INNER JOIN h2w_role as b on a.role_id =b.id  WHERE `user_id` = '6' AND `status` = 1  [ RunTime:0.0003s ]
SQL: SELECT * FROM h2w_auth_access a INNER JOIN h2w_auth_rule as b on a.rule_name =b.name  WHERE a.role_id IN ('10') AND b.name IN ('admin/discuss/default')  [ RunTime:0.0006s ]
SQL: SELECT `role_id` FROM h2w_role_user a INNER JOIN h2w_role as b on a.role_id =b.id  WHERE `user_id` = '6' AND `status` = 1  [ RunTime:0.0002s ]
SQL: SELECT * FROM h2w_auth_access a INNER JOIN h2w_auth_rule as b on a.rule_name =b.name  WHERE a.role_id IN ('10') AND b.name IN ('admin/scripture/default')  [ RunTime:0.0004s ]
SQL: SELECT `role_id` FROM h2w_role_user a INNER JOIN h2w_role as b on a.role_id =b.id  WHERE `user_id` = '6' AND `status` = 1  [ RunTime:0.0009s ]
SQL: SELECT * FROM h2w_auth_access a INNER JOIN h2w_auth_rule as b on a.rule_name =b.name  WHERE a.role_id IN ('10') AND b.name IN ('admin/gift/default')  [ RunTime:0.0005s ]
SQL: SELECT `role_id` FROM h2w_role_user a INNER JOIN h2w_role as b on a.role_id =b.id  WHERE `user_id` = '6' AND `status` = 1  [ RunTime:0.0003s ]
SQL: SELECT * FROM h2w_auth_access a INNER JOIN h2w_auth_rule as b on a.rule_name =b.name  WHERE a.role_id IN ('10') AND b.name IN ('admin/authentication/index')  [ RunTime:0.0005s ]
SQL: SELECT `role_id` FROM h2w_role_user a INNER JOIN h2w_role as b on a.role_id =b.id  WHERE `user_id` = '6' AND `status` = 1  [ RunTime:0.0003s ]
SQL: SELECT * FROM h2w_auth_access a INNER JOIN h2w_auth_rule as b on a.rule_name =b.name  WHERE a.role_id IN ('10') AND b.name IN ('admin/setting/default')  [ RunTime:0.0005s ]
SQL: SELECT `role_id` FROM h2w_role_user a INNER JOIN h2w_role as b on a.role_id =b.id  WHERE `user_id` = '6' AND `status` = 1  [ RunTime:0.0003s ]
SQL: SELECT * FROM h2w_auth_access a INNER JOIN h2w_auth_rule as b on a.rule_name =b.name  WHERE a.role_id IN ('10') AND b.name IN ('user/indexadmin/default3')  [ RunTime:0.0020s ]
SQL: SELECT * FROM `h2w_menu` WHERE `parentid` = 134 AND `status` = 1 ORDER BY `listorder` ASC  [ RunTime:0.0003s ]
SQL: SELECT * FROM `h2w_menu` WHERE `parentid` = 190 AND `status` = 1 ORDER BY `listorder` ASC  [ RunTime:0.0004s ]
SQL: SELECT * FROM `h2w_menu` WHERE `parentid` = 191 AND `status` = 1 ORDER BY `listorder` ASC  [ RunTime:0.0003s ]
SQL: SELECT `role_id` FROM h2w_role_user a INNER JOIN h2w_role as b on a.role_id =b.id  WHERE `user_id` = '6' AND `status` = 1  [ RunTime:0.0017s ]
SQL: SELECT * FROM h2w_auth_access a INNER JOIN h2w_auth_rule as b on a.rule_name =b.name  WHERE a.role_id IN ('10') AND b.name IN ('admin/discuss/index')  [ RunTime:0.0004s ]
SQL: SELECT `role_id` FROM h2w_role_user a INNER JOIN h2w_role as b on a.role_id =b.id  WHERE `user_id` = '6' AND `status` = 1  [ RunTime:0.0009s ]
SQL: SELECT * FROM h2w_auth_access a INNER JOIN h2w_auth_rule as b on a.rule_name =b.name  WHERE a.role_id IN ('10') AND b.name IN ('admin/discuss/category')  [ RunTime:0.0004s ]
SQL: SELECT `role_id` FROM h2w_role_user a INNER JOIN h2w_role as b on a.role_id =b.id  WHERE `user_id` = '6' AND `status` = 1  [ RunTime:0.0003s ]
SQL: SELECT * FROM h2w_auth_access a INNER JOIN h2w_auth_rule as b on a.rule_name =b.name  WHERE a.role_id IN ('10') AND b.name IN ('admin/discuss/label')  [ RunTime:0.0004s ]
SQL: SELECT * FROM `h2w_menu` WHERE `parentid` = 192 AND `status` = 1 ORDER BY `listorder` ASC  [ RunTime:0.0004s ]
SQL: SELECT * FROM `h2w_menu` WHERE `parentid` = 193 AND `status` = 1 ORDER BY `listorder` ASC  [ RunTime:0.0003s ]
SQL: SELECT * FROM `h2w_menu` WHERE `parentid` = 194 AND `status` = 1 ORDER BY `listorder` ASC  [ RunTime:0.0006s ]
SQL: SELECT * FROM `h2w_menu` WHERE `parentid` = 189 AND `status` = 1 ORDER BY `listorder` ASC  [ RunTime:0.0004s ]
SQL: SELECT `role_id` FROM h2w_role_user a INNER JOIN h2w_role as b on a.role_id =b.id  WHERE `user_id` = '6' AND `status` = 1  [ RunTime:0.0002s ]
SQL: SELECT * FROM h2w_auth_access a INNER JOIN h2w_auth_rule as b on a.rule_name =b.name  WHERE a.role_id IN ('10') AND b.name IN ('admin/scripture/index')  [ RunTime:0.0005s ]
SQL: SELECT `role_id` FROM h2w_role_user a INNER JOIN h2w_role as b on a.role_id =b.id  WHERE `user_id` = '6' AND `status` = 1  [ RunTime:0.0004s ]
SQL: SELECT * FROM h2w_auth_access a INNER JOIN h2w_auth_rule as b on a.rule_name =b.name  WHERE a.role_id IN ('10') AND b.name IN ('admin/scripture/link')  [ RunTime:0.0007s ]
SQL: SELECT * FROM `h2w_menu` WHERE `parentid` = 198 AND `status` = 1 ORDER BY `listorder` ASC  [ RunTime:0.0004s ]
SQL: SELECT * FROM `h2w_menu` WHERE `parentid` = 197 AND `status` = 1 ORDER BY `listorder` ASC  [ RunTime:0.0004s ]
SQL: SELECT * FROM `h2w_menu` WHERE `parentid` = 188 AND `status` = 1 ORDER BY `listorder` ASC  [ RunTime:0.0003s ]
SQL: SELECT `role_id` FROM h2w_role_user a INNER JOIN h2w_role as b on a.role_id =b.id  WHERE `user_id` = '6' AND `status` = 1  [ RunTime:0.0003s ]
SQL: SELECT * FROM h2w_auth_access a INNER JOIN h2w_auth_rule as b on a.rule_name =b.name  WHERE a.role_id IN ('10') AND b.name IN ('admin/gift/index')  [ RunTime:0.0004s ]
SQL: SELECT `role_id` FROM h2w_role_user a INNER JOIN h2w_role as b on a.role_id =b.id  WHERE `user_id` = '6' AND `status` = 1  [ RunTime:0.0003s ]
SQL: SELECT * FROM h2w_auth_access a INNER JOIN h2w_auth_rule as b on a.rule_name =b.name  WHERE a.role_id IN ('10') AND b.name IN ('admin/orderlist/index')  [ RunTime:0.0004s ]
SQL: SELECT * FROM `h2w_menu` WHERE `parentid` = 195 AND `status` = 1 ORDER BY `listorder` ASC  [ RunTime:0.0003s ]
SQL: SELECT * FROM `h2w_menu` WHERE `parentid` = 196 AND `status` = 1 ORDER BY `listorder` ASC  [ RunTime:0.0003s ]
SQL: SELECT * FROM `h2w_menu` WHERE `parentid` = 187 AND `status` = 1 ORDER BY `listorder` ASC  [ RunTime:0.0003s ]
SQL: SELECT * FROM `h2w_menu` WHERE `parentid` = 109 AND `status` = 1 ORDER BY `listorder` ASC  [ RunTime:0.0004s ]
SQL: SELECT `role_id` FROM h2w_role_user a INNER JOIN h2w_role as b on a.role_id =b.id  WHERE `user_id` = '6' AND `status` = 1  [ RunTime:0.0008s ]
SQL: SELECT * FROM h2w_auth_access a INNER JOIN h2w_auth_rule as b on a.rule_name =b.name  WHERE a.role_id IN ('10') AND b.name IN ('admin/score/index')  [ RunTime:0.0004s ]
SQL: SELECT `role_id` FROM h2w_role_user a INNER JOIN h2w_role as b on a.role_id =b.id  WHERE `user_id` = '6' AND `status` = 1  [ RunTime:0.0003s ]
SQL: SELECT * FROM h2w_auth_access a INNER JOIN h2w_auth_rule as b on a.rule_name =b.name  WHERE a.role_id IN ('10') AND b.name IN ('admin/slide/index')  [ RunTime:0.0004s ]
SQL: SELECT `role_id` FROM h2w_role_user a INNER JOIN h2w_role as b on a.role_id =b.id  WHERE `user_id` = '6' AND `status` = 1  [ RunTime:0.0021s ]
SQL: SELECT * FROM h2w_auth_access a INNER JOIN h2w_auth_rule as b on a.rule_name =b.name  WHERE a.role_id IN ('10') AND b.name IN ('admin/filterkeyword/index')  [ RunTime:0.0004s ]
SQL: SELECT * FROM `h2w_menu` WHERE `parentid` = 200 AND `status` = 1 ORDER BY `listorder` ASC  [ RunTime:0.0003s ]
SQL: SELECT * FROM `h2w_menu` WHERE `parentid` = 54 AND `status` = 1 ORDER BY `listorder` ASC  [ RunTime:0.0003s ]
SQL: SELECT * FROM `h2w_menu` WHERE `parentid` = 199 AND `status` = 1 ORDER BY `listorder` ASC  [ RunTime:0.0003s ]
SQL: SELECT * FROM `h2w_menu` WHERE `parentid` = 139 AND `status` = 1 ORDER BY `listorder` ASC  [ RunTime:0.0003s ]
SQL: SELECT `role_id` FROM h2w_role_user a INNER JOIN h2w_role as b on a.role_id =b.id  WHERE `user_id` = '6' AND `status` = 1  [ RunTime:0.0003s ]
SQL: SELECT * FROM h2w_auth_access a INNER JOIN h2w_auth_rule as b on a.rule_name =b.name  WHERE a.role_id IN ('10') AND b.name IN ('admin/rbac/index')  [ RunTime:0.0004s ]
SQL: SELECT `role_id` FROM h2w_role_user a INNER JOIN h2w_role as b on a.role_id =b.id  WHERE `user_id` = '6' AND `status` = 1  [ RunTime:0.0010s ]
SQL: SELECT * FROM h2w_auth_access a INNER JOIN h2w_auth_rule as b on a.rule_name =b.name  WHERE a.role_id IN ('10') AND b.name IN ('admin/user/index')  [ RunTime:0.0006s ]
SQL: SELECT * FROM `h2w_menu` WHERE `parentid` = 140 AND `status` = 1 ORDER BY `listorder` ASC  [ RunTime:0.0003s ]
SQL: SELECT * FROM `h2w_menu` WHERE `parentid` = 149 AND `status` = 1 ORDER BY `listorder` ASC  [ RunTime:0.0008s ]
SQL: SHOW COLUMNS FROM `h2w_options` [ RunTime:0.0041s ]
SQL: SELECT `option_value` FROM `h2w_options` WHERE `option_name` = 'cdn_settings' LIMIT 1   [ RunTime:0.0002s ]
INFO: [ view_parse ] --START--
INFO: [ template_filter ] --START--
INFO: Run Behavior\ContentReplaceBehavior [ RunTime:0.000277s ]
INFO: [ template_filter ] --END-- [ RunTime:0.000334s ]
SQL: SELECT `role_id` FROM h2w_role_user a INNER JOIN h2w_role as b on a.role_id =b.id  WHERE `user_id` = '6' AND `status` = 1  [ RunTime:0.0004s ]
SQL: SELECT * FROM h2w_auth_access a INNER JOIN h2w_auth_rule as b on a.rule_name =b.name  WHERE a.role_id IN ('10') AND b.name IN ('portal/adminterm/index')  [ RunTime:0.0004s ]
SQL: SELECT `role_id` FROM h2w_role_user a INNER JOIN h2w_role as b on a.role_id =b.id  WHERE `user_id` = '6' AND `status` = 1  [ RunTime:0.0003s ]
SQL: SELECT * FROM h2w_auth_access a INNER JOIN h2w_auth_rule as b on a.rule_name =b.name  WHERE a.role_id IN ('10') AND b.name IN ('portal/adminpost/index')  [ RunTime:0.0003s ]
SQL: SELECT `role_id` FROM h2w_role_user a INNER JOIN h2w_role as b on a.role_id =b.id  WHERE `user_id` = '6' AND `status` = 1  [ RunTime:0.0003s ]
SQL: SELECT * FROM h2w_auth_access a INNER JOIN h2w_auth_rule as b on a.rule_name =b.name  WHERE a.role_id IN ('10') AND b.name IN ('admin/setting/site')  [ RunTime:0.0011s ]
SQL: SELECT `role_id` FROM h2w_role_user a INNER JOIN h2w_role as b on a.role_id =b.id  WHERE `user_id` = '6' AND `status` = 1  [ RunTime:0.0002s ]
SQL: SELECT * FROM h2w_auth_access a INNER JOIN h2w_auth_rule as b on a.rule_name =b.name  WHERE a.role_id IN ('10') AND b.name IN ('admin/user/userinfo')  [ RunTime:0.0003s ]
INFO: Run Behavior\ParseTemplateBehavior [ RunTime:0.022754s ]
INFO: [ view_parse ] --END-- [ RunTime:0.022820s ]
INFO: [ view_filter ] --START--
INFO: Run Behavior\WriteHtmlCacheBehavior [ RunTime:0.000617s ]
INFO: Run Common\Behavior\TmplStripSpaceBehavior [ RunTime:0.000625s ]
INFO: [ view_filter ] --END-- [ RunTime:0.001322s ]
INFO: [ app_end ] --START--
INFO: Run Behavior\ShowPageTraceBehavior [ RunTime:0.000813s ]
INFO: [ app_end ] --END-- [ RunTime:0.000863s ]

[ 2018-12-27T08:32:34+08:00 ] 222.182.199.148 /index.php?g=Admin&m=Main&a=index
INFO: [ app_init ] --START--
INFO: Run Behavior\BuildLiteBehavior [ RunTime:0.000026s ]
INFO: Run Common\Behavior\InitHookBehavior [ RunTime:0.002900s ]
INFO: [ app_init ] --END-- [ RunTime:0.004000s ]
INFO: [ app_begin ] --START--
INFO: Run Behavior\ReadHtmlCacheBehavior [ RunTime:0.000690s ]
INFO: Run Behavior\CheckLangBehavior [ RunTime:0.001734s ]
INFO: Run Common\Behavior\UrldecodeGetBehavior [ RunTime:0.000654s ]
INFO: [ app_begin ] --END-- [ RunTime:0.003242s ]
INFO: [ admin_begin ] --START--
INFO: Run Common\Behavior\AdminDefaultLangBehavior [ RunTime:0.002311s ]
INFO: [ admin_begin ] --END-- [ RunTime:0.002382s ]
SQL: SHOW COLUMNS FROM `h2w_users` [ RunTime:0.0066s ]
SQL: SELECT * FROM `h2w_users` WHERE `id` = '6' LIMIT 1   [ RunTime:0.0014s ]
SQL: select VERSION() as version [ RunTime:0.0007s ]
SQL: SHOW COLUMNS FROM `h2w_options` [ RunTime:0.0054s ]
SQL: SELECT `option_value` FROM `h2w_options` WHERE `option_name` = 'cdn_settings' LIMIT 1   [ RunTime:0.0003s ]
INFO: [ view_parse ] --START--
INFO: [ template_filter ] --START--
INFO: Run Behavior\ContentReplaceBehavior [ RunTime:0.000141s ]
INFO: [ template_filter ] --END-- [ RunTime:0.000202s ]
INFO: Run Behavior\ParseTemplateBehavior [ RunTime:0.013303s ]
INFO: [ view_parse ] --END-- [ RunTime:0.013363s ]
INFO: [ view_filter ] --START--
INFO: Run Behavior\WriteHtmlCacheBehavior [ RunTime:0.000540s ]
INFO: Run Common\Behavior\TmplStripSpaceBehavior [ RunTime:0.000575s ]
INFO: [ view_filter ] --END-- [ RunTime:0.001215s ]
INFO: [ app_end ] --START--
INFO: Run Behavior\ShowPageTraceBehavior [ RunTime:0.000968s ]
INFO: [ app_end ] --END-- [ RunTime:0.001022s ]

[ 2018-12-27T08:32:36+08:00 ] 222.182.199.148 /index.php?g=Admin&m=Scripture&a=index
INFO: [ app_init ] --START--
INFO: Run Behavior\BuildLiteBehavior [ RunTime:0.000022s ]
INFO: Run Common\Behavior\InitHookBehavior [ RunTime:0.002772s ]
INFO: [ app_init ] --END-- [ RunTime:0.003315s ]
INFO: [ app_begin ] --START--
INFO: Run Behavior\ReadHtmlCacheBehavior [ RunTime:0.000747s ]
INFO: Run Behavior\CheckLangBehavior [ RunTime:0.001313s ]
INFO: Run Common\Behavior\UrldecodeGetBehavior [ RunTime:0.000414s ]
INFO: [ app_begin ] --END-- [ RunTime:0.002604s ]
INFO: [ admin_begin ] --START--
INFO: Run Common\Behavior\AdminDefaultLangBehavior [ RunTime:0.001848s ]
INFO: [ admin_begin ] --END-- [ RunTime:0.001911s ]
SQL: SHOW COLUMNS FROM `h2w_users` [ RunTime:0.0074s ]
SQL: SELECT * FROM `h2w_users` WHERE `id` = '6' LIMIT 1   [ RunTime:0.0006s ]
SQL: SHOW COLUMNS FROM `h2w_role_user` [ RunTime:0.0031s ]
SQL: SELECT `role_id` FROM h2w_role_user a INNER JOIN h2w_role as b on a.role_id =b.id  WHERE `user_id` = '6' AND `status` = 1  [ RunTime:0.0004s ]
SQL: SHOW COLUMNS FROM `h2w_auth_access` [ RunTime:0.0034s ]
SQL: SELECT * FROM h2w_auth_access a INNER JOIN h2w_auth_rule as b on a.rule_name =b.name  WHERE a.role_id IN ('10') AND b.name IN ('admin/scripture/index')  [ RunTime:0.0006s ]
SQL: SHOW COLUMNS FROM `h2w_scripture` [ RunTime:0.0043s ]
SQL: SELECT COUNT(*) AS tp_count FROM `h2w_scripture` LIMIT 1   [ RunTime:0.0002s ]
SQL: SELECT * FROM `h2w_scripture` ORDER BY create_time DESC LIMIT 0,20   [ RunTime:0.0005s ]
SQL: SHOW COLUMNS FROM `h2w_options` [ RunTime:0.0051s ]
SQL: SELECT `option_value` FROM `h2w_options` WHERE `option_name` = 'cdn_settings' LIMIT 1   [ RunTime:0.0002s ]
INFO: [ view_parse ] --START--
INFO: [ template_filter ] --START--
INFO: Run Behavior\ContentReplaceBehavior [ RunTime:0.000122s ]
INFO: [ template_filter ] --END-- [ RunTime:0.000180s ]
NOTIC: [8] Undefined variable: url C:\www\xueshengapp\data\runtime\Cache\Admin\e076b6b325888a051a5771f23a85f4ce.php 第 94 行.
INFO: Run Behavior\ParseTemplateBehavior [ RunTime:0.016319s ]
INFO: [ view_parse ] --END-- [ RunTime:0.016375s ]
INFO: [ view_filter ] --START--
INFO: Run Behavior\WriteHtmlCacheBehavior [ RunTime:0.000565s ]
INFO: Run Common\Behavior\TmplStripSpaceBehavior [ RunTime:0.000583s ]
INFO: [ view_filter ] --END-- [ RunTime:0.001231s ]
INFO: [ app_end ] --START--
INFO: Run Behavior\ShowPageTraceBehavior [ RunTime:0.000777s ]
INFO: [ app_end ] --END-- [ RunTime:0.000828s ]

[ 2018-12-27T08:32:40+08:00 ] 222.182.199.148 /index.php?g=Admin&m=Gift&a=index
INFO: [ app_init ] --START--
INFO: Run Behavior\BuildLiteBehavior [ RunTime:0.000023s ]
INFO: Run Common\Behavior\InitHookBehavior [ RunTime:0.002723s ]
INFO: [ app_init ] --END-- [ RunTime:0.003321s ]
INFO: [ app_begin ] --START--
INFO: Run Behavior\ReadHtmlCacheBehavior [ RunTime:0.000794s ]
INFO: Run Behavior\CheckLangBehavior [ RunTime:0.001668s ]
INFO: Run Common\Behavior\UrldecodeGetBehavior [ RunTime:0.000649s ]
INFO: [ app_begin ] --END-- [ RunTime:0.003245s ]
INFO: [ admin_begin ] --START--
INFO: Run Common\Behavior\AdminDefaultLangBehavior [ RunTime:0.001917s ]
INFO: [ admin_begin ] --END-- [ RunTime:0.001984s ]
SQL: SHOW COLUMNS FROM `h2w_users` [ RunTime:0.0050s ]
SQL: SELECT * FROM `h2w_users` WHERE `id` = '6' LIMIT 1   [ RunTime:0.0005s ]
SQL: SHOW COLUMNS FROM `h2w_role_user` [ RunTime:0.0030s ]
SQL: SELECT `role_id` FROM h2w_role_user a INNER JOIN h2w_role as b on a.role_id =b.id  WHERE `user_id` = '6' AND `status` = 1  [ RunTime:0.0004s ]
SQL: SHOW COLUMNS FROM `h2w_auth_access` [ RunTime:0.0038s ]
SQL: SELECT * FROM h2w_auth_access a INNER JOIN h2w_auth_rule as b on a.rule_name =b.name  WHERE a.role_id IN ('10') AND b.name IN ('admin/gift/index')  [ RunTime:0.0006s ]
SQL: SHOW COLUMNS FROM `h2w_gift` [ RunTime:0.0060s ]
SQL: SELECT COUNT(*) AS tp_count FROM `h2w_gift` LIMIT 1   [ RunTime:0.0002s ]
SQL: SELECT * FROM `h2w_gift` ORDER BY create_time DESC LIMIT 0,20   [ RunTime:0.0006s ]
SQL: SHOW COLUMNS FROM `h2w_options` [ RunTime:0.0033s ]
SQL: SELECT `option_value` FROM `h2w_options` WHERE `option_name` = 'cdn_settings' LIMIT 1   [ RunTime:0.0002s ]
INFO: [ view_parse ] --START--
INFO: [ template_filter ] --START--
INFO: Run Behavior\ContentReplaceBehavior [ RunTime:0.000079s ]
INFO: [ template_filter ] --END-- [ RunTime:0.000128s ]
INFO: Run Behavior\ParseTemplateBehavior [ RunTime:0.014840s ]
INFO: [ view_parse ] --END-- [ RunTime:0.014892s ]
INFO: [ view_filter ] --START--
INFO: Run Behavior\WriteHtmlCacheBehavior [ RunTime:0.000427s ]
INFO: Run Common\Behavior\TmplStripSpaceBehavior [ RunTime:0.000502s ]
INFO: [ view_filter ] --END-- [ RunTime:0.000992s ]
INFO: [ app_end ] --START--
INFO: Run Behavior\ShowPageTraceBehavior [ RunTime:0.000918s ]
INFO: [ app_end ] --END-- [ RunTime:0.000982s ]

[ 2018-12-27T08:32:43+08:00 ] 222.182.199.148 /index.php?g=Admin&m=Discuss&a=index
INFO: [ app_init ] --START--
INFO: Run Behavior\BuildLiteBehavior [ RunTime:0.000022s ]
INFO: Run Common\Behavior\InitHookBehavior [ RunTime:0.002947s ]
INFO: [ app_init ] --END-- [ RunTime:0.003505s ]
INFO: [ app_begin ] --START--
INFO: Run Behavior\ReadHtmlCacheBehavior [ RunTime:0.000783s ]
INFO: Run Behavior\CheckLangBehavior [ RunTime:0.001571s ]
INFO: Run Common\Behavior\UrldecodeGetBehavior [ RunTime:0.000574s ]
INFO: [ app_begin ] --END-- [ RunTime:0.003073s ]
INFO: [ admin_begin ] --START--
INFO: Run Common\Behavior\AdminDefaultLangBehavior [ RunTime:0.002005s ]
INFO: [ admin_begin ] --END-- [ RunTime:0.002068s ]
SQL: SHOW COLUMNS FROM `h2w_users` [ RunTime:0.0061s ]
SQL: SELECT * FROM `h2w_users` WHERE `id` = '6' LIMIT 1   [ RunTime:0.0005s ]
SQL: SHOW COLUMNS FROM `h2w_role_user` [ RunTime:0.0032s ]
SQL: SELECT `role_id` FROM h2w_role_user a INNER JOIN h2w_role as b on a.role_id =b.id  WHERE `user_id` = '6' AND `status` = 1  [ RunTime:0.0004s ]
SQL: SHOW COLUMNS FROM `h2w_auth_access` [ RunTime:0.0041s ]
SQL: SELECT * FROM h2w_auth_access a INNER JOIN h2w_auth_rule as b on a.rule_name =b.name  WHERE a.role_id IN ('10') AND b.name IN ('admin/discuss/index')  [ RunTime:0.0005s ]
SQL: SHOW COLUMNS FROM `h2w_category` [ RunTime:0.0047s ]
SQL: SHOW COLUMNS FROM `h2w_label` [ RunTime:0.0036s ]
SQL: SHOW COLUMNS FROM `h2w_discuss` [ RunTime:0.0042s ]
SQL: SHOW COLUMNS FROM `h2w_comment` [ RunTime:0.0042s ]
SQL: SHOW COLUMNS FROM `h2w_reply` [ RunTime:0.0044s ]
SQL: SELECT COUNT(*) AS tp_count FROM h2w_discuss d INNER JOIN h2w_users as u on u.id=d.user_id INNER JOIN h2w_school as s on s.id=d.school_id  LIMIT 1   [ RunTime:0.0011s ]
SQL: SELECT d.*,u.user_name,s.school_name,c.name category_name FROM h2w_discuss d INNER JOIN h2w_users as u on u.id=d.user_id INNER JOIN h2w_school as s on s.id=d.school_id INNER JOIN h2w_category as c on c.id=d.category_id  ORDER BY d.hot desc,d.update_time desc LIMIT 0,20   [ RunTime:0.0012s ]
SQL: SHOW COLUMNS FROM `h2w_label` [ RunTime:0.0038s ]
SQL: SELECT * FROM `h2w_label` WHERE `id` IN ('3')  [ RunTime:0.0004s ]
SQL: SELECT * FROM `h2w_label` WHERE `id` IN ('7','5')  [ RunTime:0.0003s ]
SQL: SELECT * FROM `h2w_label` WHERE `id` IN ('1','5')  [ RunTime:0.0002s ]
SQL: SELECT * FROM `h2w_label` WHERE `id` IN ('7')  [ RunTime:0.0002s ]
SQL: SELECT * FROM `h2w_label` WHERE `id` IN ('3')  [ RunTime:0.0002s ]
SQL: SELECT * FROM `h2w_label` WHERE `id` IN ('3')  [ RunTime:0.0002s ]
SQL: SELECT * FROM `h2w_label` WHERE `id` IN ('7')  [ RunTime:0.0002s ]
SQL: SELECT * FROM `h2w_label` WHERE `id` IN ('1')  [ RunTime:0.0002s ]
SQL: SELECT * FROM `h2w_label` WHERE `id` IN ('6')  [ RunTime:0.0002s ]
SQL: SELECT * FROM `h2w_label` WHERE `id` IN ('6')  [ RunTime:0.0002s ]
SQL: SELECT * FROM `h2w_label` WHERE `id` IN ('8')  [ RunTime:0.0002s ]
SQL: SELECT * FROM `h2w_label` WHERE `id` IN ('3')  [ RunTime:0.0002s ]
SQL: SELECT * FROM `h2w_label` WHERE `id` IN ('7')  [ RunTime:0.0002s ]
SQL: SELECT * FROM `h2w_label` WHERE `id` IN ('3')  [ RunTime:0.0002s ]
SQL: SELECT * FROM `h2w_label` WHERE `id` IN ('3')  [ RunTime:0.0002s ]
SQL: SELECT * FROM `h2w_label` WHERE `id` IN ('3')  [ RunTime:0.0002s ]
SQL: SELECT * FROM `h2w_label` WHERE `id` IN ('3')  [ RunTime:0.0002s ]
SQL: SELECT * FROM `h2w_label` WHERE `id` IN ('3')  [ RunTime:0.0002s ]
SQL: SELECT * FROM `h2w_label` WHERE `id` IN ('3')  [ RunTime:0.0002s ]
SQL: SELECT * FROM `h2w_label` WHERE `id` IN ('3')  [ RunTime:0.0002s ]
SQL: SHOW COLUMNS FROM `h2w_options` [ RunTime:0.0038s ]
SQL: SELECT `option_value` FROM `h2w_options` WHERE `option_name` = 'cdn_settings' LIMIT 1   [ RunTime:0.0002s ]
INFO: [ view_parse ] --START--
INFO: [ template_filter ] --START--
INFO: Run Behavior\ContentReplaceBehavior [ RunTime:0.000142s ]
INFO: [ template_filter ] --END-- [ RunTime:0.000203s ]
INFO: Run Behavior\ParseTemplateBehavior [ RunTime:0.020303s ]
INFO: [ view_parse ] --END-- [ RunTime:0.020377s ]
INFO: [ view_filter ] --START--
INFO: Run Behavior\WriteHtmlCacheBehavior [ RunTime:0.000596s ]
INFO: Run Common\Behavior\TmplStripSpaceBehavior [ RunTime:0.000615s ]
INFO: [ view_filter ] --END-- [ RunTime:0.001290s ]
INFO: [ app_end ] --START--
INFO: Run Behavior\ShowPageTraceBehavior [ RunTime:0.000855s ]
INFO: [ app_end ] --END-- [ RunTime:0.000919s ]

[ 2018-12-27T08:32:43+08:00 ] 222.182.199.148 /index.php?g=Admin&m=School&a=index
INFO: [ app_init ] --START--
INFO: Run Behavior\BuildLiteBehavior [ RunTime:0.000026s ]
INFO: Run Common\Behavior\InitHookBehavior [ RunTime:0.002776s ]
INFO: [ app_init ] --END-- [ RunTime:0.003336s ]
INFO: [ app_begin ] --START--
INFO: Run Behavior\ReadHtmlCacheBehavior [ RunTime:0.000811s ]
INFO: Run Behavior\CheckLangBehavior [ RunTime:0.001753s ]
INFO: Run Common\Behavior\UrldecodeGetBehavior [ RunTime:0.000604s ]
INFO: [ app_begin ] --END-- [ RunTime:0.003302s ]
INFO: [ admin_begin ] --START--
INFO: Run Common\Behavior\AdminDefaultLangBehavior [ RunTime:0.002252s ]
INFO: [ admin_begin ] --END-- [ RunTime:0.002351s ]
SQL: SHOW COLUMNS FROM `h2w_users` [ RunTime:0.0047s ]
SQL: SELECT * FROM `h2w_users` WHERE `id` = '6' LIMIT 1   [ RunTime:0.0006s ]
SQL: SHOW COLUMNS FROM `h2w_role_user` [ RunTime:0.0029s ]
SQL: SELECT `role_id` FROM h2w_role_user a INNER JOIN h2w_role as b on a.role_id =b.id  WHERE `user_id` = '6' AND `status` = 1  [ RunTime:0.0003s ]
SQL: SHOW COLUMNS FROM `h2w_auth_access` [ RunTime:0.0036s ]
SQL: SELECT * FROM h2w_auth_access a INNER JOIN h2w_auth_rule as b on a.rule_name =b.name  WHERE a.role_id IN ('10') AND b.name IN ('admin/school/index')  [ RunTime:0.0005s ]
SQL: SHOW COLUMNS FROM `h2w_school` [ RunTime:0.0040s ]
SQL: SELECT COUNT(*) AS tp_count FROM `h2w_school` WHERE `type` = 1 LIMIT 1   [ RunTime:0.0002s ]
SQL: SELECT * FROM `h2w_school` WHERE `type` = 1 ORDER BY create_time DESC LIMIT 0,20   [ RunTime:0.0006s ]
SQL: SHOW COLUMNS FROM `h2w_school_professional` [ RunTime:0.0042s ]
SQL: SHOW COLUMNS FROM `h2w_users` [ RunTime:0.0031s ]
SQL: SELECT COUNT(*) AS tp_count FROM `h2w_school_professional` WHERE `school_id` = 19 LIMIT 1   [ RunTime:0.0003s ]
SQL: SELECT COUNT(*) AS tp_count FROM `h2w_users` WHERE `school_id` = 19 LIMIT 1   [ RunTime:0.0003s ]
SQL: SELECT COUNT(*) AS tp_count FROM `h2w_school_professional` WHERE `school_id` = 16 LIMIT 1   [ RunTime:0.0002s ]
SQL: SELECT COUNT(*) AS tp_count FROM `h2w_users` WHERE `school_id` = 16 LIMIT 1   [ RunTime:0.0002s ]
SQL: SELECT COUNT(*) AS tp_count FROM `h2w_school_professional` WHERE `school_id` = 15 LIMIT 1   [ RunTime:0.0002s ]
SQL: SELECT COUNT(*) AS tp_count FROM `h2w_users` WHERE `school_id` = 15 LIMIT 1   [ RunTime:0.0002s ]
SQL: SELECT COUNT(*) AS tp_count FROM `h2w_school_professional` WHERE `school_id` = 11 LIMIT 1   [ RunTime:0.0002s ]
SQL: SELECT COUNT(*) AS tp_count FROM `h2w_users` WHERE `school_id` = 11 LIMIT 1   [ RunTime:0.0002s ]
SQL: SELECT COUNT(*) AS tp_count FROM `h2w_school_professional` WHERE `school_id` = 12 LIMIT 1   [ RunTime:0.0002s ]
SQL: SELECT COUNT(*) AS tp_count FROM `h2w_users` WHERE `school_id` = 12 LIMIT 1   [ RunTime:0.0002s ]
SQL: SELECT COUNT(*) AS tp_count FROM `h2w_school_professional` WHERE `school_id` = 10 LIMIT 1   [ RunTime:0.0002s ]
SQL: SELECT COUNT(*) AS tp_count FROM `h2w_users` WHERE `school_id` = 10 LIMIT 1   [ RunTime:0.0002s ]
SQL: SELECT COUNT(*) AS tp_count FROM `h2w_school_professional` WHERE `school_id` = 9 LIMIT 1   [ RunTime:0.0002s ]
SQL: SELECT COUNT(*) AS tp_count FROM `h2w_users` WHERE `school_id` = 9 LIMIT 1   [ RunTime:0.0002s ]
SQL: SELECT COUNT(*) AS tp_count FROM `h2w_school_professional` WHERE `school_id` = 8 LIMIT 1   [ RunTime:0.0002s ]
SQL: SELECT COUNT(*) AS tp_count FROM `h2w_users` WHERE `school_id` = 8 LIMIT 1   [ RunTime:0.0002s ]
SQL: SELECT COUNT(*) AS tp_count FROM `h2w_school_professional` WHERE `school_id` = 5 LIMIT 1   [ RunTime:0.0002s ]
SQL: SELECT COUNT(*) AS tp_count FROM `h2w_users` WHERE `school_id` = 5 LIMIT 1   [ RunTime:0.0002s ]
SQL: SELECT COUNT(*) AS tp_count FROM `h2w_school_professional` WHERE `school_id` = 3 LIMIT 1   [ RunTime:0.0002s ]
SQL: SELECT COUNT(*) AS tp_count FROM `h2w_users` WHERE `school_id` = 3 LIMIT 1   [ RunTime:0.0002s ]
SQL: SELECT COUNT(*) AS tp_count FROM `h2w_school_professional` WHERE `school_id` = 2 LIMIT 1   [ RunTime:0.0003s ]
SQL: SELECT COUNT(*) AS tp_count FROM `h2w_users` WHERE `school_id` = 2 LIMIT 1   [ RunTime:0.0003s ]
SQL: SELECT COUNT(*) AS tp_count FROM `h2w_school_professional` WHERE `school_id` = 1 LIMIT 1   [ RunTime:0.0003s ]
SQL: SELECT COUNT(*) AS tp_count FROM `h2w_users` WHERE `school_id` = 1 LIMIT 1   [ RunTime:0.0002s ]
SQL: SHOW COLUMNS FROM `h2w_options` [ RunTime:0.0031s ]
SQL: SELECT `option_value` FROM `h2w_options` WHERE `option_name` = 'cdn_settings' LIMIT 1   [ RunTime:0.0002s ]
INFO: [ view_parse ] --START--
INFO: [ template_filter ] --START--
INFO: Run Behavior\ContentReplaceBehavior [ RunTime:0.000105s ]
INFO: [ template_filter ] --END-- [ RunTime:0.000158s ]
INFO: Run Behavior\ParseTemplateBehavior [ RunTime:0.015976s ]
INFO: [ view_parse ] --END-- [ RunTime:0.016038s ]
INFO: [ view_filter ] --START--
INFO: Run Behavior\WriteHtmlCacheBehavior [ RunTime:0.000687s ]
INFO: Run Common\Behavior\TmplStripSpaceBehavior [ RunTime:0.000663s ]
INFO: [ view_filter ] --END-- [ RunTime:0.001431s ]
INFO: [ app_end ] --START--
INFO: Run Behavior\ShowPageTraceBehavior [ RunTime:0.000786s ]
INFO: [ app_end ] --END-- [ RunTime:0.000829s ]

[ 2018-12-27T08:32:50+08:00 ] 222.182.199.148 /index.php?g=Admin&m=school&a=index&type=2
INFO: [ app_init ] --START--
INFO: Run Behavior\BuildLiteBehavior [ RunTime:0.000026s ]
INFO: Run Common\Behavior\InitHookBehavior [ RunTime:0.002721s ]
INFO: [ app_init ] --END-- [ RunTime:0.003424s ]
INFO: [ app_begin ] --START--
INFO: Run Behavior\ReadHtmlCacheBehavior [ RunTime:0.000860s ]
INFO: Run Behavior\CheckLangBehavior [ RunTime:0.001802s ]
INFO: Run Common\Behavior\UrldecodeGetBehavior [ RunTime:0.000604s ]
INFO: [ app_begin ] --END-- [ RunTime:0.003404s ]
INFO: [ admin_begin ] --START--
INFO: Run Common\Behavior\AdminDefaultLangBehavior [ RunTime:0.002618s ]
INFO: [ admin_begin ] --END-- [ RunTime:0.002687s ]
SQL: SHOW COLUMNS FROM `h2w_users` [ RunTime:0.0057s ]
SQL: SELECT * FROM `h2w_users` WHERE `id` = '6' LIMIT 1   [ RunTime:0.0004s ]
SQL: SHOW COLUMNS FROM `h2w_role_user` [ RunTime:0.0030s ]
SQL: SELECT `role_id` FROM h2w_role_user a INNER JOIN h2w_role as b on a.role_id =b.id  WHERE `user_id` = '6' AND `status` = 1  [ RunTime:0.0004s ]
SQL: SHOW COLUMNS FROM `h2w_auth_access` [ RunTime:0.0038s ]
SQL: SELECT * FROM h2w_auth_access a INNER JOIN h2w_auth_rule as b on a.rule_name =b.name  WHERE a.role_id IN ('10') AND b.name IN ('admin/school/index')  [ RunTime:0.0005s ]
SQL: SHOW COLUMNS FROM `h2w_school` [ RunTime:0.0045s ]
SQL: SELECT COUNT(*) AS tp_count FROM `h2w_school` WHERE `type` = 2 LIMIT 1   [ RunTime:0.0003s ]
SQL: SELECT * FROM `h2w_school` WHERE `type` = 2 ORDER BY create_time DESC LIMIT 0,20   [ RunTime:0.0005s ]
SQL: SHOW COLUMNS FROM `h2w_school_professional` [ RunTime:0.0036s ]
SQL: SHOW COLUMNS FROM `h2w_users` [ RunTime:0.0042s ]
SQL: SELECT COUNT(*) AS tp_count FROM `h2w_school_professional` WHERE `school_id` = 18 LIMIT 1   [ RunTime:0.0002s ]
SQL: SELECT COUNT(*) AS tp_count FROM `h2w_users` WHERE `school_id` = 18 LIMIT 1   [ RunTime:0.0002s ]
SQL: SELECT COUNT(*) AS tp_count FROM `h2w_school_professional` WHERE `school_id` = 17 LIMIT 1   [ RunTime:0.0002s ]
SQL: SELECT COUNT(*) AS tp_count FROM `h2w_users` WHERE `school_id` = 17 LIMIT 1   [ RunTime:0.0002s ]
SQL: SELECT COUNT(*) AS tp_count FROM `h2w_school_professional` WHERE `school_id` = 14 LIMIT 1   [ RunTime:0.0002s ]
SQL: SELECT COUNT(*) AS tp_count FROM `h2w_users` WHERE `school_id` = 14 LIMIT 1   [ RunTime:0.0002s ]
SQL: SELECT COUNT(*) AS tp_count FROM `h2w_school_professional` WHERE `school_id` = 13 LIMIT 1   [ RunTime:0.0002s ]
SQL: SELECT COUNT(*) AS tp_count FROM `h2w_users` WHERE `school_id` = 13 LIMIT 1   [ RunTime:0.0002s ]
SQL: SELECT COUNT(*) AS tp_count FROM `h2w_school_professional` WHERE `school_id` = 7 LIMIT 1   [ RunTime:0.0002s ]
SQL: SELECT COUNT(*) AS tp_count FROM `h2w_users` WHERE `school_id` = 7 LIMIT 1   [ RunTime:0.0002s ]
SQL: SELECT COUNT(*) AS tp_count FROM `h2w_school_professional` WHERE `school_id` = 6 LIMIT 1   [ RunTime:0.0001s ]
SQL: SELECT COUNT(*) AS tp_count FROM `h2w_users` WHERE `school_id` = 6 LIMIT 1   [ RunTime:0.0002s ]
SQL: SELECT COUNT(*) AS tp_count FROM `h2w_school_professional` WHERE `school_id` = 4 LIMIT 1   [ RunTime:0.0001s ]
SQL: SELECT COUNT(*) AS tp_count FROM `h2w_users` WHERE `school_id` = 4 LIMIT 1   [ RunTime:0.0002s ]
SQL: SHOW COLUMNS FROM `h2w_options` [ RunTime:0.0042s ]
SQL: SELECT `option_value` FROM `h2w_options` WHERE `option_name` = 'cdn_settings' LIMIT 1   [ RunTime:0.0014s ]
INFO: [ view_parse ] --START--
INFO: [ template_filter ] --START--
INFO: Run Behavior\ContentReplaceBehavior [ RunTime:0.000100s ]
INFO: [ template_filter ] --END-- [ RunTime:0.000153s ]
INFO: Run Behavior\ParseTemplateBehavior [ RunTime:0.017826s ]
INFO: [ view_parse ] --END-- [ RunTime:0.017886s ]
INFO: [ view_filter ] --START--
INFO: Run Behavior\WriteHtmlCacheBehavior [ RunTime:0.000554s ]
INFO: Run Common\Behavior\TmplStripSpaceBehavior [ RunTime:0.000699s ]
INFO: [ view_filter ] --END-- [ RunTime:0.001337s ]
INFO: [ app_end ] --START--
INFO: Run Behavior\ShowPageTraceBehavior [ RunTime:0.000964s ]
INFO: [ app_end ] --END-- [ RunTime:0.001018s ]

[ 2018-12-27T08:32:53+08:00 ] 222.182.199.148 /index.php?g=Admin&m=Discuss&a=index
INFO: [ app_init ] --START--
INFO: Run Behavior\BuildLiteBehavior [ RunTime:0.000021s ]
INFO: Run Common\Behavior\InitHookBehavior [ RunTime:0.002652s ]
INFO: [ app_init ] --END-- [ RunTime:0.003269s ]
INFO: [ app_begin ] --START--
INFO: Run Behavior\ReadHtmlCacheBehavior [ RunTime:0.000793s ]
INFO: Run Behavior\CheckLangBehavior [ RunTime:0.002052s ]
INFO: Run Common\Behavior\UrldecodeGetBehavior [ RunTime:0.001117s ]
INFO: [ app_begin ] --END-- [ RunTime:0.004122s ]
INFO: [ admin_begin ] --START--
INFO: Run Common\Behavior\AdminDefaultLangBehavior [ RunTime:0.001784s ]
INFO: [ admin_begin ] --END-- [ RunTime:0.001848s ]
SQL: SHOW COLUMNS FROM `h2w_users` [ RunTime:0.0045s ]
SQL: SELECT * FROM `h2w_users` WHERE `id` = '6' LIMIT 1   [ RunTime:0.0004s ]
SQL: SHOW COLUMNS FROM `h2w_role_user` [ RunTime:0.0026s ]
SQL: SELECT `role_id` FROM h2w_role_user a INNER JOIN h2w_role as b on a.role_id =b.id  WHERE `user_id` = '6' AND `status` = 1  [ RunTime:0.0003s ]
SQL: SHOW COLUMNS FROM `h2w_auth_access` [ RunTime:0.0032s ]
SQL: SELECT * FROM h2w_auth_access a INNER JOIN h2w_auth_rule as b on a.rule_name =b.name  WHERE a.role_id IN ('10') AND b.name IN ('admin/discuss/index')  [ RunTime:0.0006s ]
SQL: SHOW COLUMNS FROM `h2w_category` [ RunTime:0.0043s ]
SQL: SHOW COLUMNS FROM `h2w_label` [ RunTime:0.0037s ]
SQL: SHOW COLUMNS FROM `h2w_discuss` [ RunTime:0.0052s ]
SQL: SHOW COLUMNS FROM `h2w_comment` [ RunTime:0.0030s ]
SQL: SHOW COLUMNS FROM `h2w_reply` [ RunTime:0.0036s ]
SQL: SELECT COUNT(*) AS tp_count FROM h2w_discuss d INNER JOIN h2w_users as u on u.id=d.user_id INNER JOIN h2w_school as s on s.id=d.school_id  LIMIT 1   [ RunTime:0.0004s ]
SQL: SELECT d.*,u.user_name,s.school_name,c.name category_name FROM h2w_discuss d INNER JOIN h2w_users as u on u.id=d.user_id INNER JOIN h2w_school as s on s.id=d.school_id INNER JOIN h2w_category as c on c.id=d.category_id  ORDER BY d.hot desc,d.update_time desc LIMIT 0,20   [ RunTime:0.0009s ]
SQL: SHOW COLUMNS FROM `h2w_label` [ RunTime:0.0028s ]
SQL: SELECT * FROM `h2w_label` WHERE `id` IN ('3')  [ RunTime:0.0002s ]
SQL: SELECT * FROM `h2w_label` WHERE `id` IN ('7','5')  [ RunTime:0.0002s ]
SQL: SELECT * FROM `h2w_label` WHERE `id` IN ('1','5')  [ RunTime:0.0002s ]
SQL: SELECT * FROM `h2w_label` WHERE `id` IN ('7')  [ RunTime:0.0002s ]
SQL: SELECT * FROM `h2w_label` WHERE `id` IN ('3')  [ RunTime:0.0002s ]
SQL: SELECT * FROM `h2w_label` WHERE `id` IN ('3')  [ RunTime:0.0002s ]
SQL: SELECT * FROM `h2w_label` WHERE `id` IN ('7')  [ RunTime:0.0002s ]
SQL: SELECT * FROM `h2w_label` WHERE `id` IN ('1')  [ RunTime:0.0002s ]
SQL: SELECT * FROM `h2w_label` WHERE `id` IN ('6')  [ RunTime:0.0001s ]
SQL: SELECT * FROM `h2w_label` WHERE `id` IN ('6')  [ RunTime:0.0001s ]
SQL: SELECT * FROM `h2w_label` WHERE `id` IN ('8')  [ RunTime:0.0002s ]
SQL: SELECT * FROM `h2w_label` WHERE `id` IN ('3')  [ RunTime:0.0002s ]
SQL: SELECT * FROM `h2w_label` WHERE `id` IN ('7')  [ RunTime:0.0002s ]
SQL: SELECT * FROM `h2w_label` WHERE `id` IN ('3')  [ RunTime:0.0002s ]
SQL: SELECT * FROM `h2w_label` WHERE `id` IN ('3')  [ RunTime:0.0002s ]
SQL: SELECT * FROM `h2w_label` WHERE `id` IN ('3')  [ RunTime:0.0002s ]
SQL: SELECT * FROM `h2w_label` WHERE `id` IN ('3')  [ RunTime:0.0002s ]
SQL: SELECT * FROM `h2w_label` WHERE `id` IN ('3')  [ RunTime:0.0002s ]
SQL: SELECT * FROM `h2w_label` WHERE `id` IN ('3')  [ RunTime:0.0002s ]
SQL: SELECT * FROM `h2w_label` WHERE `id` IN ('3')  [ RunTime:0.0002s ]
SQL: SHOW COLUMNS FROM `h2w_options` [ RunTime:0.0038s ]
SQL: SELECT `option_value` FROM `h2w_options` WHERE `option_name` = 'cdn_settings' LIMIT 1   [ RunTime:0.0004s ]
INFO: [ view_parse ] --START--
INFO: [ template_filter ] --START--
INFO: Run Behavior\ContentReplaceBehavior [ RunTime:0.000095s ]
INFO: [ template_filter ] --END-- [ RunTime:0.000137s ]
INFO: Run Behavior\ParseTemplateBehavior [ RunTime:0.015526s ]
INFO: [ view_parse ] --END-- [ RunTime:0.015591s ]
INFO: [ view_filter ] --START--
INFO: Run Behavior\WriteHtmlCacheBehavior [ RunTime:0.000511s ]
INFO: Run Common\Behavior\TmplStripSpaceBehavior [ RunTime:0.000441s ]
INFO: [ view_filter ] --END-- [ RunTime:0.001027s ]
INFO: [ app_end ] --START--
INFO: Run Behavior\ShowPageTraceBehavior [ RunTime:0.000692s ]
INFO: [ app_end ] --END-- [ RunTime:0.000731s ]

[ 2018-12-27T08:32:56+08:00 ] 222.182.199.148 /index.php?g=Admin&m=Discuss&a=category
INFO: [ app_init ] --START--
INFO: Run Behavior\BuildLiteBehavior [ RunTime:0.000021s ]
INFO: Run Common\Behavior\InitHookBehavior [ RunTime:0.002932s ]
INFO: [ app_init ] --END-- [ RunTime:0.003564s ]
INFO: [ app_begin ] --START--
INFO: Run Behavior\ReadHtmlCacheBehavior [ RunTime:0.000909s ]
INFO: Run Behavior\CheckLangBehavior [ RunTime:0.001726s ]
INFO: Run Common\Behavior\UrldecodeGetBehavior [ RunTime:0.000660s ]
INFO: [ app_begin ] --END-- [ RunTime:0.003441s ]
INFO: [ admin_begin ] --START--
INFO: Run Common\Behavior\AdminDefaultLangBehavior [ RunTime:0.002058s ]
INFO: [ admin_begin ] --END-- [ RunTime:0.002127s ]
SQL: SHOW COLUMNS FROM `h2w_users` [ RunTime:0.0049s ]
SQL: SELECT * FROM `h2w_users` WHERE `id` = '6' LIMIT 1   [ RunTime:0.0004s ]
SQL: SHOW COLUMNS FROM `h2w_role_user` [ RunTime:0.0028s ]
SQL: SELECT `role_id` FROM h2w_role_user a INNER JOIN h2w_role as b on a.role_id =b.id  WHERE `user_id` = '6' AND `status` = 1  [ RunTime:0.0003s ]
SQL: SHOW COLUMNS FROM `h2w_auth_access` [ RunTime:0.0035s ]
SQL: SELECT * FROM h2w_auth_access a INNER JOIN h2w_auth_rule as b on a.rule_name =b.name  WHERE a.role_id IN ('10') AND b.name IN ('admin/discuss/category')  [ RunTime:0.0006s ]
SQL: SHOW COLUMNS FROM `h2w_category` [ RunTime:0.0037s ]
SQL: SHOW COLUMNS FROM `h2w_label` [ RunTime:0.0035s ]
SQL: SHOW COLUMNS FROM `h2w_discuss` [ RunTime:0.0040s ]
SQL: SHOW COLUMNS FROM `h2w_comment` [ RunTime:0.0031s ]
SQL: SHOW COLUMNS FROM `h2w_reply` [ RunTime:0.0038s ]
SQL: SELECT COUNT(*) AS tp_count FROM `h2w_category` LIMIT 1   [ RunTime:0.0003s ]
SQL: SELECT * FROM `h2w_category` ORDER BY listorder asc,create_time desc LIMIT 0,20   [ RunTime:0.0003s ]
SQL: SHOW COLUMNS FROM `h2w_options` [ RunTime:0.0031s ]
SQL: SELECT `option_value` FROM `h2w_options` WHERE `option_name` = 'cdn_settings' LIMIT 1   [ RunTime:0.0003s ]
INFO: [ view_parse ] --START--
INFO: [ template_filter ] --START--
INFO: Run Behavior\ContentReplaceBehavior [ RunTime:0.000084s ]
INFO: [ template_filter ] --END-- [ RunTime:0.000134s ]
INFO: Run Behavior\ParseTemplateBehavior [ RunTime:0.012919s ]
INFO: [ view_parse ] --END-- [ RunTime:0.012984s ]
INFO: [ view_filter ] --START--
INFO: Run Behavior\WriteHtmlCacheBehavior [ RunTime:0.000434s ]
INFO: Run Common\Behavior\TmplStripSpaceBehavior [ RunTime:0.000681s ]
INFO: [ view_filter ] --END-- [ RunTime:0.001181s ]
INFO: [ app_end ] --START--
INFO: Run Behavior\ShowPageTraceBehavior [ RunTime:0.000810s ]
INFO: [ app_end ] --END-- [ RunTime:0.000861s ]

[ 2018-12-27T08:33:00+08:00 ] 222.182.199.148 /index.php?g=Admin&m=Scripture&a=index
INFO: [ app_init ] --START--
INFO: Run Behavior\BuildLiteBehavior [ RunTime:0.000017s ]
INFO: Run Common\Behavior\InitHookBehavior [ RunTime:0.002026s ]
INFO: [ app_init ] --END-- [ RunTime:0.002445s ]
INFO: [ app_begin ] --START--
INFO: Run Behavior\ReadHtmlCacheBehavior [ RunTime:0.000663s ]
INFO: Run Behavior\CheckLangBehavior [ RunTime:0.001261s ]
INFO: Run Common\Behavior\UrldecodeGetBehavior [ RunTime:0.000429s ]
INFO: [ app_begin ] --END-- [ RunTime:0.002469s ]
INFO: [ admin_begin ] --START--
INFO: Run Common\Behavior\AdminDefaultLangBehavior [ RunTime:0.001872s ]
INFO: [ admin_begin ] --END-- [ RunTime:0.001933s ]
SQL: SHOW COLUMNS FROM `h2w_users` [ RunTime:0.0047s ]
SQL: SELECT * FROM `h2w_users` WHERE `id` = '6' LIMIT 1   [ RunTime:0.0004s ]
SQL: SHOW COLUMNS FROM `h2w_role_user` [ RunTime:0.0030s ]
SQL: SELECT `role_id` FROM h2w_role_user a INNER JOIN h2w_role as b on a.role_id =b.id  WHERE `user_id` = '6' AND `status` = 1  [ RunTime:0.0004s ]
SQL: SHOW COLUMNS FROM `h2w_auth_access` [ RunTime:0.0033s ]
SQL: SELECT * FROM h2w_auth_access a INNER JOIN h2w_auth_rule as b on a.rule_name =b.name  WHERE a.role_id IN ('10') AND b.name IN ('admin/scripture/index')  [ RunTime:0.0004s ]
SQL: SHOW COLUMNS FROM `h2w_scripture` [ RunTime:0.0036s ]
SQL: SELECT COUNT(*) AS tp_count FROM `h2w_scripture` LIMIT 1   [ RunTime:0.0002s ]
SQL: SELECT * FROM `h2w_scripture` ORDER BY create_time DESC LIMIT 0,20   [ RunTime:0.0004s ]
SQL: SHOW COLUMNS FROM `h2w_options` [ RunTime:0.0032s ]
SQL: SELECT `option_value` FROM `h2w_options` WHERE `option_name` = 'cdn_settings' LIMIT 1   [ RunTime:0.0003s ]
INFO: [ view_parse ] --START--
INFO: [ template_filter ] --START--
INFO: Run Behavior\ContentReplaceBehavior [ RunTime:0.000103s ]
INFO: [ template_filter ] --END-- [ RunTime:0.000144s ]
NOTIC: [8] Undefined variable: url C:\www\xueshengapp\data\runtime\Cache\Admin\e076b6b325888a051a5771f23a85f4ce.php 第 94 行.
INFO: Run Behavior\ParseTemplateBehavior [ RunTime:0.014003s ]
INFO: [ view_parse ] --END-- [ RunTime:0.014052s ]
INFO: [ view_filter ] --START--
INFO: Run Behavior\WriteHtmlCacheBehavior [ RunTime:0.000420s ]
INFO: Run Common\Behavior\TmplStripSpaceBehavior [ RunTime:0.000556s ]
INFO: [ view_filter ] --END-- [ RunTime:0.001044s ]
INFO: [ app_end ] --START--
INFO: Run Behavior\ShowPageTraceBehavior [ RunTime:0.000607s ]
INFO: [ app_end ] --END-- [ RunTime:0.000651s ]

[ 2018-12-27T08:33:02+08:00 ] 222.182.199.148 /index.php?g=Admin&m=Scripture&a=link
INFO: [ app_init ] --START--
INFO: Run Behavior\BuildLiteBehavior [ RunTime:0.000016s ]
INFO: Run Common\Behavior\InitHookBehavior [ RunTime:0.002060s ]
INFO: [ app_init ] --END-- [ RunTime:0.002519s ]
INFO: [ app_begin ] --START--
INFO: Run Behavior\ReadHtmlCacheBehavior [ RunTime:0.000803s ]
INFO: Run Behavior\CheckLangBehavior [ RunTime:0.001666s ]
INFO: Run Common\Behavior\UrldecodeGetBehavior [ RunTime:0.000571s ]
INFO: [ app_begin ] --END-- [ RunTime:0.003191s ]
INFO: [ admin_begin ] --START--
INFO: Run Common\Behavior\AdminDefaultLangBehavior [ RunTime:0.001673s ]
INFO: [ admin_begin ] --END-- [ RunTime:0.001734s ]
SQL: SHOW COLUMNS FROM `h2w_users` [ RunTime:0.0042s ]
SQL: SELECT * FROM `h2w_users` WHERE `id` = '6' LIMIT 1   [ RunTime:0.0004s ]
SQL: SHOW COLUMNS FROM `h2w_role_user` [ RunTime:0.0028s ]
SQL: SELECT `role_id` FROM h2w_role_user a INNER JOIN h2w_role as b on a.role_id =b.id  WHERE `user_id` = '6' AND `status` = 1  [ RunTime:0.0003s ]
SQL: SHOW COLUMNS FROM `h2w_auth_access` [ RunTime:0.0033s ]
SQL: SELECT * FROM h2w_auth_access a INNER JOIN h2w_auth_rule as b on a.rule_name =b.name  WHERE a.role_id IN ('10') AND b.name IN ('admin/scripture/link')  [ RunTime:0.0005s ]
SQL: SHOW COLUMNS FROM `h2w_scripture` [ RunTime:0.0033s ]
SQL: SHOW COLUMNS FROM `h2w_options` [ RunTime:0.0033s ]
SQL: SELECT `option_value` FROM `h2w_options` WHERE `option_name` = 'cdn_settings' LIMIT 1   [ RunTime:0.0002s ]
INFO: [ view_parse ] --START--
INFO: [ template_filter ] --START--
INFO: Run Behavior\ContentReplaceBehavior [ RunTime:0.000084s ]
INFO: [ template_filter ] --END-- [ RunTime:0.000136s ]
INFO: Run Behavior\ParseTemplateBehavior [ RunTime:0.009978s ]
INFO: [ view_parse ] --END-- [ RunTime:0.010040s ]
INFO: [ view_filter ] --START--
INFO: Run Behavior\WriteHtmlCacheBehavior [ RunTime:0.000576s ]
INFO: Run Common\Behavior\TmplStripSpaceBehavior [ RunTime:0.000597s ]
INFO: [ view_filter ] --END-- [ RunTime:0.001264s ]
INFO: [ app_end ] --START--
INFO: Run Behavior\ShowPageTraceBehavior [ RunTime:0.000831s ]
INFO: [ app_end ] --END-- [ RunTime:0.000878s ]

[ 2018-12-27T08:33:04+08:00 ] 222.182.199.148 /index.php?g=Admin&m=Gift&a=index
INFO: [ app_init ] --START--
INFO: Run Behavior\BuildLiteBehavior [ RunTime:0.000075s ]
INFO: Run Common\Behavior\InitHookBehavior [ RunTime:0.005921s ]
INFO: [ app_init ] --END-- [ RunTime:0.007424s ]
INFO: [ app_begin ] --START--
INFO: Run Behavior\ReadHtmlCacheBehavior [ RunTime:0.000618s ]
INFO: Run Behavior\CheckLangBehavior [ RunTime:0.001166s ]
INFO: Run Common\Behavior\UrldecodeGetBehavior [ RunTime:0.000411s ]
INFO: [ app_begin ] --END-- [ RunTime:0.002296s ]
INFO: [ admin_begin ] --START--
INFO: Run Common\Behavior\AdminDefaultLangBehavior [ RunTime:0.001392s ]
INFO: [ admin_begin ] --END-- [ RunTime:0.001444s ]
SQL: SHOW COLUMNS FROM `h2w_users` [ RunTime:0.0060s ]
SQL: SELECT * FROM `h2w_users` WHERE `id` = '6' LIMIT 1   [ RunTime:0.0004s ]
SQL: SHOW COLUMNS FROM `h2w_role_user` [ RunTime:0.0028s ]
SQL: SELECT `role_id` FROM h2w_role_user a INNER JOIN h2w_role as b on a.role_id =b.id  WHERE `user_id` = '6' AND `status` = 1  [ RunTime:0.0004s ]
SQL: SHOW COLUMNS FROM `h2w_auth_access` [ RunTime:0.0032s ]
SQL: SELECT * FROM h2w_auth_access a INNER JOIN h2w_auth_rule as b on a.rule_name =b.name  WHERE a.role_id IN ('10') AND b.name IN ('admin/gift/index')  [ RunTime:0.0005s ]
SQL: SHOW COLUMNS FROM `h2w_gift` [ RunTime:0.0030s ]
SQL: SELECT COUNT(*) AS tp_count FROM `h2w_gift` LIMIT 1   [ RunTime:0.0002s ]
SQL: SELECT * FROM `h2w_gift` ORDER BY create_time DESC LIMIT 0,20   [ RunTime:0.0005s ]
SQL: SHOW COLUMNS FROM `h2w_options` [ RunTime:0.0036s ]
SQL: SELECT `option_value` FROM `h2w_options` WHERE `option_name` = 'cdn_settings' LIMIT 1   [ RunTime:0.0002s ]
INFO: [ view_parse ] --START--
INFO: [ template_filter ] --START--
INFO: Run Behavior\ContentReplaceBehavior [ RunTime:0.000078s ]
INFO: [ template_filter ] --END-- [ RunTime:0.000122s ]
INFO: Run Behavior\ParseTemplateBehavior [ RunTime:0.015337s ]
INFO: [ view_parse ] --END-- [ RunTime:0.015396s ]
INFO: [ view_filter ] --START--
INFO: Run Behavior\WriteHtmlCacheBehavior [ RunTime:0.000584s ]
INFO: Run Common\Behavior\TmplStripSpaceBehavior [ RunTime:0.000592s ]
INFO: [ view_filter ] --END-- [ RunTime:0.001254s ]
INFO: [ app_end ] --START--
INFO: Run Behavior\ShowPageTraceBehavior [ RunTime:0.000666s ]
INFO: [ app_end ] --END-- [ RunTime:0.000714s ]

