[ 2018-11-27T14:01:01+08:00 ] 222.182.193.169 /index.php?g=Admin&m=public&a=dologin
INFO: [ app_begin ] --START--
INFO: Run Behavior\ReadHtmlCacheBehavior [ RunTime:0.000530s ]
INFO: Run Behavior\CheckLangBehavior [ RunTime:0.001215s ]
INFO: Run Common\Behavior\UrldecodeGetBehavior [ RunTime:0.000425s ]
INFO: [ app_begin ] --END-- [ RunTime:0.002613s ]
INFO: [ admin_begin ] --START--
INFO: Run Common\Behavior\AdminDefaultLangBehavior [ RunTime:0.001411s ]
INFO: [ admin_begin ] --END-- [ RunTime:0.001460s ]
SQL: SHOW COLUMNS FROM `h2w_users` [ RunTime:0.0043s ]
SQL: SELECT * FROM `h2w_users` WHERE `user_login` = 'admin' LIMIT 1   [ RunTime:0.0004s ]
SQL: SHOW COLUMNS FROM `h2w_role_user` [ RunTime:0.0032s ]
SQL: SELECT `role_id` FROM h2w_role_user a INNER JOIN h2w_role as b on a.role_id =b.id  WHERE `user_id` = '1' AND `status` = 1  [ RunTime:0.0003s ]
SQL: UPDATE `h2w_users` SET `user_login`='admin',`user_pass`='###a8d4b4bcd77826ff84ca126241fc5be3',`user_nicename`='admin',`user_name`='夏木',`user_email`='123456@qq.com',`user_url`='',`avatar`=NULL,`sex`='1',`birthday`='2000-01-01',`signature`='',`last_login_ip`='222.182.193.169',`last_login_time`='2018-11-27 14:01:01',`create_time`='2018-11-19 04:55:56',`user_activation_key`='',`user_status`='1',`score`='0',`user_type`='1',`coin`='0',`mobile`='',`school_id`=NULL,`specialty_id`=NULL,`verify`='0',`online_time`='0' WHERE `id` = '1' [ RunTime:0.0004s ]

[ 2018-11-27T14:25:13+08:00 ] 222.182.193.169 /index.php?g=Admin&m=public&a=dologin
INFO: [ app_begin ] --START--
INFO: Run Behavior\ReadHtmlCacheBehavior [ RunTime:0.000592s ]
INFO: Run Behavior\CheckLangBehavior [ RunTime:0.001269s ]
INFO: Run Common\Behavior\UrldecodeGetBehavior [ RunTime:0.000504s ]
INFO: [ app_begin ] --END-- [ RunTime:0.002818s ]
INFO: [ admin_begin ] --START--
INFO: Run Common\Behavior\AdminDefaultLangBehavior [ RunTime:0.001665s ]
INFO: [ admin_begin ] --END-- [ RunTime:0.001717s ]
SQL: SHOW COLUMNS FROM `h2w_users` [ RunTime:0.0039s ]
SQL: SELECT * FROM `h2w_users` WHERE `user_login` = 'admin' LIMIT 1   [ RunTime:0.0004s ]
SQL: SHOW COLUMNS FROM `h2w_role_user` [ RunTime:0.0029s ]
SQL: SELECT `role_id` FROM h2w_role_user a INNER JOIN h2w_role as b on a.role_id =b.id  WHERE `user_id` = '1' AND `status` = 1  [ RunTime:0.0007s ]
SQL: UPDATE `h2w_users` SET `user_login`='admin',`user_pass`='###a8d4b4bcd77826ff84ca126241fc5be3',`user_nicename`='admin',`user_name`='夏木',`user_email`='123456@qq.com',`user_url`='',`avatar`=NULL,`sex`='1',`birthday`='2000-01-01',`signature`='',`last_login_ip`='222.182.193.169',`last_login_time`='2018-11-27 14:25:13',`create_time`='2018-11-19 04:55:56',`user_activation_key`='',`user_status`='1',`score`='0',`user_type`='1',`coin`='0',`mobile`='',`school_id`=NULL,`specialty_id`=NULL,`verify`='0',`online_time`='0' WHERE `id` = '1' [ RunTime:0.0003s ]

[ 2018-11-27T17:18:43+08:00 ] 222.182.193.169 /index.php?g=Admin&m=public&a=dologin
INFO: [ app_begin ] --START--
INFO: Run Behavior\ReadHtmlCacheBehavior [ RunTime:0.000857s ]
INFO: Run Behavior\CheckLangBehavior [ RunTime:0.001682s ]
INFO: Run Common\Behavior\UrldecodeGetBehavior [ RunTime:0.000652s ]
INFO: [ app_begin ] --END-- [ RunTime:0.003786s ]
INFO: [ admin_begin ] --START--
INFO: Run Common\Behavior\AdminDefaultLangBehavior [ RunTime:0.001940s ]
INFO: [ admin_begin ] --END-- [ RunTime:0.001998s ]
SQL: SHOW COLUMNS FROM `h2w_users` [ RunTime:0.0044s ]
SQL: SELECT * FROM `h2w_users` WHERE `user_login` = 'admin' LIMIT 1   [ RunTime:0.0004s ]
SQL: SHOW COLUMNS FROM `h2w_role_user` [ RunTime:0.0027s ]
SQL: SELECT `role_id` FROM h2w_role_user a INNER JOIN h2w_role as b on a.role_id =b.id  WHERE `user_id` = '1' AND `status` = 1  [ RunTime:0.0003s ]
SQL: UPDATE `h2w_users` SET `user_login`='admin',`user_pass`='###a8d4b4bcd77826ff84ca126241fc5be3',`user_nicename`='admin',`user_name`='夏木',`user_email`='123456@qq.com',`user_url`='',`avatar`=NULL,`sex`='1',`birthday`='2000-01-01',`signature`='',`last_login_ip`='222.182.193.169',`last_login_time`='2018-11-27 17:18:43',`create_time`='2018-11-19 04:55:56',`user_activation_key`='',`user_status`='1',`score`='0',`user_type`='1',`coin`='0',`mobile`='',`school_id`=NULL,`specialty_id`=NULL,`verify`='0',`online_time`='0' WHERE `id` = '1' [ RunTime:0.0003s ]

[ 2018-11-27T17:18:53+08:00 ] 222.182.193.169 /index.php?g=Admin&m=school&a=edit_post
INFO: [ app_begin ] --START--
INFO: Run Behavior\ReadHtmlCacheBehavior [ RunTime:0.000576s ]
INFO: Run Behavior\CheckLangBehavior [ RunTime:0.001252s ]
INFO: Run Common\Behavior\UrldecodeGetBehavior [ RunTime:0.000509s ]
INFO: [ app_begin ] --END-- [ RunTime:0.002775s ]
INFO: [ admin_begin ] --START--
INFO: Run Common\Behavior\AdminDefaultLangBehavior [ RunTime:0.001617s ]
INFO: [ admin_begin ] --END-- [ RunTime:0.001667s ]
SQL: SHOW COLUMNS FROM `h2w_users` [ RunTime:0.0039s ]
SQL: SELECT * FROM `h2w_users` WHERE `id` = '1' LIMIT 1   [ RunTime:0.0003s ]
SQL: SHOW COLUMNS FROM `h2w_school` [ RunTime:0.0066s ]
SQL: SELECT * FROM `h2w_school` WHERE `id` = 8 LIMIT 1   [ RunTime:0.0002s ]
NOTIC: [8] Undefined index: validate C:\www\xueshengapp\simplewind\Core\Library\Think\Model.class.php 第 1185 行.
NOTIC: [8] Undefined index: type C:\www\xueshengapp\simplewind\Core\Library\Think\Model.class.php 第 1217 行.
NOTIC: [8] Undefined index: auto C:\www\xueshengapp\simplewind\Core\Library\Think\Model.class.php 第 1128 行.
SQL: UPDATE `h2w_school` SET `school_name`='大景城',`first`='d',`professional_type`='南京',`address`='小阿斯顿撒' WHERE `id` = 8 [ RunTime:0.0003s ]

[ 2018-11-27T17:20:27+08:00 ] 222.182.193.169 /index.php?g=Admin&m=school&a=edit_post
INFO: [ app_begin ] --START--
INFO: Run Behavior\ReadHtmlCacheBehavior [ RunTime:0.000599s ]
INFO: Run Behavior\CheckLangBehavior [ RunTime:0.001235s ]
INFO: Run Common\Behavior\UrldecodeGetBehavior [ RunTime:0.000417s ]
INFO: [ app_begin ] --END-- [ RunTime:0.002665s ]
INFO: [ admin_begin ] --START--
INFO: Run Common\Behavior\AdminDefaultLangBehavior [ RunTime:0.001537s ]
INFO: [ admin_begin ] --END-- [ RunTime:0.001596s ]
SQL: SHOW COLUMNS FROM `h2w_users` [ RunTime:0.0040s ]
SQL: SELECT * FROM `h2w_users` WHERE `id` = '1' LIMIT 1   [ RunTime:0.0003s ]
SQL: SHOW COLUMNS FROM `h2w_school` [ RunTime:0.0037s ]
SQL: SELECT * FROM `h2w_school` WHERE `id` = 8 LIMIT 1   [ RunTime:0.0002s ]
NOTIC: [8] Undefined index: validate C:\www\xueshengapp\simplewind\Core\Library\Think\Model.class.php 第 1185 行.
NOTIC: [8] Undefined index: type C:\www\xueshengapp\simplewind\Core\Library\Think\Model.class.php 第 1217 行.
NOTIC: [8] Undefined index: auto C:\www\xueshengapp\simplewind\Core\Library\Think\Model.class.php 第 1128 行.
SQL: UPDATE `h2w_school` SET `school_name`='大景城',`first`='D',`professional_type`='南京',`address`='小阿斯顿撒' WHERE `id` = 8 [ RunTime:0.0003s ]

[ 2018-11-27T17:20:40+08:00 ] 222.182.193.169 /index.php?g=Admin&m=school&a=edit_post
INFO: [ app_begin ] --START--
INFO: Run Behavior\ReadHtmlCacheBehavior [ RunTime:0.000600s ]
INFO: Run Behavior\CheckLangBehavior [ RunTime:0.001260s ]
INFO: Run Common\Behavior\UrldecodeGetBehavior [ RunTime:0.000418s ]
INFO: [ app_begin ] --END-- [ RunTime:0.002688s ]
INFO: [ admin_begin ] --START--
INFO: Run Common\Behavior\AdminDefaultLangBehavior [ RunTime:0.001355s ]
INFO: [ admin_begin ] --END-- [ RunTime:0.001412s ]
SQL: SHOW COLUMNS FROM `h2w_users` [ RunTime:0.0036s ]
SQL: SELECT * FROM `h2w_users` WHERE `id` = '1' LIMIT 1   [ RunTime:0.0003s ]
SQL: SHOW COLUMNS FROM `h2w_school` [ RunTime:0.0030s ]
SQL: SELECT * FROM `h2w_school` WHERE `id` = 1 LIMIT 1   [ RunTime:0.0002s ]
NOTIC: [8] Undefined index: validate C:\www\xueshengapp\simplewind\Core\Library\Think\Model.class.php 第 1185 行.
NOTIC: [8] Undefined index: type C:\www\xueshengapp\simplewind\Core\Library\Think\Model.class.php 第 1217 行.
NOTIC: [8] Undefined index: auto C:\www\xueshengapp\simplewind\Core\Library\Think\Model.class.php 第 1128 行.
SQL: UPDATE `h2w_school` SET `school_name`='成都理工大学',`first`='C',`professional_type`='高水平综合性大学',`address`='成都市成华区二仙桥东三路1号' WHERE `id` = 1 [ RunTime:0.0002s ]

[ 2018-11-27T17:20:46+08:00 ] 222.182.193.169 /index.php?g=Admin&m=school&a=edit_post
INFO: [ app_begin ] --START--
INFO: Run Behavior\ReadHtmlCacheBehavior [ RunTime:0.000511s ]
INFO: Run Behavior\CheckLangBehavior [ RunTime:0.001122s ]
INFO: Run Common\Behavior\UrldecodeGetBehavior [ RunTime:0.000354s ]
INFO: [ app_begin ] --END-- [ RunTime:0.002399s ]
INFO: [ admin_begin ] --START--
INFO: Run Common\Behavior\AdminDefaultLangBehavior [ RunTime:0.001414s ]
INFO: [ admin_begin ] --END-- [ RunTime:0.001471s ]
SQL: SHOW COLUMNS FROM `h2w_users` [ RunTime:0.0054s ]
SQL: SELECT * FROM `h2w_users` WHERE `id` = '1' LIMIT 1   [ RunTime:0.0003s ]
SQL: SHOW COLUMNS FROM `h2w_school` [ RunTime:0.0035s ]
SQL: SELECT * FROM `h2w_school` WHERE `id` = 3 LIMIT 1   [ RunTime:0.0002s ]
NOTIC: [8] Undefined index: validate C:\www\xueshengapp\simplewind\Core\Library\Think\Model.class.php 第 1185 行.
NOTIC: [8] Undefined index: type C:\www\xueshengapp\simplewind\Core\Library\Think\Model.class.php 第 1217 行.
NOTIC: [8] Undefined index: auto C:\www\xueshengapp\simplewind\Core\Library\Think\Model.class.php 第 1128 行.
SQL: UPDATE `h2w_school` SET `school_name`='北京大学',`first`='B',`professional_type`='综合性大学',`address`='北京市海淀区颐和园路5号' WHERE `id` = 3 [ RunTime:0.0002s ]

[ 2018-11-27T17:20:51+08:00 ] 222.182.193.169 /index.php?g=Admin&m=school&a=edit_post
INFO: [ app_begin ] --START--
INFO: Run Behavior\ReadHtmlCacheBehavior [ RunTime:0.000477s ]
INFO: Run Behavior\CheckLangBehavior [ RunTime:0.001191s ]
INFO: Run Common\Behavior\UrldecodeGetBehavior [ RunTime:0.000414s ]
INFO: [ app_begin ] --END-- [ RunTime:0.002471s ]
INFO: [ admin_begin ] --START--
INFO: Run Common\Behavior\AdminDefaultLangBehavior [ RunTime:0.001343s ]
INFO: [ admin_begin ] --END-- [ RunTime:0.001394s ]
SQL: SHOW COLUMNS FROM `h2w_users` [ RunTime:0.0040s ]
SQL: SELECT * FROM `h2w_users` WHERE `id` = '1' LIMIT 1   [ RunTime:0.0003s ]
SQL: SHOW COLUMNS FROM `h2w_school` [ RunTime:0.0031s ]
SQL: SELECT * FROM `h2w_school` WHERE `id` = 4 LIMIT 1   [ RunTime:0.0002s ]
NOTIC: [8] Undefined index: validate C:\www\xueshengapp\simplewind\Core\Library\Think\Model.class.php 第 1185 行.
NOTIC: [8] Undefined index: type C:\www\xueshengapp\simplewind\Core\Library\Think\Model.class.php 第 1217 行.
NOTIC: [8] Undefined index: auto C:\www\xueshengapp\simplewind\Core\Library\Think\Model.class.php 第 1128 行.
SQL: UPDATE `h2w_school` SET `school_name`='重庆大学',`first`='Z',`professional_type`='综合类大学',`address`='重庆市沙坪坝区沙正街174号' WHERE `id` = 4 [ RunTime:0.0003s ]

[ 2018-11-27T17:20:56+08:00 ] 222.182.193.169 /index.php?g=Admin&m=school&a=edit_post
INFO: [ app_begin ] --START--
INFO: Run Behavior\ReadHtmlCacheBehavior [ RunTime:0.000571s ]
INFO: Run Behavior\CheckLangBehavior [ RunTime:0.001144s ]
INFO: Run Common\Behavior\UrldecodeGetBehavior [ RunTime:0.000471s ]
INFO: [ app_begin ] --END-- [ RunTime:0.002606s ]
INFO: [ admin_begin ] --START--
INFO: Run Common\Behavior\AdminDefaultLangBehavior [ RunTime:0.001900s ]
INFO: [ admin_begin ] --END-- [ RunTime:0.001957s ]
SQL: SHOW COLUMNS FROM `h2w_users` [ RunTime:0.0041s ]
SQL: SELECT * FROM `h2w_users` WHERE `id` = '1' LIMIT 1   [ RunTime:0.0004s ]
SQL: SHOW COLUMNS FROM `h2w_school` [ RunTime:0.0031s ]
SQL: SELECT * FROM `h2w_school` WHERE `id` = 4 LIMIT 1   [ RunTime:0.0002s ]
NOTIC: [8] Undefined index: validate C:\www\xueshengapp\simplewind\Core\Library\Think\Model.class.php 第 1185 行.
NOTIC: [8] Undefined index: type C:\www\xueshengapp\simplewind\Core\Library\Think\Model.class.php 第 1217 行.
NOTIC: [8] Undefined index: auto C:\www\xueshengapp\simplewind\Core\Library\Think\Model.class.php 第 1128 行.
SQL: UPDATE `h2w_school` SET `school_name`='重庆大学',`first`='C',`professional_type`='综合类大学',`address`='重庆市沙坪坝区沙正街174号' WHERE `id` = 4 [ RunTime:0.0002s ]

[ 2018-11-27T17:21:04+08:00 ] 222.182.193.169 /index.php?g=Admin&m=school&a=edit_post
INFO: [ app_begin ] --START--
INFO: Run Behavior\ReadHtmlCacheBehavior [ RunTime:0.000521s ]
INFO: Run Behavior\CheckLangBehavior [ RunTime:0.001179s ]
INFO: Run Common\Behavior\UrldecodeGetBehavior [ RunTime:0.000499s ]
INFO: [ app_begin ] --END-- [ RunTime:0.002704s ]
INFO: [ admin_begin ] --START--
INFO: Run Common\Behavior\AdminDefaultLangBehavior [ RunTime:0.001556s ]
INFO: [ admin_begin ] --END-- [ RunTime:0.001612s ]
SQL: SHOW COLUMNS FROM `h2w_users` [ RunTime:0.0055s ]
SQL: SELECT * FROM `h2w_users` WHERE `id` = '1' LIMIT 1   [ RunTime:0.0004s ]
SQL: SHOW COLUMNS FROM `h2w_school` [ RunTime:0.0034s ]
SQL: SELECT * FROM `h2w_school` WHERE `id` = 6 LIMIT 1   [ RunTime:0.0002s ]

[ 2018-11-27T17:21:08+08:00 ] 222.182.193.169 /index.php?g=Admin&m=school&a=edit_post
INFO: [ app_begin ] --START--
INFO: Run Behavior\ReadHtmlCacheBehavior [ RunTime:0.000577s ]
INFO: Run Behavior\CheckLangBehavior [ RunTime:0.001279s ]
INFO: Run Common\Behavior\UrldecodeGetBehavior [ RunTime:0.000584s ]
INFO: [ app_begin ] --END-- [ RunTime:0.002897s ]
INFO: [ admin_begin ] --START--
INFO: Run Common\Behavior\AdminDefaultLangBehavior [ RunTime:0.001558s ]
INFO: [ admin_begin ] --END-- [ RunTime:0.001608s ]
SQL: SHOW COLUMNS FROM `h2w_users` [ RunTime:0.0038s ]
SQL: SELECT * FROM `h2w_users` WHERE `id` = '1' LIMIT 1   [ RunTime:0.0003s ]
SQL: SHOW COLUMNS FROM `h2w_school` [ RunTime:0.0030s ]
SQL: SELECT * FROM `h2w_school` WHERE `id` = 6 LIMIT 1   [ RunTime:0.0002s ]
NOTIC: [8] Undefined index: validate C:\www\xueshengapp\simplewind\Core\Library\Think\Model.class.php 第 1185 行.
NOTIC: [8] Undefined index: type C:\www\xueshengapp\simplewind\Core\Library\Think\Model.class.php 第 1217 行.
NOTIC: [8] Undefined index: auto C:\www\xueshengapp\simplewind\Core\Library\Think\Model.class.php 第 1128 行.
SQL: UPDATE `h2w_school` SET `school_name`='清华大学',`first`='Q',`professional_type`='综合性大学',`address`='北京市海淀区清华大学' WHERE `id` = 6 [ RunTime:0.0002s ]

[ 2018-11-27T17:21:17+08:00 ] 222.182.193.169 /index.php?g=Admin&m=school&a=edit_post
INFO: [ app_begin ] --START--
INFO: Run Behavior\ReadHtmlCacheBehavior [ RunTime:0.000598s ]
INFO: Run Behavior\CheckLangBehavior [ RunTime:0.001212s ]
INFO: Run Common\Behavior\UrldecodeGetBehavior [ RunTime:0.000412s ]
INFO: [ app_begin ] --END-- [ RunTime:0.002636s ]
INFO: [ admin_begin ] --START--
INFO: Run Common\Behavior\AdminDefaultLangBehavior [ RunTime:0.001744s ]
INFO: [ admin_begin ] --END-- [ RunTime:0.001810s ]
SQL: SHOW COLUMNS FROM `h2w_users` [ RunTime:0.0041s ]
SQL: SELECT * FROM `h2w_users` WHERE `id` = '1' LIMIT 1   [ RunTime:0.0003s ]
SQL: SHOW COLUMNS FROM `h2w_school` [ RunTime:0.0042s ]
SQL: SELECT * FROM `h2w_school` WHERE `id` = 12 LIMIT 1   [ RunTime:0.0002s ]
NOTIC: [8] Undefined index: validate C:\www\xueshengapp\simplewind\Core\Library\Think\Model.class.php 第 1185 行.
NOTIC: [8] Undefined index: type C:\www\xueshengapp\simplewind\Core\Library\Think\Model.class.php 第 1217 行.
NOTIC: [8] Undefined index: auto C:\www\xueshengapp\simplewind\Core\Library\Think\Model.class.php 第 1128 行.
SQL: UPDATE `h2w_school` SET `school_name`='重庆一中',`first`='C',`address`='小阿斯达克23' WHERE `id` = 12 [ RunTime:0.0002s ]

[ 2018-11-27T17:21:21+08:00 ] 222.182.193.169 /index.php?g=Admin&m=school&a=edit_post
INFO: [ app_begin ] --START--
INFO: Run Behavior\ReadHtmlCacheBehavior [ RunTime:0.000605s ]
INFO: Run Behavior\CheckLangBehavior [ RunTime:0.001152s ]
INFO: Run Common\Behavior\UrldecodeGetBehavior [ RunTime:0.000455s ]
INFO: [ app_begin ] --END-- [ RunTime:0.002639s ]
INFO: [ admin_begin ] --START--
INFO: Run Common\Behavior\AdminDefaultLangBehavior [ RunTime:0.001366s ]
INFO: [ admin_begin ] --END-- [ RunTime:0.001416s ]
SQL: SHOW COLUMNS FROM `h2w_users` [ RunTime:0.0039s ]
SQL: SELECT * FROM `h2w_users` WHERE `id` = '1' LIMIT 1   [ RunTime:0.0003s ]
SQL: SHOW COLUMNS FROM `h2w_school` [ RunTime:0.0030s ]
SQL: SELECT * FROM `h2w_school` WHERE `id` = 2 LIMIT 1   [ RunTime:0.0002s ]
NOTIC: [8] Undefined index: validate C:\www\xueshengapp\simplewind\Core\Library\Think\Model.class.php 第 1185 行.
NOTIC: [8] Undefined index: type C:\www\xueshengapp\simplewind\Core\Library\Think\Model.class.php 第 1217 行.
NOTIC: [8] Undefined index: auto C:\www\xueshengapp\simplewind\Core\Library\Think\Model.class.php 第 1128 行.
SQL: UPDATE `h2w_school` SET `school_name`='湖北省孝感高中',`first`='H',`address`='湖北省孝感市交通西路特1号' WHERE `id` = 2 [ RunTime:0.0002s ]

[ 2018-11-27T17:21:26+08:00 ] 222.182.193.169 /index.php?g=Admin&m=school&a=edit_post
INFO: [ app_begin ] --START--
INFO: Run Behavior\ReadHtmlCacheBehavior [ RunTime:0.000597s ]
INFO: Run Behavior\CheckLangBehavior [ RunTime:0.001235s ]
INFO: Run Common\Behavior\UrldecodeGetBehavior [ RunTime:0.000462s ]
INFO: [ app_begin ] --END-- [ RunTime:0.002737s ]
INFO: [ admin_begin ] --START--
INFO: Run Common\Behavior\AdminDefaultLangBehavior [ RunTime:0.001408s ]
INFO: [ admin_begin ] --END-- [ RunTime:0.001461s ]
SQL: SHOW COLUMNS FROM `h2w_users` [ RunTime:0.0044s ]
SQL: SELECT * FROM `h2w_users` WHERE `id` = '1' LIMIT 1   [ RunTime:0.0004s ]
SQL: SHOW COLUMNS FROM `h2w_school` [ RunTime:0.0049s ]
SQL: SELECT * FROM `h2w_school` WHERE `id` = 5 LIMIT 1   [ RunTime:0.0002s ]
NOTIC: [8] Undefined index: validate C:\www\xueshengapp\simplewind\Core\Library\Think\Model.class.php 第 1185 行.
NOTIC: [8] Undefined index: type C:\www\xueshengapp\simplewind\Core\Library\Think\Model.class.php 第 1217 行.
NOTIC: [8] Undefined index: auto C:\www\xueshengapp\simplewind\Core\Library\Think\Model.class.php 第 1128 行.
SQL: UPDATE `h2w_school` SET `school_name`='湖北省黄冈中学',`first`='H',`address`='湖北省黄冈市黄州区南湖路1号' WHERE `id` = 5 [ RunTime:0.0003s ]

[ 2018-11-27T17:21:32+08:00 ] 222.182.193.169 /index.php?g=Admin&m=school&a=edit_post
INFO: [ app_begin ] --START--
INFO: Run Behavior\ReadHtmlCacheBehavior [ RunTime:0.000569s ]
INFO: Run Behavior\CheckLangBehavior [ RunTime:0.001164s ]
INFO: Run Common\Behavior\UrldecodeGetBehavior [ RunTime:0.000457s ]
INFO: [ app_begin ] --END-- [ RunTime:0.002643s ]
INFO: [ admin_begin ] --START--
INFO: Run Common\Behavior\AdminDefaultLangBehavior [ RunTime:0.001528s ]
INFO: [ admin_begin ] --END-- [ RunTime:0.001584s ]
SQL: SHOW COLUMNS FROM `h2w_users` [ RunTime:0.0042s ]
SQL: SELECT * FROM `h2w_users` WHERE `id` = '1' LIMIT 1   [ RunTime:0.0003s ]
SQL: SHOW COLUMNS FROM `h2w_school` [ RunTime:0.0030s ]
SQL: SELECT * FROM `h2w_school` WHERE `id` = 7 LIMIT 1   [ RunTime:0.0002s ]
NOTIC: [8] Undefined index: validate C:\www\xueshengapp\simplewind\Core\Library\Think\Model.class.php 第 1185 行.
NOTIC: [8] Undefined index: type C:\www\xueshengapp\simplewind\Core\Library\Think\Model.class.php 第 1217 行.
NOTIC: [8] Undefined index: auto C:\www\xueshengapp\simplewind\Core\Library\Think\Model.class.php 第 1128 行.
SQL: UPDATE `h2w_school` SET `school_name`='黄冈中学',`first`='H',`address`='11111111111111' WHERE `id` = 7 [ RunTime:0.0005s ]

