[ 2018-12-30T17:12:52+08:00 ] 27.14.253.85 /index.php?g=User&m=Indexadmin&a=index
INFO: [ app_init ] --START--
INFO: Run Behavior\BuildLiteBehavior [ RunTime:0.000015s ]
INFO: Run Common\Behavior\InitHookBehavior [ RunTime:0.001904s ]
INFO: [ app_init ] --END-- [ RunTime:0.002282s ]
INFO: [ app_begin ] --START--
INFO: Run Behavior\ReadHtmlCacheBehavior [ RunTime:0.000609s ]
INFO: Run Behavior\CheckLangBehavior [ RunTime:0.002037s ]
INFO: Run Common\Behavior\UrldecodeGetBehavior [ RunTime:0.000370s ]
INFO: [ app_begin ] --END-- [ RunTime:0.003117s ]
INFO: [ admin_begin ] --START--
INFO: Run Common\Behavior\AdminDefaultLangBehavior [ RunTime:0.001460s ]
INFO: [ admin_begin ] --END-- [ RunTime:0.001512s ]
SQL: SHOW COLUMNS FROM `h2w_users` [ RunTime:0.0041s ]
SQL: SELECT * FROM `h2w_users` WHERE `id` = '1' LIMIT 1   [ RunTime:0.0004s ]
NOTIC: [8] Undefined index: user_status C:\www\xueshengapp\application\User\Controller\IndexadminController.class.php 第 28 行.
NOTIC: [8] Undefined index: num_last C:\www\xueshengapp\application\User\Controller\IndexadminController.class.php 第 36 行.
NOTIC: [8] Undefined index: num_next C:\www\xueshengapp\application\User\Controller\IndexadminController.class.php 第 37 行.
NOTIC: [8] Undefined index: start_time C:\www\xueshengapp\application\User\Controller\IndexadminController.class.php 第 45 行.
NOTIC: [8] Undefined index: end_time C:\www\xueshengapp\application\User\Controller\IndexadminController.class.php 第 46 行.
SQL: SELECT COUNT(*) AS tp_count FROM h2w_users u INNER JOIN h2w_school as s on s.id=u.school_id left join h2w_school_professional as p on p.id=u.specialty_id  WHERE u.user_type IN ('2','3') LIMIT 1   [ RunTime:0.0009s ]
SQL: SELECT u.*,s.type,s.school_name,p.pro_name FROM h2w_users u INNER JOIN h2w_school as s on s.id=u.school_id left join h2w_school_professional as p on p.id=u.specialty_id  WHERE u.user_type IN ('2','3') ORDER BY u.create_time DESC LIMIT 0,20   [ RunTime:0.0007s ]
SQL: SHOW COLUMNS FROM `h2w_options` [ RunTime:0.0031s ]
SQL: SELECT `option_value` FROM `h2w_options` WHERE `option_name` = 'cdn_settings' LIMIT 1   [ RunTime:0.0003s ]
INFO: [ view_parse ] --START--
INFO: [ template_filter ] --START--
INFO: Run Behavior\ContentReplaceBehavior [ RunTime:0.000079s ]
INFO: [ template_filter ] --END-- [ RunTime:0.000117s ]
INFO: Run Behavior\ParseTemplateBehavior [ RunTime:0.012667s ]
INFO: [ view_parse ] --END-- [ RunTime:0.012711s ]
INFO: [ view_filter ] --START--
INFO: Run Behavior\WriteHtmlCacheBehavior [ RunTime:0.000413s ]
INFO: Run Common\Behavior\TmplStripSpaceBehavior [ RunTime:0.000349s ]
INFO: [ view_filter ] --END-- [ RunTime:0.000817s ]
INFO: [ app_end ] --START--
INFO: Run Behavior\ShowPageTraceBehavior [ RunTime:0.000576s ]
INFO: [ app_end ] --END-- [ RunTime:0.000617s ]

[ 2018-12-30T17:13:37+08:00 ] 27.14.253.85 /index.php?g=User&m=Indexadmin&a=index
INFO: [ app_init ] --START--
INFO: Run Behavior\BuildLiteBehavior [ RunTime:0.000017s ]
INFO: Run Common\Behavior\InitHookBehavior [ RunTime:0.002057s ]
INFO: [ app_init ] --END-- [ RunTime:0.002467s ]
INFO: [ app_begin ] --START--
INFO: Run Behavior\ReadHtmlCacheBehavior [ RunTime:0.000485s ]
INFO: Run Behavior\CheckLangBehavior [ RunTime:0.001327s ]
INFO: Run Common\Behavior\UrldecodeGetBehavior [ RunTime:0.000416s ]
INFO: [ app_begin ] --END-- [ RunTime:0.002327s ]
INFO: [ admin_begin ] --START--
INFO: Run Common\Behavior\AdminDefaultLangBehavior [ RunTime:0.001584s ]
INFO: [ admin_begin ] --END-- [ RunTime:0.001635s ]
SQL: SHOW COLUMNS FROM `h2w_users` [ RunTime:0.0040s ]
SQL: SELECT * FROM `h2w_users` WHERE `id` = '1' LIMIT 1   [ RunTime:0.0004s ]
NOTIC: [8] Undefined index: user_status C:\www\xueshengapp\application\User\Controller\IndexadminController.class.php 第 28 行.
NOTIC: [8] Undefined index: num_last C:\www\xueshengapp\application\User\Controller\IndexadminController.class.php 第 36 行.
NOTIC: [8] Undefined index: num_next C:\www\xueshengapp\application\User\Controller\IndexadminController.class.php 第 37 行.
NOTIC: [8] Undefined index: start_time C:\www\xueshengapp\application\User\Controller\IndexadminController.class.php 第 45 行.
NOTIC: [8] Undefined index: end_time C:\www\xueshengapp\application\User\Controller\IndexadminController.class.php 第 46 行.
SQL: SELECT COUNT(*) AS tp_count FROM h2w_users u INNER JOIN h2w_school as s on s.id=u.school_id left join h2w_school_professional as p on p.id=u.specialty_id  WHERE u.user_type IN ('2','3') LIMIT 1   [ RunTime:0.0003s ]
SQL: SELECT u.*,s.type,s.school_name,p.pro_name FROM h2w_users u INNER JOIN h2w_school as s on s.id=u.school_id left join h2w_school_professional as p on p.id=u.specialty_id  WHERE u.user_type IN ('2','3') ORDER BY u.create_time DESC LIMIT 0,20   [ RunTime:0.0007s ]
SQL: SHOW COLUMNS FROM `h2w_options` [ RunTime:0.0030s ]
SQL: SELECT `option_value` FROM `h2w_options` WHERE `option_name` = 'cdn_settings' LIMIT 1   [ RunTime:0.0002s ]
INFO: [ view_parse ] --START--
INFO: [ template_filter ] --START--
INFO: Run Behavior\ContentReplaceBehavior [ RunTime:0.000117s ]
INFO: [ template_filter ] --END-- [ RunTime:0.000172s ]
INFO: Run Behavior\ParseTemplateBehavior [ RunTime:0.020918s ]
INFO: [ view_parse ] --END-- [ RunTime:0.020971s ]
INFO: [ view_filter ] --START--
INFO: Run Behavior\WriteHtmlCacheBehavior [ RunTime:0.000458s ]
INFO: Run Common\Behavior\TmplStripSpaceBehavior [ RunTime:0.000480s ]
INFO: [ view_filter ] --END-- [ RunTime:0.001007s ]
INFO: [ app_end ] --START--
INFO: Run Behavior\ShowPageTraceBehavior [ RunTime:0.000500s ]
INFO: [ app_end ] --END-- [ RunTime:0.000540s ]

