[ 2018-12-24T14:10:17+08:00 ] 222.182.194.7 /index.php?g=User&m=Indexadmin&a=index
INFO: [ app_init ] --START--
INFO: Run Behavior\BuildLiteBehavior [ RunTime:0.000015s ]
INFO: Run Common\Behavior\InitHookBehavior [ RunTime:0.001445s ]
INFO: [ app_init ] --END-- [ RunTime:0.001789s ]
INFO: [ app_begin ] --START--
INFO: Run Behavior\ReadHtmlCacheBehavior [ RunTime:0.000415s ]
INFO: Run Behavior\CheckLangBehavior [ RunTime:0.001161s ]
INFO: Run Common\Behavior\UrldecodeGetBehavior [ RunTime:0.000279s ]
INFO: [ app_begin ] --END-- [ RunTime:0.001955s ]
INFO: [ admin_begin ] --START--
INFO: Run Common\Behavior\AdminDefaultLangBehavior [ RunTime:0.001280s ]
INFO: [ admin_begin ] --END-- [ RunTime:0.001329s ]
SQL: SHOW COLUMNS FROM `h2w_users` [ RunTime:0.0041s ]
SQL: SELECT * FROM `h2w_users` WHERE `id` = '6' LIMIT 1   [ RunTime:0.0004s ]
SQL: SHOW COLUMNS FROM `h2w_role_user` [ RunTime:0.0028s ]
SQL: SELECT `role_id` FROM h2w_role_user a INNER JOIN h2w_role as b on a.role_id =b.id  WHERE `user_id` = '6' AND `status` = 1  [ RunTime:0.0007s ]
SQL: SHOW COLUMNS FROM `h2w_auth_access` [ RunTime:0.0035s ]
SQL: SELECT * FROM h2w_auth_access a INNER JOIN h2w_auth_rule as b on a.rule_name =b.name  WHERE a.role_id IN ('10') AND b.name IN ('user/indexadmin/index')  [ RunTime:0.0008s ]
NOTIC: [8] Undefined index: user_status C:\www\xueshengapp\application\User\Controller\IndexadminController.class.php 第 28 行.
NOTIC: [8] Undefined index: num_last C:\www\xueshengapp\application\User\Controller\IndexadminController.class.php 第 36 行.
NOTIC: [8] Undefined index: num_next C:\www\xueshengapp\application\User\Controller\IndexadminController.class.php 第 37 行.
NOTIC: [8] Undefined index: start_time C:\www\xueshengapp\application\User\Controller\IndexadminController.class.php 第 45 行.
NOTIC: [8] Undefined index: end_time C:\www\xueshengapp\application\User\Controller\IndexadminController.class.php 第 46 行.
SQL: SELECT COUNT(*) AS tp_count FROM h2w_users u INNER JOIN h2w_school as s on s.id=u.school_id left join h2w_school_professional as p on p.id=u.specialty_id  WHERE u.user_type IN ('2','3') LIMIT 1   [ RunTime:0.0010s ]
SQL: SELECT u.*,s.type,s.school_name,p.pro_name FROM h2w_users u INNER JOIN h2w_school as s on s.id=u.school_id left join h2w_school_professional as p on p.id=u.specialty_id  WHERE u.user_type IN ('2','3') ORDER BY u.create_time DESC LIMIT 0,20   [ RunTime:0.0008s ]
SQL: SHOW COLUMNS FROM `h2w_options` [ RunTime:0.0035s ]
SQL: SELECT `option_value` FROM `h2w_options` WHERE `option_name` = 'cdn_settings' LIMIT 1   [ RunTime:0.0002s ]
INFO: [ view_parse ] --START--
INFO: [ template_filter ] --START--
INFO: Run Behavior\ContentReplaceBehavior [ RunTime:0.000080s ]
INFO: [ template_filter ] --END-- [ RunTime:0.000120s ]
INFO: Run Behavior\ParseTemplateBehavior [ RunTime:0.011242s ]
INFO: [ view_parse ] --END-- [ RunTime:0.011295s ]
INFO: [ view_filter ] --START--
INFO: Run Behavior\WriteHtmlCacheBehavior [ RunTime:0.000356s ]
INFO: Run Common\Behavior\TmplStripSpaceBehavior [ RunTime:0.000352s ]
INFO: [ view_filter ] --END-- [ RunTime:0.000773s ]
INFO: [ app_end ] --START--
INFO: Run Behavior\ShowPageTraceBehavior [ RunTime:0.000512s ]
INFO: [ app_end ] --END-- [ RunTime:0.000548s ]

[ 2018-12-24T14:59:03+08:00 ] 222.182.194.7 /index.php?g=User&m=Indexadmin&a=index
INFO: [ app_init ] --START--
INFO: Run Behavior\BuildLiteBehavior [ RunTime:0.000015s ]
INFO: Run Common\Behavior\InitHookBehavior [ RunTime:0.002057s ]
INFO: [ app_init ] --END-- [ RunTime:0.002455s ]
INFO: [ app_begin ] --START--
INFO: Run Behavior\ReadHtmlCacheBehavior [ RunTime:0.000580s ]
INFO: Run Behavior\CheckLangBehavior [ RunTime:0.001245s ]
INFO: Run Common\Behavior\UrldecodeGetBehavior [ RunTime:0.000350s ]
INFO: [ app_begin ] --END-- [ RunTime:0.002275s ]
INFO: [ admin_begin ] --START--
INFO: Run Common\Behavior\AdminDefaultLangBehavior [ RunTime:0.001441s ]
INFO: [ admin_begin ] --END-- [ RunTime:0.001491s ]
SQL: SHOW COLUMNS FROM `h2w_users` [ RunTime:0.0045s ]
SQL: SELECT * FROM `h2w_users` WHERE `id` = '6' LIMIT 1   [ RunTime:0.0003s ]
SQL: SHOW COLUMNS FROM `h2w_role_user` [ RunTime:0.0030s ]
SQL: SELECT `role_id` FROM h2w_role_user a INNER JOIN h2w_role as b on a.role_id =b.id  WHERE `user_id` = '6' AND `status` = 1  [ RunTime:0.0003s ]
SQL: SHOW COLUMNS FROM `h2w_auth_access` [ RunTime:0.0037s ]
SQL: SELECT * FROM h2w_auth_access a INNER JOIN h2w_auth_rule as b on a.rule_name =b.name  WHERE a.role_id IN ('10') AND b.name IN ('user/indexadmin/index')  [ RunTime:0.0005s ]
NOTIC: [8] Undefined index: user_status C:\www\xueshengapp\application\User\Controller\IndexadminController.class.php 第 28 行.
NOTIC: [8] Undefined index: num_last C:\www\xueshengapp\application\User\Controller\IndexadminController.class.php 第 36 行.
NOTIC: [8] Undefined index: num_next C:\www\xueshengapp\application\User\Controller\IndexadminController.class.php 第 37 行.
NOTIC: [8] Undefined index: start_time C:\www\xueshengapp\application\User\Controller\IndexadminController.class.php 第 45 行.
NOTIC: [8] Undefined index: end_time C:\www\xueshengapp\application\User\Controller\IndexadminController.class.php 第 46 行.
SQL: SELECT COUNT(*) AS tp_count FROM h2w_users u INNER JOIN h2w_school as s on s.id=u.school_id left join h2w_school_professional as p on p.id=u.specialty_id  WHERE u.user_type IN ('2','3') LIMIT 1   [ RunTime:0.0003s ]
SQL: SELECT u.*,s.type,s.school_name,p.pro_name FROM h2w_users u INNER JOIN h2w_school as s on s.id=u.school_id left join h2w_school_professional as p on p.id=u.specialty_id  WHERE u.user_type IN ('2','3') ORDER BY u.create_time DESC LIMIT 0,20   [ RunTime:0.0008s ]
SQL: SHOW COLUMNS FROM `h2w_options` [ RunTime:0.0094s ]
SQL: SELECT `option_value` FROM `h2w_options` WHERE `option_name` = 'cdn_settings' LIMIT 1   [ RunTime:0.0002s ]
INFO: [ view_parse ] --START--
INFO: [ template_filter ] --START--
INFO: Run Behavior\ContentReplaceBehavior [ RunTime:0.000082s ]
INFO: [ template_filter ] --END-- [ RunTime:0.000123s ]
INFO: Run Behavior\ParseTemplateBehavior [ RunTime:0.012714s ]
INFO: [ view_parse ] --END-- [ RunTime:0.012759s ]
INFO: [ view_filter ] --START--
INFO: Run Behavior\WriteHtmlCacheBehavior [ RunTime:0.000355s ]
INFO: Run Common\Behavior\TmplStripSpaceBehavior [ RunTime:0.000478s ]
INFO: [ view_filter ] --END-- [ RunTime:0.000889s ]
INFO: [ app_end ] --START--
INFO: Run Behavior\ShowPageTraceBehavior [ RunTime:0.000599s ]
INFO: [ app_end ] --END-- [ RunTime:0.000637s ]

[ 2018-12-24T16:53:02+08:00 ] 222.182.195.99 /index.php?g=User&m=Indexadmin&a=index
INFO: [ app_init ] --START--
INFO: Run Behavior\BuildLiteBehavior [ RunTime:0.000016s ]
INFO: Run Common\Behavior\InitHookBehavior [ RunTime:0.001761s ]
INFO: [ app_init ] --END-- [ RunTime:0.002139s ]
INFO: [ app_begin ] --START--
INFO: Run Behavior\ReadHtmlCacheBehavior [ RunTime:0.000535s ]
INFO: Run Behavior\CheckLangBehavior [ RunTime:0.001172s ]
INFO: Run Common\Behavior\UrldecodeGetBehavior [ RunTime:0.000465s ]
INFO: [ app_begin ] --END-- [ RunTime:0.002273s ]
INFO: [ admin_begin ] --START--
INFO: Run Common\Behavior\AdminDefaultLangBehavior [ RunTime:0.001527s ]
INFO: [ admin_begin ] --END-- [ RunTime:0.001582s ]
SQL: SHOW COLUMNS FROM `h2w_users` [ RunTime:0.0041s ]
SQL: SELECT * FROM `h2w_users` WHERE `id` = '6' LIMIT 1   [ RunTime:0.0004s ]
SQL: SHOW COLUMNS FROM `h2w_role_user` [ RunTime:0.0029s ]
SQL: SELECT `role_id` FROM h2w_role_user a INNER JOIN h2w_role as b on a.role_id =b.id  WHERE `user_id` = '6' AND `status` = 1  [ RunTime:0.0003s ]
SQL: SHOW COLUMNS FROM `h2w_auth_access` [ RunTime:0.0031s ]
SQL: SELECT * FROM h2w_auth_access a INNER JOIN h2w_auth_rule as b on a.rule_name =b.name  WHERE a.role_id IN ('10') AND b.name IN ('user/indexadmin/index')  [ RunTime:0.0004s ]
NOTIC: [8] Undefined index: user_status C:\www\xueshengapp\application\User\Controller\IndexadminController.class.php 第 28 行.
NOTIC: [8] Undefined index: num_last C:\www\xueshengapp\application\User\Controller\IndexadminController.class.php 第 36 行.
NOTIC: [8] Undefined index: num_next C:\www\xueshengapp\application\User\Controller\IndexadminController.class.php 第 37 行.
NOTIC: [8] Undefined index: start_time C:\www\xueshengapp\application\User\Controller\IndexadminController.class.php 第 45 行.
NOTIC: [8] Undefined index: end_time C:\www\xueshengapp\application\User\Controller\IndexadminController.class.php 第 46 行.
SQL: SELECT COUNT(*) AS tp_count FROM h2w_users u INNER JOIN h2w_school as s on s.id=u.school_id left join h2w_school_professional as p on p.id=u.specialty_id  WHERE u.user_type IN ('2','3') LIMIT 1   [ RunTime:0.0003s ]
SQL: SELECT u.*,s.type,s.school_name,p.pro_name FROM h2w_users u INNER JOIN h2w_school as s on s.id=u.school_id left join h2w_school_professional as p on p.id=u.specialty_id  WHERE u.user_type IN ('2','3') ORDER BY u.create_time DESC LIMIT 0,20   [ RunTime:0.0009s ]
SQL: SHOW COLUMNS FROM `h2w_options` [ RunTime:0.0032s ]
SQL: SELECT `option_value` FROM `h2w_options` WHERE `option_name` = 'cdn_settings' LIMIT 1   [ RunTime:0.0002s ]
INFO: [ view_parse ] --START--
INFO: [ template_filter ] --START--
INFO: Run Behavior\ContentReplaceBehavior [ RunTime:0.000081s ]
INFO: [ template_filter ] --END-- [ RunTime:0.000121s ]
INFO: Run Behavior\ParseTemplateBehavior [ RunTime:0.013715s ]
INFO: [ view_parse ] --END-- [ RunTime:0.013760s ]
INFO: [ view_filter ] --START--
INFO: Run Behavior\WriteHtmlCacheBehavior [ RunTime:0.000371s ]
INFO: Run Common\Behavior\TmplStripSpaceBehavior [ RunTime:0.000466s ]
INFO: [ view_filter ] --END-- [ RunTime:0.000900s ]
INFO: [ app_end ] --START--
INFO: Run Behavior\ShowPageTraceBehavior [ RunTime:0.000510s ]
INFO: [ app_end ] --END-- [ RunTime:0.000549s ]

