[ 2019-01-05T14:30:46+08:00 ] 223.104.248.9 /index.php?g=User&m=Indexadmin&a=index
INFO: [ app_init ] --START--
INFO: Run Behavior\BuildLiteBehavior [ RunTime:0.000015s ]
INFO: Run Common\Behavior\InitHookBehavior [ RunTime:0.002074s ]
INFO: [ app_init ] --END-- [ RunTime:0.002399s ]
INFO: [ app_begin ] --START--
INFO: Run Behavior\ReadHtmlCacheBehavior [ RunTime:0.000577s ]
INFO: Run Behavior\CheckLangBehavior [ RunTime:0.005169s ]
INFO: Run Common\Behavior\UrldecodeGetBehavior [ RunTime:0.000497s ]
INFO: [ app_begin ] --END-- [ RunTime:0.006350s ]
INFO: [ admin_begin ] --START--
INFO: Run Common\Behavior\AdminDefaultLangBehavior [ RunTime:0.003224s ]
INFO: [ admin_begin ] --END-- [ RunTime:0.003275s ]
SQL: SHOW COLUMNS FROM `h2w_users` [ RunTime:0.0055s ]
SQL: SELECT * FROM `h2w_users` WHERE `id` = '11' LIMIT 1   [ RunTime:0.0005s ]
SQL: SHOW COLUMNS FROM `h2w_role_user` [ RunTime:0.0030s ]
SQL: SELECT `role_id` FROM h2w_role_user a INNER JOIN h2w_role as b on a.role_id =b.id  WHERE `user_id` = '11' AND `status` = 1  [ RunTime:0.0003s ]
SQL: SHOW COLUMNS FROM `h2w_auth_access` [ RunTime:0.0031s ]
SQL: SELECT * FROM h2w_auth_access a INNER JOIN h2w_auth_rule as b on a.rule_name =b.name  WHERE a.role_id IN ('2') AND b.name IN ('user/indexadmin/index')  [ RunTime:0.0004s ]
NOTIC: [8] Undefined index: user_status C:\www\xueshengapp\application\User\Controller\IndexadminController.class.php 第 28 行.
NOTIC: [8] Undefined index: num_last C:\www\xueshengapp\application\User\Controller\IndexadminController.class.php 第 36 行.
NOTIC: [8] Undefined index: num_next C:\www\xueshengapp\application\User\Controller\IndexadminController.class.php 第 37 行.
NOTIC: [8] Undefined index: start_time C:\www\xueshengapp\application\User\Controller\IndexadminController.class.php 第 45 行.
NOTIC: [8] Undefined index: end_time C:\www\xueshengapp\application\User\Controller\IndexadminController.class.php 第 46 行.
SQL: SELECT COUNT(*) AS tp_count FROM h2w_users u INNER JOIN h2w_school as s on s.id=u.school_id left join h2w_school_professional as p on p.id=u.specialty_id  WHERE u.user_type IN ('2','3') LIMIT 1   [ RunTime:0.0016s ]
SQL: SELECT u.*,s.type,s.school_name,p.pro_name FROM h2w_users u INNER JOIN h2w_school as s on s.id=u.school_id left join h2w_school_professional as p on p.id=u.specialty_id  WHERE u.user_type IN ('2','3') ORDER BY u.create_time DESC LIMIT 0,20   [ RunTime:0.0008s ]
SQL: SHOW COLUMNS FROM `h2w_options` [ RunTime:0.0032s ]
SQL: SELECT `option_value` FROM `h2w_options` WHERE `option_name` = 'cdn_settings' LIMIT 1   [ RunTime:0.0002s ]
INFO: [ view_parse ] --START--
INFO: [ template_filter ] --START--
INFO: Run Behavior\ContentReplaceBehavior [ RunTime:0.000076s ]
INFO: [ template_filter ] --END-- [ RunTime:0.000116s ]
INFO: Run Behavior\ParseTemplateBehavior [ RunTime:0.012387s ]
INFO: [ view_parse ] --END-- [ RunTime:0.012439s ]
INFO: [ view_filter ] --START--
INFO: Run Behavior\WriteHtmlCacheBehavior [ RunTime:0.000327s ]
INFO: Run Common\Behavior\TmplStripSpaceBehavior [ RunTime:0.000478s ]
INFO: [ view_filter ] --END-- [ RunTime:0.000859s ]
INFO: [ app_end ] --START--
INFO: Run Behavior\ShowPageTraceBehavior [ RunTime:0.000482s ]
INFO: [ app_end ] --END-- [ RunTime:0.000522s ]

[ 2019-01-05T14:42:06+08:00 ] 58.17.206.121 /index.php?g=User&m=Indexadmin&a=index
INFO: [ app_init ] --START--
INFO: Run Behavior\BuildLiteBehavior [ RunTime:0.000017s ]
INFO: Run Common\Behavior\InitHookBehavior [ RunTime:0.001840s ]
INFO: [ app_init ] --END-- [ RunTime:0.002263s ]
INFO: [ app_begin ] --START--
INFO: Run Behavior\ReadHtmlCacheBehavior [ RunTime:0.000502s ]
INFO: Run Behavior\CheckLangBehavior [ RunTime:0.001209s ]
INFO: Run Common\Behavior\UrldecodeGetBehavior [ RunTime:0.000479s ]
INFO: [ app_begin ] --END-- [ RunTime:0.002288s ]
INFO: [ admin_begin ] --START--
INFO: Run Common\Behavior\AdminDefaultLangBehavior [ RunTime:0.001460s ]
INFO: [ admin_begin ] --END-- [ RunTime:0.001512s ]
SQL: SHOW COLUMNS FROM `h2w_users` [ RunTime:0.0060s ]
SQL: SELECT * FROM `h2w_users` WHERE `id` = '11' LIMIT 1   [ RunTime:0.0004s ]
SQL: SHOW COLUMNS FROM `h2w_role_user` [ RunTime:0.0029s ]
SQL: SELECT `role_id` FROM h2w_role_user a INNER JOIN h2w_role as b on a.role_id =b.id  WHERE `user_id` = '11' AND `status` = 1  [ RunTime:0.0004s ]
SQL: SHOW COLUMNS FROM `h2w_auth_access` [ RunTime:0.0035s ]
SQL: SELECT * FROM h2w_auth_access a INNER JOIN h2w_auth_rule as b on a.rule_name =b.name  WHERE a.role_id IN ('2') AND b.name IN ('user/indexadmin/index')  [ RunTime:0.0004s ]
NOTIC: [8] Undefined index: user_status C:\www\xueshengapp\application\User\Controller\IndexadminController.class.php 第 28 行.
NOTIC: [8] Undefined index: num_last C:\www\xueshengapp\application\User\Controller\IndexadminController.class.php 第 36 行.
NOTIC: [8] Undefined index: num_next C:\www\xueshengapp\application\User\Controller\IndexadminController.class.php 第 37 行.
NOTIC: [8] Undefined index: start_time C:\www\xueshengapp\application\User\Controller\IndexadminController.class.php 第 45 行.
NOTIC: [8] Undefined index: end_time C:\www\xueshengapp\application\User\Controller\IndexadminController.class.php 第 46 行.
SQL: SELECT COUNT(*) AS tp_count FROM h2w_users u INNER JOIN h2w_school as s on s.id=u.school_id left join h2w_school_professional as p on p.id=u.specialty_id  WHERE u.user_type IN ('2','3') LIMIT 1   [ RunTime:0.0011s ]
SQL: SELECT u.*,s.type,s.school_name,p.pro_name FROM h2w_users u INNER JOIN h2w_school as s on s.id=u.school_id left join h2w_school_professional as p on p.id=u.specialty_id  WHERE u.user_type IN ('2','3') ORDER BY u.create_time DESC LIMIT 0,20   [ RunTime:0.0008s ]
SQL: SHOW COLUMNS FROM `h2w_options` [ RunTime:0.0039s ]
SQL: SELECT `option_value` FROM `h2w_options` WHERE `option_name` = 'cdn_settings' LIMIT 1   [ RunTime:0.0002s ]
INFO: [ view_parse ] --START--
INFO: [ template_filter ] --START--
INFO: Run Behavior\ContentReplaceBehavior [ RunTime:0.000077s ]
INFO: [ template_filter ] --END-- [ RunTime:0.000117s ]
INFO: Run Behavior\ParseTemplateBehavior [ RunTime:0.012271s ]
INFO: [ view_parse ] --END-- [ RunTime:0.012331s ]
INFO: [ view_filter ] --START--
INFO: Run Behavior\WriteHtmlCacheBehavior [ RunTime:0.000349s ]
INFO: Run Common\Behavior\TmplStripSpaceBehavior [ RunTime:0.000485s ]
INFO: [ view_filter ] --END-- [ RunTime:0.000890s ]
INFO: [ app_end ] --START--
INFO: Run Behavior\ShowPageTraceBehavior [ RunTime:0.000500s ]
INFO: [ app_end ] --END-- [ RunTime:0.000541s ]

[ 2019-01-05T14:44:56+08:00 ] 58.17.206.121 /index.php?g=User&m=Indexadmin&a=index
INFO: [ app_init ] --START--
INFO: Run Behavior\BuildLiteBehavior [ RunTime:0.000015s ]
INFO: Run Common\Behavior\InitHookBehavior [ RunTime:0.001892s ]
INFO: [ app_init ] --END-- [ RunTime:0.002285s ]
INFO: [ app_begin ] --START--
INFO: Run Behavior\ReadHtmlCacheBehavior [ RunTime:0.000484s ]
INFO: Run Behavior\CheckLangBehavior [ RunTime:0.001233s ]
INFO: Run Common\Behavior\UrldecodeGetBehavior [ RunTime:0.000382s ]
INFO: [ app_begin ] --END-- [ RunTime:0.002264s ]
INFO: [ admin_begin ] --START--
INFO: Run Common\Behavior\AdminDefaultLangBehavior [ RunTime:0.001531s ]
INFO: [ admin_begin ] --END-- [ RunTime:0.001582s ]
SQL: SHOW COLUMNS FROM `h2w_users` [ RunTime:0.0042s ]
SQL: SELECT * FROM `h2w_users` WHERE `id` = '11' LIMIT 1   [ RunTime:0.0004s ]
SQL: SHOW COLUMNS FROM `h2w_role_user` [ RunTime:0.0028s ]
SQL: SELECT `role_id` FROM h2w_role_user a INNER JOIN h2w_role as b on a.role_id =b.id  WHERE `user_id` = '11' AND `status` = 1  [ RunTime:0.0004s ]
SQL: SHOW COLUMNS FROM `h2w_auth_access` [ RunTime:0.0040s ]
SQL: SELECT * FROM h2w_auth_access a INNER JOIN h2w_auth_rule as b on a.rule_name =b.name  WHERE a.role_id IN ('2') AND b.name IN ('user/indexadmin/index')  [ RunTime:0.0004s ]
NOTIC: [8] Undefined index: user_status C:\www\xueshengapp\application\User\Controller\IndexadminController.class.php 第 28 行.
NOTIC: [8] Undefined index: num_last C:\www\xueshengapp\application\User\Controller\IndexadminController.class.php 第 36 行.
NOTIC: [8] Undefined index: num_next C:\www\xueshengapp\application\User\Controller\IndexadminController.class.php 第 37 行.
NOTIC: [8] Undefined index: start_time C:\www\xueshengapp\application\User\Controller\IndexadminController.class.php 第 45 行.
NOTIC: [8] Undefined index: end_time C:\www\xueshengapp\application\User\Controller\IndexadminController.class.php 第 46 行.
SQL: SELECT COUNT(*) AS tp_count FROM h2w_users u INNER JOIN h2w_school as s on s.id=u.school_id left join h2w_school_professional as p on p.id=u.specialty_id  WHERE u.user_type IN ('2','3') LIMIT 1   [ RunTime:0.0003s ]
SQL: SELECT u.*,s.type,s.school_name,p.pro_name FROM h2w_users u INNER JOIN h2w_school as s on s.id=u.school_id left join h2w_school_professional as p on p.id=u.specialty_id  WHERE u.user_type IN ('2','3') ORDER BY u.create_time DESC LIMIT 0,20   [ RunTime:0.0007s ]
SQL: SHOW COLUMNS FROM `h2w_options` [ RunTime:0.0040s ]
SQL: SELECT `option_value` FROM `h2w_options` WHERE `option_name` = 'cdn_settings' LIMIT 1   [ RunTime:0.0003s ]
INFO: [ view_parse ] --START--
INFO: [ template_filter ] --START--
INFO: Run Behavior\ContentReplaceBehavior [ RunTime:0.000077s ]
INFO: [ template_filter ] --END-- [ RunTime:0.000116s ]
INFO: Run Behavior\ParseTemplateBehavior [ RunTime:0.011602s ]
INFO: [ view_parse ] --END-- [ RunTime:0.011660s ]
INFO: [ view_filter ] --START--
INFO: Run Behavior\WriteHtmlCacheBehavior [ RunTime:0.000331s ]
INFO: Run Common\Behavior\TmplStripSpaceBehavior [ RunTime:0.000448s ]
INFO: [ view_filter ] --END-- [ RunTime:0.000834s ]
INFO: [ app_end ] --START--
INFO: Run Behavior\ShowPageTraceBehavior [ RunTime:0.000541s ]
INFO: [ app_end ] --END-- [ RunTime:0.000591s ]

[ 2019-01-05T15:46:47+08:00 ] 27.14.253.85 /index.php?g=User&m=Indexadmin&a=index
INFO: [ app_init ] --START--
INFO: Run Behavior\BuildLiteBehavior [ RunTime:0.000016s ]
INFO: Run Common\Behavior\InitHookBehavior [ RunTime:0.001921s ]
INFO: [ app_init ] --END-- [ RunTime:0.002316s ]
INFO: [ app_begin ] --START--
INFO: Run Behavior\ReadHtmlCacheBehavior [ RunTime:0.000574s ]
INFO: Run Behavior\CheckLangBehavior [ RunTime:0.001299s ]
INFO: Run Common\Behavior\UrldecodeGetBehavior [ RunTime:0.000461s ]
INFO: [ app_begin ] --END-- [ RunTime:0.002449s ]
INFO: [ admin_begin ] --START--
INFO: Run Common\Behavior\AdminDefaultLangBehavior [ RunTime:0.001609s ]
INFO: [ admin_begin ] --END-- [ RunTime:0.001659s ]
SQL: SHOW COLUMNS FROM `h2w_users` [ RunTime:0.0047s ]
SQL: SELECT * FROM `h2w_users` WHERE `id` = '1' LIMIT 1   [ RunTime:0.0004s ]
NOTIC: [8] Undefined index: user_status C:\www\xueshengapp\application\User\Controller\IndexadminController.class.php 第 28 行.
NOTIC: [8] Undefined index: num_last C:\www\xueshengapp\application\User\Controller\IndexadminController.class.php 第 36 行.
NOTIC: [8] Undefined index: num_next C:\www\xueshengapp\application\User\Controller\IndexadminController.class.php 第 37 行.
NOTIC: [8] Undefined index: start_time C:\www\xueshengapp\application\User\Controller\IndexadminController.class.php 第 45 行.
NOTIC: [8] Undefined index: end_time C:\www\xueshengapp\application\User\Controller\IndexadminController.class.php 第 46 行.
SQL: SELECT COUNT(*) AS tp_count FROM h2w_users u INNER JOIN h2w_school as s on s.id=u.school_id left join h2w_school_professional as p on p.id=u.specialty_id  WHERE u.user_type IN ('2','3') LIMIT 1   [ RunTime:0.0004s ]
SQL: SELECT u.*,s.type,s.school_name,p.pro_name FROM h2w_users u INNER JOIN h2w_school as s on s.id=u.school_id left join h2w_school_professional as p on p.id=u.specialty_id  WHERE u.user_type IN ('2','3') ORDER BY u.create_time DESC LIMIT 0,20   [ RunTime:0.0008s ]
SQL: SHOW COLUMNS FROM `h2w_options` [ RunTime:0.0032s ]
SQL: SELECT `option_value` FROM `h2w_options` WHERE `option_name` = 'cdn_settings' LIMIT 1   [ RunTime:0.0002s ]
INFO: [ view_parse ] --START--
INFO: [ template_filter ] --START--
INFO: Run Behavior\ContentReplaceBehavior [ RunTime:0.000118s ]
INFO: [ template_filter ] --END-- [ RunTime:0.000157s ]
INFO: Run Behavior\ParseTemplateBehavior [ RunTime:0.011121s ]
INFO: [ view_parse ] --END-- [ RunTime:0.011172s ]
INFO: [ view_filter ] --START--
INFO: Run Behavior\WriteHtmlCacheBehavior [ RunTime:0.000415s ]
INFO: Run Common\Behavior\TmplStripSpaceBehavior [ RunTime:0.000492s ]
INFO: [ view_filter ] --END-- [ RunTime:0.000964s ]
INFO: [ app_end ] --START--
INFO: Run Behavior\ShowPageTraceBehavior [ RunTime:0.000623s ]
INFO: [ app_end ] --END-- [ RunTime:0.000671s ]

[ 2019-01-05T15:49:42+08:00 ] 27.14.253.85 /index.php?g=User&m=Indexadmin&a=index
INFO: [ app_init ] --START--
INFO: Run Behavior\BuildLiteBehavior [ RunTime:0.000015s ]
INFO: Run Common\Behavior\InitHookBehavior [ RunTime:0.001874s ]
INFO: [ app_init ] --END-- [ RunTime:0.002300s ]
INFO: [ app_begin ] --START--
INFO: Run Behavior\ReadHtmlCacheBehavior [ RunTime:0.000586s ]
INFO: Run Behavior\CheckLangBehavior [ RunTime:0.001673s ]
INFO: Run Common\Behavior\UrldecodeGetBehavior [ RunTime:0.000550s ]
INFO: [ app_begin ] --END-- [ RunTime:0.002933s ]
INFO: [ admin_begin ] --START--
INFO: Run Common\Behavior\AdminDefaultLangBehavior [ RunTime:0.001511s ]
INFO: [ admin_begin ] --END-- [ RunTime:0.001565s ]
SQL: SHOW COLUMNS FROM `h2w_users` [ RunTime:0.0067s ]
SQL: SELECT * FROM `h2w_users` WHERE `id` = '1' LIMIT 1   [ RunTime:0.0005s ]
NOTIC: [8] Undefined index: user_status C:\www\xueshengapp\application\User\Controller\IndexadminController.class.php 第 28 行.
NOTIC: [8] Undefined index: num_last C:\www\xueshengapp\application\User\Controller\IndexadminController.class.php 第 36 行.
NOTIC: [8] Undefined index: num_next C:\www\xueshengapp\application\User\Controller\IndexadminController.class.php 第 37 行.
NOTIC: [8] Undefined index: start_time C:\www\xueshengapp\application\User\Controller\IndexadminController.class.php 第 45 行.
NOTIC: [8] Undefined index: end_time C:\www\xueshengapp\application\User\Controller\IndexadminController.class.php 第 46 行.
SQL: SELECT COUNT(*) AS tp_count FROM h2w_users u INNER JOIN h2w_school as s on s.id=u.school_id left join h2w_school_professional as p on p.id=u.specialty_id  WHERE u.user_type IN ('2','3') LIMIT 1   [ RunTime:0.0008s ]
SQL: SELECT u.*,s.type,s.school_name,p.pro_name FROM h2w_users u INNER JOIN h2w_school as s on s.id=u.school_id left join h2w_school_professional as p on p.id=u.specialty_id  WHERE u.user_type IN ('2','3') ORDER BY u.create_time DESC LIMIT 0,20   [ RunTime:0.0009s ]
SQL: SHOW COLUMNS FROM `h2w_options` [ RunTime:0.0032s ]
SQL: SELECT `option_value` FROM `h2w_options` WHERE `option_name` = 'cdn_settings' LIMIT 1   [ RunTime:0.0002s ]
INFO: [ view_parse ] --START--
INFO: [ template_filter ] --START--
INFO: Run Behavior\ContentReplaceBehavior [ RunTime:0.000100s ]
INFO: [ template_filter ] --END-- [ RunTime:0.000152s ]
INFO: Run Behavior\ParseTemplateBehavior [ RunTime:0.011879s ]
INFO: [ view_parse ] --END-- [ RunTime:0.011925s ]
INFO: [ view_filter ] --START--
INFO: Run Behavior\WriteHtmlCacheBehavior [ RunTime:0.000406s ]
INFO: Run Common\Behavior\TmplStripSpaceBehavior [ RunTime:0.000444s ]
INFO: [ view_filter ] --END-- [ RunTime:0.000904s ]
INFO: [ app_end ] --START--
INFO: Run Behavior\ShowPageTraceBehavior [ RunTime:0.000581s ]
INFO: [ app_end ] --END-- [ RunTime:0.000622s ]

[ 2019-01-05T16:26:56+08:00 ] 27.14.253.85 /index.php?g=User&m=Indexadmin&a=index
INFO: [ app_init ] --START--
INFO: Run Behavior\BuildLiteBehavior [ RunTime:0.000015s ]
INFO: Run Common\Behavior\InitHookBehavior [ RunTime:0.001749s ]
INFO: [ app_init ] --END-- [ RunTime:0.002095s ]
INFO: [ app_begin ] --START--
INFO: Run Behavior\ReadHtmlCacheBehavior [ RunTime:0.000426s ]
INFO: Run Behavior\CheckLangBehavior [ RunTime:0.001478s ]
INFO: Run Common\Behavior\UrldecodeGetBehavior [ RunTime:0.000369s ]
INFO: [ app_begin ] --END-- [ RunTime:0.002396s ]
INFO: [ admin_begin ] --START--
INFO: Run Common\Behavior\AdminDefaultLangBehavior [ RunTime:0.001678s ]
INFO: [ admin_begin ] --END-- [ RunTime:0.001738s ]
SQL: SHOW COLUMNS FROM `h2w_users` [ RunTime:0.0037s ]
SQL: SELECT * FROM `h2w_users` WHERE `id` = '1' LIMIT 1   [ RunTime:0.0003s ]
NOTIC: [8] Undefined index: user_status C:\www\xueshengapp\application\User\Controller\IndexadminController.class.php 第 28 行.
NOTIC: [8] Undefined index: num_last C:\www\xueshengapp\application\User\Controller\IndexadminController.class.php 第 36 行.
NOTIC: [8] Undefined index: num_next C:\www\xueshengapp\application\User\Controller\IndexadminController.class.php 第 37 行.
NOTIC: [8] Undefined index: start_time C:\www\xueshengapp\application\User\Controller\IndexadminController.class.php 第 45 行.
NOTIC: [8] Undefined index: end_time C:\www\xueshengapp\application\User\Controller\IndexadminController.class.php 第 46 行.
SQL: SELECT COUNT(*) AS tp_count FROM h2w_users u INNER JOIN h2w_school as s on s.id=u.school_id left join h2w_school_professional as p on p.id=u.specialty_id  WHERE u.user_type IN ('2','3') LIMIT 1   [ RunTime:0.0004s ]
SQL: SELECT u.*,s.type,s.school_name,p.pro_name FROM h2w_users u INNER JOIN h2w_school as s on s.id=u.school_id left join h2w_school_professional as p on p.id=u.specialty_id  WHERE u.user_type IN ('2','3') ORDER BY u.create_time DESC LIMIT 0,20   [ RunTime:0.0013s ]
SQL: SHOW COLUMNS FROM `h2w_options` [ RunTime:0.0042s ]
SQL: SELECT `option_value` FROM `h2w_options` WHERE `option_name` = 'cdn_settings' LIMIT 1   [ RunTime:0.0003s ]
INFO: [ view_parse ] --START--
INFO: [ template_filter ] --START--
INFO: Run Behavior\ContentReplaceBehavior [ RunTime:0.000104s ]
INFO: [ template_filter ] --END-- [ RunTime:0.000162s ]
INFO: Run Behavior\ParseTemplateBehavior [ RunTime:0.012885s ]
INFO: [ view_parse ] --END-- [ RunTime:0.012938s ]
INFO: [ view_filter ] --START--
INFO: Run Behavior\WriteHtmlCacheBehavior [ RunTime:0.000461s ]
INFO: Run Common\Behavior\TmplStripSpaceBehavior [ RunTime:0.000522s ]
INFO: [ view_filter ] --END-- [ RunTime:0.001068s ]
INFO: [ app_end ] --START--
INFO: Run Behavior\ShowPageTraceBehavior [ RunTime:0.000695s ]
INFO: [ app_end ] --END-- [ RunTime:0.000745s ]

[ 2019-01-05T16:35:02+08:00 ] 27.14.253.85 /index.php?g=User&m=Indexadmin&a=index
INFO: [ app_init ] --START--
INFO: Run Behavior\BuildLiteBehavior [ RunTime:0.000015s ]
INFO: Run Common\Behavior\InitHookBehavior [ RunTime:0.001413s ]
INFO: [ app_init ] --END-- [ RunTime:0.001766s ]
INFO: [ app_begin ] --START--
INFO: Run Behavior\ReadHtmlCacheBehavior [ RunTime:0.000427s ]
INFO: Run Behavior\CheckLangBehavior [ RunTime:0.001037s ]
INFO: Run Common\Behavior\UrldecodeGetBehavior [ RunTime:0.000285s ]
INFO: [ app_begin ] --END-- [ RunTime:0.001854s ]
INFO: [ admin_begin ] --START--
INFO: Run Common\Behavior\AdminDefaultLangBehavior [ RunTime:0.001420s ]
INFO: [ admin_begin ] --END-- [ RunTime:0.001489s ]
SQL: SHOW COLUMNS FROM `h2w_users` [ RunTime:0.0060s ]
SQL: SELECT * FROM `h2w_users` WHERE `id` = '1' LIMIT 1   [ RunTime:0.0004s ]
NOTIC: [8] Undefined index: user_status C:\www\xueshengapp\application\User\Controller\IndexadminController.class.php 第 28 行.
NOTIC: [8] Undefined index: num_last C:\www\xueshengapp\application\User\Controller\IndexadminController.class.php 第 36 行.
NOTIC: [8] Undefined index: num_next C:\www\xueshengapp\application\User\Controller\IndexadminController.class.php 第 37 行.
NOTIC: [8] Undefined index: start_time C:\www\xueshengapp\application\User\Controller\IndexadminController.class.php 第 45 行.
NOTIC: [8] Undefined index: end_time C:\www\xueshengapp\application\User\Controller\IndexadminController.class.php 第 46 行.
SQL: SELECT COUNT(*) AS tp_count FROM h2w_users u INNER JOIN h2w_school as s on s.id=u.school_id left join h2w_school_professional as p on p.id=u.specialty_id  WHERE u.user_type IN ('2','3') LIMIT 1   [ RunTime:0.0004s ]
SQL: SELECT u.*,s.type,s.school_name,p.pro_name FROM h2w_users u INNER JOIN h2w_school as s on s.id=u.school_id left join h2w_school_professional as p on p.id=u.specialty_id  WHERE u.user_type IN ('2','3') ORDER BY u.create_time DESC LIMIT 0,20   [ RunTime:0.0009s ]
SQL: SHOW COLUMNS FROM `h2w_options` [ RunTime:0.0031s ]
SQL: SELECT `option_value` FROM `h2w_options` WHERE `option_name` = 'cdn_settings' LIMIT 1   [ RunTime:0.0002s ]
INFO: [ view_parse ] --START--
INFO: [ template_filter ] --START--
INFO: Run Behavior\ContentReplaceBehavior [ RunTime:0.000076s ]
INFO: [ template_filter ] --END-- [ RunTime:0.000116s ]
INFO: Run Behavior\ParseTemplateBehavior [ RunTime:0.011631s ]
INFO: [ view_parse ] --END-- [ RunTime:0.011677s ]
INFO: [ view_filter ] --START--
INFO: Run Behavior\WriteHtmlCacheBehavior [ RunTime:0.000381s ]
INFO: Run Common\Behavior\TmplStripSpaceBehavior [ RunTime:0.000402s ]
INFO: [ view_filter ] --END-- [ RunTime:0.000838s ]
INFO: [ app_end ] --START--
INFO: Run Behavior\ShowPageTraceBehavior [ RunTime:0.000515s ]
INFO: [ app_end ] --END-- [ RunTime:0.000557s ]

[ 2019-01-05T16:35:14+08:00 ] 27.14.253.85 /index.php?g=User&m=Indexadmin&a=index
INFO: [ app_init ] --START--
INFO: Run Behavior\BuildLiteBehavior [ RunTime:0.000015s ]
INFO: Run Common\Behavior\InitHookBehavior [ RunTime:0.001482s ]
INFO: [ app_init ] --END-- [ RunTime:0.001820s ]
INFO: [ app_begin ] --START--
INFO: Run Behavior\ReadHtmlCacheBehavior [ RunTime:0.000570s ]
INFO: Run Behavior\CheckLangBehavior [ RunTime:0.001404s ]
INFO: Run Common\Behavior\UrldecodeGetBehavior [ RunTime:0.000387s ]
INFO: [ app_begin ] --END-- [ RunTime:0.002496s ]
INFO: [ admin_begin ] --START--
INFO: Run Common\Behavior\AdminDefaultLangBehavior [ RunTime:0.001567s ]
INFO: [ admin_begin ] --END-- [ RunTime:0.001639s ]
SQL: SHOW COLUMNS FROM `h2w_users` [ RunTime:0.0042s ]
SQL: SELECT * FROM `h2w_users` WHERE `id` = '1' LIMIT 1   [ RunTime:0.0004s ]
NOTIC: [8] Undefined index: user_status C:\www\xueshengapp\application\User\Controller\IndexadminController.class.php 第 28 行.
NOTIC: [8] Undefined index: num_last C:\www\xueshengapp\application\User\Controller\IndexadminController.class.php 第 36 行.
NOTIC: [8] Undefined index: num_next C:\www\xueshengapp\application\User\Controller\IndexadminController.class.php 第 37 行.
NOTIC: [8] Undefined index: start_time C:\www\xueshengapp\application\User\Controller\IndexadminController.class.php 第 45 行.
NOTIC: [8] Undefined index: end_time C:\www\xueshengapp\application\User\Controller\IndexadminController.class.php 第 46 行.
SQL: SELECT COUNT(*) AS tp_count FROM h2w_users u INNER JOIN h2w_school as s on s.id=u.school_id left join h2w_school_professional as p on p.id=u.specialty_id  WHERE u.user_type IN ('2','3') LIMIT 1   [ RunTime:0.0004s ]
SQL: SELECT u.*,s.type,s.school_name,p.pro_name FROM h2w_users u INNER JOIN h2w_school as s on s.id=u.school_id left join h2w_school_professional as p on p.id=u.specialty_id  WHERE u.user_type IN ('2','3') ORDER BY u.create_time DESC LIMIT 0,20   [ RunTime:0.0010s ]
SQL: SHOW COLUMNS FROM `h2w_options` [ RunTime:0.0036s ]
SQL: SELECT `option_value` FROM `h2w_options` WHERE `option_name` = 'cdn_settings' LIMIT 1   [ RunTime:0.0002s ]
INFO: [ view_parse ] --START--
INFO: [ template_filter ] --START--
INFO: Run Behavior\ContentReplaceBehavior [ RunTime:0.000076s ]
INFO: [ template_filter ] --END-- [ RunTime:0.000114s ]
INFO: Run Behavior\ParseTemplateBehavior [ RunTime:0.012746s ]
INFO: [ view_parse ] --END-- [ RunTime:0.012798s ]
INFO: [ view_filter ] --START--
INFO: Run Behavior\WriteHtmlCacheBehavior [ RunTime:0.000415s ]
INFO: Run Common\Behavior\TmplStripSpaceBehavior [ RunTime:0.000366s ]
INFO: [ view_filter ] --END-- [ RunTime:0.000836s ]
INFO: [ app_end ] --START--
INFO: Run Behavior\ShowPageTraceBehavior [ RunTime:0.000628s ]
INFO: [ app_end ] --END-- [ RunTime:0.000670s ]

[ 2019-01-05T16:58:40+08:00 ] 27.14.253.85 /index.php?g=User&m=Indexadmin&a=index
INFO: [ app_init ] --START--
INFO: Run Behavior\BuildLiteBehavior [ RunTime:0.000016s ]
INFO: Run Common\Behavior\InitHookBehavior [ RunTime:0.001576s ]
INFO: [ app_init ] --END-- [ RunTime:0.001943s ]
INFO: [ app_begin ] --START--
INFO: Run Behavior\ReadHtmlCacheBehavior [ RunTime:0.000503s ]
INFO: Run Behavior\CheckLangBehavior [ RunTime:0.001520s ]
INFO: Run Common\Behavior\UrldecodeGetBehavior [ RunTime:0.000451s ]
INFO: [ app_begin ] --END-- [ RunTime:0.002588s ]
INFO: [ admin_begin ] --START--
INFO: Run Common\Behavior\AdminDefaultLangBehavior [ RunTime:0.001327s ]
INFO: [ admin_begin ] --END-- [ RunTime:0.001378s ]
SQL: SHOW COLUMNS FROM `h2w_users` [ RunTime:0.0045s ]
SQL: SELECT * FROM `h2w_users` WHERE `id` = '1' LIMIT 1   [ RunTime:0.0004s ]
NOTIC: [8] Undefined index: user_status C:\www\xueshengapp\application\User\Controller\IndexadminController.class.php 第 28 行.
NOTIC: [8] Undefined index: num_last C:\www\xueshengapp\application\User\Controller\IndexadminController.class.php 第 36 行.
NOTIC: [8] Undefined index: num_next C:\www\xueshengapp\application\User\Controller\IndexadminController.class.php 第 37 行.
NOTIC: [8] Undefined index: start_time C:\www\xueshengapp\application\User\Controller\IndexadminController.class.php 第 45 行.
NOTIC: [8] Undefined index: end_time C:\www\xueshengapp\application\User\Controller\IndexadminController.class.php 第 46 行.
SQL: SELECT COUNT(*) AS tp_count FROM h2w_users u INNER JOIN h2w_school as s on s.id=u.school_id left join h2w_school_professional as p on p.id=u.specialty_id  WHERE u.user_type IN ('2','3') LIMIT 1   [ RunTime:0.0004s ]
SQL: SELECT u.*,s.type,s.school_name,p.pro_name FROM h2w_users u INNER JOIN h2w_school as s on s.id=u.school_id left join h2w_school_professional as p on p.id=u.specialty_id  WHERE u.user_type IN ('2','3') ORDER BY u.create_time DESC LIMIT 0,20   [ RunTime:0.0011s ]
SQL: SHOW COLUMNS FROM `h2w_options` [ RunTime:0.0037s ]
SQL: SELECT `option_value` FROM `h2w_options` WHERE `option_name` = 'cdn_settings' LIMIT 1   [ RunTime:0.0002s ]
INFO: [ view_parse ] --START--
INFO: [ template_filter ] --START--
INFO: Run Behavior\ContentReplaceBehavior [ RunTime:0.000089s ]
INFO: [ template_filter ] --END-- [ RunTime:0.000131s ]
INFO: Run Behavior\ParseTemplateBehavior [ RunTime:0.021217s ]
INFO: [ view_parse ] --END-- [ RunTime:0.021265s ]
INFO: [ view_filter ] --START--
INFO: Run Behavior\WriteHtmlCacheBehavior [ RunTime:0.000444s ]
INFO: Run Common\Behavior\TmplStripSpaceBehavior [ RunTime:0.000461s ]
INFO: [ view_filter ] --END-- [ RunTime:0.000968s ]
INFO: [ app_end ] --START--
INFO: Run Behavior\ShowPageTraceBehavior [ RunTime:0.000527s ]
INFO: [ app_end ] --END-- [ RunTime:0.000565s ]

[ 2019-01-05T17:04:51+08:00 ] 27.14.253.85 /index.php?g=User&m=Indexadmin&a=index
INFO: [ app_init ] --START--
INFO: Run Behavior\BuildLiteBehavior [ RunTime:0.000014s ]
INFO: Run Common\Behavior\InitHookBehavior [ RunTime:0.001910s ]
INFO: [ app_init ] --END-- [ RunTime:0.002292s ]
INFO: [ app_begin ] --START--
INFO: Run Behavior\ReadHtmlCacheBehavior [ RunTime:0.000455s ]
INFO: Run Behavior\CheckLangBehavior [ RunTime:0.001169s ]
INFO: Run Common\Behavior\UrldecodeGetBehavior [ RunTime:0.000335s ]
INFO: [ app_begin ] --END-- [ RunTime:0.002063s ]
INFO: [ admin_begin ] --START--
INFO: Run Common\Behavior\AdminDefaultLangBehavior [ RunTime:0.001352s ]
INFO: [ admin_begin ] --END-- [ RunTime:0.001406s ]
SQL: SHOW COLUMNS FROM `h2w_users` [ RunTime:0.0043s ]
SQL: SELECT * FROM `h2w_users` WHERE `id` = '1' LIMIT 1   [ RunTime:0.0004s ]
NOTIC: [8] Undefined index: user_status C:\www\xueshengapp\application\User\Controller\IndexadminController.class.php 第 28 行.
NOTIC: [8] Undefined index: num_last C:\www\xueshengapp\application\User\Controller\IndexadminController.class.php 第 36 行.
NOTIC: [8] Undefined index: num_next C:\www\xueshengapp\application\User\Controller\IndexadminController.class.php 第 37 行.
NOTIC: [8] Undefined index: start_time C:\www\xueshengapp\application\User\Controller\IndexadminController.class.php 第 45 行.
NOTIC: [8] Undefined index: end_time C:\www\xueshengapp\application\User\Controller\IndexadminController.class.php 第 46 行.
SQL: SELECT COUNT(*) AS tp_count FROM h2w_users u INNER JOIN h2w_school as s on s.id=u.school_id left join h2w_school_professional as p on p.id=u.specialty_id  WHERE u.user_type IN ('2','3') LIMIT 1   [ RunTime:0.0004s ]
SQL: SELECT u.*,s.type,s.school_name,p.pro_name FROM h2w_users u INNER JOIN h2w_school as s on s.id=u.school_id left join h2w_school_professional as p on p.id=u.specialty_id  WHERE u.user_type IN ('2','3') ORDER BY u.create_time DESC LIMIT 0,20   [ RunTime:0.0011s ]
SQL: SHOW COLUMNS FROM `h2w_options` [ RunTime:0.0041s ]
SQL: SELECT `option_value` FROM `h2w_options` WHERE `option_name` = 'cdn_settings' LIMIT 1   [ RunTime:0.0003s ]
INFO: [ view_parse ] --START--
INFO: [ template_filter ] --START--
INFO: Run Behavior\ContentReplaceBehavior [ RunTime:0.000085s ]
INFO: [ template_filter ] --END-- [ RunTime:0.000126s ]
INFO: Run Behavior\ParseTemplateBehavior [ RunTime:0.024304s ]
INFO: [ view_parse ] --END-- [ RunTime:0.024352s ]
INFO: [ view_filter ] --START--
INFO: Run Behavior\WriteHtmlCacheBehavior [ RunTime:0.000375s ]
INFO: Run Common\Behavior\TmplStripSpaceBehavior [ RunTime:0.000389s ]
INFO: [ view_filter ] --END-- [ RunTime:0.000828s ]
INFO: [ app_end ] --START--
INFO: Run Behavior\ShowPageTraceBehavior [ RunTime:0.000501s ]
INFO: [ app_end ] --END-- [ RunTime:0.000540s ]

[ 2019-01-05T17:07:52+08:00 ] 27.14.253.85 /index.php?g=User&m=Indexadmin&a=index
INFO: [ app_init ] --START--
INFO: Run Behavior\BuildLiteBehavior [ RunTime:0.000015s ]
INFO: Run Common\Behavior\InitHookBehavior [ RunTime:0.001330s ]
INFO: [ app_init ] --END-- [ RunTime:0.001657s ]
INFO: [ app_begin ] --START--
INFO: Run Behavior\ReadHtmlCacheBehavior [ RunTime:0.000431s ]
INFO: Run Behavior\CheckLangBehavior [ RunTime:0.001172s ]
INFO: Run Common\Behavior\UrldecodeGetBehavior [ RunTime:0.000285s ]
INFO: [ app_begin ] --END-- [ RunTime:0.001986s ]
INFO: [ admin_begin ] --START--
INFO: Run Common\Behavior\AdminDefaultLangBehavior [ RunTime:0.001365s ]
INFO: [ admin_begin ] --END-- [ RunTime:0.001425s ]
SQL: SHOW COLUMNS FROM `h2w_users` [ RunTime:0.0051s ]
SQL: SELECT * FROM `h2w_users` WHERE `id` = '1' LIMIT 1   [ RunTime:0.0004s ]
NOTIC: [8] Undefined index: user_status C:\www\xueshengapp\application\User\Controller\IndexadminController.class.php 第 28 行.
NOTIC: [8] Undefined index: num_last C:\www\xueshengapp\application\User\Controller\IndexadminController.class.php 第 36 行.
NOTIC: [8] Undefined index: num_next C:\www\xueshengapp\application\User\Controller\IndexadminController.class.php 第 37 行.
NOTIC: [8] Undefined index: start_time C:\www\xueshengapp\application\User\Controller\IndexadminController.class.php 第 45 行.
NOTIC: [8] Undefined index: end_time C:\www\xueshengapp\application\User\Controller\IndexadminController.class.php 第 46 行.
SQL: SELECT COUNT(*) AS tp_count FROM h2w_users u INNER JOIN h2w_school as s on s.id=u.school_id left join h2w_school_professional as p on p.id=u.specialty_id  WHERE u.user_type IN ('2','3') LIMIT 1   [ RunTime:0.0004s ]
SQL: SELECT u.*,s.type,s.school_name,p.pro_name FROM h2w_users u INNER JOIN h2w_school as s on s.id=u.school_id left join h2w_school_professional as p on p.id=u.specialty_id  WHERE u.user_type IN ('2','3') ORDER BY u.create_time DESC LIMIT 0,20   [ RunTime:0.0011s ]
SQL: SHOW COLUMNS FROM `h2w_options` [ RunTime:0.0030s ]
SQL: SELECT `option_value` FROM `h2w_options` WHERE `option_name` = 'cdn_settings' LIMIT 1   [ RunTime:0.0002s ]
INFO: [ view_parse ] --START--
INFO: [ template_filter ] --START--
INFO: Run Behavior\ContentReplaceBehavior [ RunTime:0.000116s ]
INFO: [ template_filter ] --END-- [ RunTime:0.000170s ]
INFO: Run Behavior\ParseTemplateBehavior [ RunTime:0.014860s ]
INFO: [ view_parse ] --END-- [ RunTime:0.014975s ]
INFO: [ view_filter ] --START--
INFO: Run Behavior\WriteHtmlCacheBehavior [ RunTime:0.000377s ]
INFO: Run Common\Behavior\TmplStripSpaceBehavior [ RunTime:0.000391s ]
INFO: [ view_filter ] --END-- [ RunTime:0.000831s ]
INFO: [ app_end ] --START--
INFO: Run Behavior\ShowPageTraceBehavior [ RunTime:0.000542s ]
INFO: [ app_end ] --END-- [ RunTime:0.000586s ]

[ 2019-01-05T17:13:45+08:00 ] 27.14.253.85 /index.php?g=User&m=Indexadmin&a=index
INFO: [ app_init ] --START--
INFO: Run Behavior\BuildLiteBehavior [ RunTime:0.000021s ]
INFO: Run Common\Behavior\InitHookBehavior [ RunTime:0.001377s ]
INFO: [ app_init ] --END-- [ RunTime:0.001827s ]
INFO: [ app_begin ] --START--
INFO: Run Behavior\ReadHtmlCacheBehavior [ RunTime:0.000401s ]
INFO: Run Behavior\CheckLangBehavior [ RunTime:0.001041s ]
INFO: Run Common\Behavior\UrldecodeGetBehavior [ RunTime:0.000289s ]
INFO: [ app_begin ] --END-- [ RunTime:0.001836s ]
INFO: [ admin_begin ] --START--
INFO: Run Common\Behavior\AdminDefaultLangBehavior [ RunTime:0.001441s ]
INFO: [ admin_begin ] --END-- [ RunTime:0.001501s ]
SQL: SHOW COLUMNS FROM `h2w_users` [ RunTime:0.0046s ]
SQL: SELECT * FROM `h2w_users` WHERE `id` = '1' LIMIT 1   [ RunTime:0.0004s ]
NOTIC: [8] Undefined index: user_status C:\www\xueshengapp\application\User\Controller\IndexadminController.class.php 第 28 行.
NOTIC: [8] Undefined index: num_last C:\www\xueshengapp\application\User\Controller\IndexadminController.class.php 第 36 行.
NOTIC: [8] Undefined index: num_next C:\www\xueshengapp\application\User\Controller\IndexadminController.class.php 第 37 行.
NOTIC: [8] Undefined index: start_time C:\www\xueshengapp\application\User\Controller\IndexadminController.class.php 第 45 行.
NOTIC: [8] Undefined index: end_time C:\www\xueshengapp\application\User\Controller\IndexadminController.class.php 第 46 行.
SQL: SELECT COUNT(*) AS tp_count FROM h2w_users u INNER JOIN h2w_school as s on s.id=u.school_id left join h2w_school_professional as p on p.id=u.specialty_id  WHERE u.user_type IN ('2','3') LIMIT 1   [ RunTime:0.0005s ]
SQL: SELECT u.*,s.type,s.school_name,p.pro_name FROM h2w_users u INNER JOIN h2w_school as s on s.id=u.school_id left join h2w_school_professional as p on p.id=u.specialty_id  WHERE u.user_type IN ('2','3') ORDER BY u.create_time DESC LIMIT 0,20   [ RunTime:0.0010s ]
SQL: SHOW COLUMNS FROM `h2w_options` [ RunTime:0.0036s ]
SQL: SELECT `option_value` FROM `h2w_options` WHERE `option_name` = 'cdn_settings' LIMIT 1   [ RunTime:0.0003s ]
INFO: [ view_parse ] --START--
INFO: [ template_filter ] --START--
INFO: Run Behavior\ContentReplaceBehavior [ RunTime:0.000115s ]
INFO: [ template_filter ] --END-- [ RunTime:0.000169s ]
INFO: Run Behavior\ParseTemplateBehavior [ RunTime:0.011691s ]
INFO: [ view_parse ] --END-- [ RunTime:0.011741s ]
INFO: [ view_filter ] --START--
INFO: Run Behavior\WriteHtmlCacheBehavior [ RunTime:0.000336s ]
INFO: Run Common\Behavior\TmplStripSpaceBehavior [ RunTime:0.000347s ]
INFO: [ view_filter ] --END-- [ RunTime:0.000742s ]
INFO: [ app_end ] --START--
INFO: Run Behavior\ShowPageTraceBehavior [ RunTime:0.000524s ]
INFO: [ app_end ] --END-- [ RunTime:0.000565s ]

[ 2019-01-05T17:33:21+08:00 ] 27.14.253.85 /index.php?g=User&m=Indexadmin&a=index
INFO: [ app_init ] --START--
INFO: Run Behavior\BuildLiteBehavior [ RunTime:0.000021s ]
INFO: Run Common\Behavior\InitHookBehavior [ RunTime:0.002065s ]
INFO: [ app_init ] --END-- [ RunTime:0.002559s ]
INFO: [ app_begin ] --START--
INFO: Run Behavior\ReadHtmlCacheBehavior [ RunTime:0.000604s ]
INFO: Run Behavior\CheckLangBehavior [ RunTime:0.001721s ]
INFO: Run Common\Behavior\UrldecodeGetBehavior [ RunTime:0.000372s ]
INFO: [ app_begin ] --END-- [ RunTime:0.002872s ]
INFO: [ admin_begin ] --START--
INFO: Run Common\Behavior\AdminDefaultLangBehavior [ RunTime:0.001199s ]
INFO: [ admin_begin ] --END-- [ RunTime:0.001252s ]
SQL: SHOW COLUMNS FROM `h2w_users` [ RunTime:0.0066s ]
SQL: SELECT * FROM `h2w_users` WHERE `id` = '1' LIMIT 1   [ RunTime:0.0004s ]
NOTIC: [8] Undefined index: user_status C:\www\xueshengapp\application\User\Controller\IndexadminController.class.php 第 28 行.
NOTIC: [8] Undefined index: num_last C:\www\xueshengapp\application\User\Controller\IndexadminController.class.php 第 36 行.
NOTIC: [8] Undefined index: num_next C:\www\xueshengapp\application\User\Controller\IndexadminController.class.php 第 37 行.
NOTIC: [8] Undefined index: start_time C:\www\xueshengapp\application\User\Controller\IndexadminController.class.php 第 45 行.
NOTIC: [8] Undefined index: end_time C:\www\xueshengapp\application\User\Controller\IndexadminController.class.php 第 46 行.
SQL: SELECT COUNT(*) AS tp_count FROM h2w_users u INNER JOIN h2w_school as s on s.id=u.school_id left join h2w_school_professional as p on p.id=u.specialty_id  WHERE u.user_type IN ('2','3') LIMIT 1   [ RunTime:0.0003s ]
SQL: SELECT u.*,s.type,s.school_name,p.pro_name FROM h2w_users u INNER JOIN h2w_school as s on s.id=u.school_id left join h2w_school_professional as p on p.id=u.specialty_id  WHERE u.user_type IN ('2','3') ORDER BY u.create_time DESC LIMIT 0,20   [ RunTime:0.0010s ]
SQL: SHOW COLUMNS FROM `h2w_options` [ RunTime:0.0107s ]
SQL: SELECT `option_value` FROM `h2w_options` WHERE `option_name` = 'cdn_settings' LIMIT 1   [ RunTime:0.0002s ]
INFO: [ view_parse ] --START--
INFO: [ template_filter ] --START--
INFO: Run Behavior\ContentReplaceBehavior [ RunTime:0.000081s ]
INFO: [ template_filter ] --END-- [ RunTime:0.000120s ]
INFO: Run Behavior\ParseTemplateBehavior [ RunTime:0.010769s ]
INFO: [ view_parse ] --END-- [ RunTime:0.010816s ]
INFO: [ view_filter ] --START--
INFO: Run Behavior\WriteHtmlCacheBehavior [ RunTime:0.000371s ]
INFO: Run Common\Behavior\TmplStripSpaceBehavior [ RunTime:0.000389s ]
INFO: [ view_filter ] --END-- [ RunTime:0.000814s ]
INFO: [ app_end ] --START--
INFO: Run Behavior\ShowPageTraceBehavior [ RunTime:0.000515s ]
INFO: [ app_end ] --END-- [ RunTime:0.000556s ]

[ 2019-01-05T17:34:49+08:00 ] 27.14.253.85 /index.php?g=User&m=Indexadmin&a=index
INFO: [ app_init ] --START--
INFO: Run Behavior\BuildLiteBehavior [ RunTime:0.000015s ]
INFO: Run Common\Behavior\InitHookBehavior [ RunTime:0.001350s ]
INFO: [ app_init ] --END-- [ RunTime:0.001690s ]
INFO: [ app_begin ] --START--
INFO: Run Behavior\ReadHtmlCacheBehavior [ RunTime:0.000410s ]
INFO: Run Behavior\CheckLangBehavior [ RunTime:0.001075s ]
INFO: Run Common\Behavior\UrldecodeGetBehavior [ RunTime:0.000328s ]
INFO: [ app_begin ] --END-- [ RunTime:0.001911s ]
INFO: [ admin_begin ] --START--
INFO: Run Common\Behavior\AdminDefaultLangBehavior [ RunTime:0.001125s ]
INFO: [ admin_begin ] --END-- [ RunTime:0.001176s ]
SQL: SHOW COLUMNS FROM `h2w_users` [ RunTime:0.0048s ]
SQL: SELECT * FROM `h2w_users` WHERE `id` = '1' LIMIT 1   [ RunTime:0.0005s ]
NOTIC: [8] Undefined index: user_status C:\www\xueshengapp\application\User\Controller\IndexadminController.class.php 第 28 行.
NOTIC: [8] Undefined index: num_last C:\www\xueshengapp\application\User\Controller\IndexadminController.class.php 第 36 行.
NOTIC: [8] Undefined index: num_next C:\www\xueshengapp\application\User\Controller\IndexadminController.class.php 第 37 行.
NOTIC: [8] Undefined index: start_time C:\www\xueshengapp\application\User\Controller\IndexadminController.class.php 第 45 行.
NOTIC: [8] Undefined index: end_time C:\www\xueshengapp\application\User\Controller\IndexadminController.class.php 第 46 行.
SQL: SELECT COUNT(*) AS tp_count FROM h2w_users u INNER JOIN h2w_school as s on s.id=u.school_id left join h2w_school_professional as p on p.id=u.specialty_id  WHERE u.user_type IN ('2','3') LIMIT 1   [ RunTime:0.0004s ]
SQL: SELECT u.*,s.type,s.school_name,p.pro_name FROM h2w_users u INNER JOIN h2w_school as s on s.id=u.school_id left join h2w_school_professional as p on p.id=u.specialty_id  WHERE u.user_type IN ('2','3') ORDER BY u.create_time DESC LIMIT 0,20   [ RunTime:0.0015s ]
SQL: SHOW COLUMNS FROM `h2w_options` [ RunTime:0.0036s ]
SQL: SELECT `option_value` FROM `h2w_options` WHERE `option_name` = 'cdn_settings' LIMIT 1   [ RunTime:0.0002s ]
INFO: [ view_parse ] --START--
INFO: [ template_filter ] --START--
INFO: Run Behavior\ContentReplaceBehavior [ RunTime:0.000118s ]
INFO: [ template_filter ] --END-- [ RunTime:0.000173s ]
INFO: Run Behavior\ParseTemplateBehavior [ RunTime:0.012814s ]
INFO: [ view_parse ] --END-- [ RunTime:0.012873s ]
INFO: [ view_filter ] --START--
INFO: Run Behavior\WriteHtmlCacheBehavior [ RunTime:0.000476s ]
INFO: Run Common\Behavior\TmplStripSpaceBehavior [ RunTime:0.000532s ]
INFO: [ view_filter ] --END-- [ RunTime:0.001087s ]
INFO: [ app_end ] --START--
INFO: Run Behavior\ShowPageTraceBehavior [ RunTime:0.000697s ]
INFO: [ app_end ] --END-- [ RunTime:0.000748s ]

[ 2019-01-05T17:48:55+08:00 ] 27.14.253.85 /index.php?g=User&m=Indexadmin&a=index
INFO: [ app_init ] --START--
INFO: Run Behavior\BuildLiteBehavior [ RunTime:0.000020s ]
INFO: Run Common\Behavior\InitHookBehavior [ RunTime:0.002704s ]
INFO: [ app_init ] --END-- [ RunTime:0.003332s ]
INFO: [ app_begin ] --START--
INFO: Run Behavior\ReadHtmlCacheBehavior [ RunTime:0.000509s ]
INFO: Run Behavior\CheckLangBehavior [ RunTime:0.001389s ]
INFO: Run Common\Behavior\UrldecodeGetBehavior [ RunTime:0.000493s ]
INFO: [ app_begin ] --END-- [ RunTime:0.002512s ]
INFO: [ admin_begin ] --START--
INFO: Run Common\Behavior\AdminDefaultLangBehavior [ RunTime:0.001719s ]
INFO: [ admin_begin ] --END-- [ RunTime:0.001784s ]
SQL: SHOW COLUMNS FROM `h2w_users` [ RunTime:0.0050s ]
SQL: SELECT * FROM `h2w_users` WHERE `id` = '1' LIMIT 1   [ RunTime:0.0004s ]
NOTIC: [8] Undefined index: user_status C:\www\xueshengapp\application\User\Controller\IndexadminController.class.php 第 28 行.
NOTIC: [8] Undefined index: num_last C:\www\xueshengapp\application\User\Controller\IndexadminController.class.php 第 36 行.
NOTIC: [8] Undefined index: num_next C:\www\xueshengapp\application\User\Controller\IndexadminController.class.php 第 37 行.
NOTIC: [8] Undefined index: start_time C:\www\xueshengapp\application\User\Controller\IndexadminController.class.php 第 45 行.
NOTIC: [8] Undefined index: end_time C:\www\xueshengapp\application\User\Controller\IndexadminController.class.php 第 46 行.
SQL: SELECT COUNT(*) AS tp_count FROM h2w_users u INNER JOIN h2w_school as s on s.id=u.school_id left join h2w_school_professional as p on p.id=u.specialty_id  WHERE u.user_type IN ('2','3') LIMIT 1   [ RunTime:0.0004s ]
SQL: SELECT u.*,s.type,s.school_name,p.pro_name FROM h2w_users u INNER JOIN h2w_school as s on s.id=u.school_id left join h2w_school_professional as p on p.id=u.specialty_id  WHERE u.user_type IN ('2','3') ORDER BY u.create_time DESC LIMIT 0,20   [ RunTime:0.0011s ]
SQL: SHOW COLUMNS FROM `h2w_options` [ RunTime:0.0035s ]
SQL: SELECT `option_value` FROM `h2w_options` WHERE `option_name` = 'cdn_settings' LIMIT 1   [ RunTime:0.0002s ]
INFO: [ view_parse ] --START--
INFO: [ template_filter ] --START--
INFO: Run Behavior\ContentReplaceBehavior [ RunTime:0.000091s ]
INFO: [ template_filter ] --END-- [ RunTime:0.000141s ]
INFO: Run Behavior\ParseTemplateBehavior [ RunTime:0.011170s ]
INFO: [ view_parse ] --END-- [ RunTime:0.011215s ]
INFO: [ view_filter ] --START--
INFO: Run Behavior\WriteHtmlCacheBehavior [ RunTime:0.000375s ]
INFO: Run Common\Behavior\TmplStripSpaceBehavior [ RunTime:0.000421s ]
INFO: [ view_filter ] --END-- [ RunTime:0.000855s ]
INFO: [ app_end ] --START--
INFO: Run Behavior\ShowPageTraceBehavior [ RunTime:0.000546s ]
INFO: [ app_end ] --END-- [ RunTime:0.000593s ]

[ 2019-01-05T17:49:55+08:00 ] 27.14.253.85 /index.php?g=User&m=Indexadmin&a=index
INFO: [ app_init ] --START--
INFO: Run Behavior\BuildLiteBehavior [ RunTime:0.000015s ]
INFO: Run Common\Behavior\InitHookBehavior [ RunTime:0.001790s ]
INFO: [ app_init ] --END-- [ RunTime:0.002187s ]
INFO: [ app_begin ] --START--
INFO: Run Behavior\ReadHtmlCacheBehavior [ RunTime:0.000588s ]
INFO: Run Behavior\CheckLangBehavior [ RunTime:0.001088s ]
INFO: Run Common\Behavior\UrldecodeGetBehavior [ RunTime:0.000275s ]
INFO: [ app_begin ] --END-- [ RunTime:0.002109s ]
INFO: [ admin_begin ] --START--
INFO: Run Common\Behavior\AdminDefaultLangBehavior [ RunTime:0.001382s ]
INFO: [ admin_begin ] --END-- [ RunTime:0.001433s ]
SQL: SHOW COLUMNS FROM `h2w_users` [ RunTime:0.0047s ]
SQL: SELECT * FROM `h2w_users` WHERE `id` = '1' LIMIT 1   [ RunTime:0.0005s ]
NOTIC: [8] Undefined index: user_status C:\www\xueshengapp\application\User\Controller\IndexadminController.class.php 第 28 行.
NOTIC: [8] Undefined index: num_last C:\www\xueshengapp\application\User\Controller\IndexadminController.class.php 第 36 行.
NOTIC: [8] Undefined index: num_next C:\www\xueshengapp\application\User\Controller\IndexadminController.class.php 第 37 行.
NOTIC: [8] Undefined index: start_time C:\www\xueshengapp\application\User\Controller\IndexadminController.class.php 第 45 行.
NOTIC: [8] Undefined index: end_time C:\www\xueshengapp\application\User\Controller\IndexadminController.class.php 第 46 行.
SQL: SELECT COUNT(*) AS tp_count FROM h2w_users u INNER JOIN h2w_school as s on s.id=u.school_id left join h2w_school_professional as p on p.id=u.specialty_id  WHERE u.user_type IN ('2','3') LIMIT 1   [ RunTime:0.0004s ]
SQL: SELECT u.*,s.type,s.school_name,p.pro_name FROM h2w_users u INNER JOIN h2w_school as s on s.id=u.school_id left join h2w_school_professional as p on p.id=u.specialty_id  WHERE u.user_type IN ('2','3') ORDER BY u.create_time DESC LIMIT 0,20   [ RunTime:0.0010s ]
SQL: SHOW COLUMNS FROM `h2w_options` [ RunTime:0.0035s ]
SQL: SELECT `option_value` FROM `h2w_options` WHERE `option_name` = 'cdn_settings' LIMIT 1   [ RunTime:0.0002s ]
INFO: [ view_parse ] --START--
INFO: [ template_filter ] --START--
INFO: Run Behavior\ContentReplaceBehavior [ RunTime:0.000114s ]
INFO: [ template_filter ] --END-- [ RunTime:0.000171s ]
INFO: Run Behavior\ParseTemplateBehavior [ RunTime:0.016387s ]
INFO: [ view_parse ] --END-- [ RunTime:0.016447s ]
INFO: [ view_filter ] --START--
INFO: Run Behavior\WriteHtmlCacheBehavior [ RunTime:0.000444s ]
INFO: Run Common\Behavior\TmplStripSpaceBehavior [ RunTime:0.000518s ]
INFO: [ view_filter ] --END-- [ RunTime:0.001040s ]
INFO: [ app_end ] --START--
INFO: Run Behavior\ShowPageTraceBehavior [ RunTime:0.000673s ]
INFO: [ app_end ] --END-- [ RunTime:0.000723s ]

[ 2019-01-05T17:53:52+08:00 ] 27.14.253.85 /index.php?g=User&m=Indexadmin&a=index
INFO: [ app_init ] --START--
INFO: Run Behavior\BuildLiteBehavior [ RunTime:0.000015s ]
INFO: Run Common\Behavior\InitHookBehavior [ RunTime:0.001744s ]
INFO: [ app_init ] --END-- [ RunTime:0.002132s ]
INFO: [ app_begin ] --START--
INFO: Run Behavior\ReadHtmlCacheBehavior [ RunTime:0.000492s ]
INFO: Run Behavior\CheckLangBehavior [ RunTime:0.001027s ]
INFO: Run Common\Behavior\UrldecodeGetBehavior [ RunTime:0.000315s ]
INFO: [ app_begin ] --END-- [ RunTime:0.001932s ]
INFO: [ admin_begin ] --START--
INFO: Run Common\Behavior\AdminDefaultLangBehavior [ RunTime:0.001283s ]
INFO: [ admin_begin ] --END-- [ RunTime:0.001335s ]
SQL: SHOW COLUMNS FROM `h2w_users` [ RunTime:0.0062s ]
SQL: SELECT * FROM `h2w_users` WHERE `id` = '1' LIMIT 1   [ RunTime:0.0004s ]
NOTIC: [8] Undefined index: user_status C:\www\xueshengapp\application\User\Controller\IndexadminController.class.php 第 28 行.
NOTIC: [8] Undefined index: num_last C:\www\xueshengapp\application\User\Controller\IndexadminController.class.php 第 36 行.
NOTIC: [8] Undefined index: num_next C:\www\xueshengapp\application\User\Controller\IndexadminController.class.php 第 37 行.
NOTIC: [8] Undefined index: start_time C:\www\xueshengapp\application\User\Controller\IndexadminController.class.php 第 45 行.
NOTIC: [8] Undefined index: end_time C:\www\xueshengapp\application\User\Controller\IndexadminController.class.php 第 46 行.
SQL: SELECT COUNT(*) AS tp_count FROM h2w_users u INNER JOIN h2w_school as s on s.id=u.school_id left join h2w_school_professional as p on p.id=u.specialty_id  WHERE u.user_type IN ('2','3') LIMIT 1   [ RunTime:0.0004s ]
SQL: SELECT u.*,s.type,s.school_name,p.pro_name FROM h2w_users u INNER JOIN h2w_school as s on s.id=u.school_id left join h2w_school_professional as p on p.id=u.specialty_id  WHERE u.user_type IN ('2','3') ORDER BY u.create_time DESC LIMIT 0,20   [ RunTime:0.0011s ]
SQL: SHOW COLUMNS FROM `h2w_options` [ RunTime:0.0037s ]
SQL: SELECT `option_value` FROM `h2w_options` WHERE `option_name` = 'cdn_settings' LIMIT 1   [ RunTime:0.0002s ]
INFO: [ view_parse ] --START--
INFO: [ template_filter ] --START--
INFO: Run Behavior\ContentReplaceBehavior [ RunTime:0.000144s ]
INFO: [ template_filter ] --END-- [ RunTime:0.000185s ]
INFO: Run Behavior\ParseTemplateBehavior [ RunTime:0.012161s ]
INFO: [ view_parse ] --END-- [ RunTime:0.012210s ]
INFO: [ view_filter ] --START--
INFO: Run Behavior\WriteHtmlCacheBehavior [ RunTime:0.000371s ]
INFO: Run Common\Behavior\TmplStripSpaceBehavior [ RunTime:0.000566s ]
INFO: [ view_filter ] --END-- [ RunTime:0.001001s ]
INFO: [ app_end ] --START--
INFO: Run Behavior\ShowPageTraceBehavior [ RunTime:0.000764s ]
INFO: [ app_end ] --END-- [ RunTime:0.000807s ]

[ 2019-01-05T18:07:57+08:00 ] 27.14.253.85 /index.php?g=User&m=Indexadmin&a=index
INFO: [ app_init ] --START--
INFO: Run Behavior\BuildLiteBehavior [ RunTime:0.000016s ]
INFO: Run Common\Behavior\InitHookBehavior [ RunTime:0.002244s ]
INFO: [ app_init ] --END-- [ RunTime:0.002714s ]
INFO: [ app_begin ] --START--
INFO: Run Behavior\ReadHtmlCacheBehavior [ RunTime:0.000829s ]
INFO: Run Behavior\CheckLangBehavior [ RunTime:0.001970s ]
INFO: Run Common\Behavior\UrldecodeGetBehavior [ RunTime:0.000729s ]
INFO: [ app_begin ] --END-- [ RunTime:0.003655s ]
INFO: [ admin_begin ] --START--
INFO: Run Common\Behavior\AdminDefaultLangBehavior [ RunTime:0.001289s ]
INFO: [ admin_begin ] --END-- [ RunTime:0.001340s ]
SQL: SHOW COLUMNS FROM `h2w_users` [ RunTime:0.0051s ]
SQL: SELECT * FROM `h2w_users` WHERE `id` = '1' LIMIT 1   [ RunTime:0.0004s ]
NOTIC: [8] Undefined index: user_status C:\www\xueshengapp\application\User\Controller\IndexadminController.class.php 第 28 行.
NOTIC: [8] Undefined index: num_last C:\www\xueshengapp\application\User\Controller\IndexadminController.class.php 第 36 行.
NOTIC: [8] Undefined index: num_next C:\www\xueshengapp\application\User\Controller\IndexadminController.class.php 第 37 行.
NOTIC: [8] Undefined index: start_time C:\www\xueshengapp\application\User\Controller\IndexadminController.class.php 第 45 行.
NOTIC: [8] Undefined index: end_time C:\www\xueshengapp\application\User\Controller\IndexadminController.class.php 第 46 行.
SQL: SELECT COUNT(*) AS tp_count FROM h2w_users u INNER JOIN h2w_school as s on s.id=u.school_id left join h2w_school_professional as p on p.id=u.specialty_id  WHERE u.user_type IN ('2','3') LIMIT 1   [ RunTime:0.0003s ]
SQL: SELECT u.*,s.type,s.school_name,p.pro_name FROM h2w_users u INNER JOIN h2w_school as s on s.id=u.school_id left join h2w_school_professional as p on p.id=u.specialty_id  WHERE u.user_type IN ('2','3') ORDER BY u.create_time DESC LIMIT 0,20   [ RunTime:0.0010s ]
SQL: SHOW COLUMNS FROM `h2w_options` [ RunTime:0.0032s ]
SQL: SELECT `option_value` FROM `h2w_options` WHERE `option_name` = 'cdn_settings' LIMIT 1   [ RunTime:0.0002s ]
INFO: [ view_parse ] --START--
INFO: [ template_filter ] --START--
INFO: Run Behavior\ContentReplaceBehavior [ RunTime:0.000111s ]
INFO: [ template_filter ] --END-- [ RunTime:0.000165s ]
INFO: Run Behavior\ParseTemplateBehavior [ RunTime:0.014265s ]
INFO: [ view_parse ] --END-- [ RunTime:0.014318s ]
INFO: [ view_filter ] --START--
INFO: Run Behavior\WriteHtmlCacheBehavior [ RunTime:0.000470s ]
INFO: Run Common\Behavior\TmplStripSpaceBehavior [ RunTime:0.000512s ]
INFO: [ view_filter ] --END-- [ RunTime:0.001058s ]
INFO: [ app_end ] --START--
INFO: Run Behavior\ShowPageTraceBehavior [ RunTime:0.000687s ]
INFO: [ app_end ] --END-- [ RunTime:0.000735s ]

[ 2019-01-05T18:07:58+08:00 ] 27.14.253.85 /index.php?g=User&m=Indexadmin&a=index
INFO: [ app_init ] --START--
INFO: Run Behavior\BuildLiteBehavior [ RunTime:0.000020s ]
INFO: Run Common\Behavior\InitHookBehavior [ RunTime:0.003021s ]
INFO: [ app_init ] --END-- [ RunTime:0.003618s ]
INFO: [ app_begin ] --START--
INFO: Run Behavior\ReadHtmlCacheBehavior [ RunTime:0.000580s ]
INFO: Run Behavior\CheckLangBehavior [ RunTime:0.001285s ]
INFO: Run Common\Behavior\UrldecodeGetBehavior [ RunTime:0.000510s ]
INFO: [ app_begin ] --END-- [ RunTime:0.002480s ]
INFO: [ admin_begin ] --START--
INFO: Run Common\Behavior\AdminDefaultLangBehavior [ RunTime:0.001675s ]
INFO: [ admin_begin ] --END-- [ RunTime:0.001729s ]
SQL: SHOW COLUMNS FROM `h2w_users` [ RunTime:0.0044s ]
SQL: SELECT * FROM `h2w_users` WHERE `id` = '1' LIMIT 1   [ RunTime:0.0004s ]
NOTIC: [8] Undefined index: user_status C:\www\xueshengapp\application\User\Controller\IndexadminController.class.php 第 28 行.
NOTIC: [8] Undefined index: num_last C:\www\xueshengapp\application\User\Controller\IndexadminController.class.php 第 36 行.
NOTIC: [8] Undefined index: num_next C:\www\xueshengapp\application\User\Controller\IndexadminController.class.php 第 37 行.
NOTIC: [8] Undefined index: start_time C:\www\xueshengapp\application\User\Controller\IndexadminController.class.php 第 45 行.
NOTIC: [8] Undefined index: end_time C:\www\xueshengapp\application\User\Controller\IndexadminController.class.php 第 46 行.
SQL: SELECT COUNT(*) AS tp_count FROM h2w_users u INNER JOIN h2w_school as s on s.id=u.school_id left join h2w_school_professional as p on p.id=u.specialty_id  WHERE u.user_type IN ('2','3') LIMIT 1   [ RunTime:0.0004s ]
SQL: SELECT u.*,s.type,s.school_name,p.pro_name FROM h2w_users u INNER JOIN h2w_school as s on s.id=u.school_id left join h2w_school_professional as p on p.id=u.specialty_id  WHERE u.user_type IN ('2','3') ORDER BY u.create_time DESC LIMIT 0,20   [ RunTime:0.0011s ]
SQL: SHOW COLUMNS FROM `h2w_options` [ RunTime:0.0034s ]
SQL: SELECT `option_value` FROM `h2w_options` WHERE `option_name` = 'cdn_settings' LIMIT 1   [ RunTime:0.0002s ]
INFO: [ view_parse ] --START--
INFO: [ template_filter ] --START--
INFO: Run Behavior\ContentReplaceBehavior [ RunTime:0.000127s ]
INFO: [ template_filter ] --END-- [ RunTime:0.000184s ]
INFO: Run Behavior\ParseTemplateBehavior [ RunTime:0.026975s ]
INFO: [ view_parse ] --END-- [ RunTime:0.027029s ]
INFO: [ view_filter ] --START--
INFO: Run Behavior\WriteHtmlCacheBehavior [ RunTime:0.000456s ]
INFO: Run Common\Behavior\TmplStripSpaceBehavior [ RunTime:0.000604s ]
INFO: [ view_filter ] --END-- [ RunTime:0.001131s ]
INFO: [ app_end ] --START--
INFO: Run Behavior\ShowPageTraceBehavior [ RunTime:0.000544s ]
INFO: [ app_end ] --END-- [ RunTime:0.000585s ]

[ 2019-01-05T21:25:34+08:00 ] 27.14.253.85 /index.php?g=User&m=Indexadmin&a=index
INFO: [ app_init ] --START--
INFO: Run Behavior\BuildLiteBehavior [ RunTime:0.000018s ]
INFO: Run Common\Behavior\InitHookBehavior [ RunTime:0.001864s ]
INFO: [ app_init ] --END-- [ RunTime:0.002260s ]
INFO: [ app_begin ] --START--
INFO: Run Behavior\ReadHtmlCacheBehavior [ RunTime:0.000473s ]
INFO: Run Behavior\CheckLangBehavior [ RunTime:0.001225s ]
INFO: Run Common\Behavior\UrldecodeGetBehavior [ RunTime:0.000316s ]
INFO: [ app_begin ] --END-- [ RunTime:0.002120s ]
INFO: [ admin_begin ] --START--
INFO: Run Common\Behavior\AdminDefaultLangBehavior [ RunTime:0.001259s ]
INFO: [ admin_begin ] --END-- [ RunTime:0.001310s ]
SQL: SHOW COLUMNS FROM `h2w_users` [ RunTime:0.0048s ]
SQL: SELECT * FROM `h2w_users` WHERE `id` = '1' LIMIT 1   [ RunTime:0.0007s ]
NOTIC: [8] Undefined index: user_status C:\www\xueshengapp\application\User\Controller\IndexadminController.class.php 第 28 行.
NOTIC: [8] Undefined index: num_last C:\www\xueshengapp\application\User\Controller\IndexadminController.class.php 第 36 行.
NOTIC: [8] Undefined index: num_next C:\www\xueshengapp\application\User\Controller\IndexadminController.class.php 第 37 行.
NOTIC: [8] Undefined index: start_time C:\www\xueshengapp\application\User\Controller\IndexadminController.class.php 第 45 行.
NOTIC: [8] Undefined index: end_time C:\www\xueshengapp\application\User\Controller\IndexadminController.class.php 第 46 行.
SQL: SELECT COUNT(*) AS tp_count FROM h2w_users u INNER JOIN h2w_school as s on s.id=u.school_id left join h2w_school_professional as p on p.id=u.specialty_id  WHERE u.user_type IN ('2','3') LIMIT 1   [ RunTime:0.0006s ]
SQL: SELECT u.*,s.type,s.school_name,p.pro_name FROM h2w_users u INNER JOIN h2w_school as s on s.id=u.school_id left join h2w_school_professional as p on p.id=u.specialty_id  WHERE u.user_type IN ('2','3') ORDER BY u.create_time DESC LIMIT 0,20   [ RunTime:0.0012s ]
SQL: SHOW COLUMNS FROM `h2w_options` [ RunTime:0.0044s ]
SQL: SELECT `option_value` FROM `h2w_options` WHERE `option_name` = 'cdn_settings' LIMIT 1   [ RunTime:0.0003s ]
INFO: [ view_parse ] --START--
INFO: [ template_filter ] --START--
INFO: Run Behavior\ContentReplaceBehavior [ RunTime:0.000081s ]
INFO: [ template_filter ] --END-- [ RunTime:0.000119s ]
INFO: Run Behavior\ParseTemplateBehavior [ RunTime:0.022949s ]
INFO: [ view_parse ] --END-- [ RunTime:0.022993s ]
INFO: [ view_filter ] --START--
INFO: Run Behavior\WriteHtmlCacheBehavior [ RunTime:0.000375s ]
INFO: Run Common\Behavior\TmplStripSpaceBehavior [ RunTime:0.000365s ]
INFO: [ view_filter ] --END-- [ RunTime:0.000798s ]
INFO: [ app_end ] --START--
INFO: Run Behavior\ShowPageTraceBehavior [ RunTime:0.000505s ]
INFO: [ app_end ] --END-- [ RunTime:0.000545s ]

[ 2019-01-05T21:25:36+08:00 ] 27.14.253.85 /index.php?g=User&m=Indexadmin&a=index
INFO: [ app_init ] --START--
INFO: Run Behavior\BuildLiteBehavior [ RunTime:0.000015s ]
INFO: Run Common\Behavior\InitHookBehavior [ RunTime:0.001424s ]
INFO: [ app_init ] --END-- [ RunTime:0.001747s ]
INFO: [ app_begin ] --START--
INFO: Run Behavior\ReadHtmlCacheBehavior [ RunTime:0.000455s ]
INFO: Run Behavior\CheckLangBehavior [ RunTime:0.000963s ]
INFO: Run Common\Behavior\UrldecodeGetBehavior [ RunTime:0.000277s ]
INFO: [ app_begin ] --END-- [ RunTime:0.001791s ]
INFO: [ admin_begin ] --START--
INFO: Run Common\Behavior\AdminDefaultLangBehavior [ RunTime:0.001185s ]
INFO: [ admin_begin ] --END-- [ RunTime:0.001235s ]
SQL: SHOW COLUMNS FROM `h2w_users` [ RunTime:0.0056s ]
SQL: SELECT * FROM `h2w_users` WHERE `id` = '1' LIMIT 1   [ RunTime:0.0004s ]
NOTIC: [8] Undefined index: user_status C:\www\xueshengapp\application\User\Controller\IndexadminController.class.php 第 28 行.
NOTIC: [8] Undefined index: num_last C:\www\xueshengapp\application\User\Controller\IndexadminController.class.php 第 36 行.
NOTIC: [8] Undefined index: num_next C:\www\xueshengapp\application\User\Controller\IndexadminController.class.php 第 37 行.
NOTIC: [8] Undefined index: start_time C:\www\xueshengapp\application\User\Controller\IndexadminController.class.php 第 45 行.
NOTIC: [8] Undefined index: end_time C:\www\xueshengapp\application\User\Controller\IndexadminController.class.php 第 46 行.
SQL: SELECT COUNT(*) AS tp_count FROM h2w_users u INNER JOIN h2w_school as s on s.id=u.school_id left join h2w_school_professional as p on p.id=u.specialty_id  WHERE u.user_type IN ('2','3') LIMIT 1   [ RunTime:0.0003s ]
SQL: SELECT u.*,s.type,s.school_name,p.pro_name FROM h2w_users u INNER JOIN h2w_school as s on s.id=u.school_id left join h2w_school_professional as p on p.id=u.specialty_id  WHERE u.user_type IN ('2','3') ORDER BY u.create_time DESC LIMIT 0,20   [ RunTime:0.0011s ]
SQL: SHOW COLUMNS FROM `h2w_options` [ RunTime:0.0031s ]
SQL: SELECT `option_value` FROM `h2w_options` WHERE `option_name` = 'cdn_settings' LIMIT 1   [ RunTime:0.0002s ]
INFO: [ view_parse ] --START--
INFO: [ template_filter ] --START--
INFO: Run Behavior\ContentReplaceBehavior [ RunTime:0.000087s ]
INFO: [ template_filter ] --END-- [ RunTime:0.000127s ]
INFO: Run Behavior\ParseTemplateBehavior [ RunTime:0.011601s ]
INFO: [ view_parse ] --END-- [ RunTime:0.011646s ]
INFO: [ view_filter ] --START--
INFO: Run Behavior\WriteHtmlCacheBehavior [ RunTime:0.000349s ]
INFO: Run Common\Behavior\TmplStripSpaceBehavior [ RunTime:0.000491s ]
INFO: [ view_filter ] --END-- [ RunTime:0.000911s ]
INFO: [ app_end ] --START--
INFO: Run Behavior\ShowPageTraceBehavior [ RunTime:0.000665s ]
INFO: [ app_end ] --END-- [ RunTime:0.000722s ]

[ 2019-01-05T21:25:49+08:00 ] 27.14.253.85 /index.php?g=User&m=Indexadmin&a=index
INFO: [ app_init ] --START--
INFO: Run Behavior\BuildLiteBehavior [ RunTime:0.000020s ]
INFO: Run Common\Behavior\InitHookBehavior [ RunTime:0.001759s ]
INFO: [ app_init ] --END-- [ RunTime:0.002134s ]
INFO: [ app_begin ] --START--
INFO: Run Behavior\ReadHtmlCacheBehavior [ RunTime:0.000558s ]
INFO: Run Behavior\CheckLangBehavior [ RunTime:0.001296s ]
INFO: Run Common\Behavior\UrldecodeGetBehavior [ RunTime:0.000370s ]
INFO: [ app_begin ] --END-- [ RunTime:0.002349s ]
INFO: [ admin_begin ] --START--
INFO: Run Common\Behavior\AdminDefaultLangBehavior [ RunTime:0.001663s ]
INFO: [ admin_begin ] --END-- [ RunTime:0.001727s ]
SQL: SHOW COLUMNS FROM `h2w_users` [ RunTime:0.0047s ]
SQL: SELECT * FROM `h2w_users` WHERE `id` = '1' LIMIT 1   [ RunTime:0.0004s ]
NOTIC: [8] Undefined index: user_status C:\www\xueshengapp\application\User\Controller\IndexadminController.class.php 第 28 行.
NOTIC: [8] Undefined index: num_last C:\www\xueshengapp\application\User\Controller\IndexadminController.class.php 第 36 行.
NOTIC: [8] Undefined index: num_next C:\www\xueshengapp\application\User\Controller\IndexadminController.class.php 第 37 行.
NOTIC: [8] Undefined index: start_time C:\www\xueshengapp\application\User\Controller\IndexadminController.class.php 第 45 行.
NOTIC: [8] Undefined index: end_time C:\www\xueshengapp\application\User\Controller\IndexadminController.class.php 第 46 行.
SQL: SELECT COUNT(*) AS tp_count FROM h2w_users u INNER JOIN h2w_school as s on s.id=u.school_id left join h2w_school_professional as p on p.id=u.specialty_id  WHERE u.user_type IN ('2','3') LIMIT 1   [ RunTime:0.0003s ]
SQL: SELECT u.*,s.type,s.school_name,p.pro_name FROM h2w_users u INNER JOIN h2w_school as s on s.id=u.school_id left join h2w_school_professional as p on p.id=u.specialty_id  WHERE u.user_type IN ('2','3') ORDER BY u.create_time DESC LIMIT 0,20   [ RunTime:0.0010s ]
SQL: SHOW COLUMNS FROM `h2w_options` [ RunTime:0.0035s ]
SQL: SELECT `option_value` FROM `h2w_options` WHERE `option_name` = 'cdn_settings' LIMIT 1   [ RunTime:0.0002s ]
INFO: [ view_parse ] --START--
INFO: [ template_filter ] --START--
INFO: Run Behavior\ContentReplaceBehavior [ RunTime:0.000077s ]
INFO: [ template_filter ] --END-- [ RunTime:0.000125s ]
INFO: Run Behavior\ParseTemplateBehavior [ RunTime:0.011637s ]
INFO: [ view_parse ] --END-- [ RunTime:0.011688s ]
INFO: [ view_filter ] --START--
INFO: Run Behavior\WriteHtmlCacheBehavior [ RunTime:0.000327s ]
INFO: Run Common\Behavior\TmplStripSpaceBehavior [ RunTime:0.000377s ]
INFO: [ view_filter ] --END-- [ RunTime:0.000766s ]
INFO: [ app_end ] --START--
INFO: Run Behavior\ShowPageTraceBehavior [ RunTime:0.000502s ]
INFO: [ app_end ] --END-- [ RunTime:0.000544s ]

