[ 2019-01-01T12:29:05+08:00 ] 27.14.253.85 /index.php?g=User&m=Indexadmin&a=index
INFO: [ app_init ] --START--
INFO: Run Behavior\BuildLiteBehavior [ RunTime:0.000019s ]
INFO: Run Common\Behavior\InitHookBehavior [ RunTime:0.001915s ]
INFO: [ app_init ] --END-- [ RunTime:0.002303s ]
INFO: [ app_begin ] --START--
INFO: Run Behavior\ReadHtmlCacheBehavior [ RunTime:0.000642s ]
INFO: Run Behavior\CheckLangBehavior [ RunTime:0.002598s ]
INFO: Run Common\Behavior\UrldecodeGetBehavior [ RunTime:0.000449s ]
INFO: [ app_begin ] --END-- [ RunTime:0.003813s ]
INFO: [ admin_begin ] --START--
INFO: Run Common\Behavior\AdminDefaultLangBehavior [ RunTime:0.001555s ]
INFO: [ admin_begin ] --END-- [ RunTime:0.001612s ]
SQL: SHOW COLUMNS FROM `h2w_users` [ RunTime:0.0040s ]
SQL: SELECT * FROM `h2w_users` WHERE `id` = '1' LIMIT 1   [ RunTime:0.0004s ]
NOTIC: [8] Undefined index: user_status C:\www\xueshengapp\application\User\Controller\IndexadminController.class.php 第 28 行.
NOTIC: [8] Undefined index: num_last C:\www\xueshengapp\application\User\Controller\IndexadminController.class.php 第 36 行.
NOTIC: [8] Undefined index: num_next C:\www\xueshengapp\application\User\Controller\IndexadminController.class.php 第 37 行.
NOTIC: [8] Undefined index: start_time C:\www\xueshengapp\application\User\Controller\IndexadminController.class.php 第 45 行.
NOTIC: [8] Undefined index: end_time C:\www\xueshengapp\application\User\Controller\IndexadminController.class.php 第 46 行.
SQL: SELECT COUNT(*) AS tp_count FROM h2w_users u INNER JOIN h2w_school as s on s.id=u.school_id left join h2w_school_professional as p on p.id=u.specialty_id  WHERE u.user_type IN ('2','3') LIMIT 1   [ RunTime:0.0004s ]
SQL: SELECT u.*,s.type,s.school_name,p.pro_name FROM h2w_users u INNER JOIN h2w_school as s on s.id=u.school_id left join h2w_school_professional as p on p.id=u.specialty_id  WHERE u.user_type IN ('2','3') ORDER BY u.create_time DESC LIMIT 0,20   [ RunTime:0.0008s ]
SQL: SHOW COLUMNS FROM `h2w_options` [ RunTime:0.0030s ]
SQL: SELECT `option_value` FROM `h2w_options` WHERE `option_name` = 'cdn_settings' LIMIT 1   [ RunTime:0.0002s ]
INFO: [ view_parse ] --START--
INFO: [ template_filter ] --START--
INFO: Run Behavior\ContentReplaceBehavior [ RunTime:0.000113s ]
INFO: [ template_filter ] --END-- [ RunTime:0.000166s ]
INFO: Run Behavior\ParseTemplateBehavior [ RunTime:0.014343s ]
INFO: [ view_parse ] --END-- [ RunTime:0.014394s ]
INFO: [ view_filter ] --START--
INFO: Run Behavior\WriteHtmlCacheBehavior [ RunTime:0.000515s ]
INFO: Run Common\Behavior\TmplStripSpaceBehavior [ RunTime:0.000602s ]
INFO: [ view_filter ] --END-- [ RunTime:0.001206s ]
INFO: [ app_end ] --START--
INFO: Run Behavior\ShowPageTraceBehavior [ RunTime:0.000768s ]
INFO: [ app_end ] --END-- [ RunTime:0.000819s ]

