[ 2019-01-07T00:20:09+08:00 ] 27.14.253.85 /index.php?g=User&m=Indexadmin&a=index
INFO: [ app_init ] --START--
INFO: Run Behavior\BuildLiteBehavior [ RunTime:0.000014s ]
INFO: Run Common\Behavior\InitHookBehavior [ RunTime:0.002201s ]
INFO: [ app_init ] --END-- [ RunTime:0.002614s ]
INFO: [ app_begin ] --START--
INFO: Run Behavior\ReadHtmlCacheBehavior [ RunTime:0.000507s ]
INFO: Run Behavior\CheckLangBehavior [ RunTime:0.001258s ]
INFO: Run Common\Behavior\UrldecodeGetBehavior [ RunTime:0.000357s ]
INFO: [ app_begin ] --END-- [ RunTime:0.002230s ]
INFO: [ admin_begin ] --START--
INFO: Run Common\Behavior\AdminDefaultLangBehavior [ RunTime:0.001370s ]
INFO: [ admin_begin ] --END-- [ RunTime:0.001422s ]

[ 2019-01-07T00:20:23+08:00 ] 27.14.253.85 /index.php?g=User&m=Indexadmin&a=index
INFO: [ app_init ] --START--
INFO: Run Behavior\BuildLiteBehavior [ RunTime:0.000015s ]
INFO: Run Common\Behavior\InitHookBehavior [ RunTime:0.001641s ]
INFO: [ app_init ] --END-- [ RunTime:0.001985s ]
INFO: [ app_begin ] --START--
INFO: Run Behavior\ReadHtmlCacheBehavior [ RunTime:0.000690s ]
INFO: Run Behavior\CheckLangBehavior [ RunTime:0.001324s ]
INFO: Run Common\Behavior\UrldecodeGetBehavior [ RunTime:0.000273s ]
INFO: [ app_begin ] --END-- [ RunTime:0.002401s ]
INFO: [ admin_begin ] --START--
INFO: Run Common\Behavior\AdminDefaultLangBehavior [ RunTime:0.001384s ]
INFO: [ admin_begin ] --END-- [ RunTime:0.001436s ]
SQL: SHOW COLUMNS FROM `h2w_users` [ RunTime:0.0041s ]
SQL: SELECT * FROM `h2w_users` WHERE `id` = '1' LIMIT 1   [ RunTime:0.0004s ]
NOTIC: [8] Undefined index: user_status C:\www\xueshengapp\application\User\Controller\IndexadminController.class.php 第 28 行.
NOTIC: [8] Undefined index: num_last C:\www\xueshengapp\application\User\Controller\IndexadminController.class.php 第 36 行.
NOTIC: [8] Undefined index: num_next C:\www\xueshengapp\application\User\Controller\IndexadminController.class.php 第 37 行.
NOTIC: [8] Undefined index: start_time C:\www\xueshengapp\application\User\Controller\IndexadminController.class.php 第 45 行.
NOTIC: [8] Undefined index: end_time C:\www\xueshengapp\application\User\Controller\IndexadminController.class.php 第 46 行.
SQL: SELECT COUNT(*) AS tp_count FROM h2w_users u INNER JOIN h2w_school as s on s.id=u.school_id left join h2w_school_professional as p on p.id=u.specialty_id  WHERE u.user_type IN ('2','3') LIMIT 1   [ RunTime:0.0011s ]
SQL: SELECT u.*,s.type,s.school_name,p.pro_name FROM h2w_users u INNER JOIN h2w_school as s on s.id=u.school_id left join h2w_school_professional as p on p.id=u.specialty_id  WHERE u.user_type IN ('2','3') ORDER BY u.create_time DESC LIMIT 0,20   [ RunTime:0.0011s ]
SQL: SHOW COLUMNS FROM `h2w_options` [ RunTime:0.0031s ]
SQL: SELECT `option_value` FROM `h2w_options` WHERE `option_name` = 'cdn_settings' LIMIT 1   [ RunTime:0.0002s ]
INFO: [ view_parse ] --START--
INFO: [ template_filter ] --START--
INFO: Run Behavior\ContentReplaceBehavior [ RunTime:0.000076s ]
INFO: [ template_filter ] --END-- [ RunTime:0.000114s ]
INFO: Run Behavior\ParseTemplateBehavior [ RunTime:0.010961s ]
INFO: [ view_parse ] --END-- [ RunTime:0.011007s ]
INFO: [ view_filter ] --START--
INFO: Run Behavior\WriteHtmlCacheBehavior [ RunTime:0.000353s ]
INFO: Run Common\Behavior\TmplStripSpaceBehavior [ RunTime:0.000376s ]
INFO: [ view_filter ] --END-- [ RunTime:0.000783s ]
INFO: [ app_end ] --START--
INFO: Run Behavior\ShowPageTraceBehavior [ RunTime:0.000509s ]
INFO: [ app_end ] --END-- [ RunTime:0.000557s ]

[ 2019-01-07T00:20:59+08:00 ] 27.14.253.85 /index.php?g=User&m=Indexadmin&a=index&p=2
INFO: [ app_init ] --START--
INFO: Run Behavior\BuildLiteBehavior [ RunTime:0.000018s ]
INFO: Run Common\Behavior\InitHookBehavior [ RunTime:0.002149s ]
INFO: [ app_init ] --END-- [ RunTime:0.002598s ]
INFO: [ app_begin ] --START--
INFO: Run Behavior\ReadHtmlCacheBehavior [ RunTime:0.000687s ]
INFO: Run Behavior\CheckLangBehavior [ RunTime:0.001378s ]
INFO: Run Common\Behavior\UrldecodeGetBehavior [ RunTime:0.000370s ]
INFO: [ app_begin ] --END-- [ RunTime:0.002573s ]
INFO: [ admin_begin ] --START--
INFO: Run Common\Behavior\AdminDefaultLangBehavior [ RunTime:0.001875s ]
INFO: [ admin_begin ] --END-- [ RunTime:0.001939s ]
SQL: SHOW COLUMNS FROM `h2w_users` [ RunTime:0.0042s ]
SQL: SELECT * FROM `h2w_users` WHERE `id` = '1' LIMIT 1   [ RunTime:0.0004s ]
NOTIC: [8] Undefined index: user_status C:\www\xueshengapp\application\User\Controller\IndexadminController.class.php 第 28 行.
NOTIC: [8] Undefined index: num_last C:\www\xueshengapp\application\User\Controller\IndexadminController.class.php 第 36 行.
NOTIC: [8] Undefined index: num_next C:\www\xueshengapp\application\User\Controller\IndexadminController.class.php 第 37 行.
NOTIC: [8] Undefined index: start_time C:\www\xueshengapp\application\User\Controller\IndexadminController.class.php 第 45 行.
NOTIC: [8] Undefined index: end_time C:\www\xueshengapp\application\User\Controller\IndexadminController.class.php 第 46 行.
SQL: SELECT COUNT(*) AS tp_count FROM h2w_users u INNER JOIN h2w_school as s on s.id=u.school_id left join h2w_school_professional as p on p.id=u.specialty_id  WHERE u.user_type IN ('2','3') LIMIT 1   [ RunTime:0.0003s ]
SQL: SELECT u.*,s.type,s.school_name,p.pro_name FROM h2w_users u INNER JOIN h2w_school as s on s.id=u.school_id left join h2w_school_professional as p on p.id=u.specialty_id  WHERE u.user_type IN ('2','3') ORDER BY u.create_time DESC LIMIT 20,20   [ RunTime:0.0010s ]
SQL: SHOW COLUMNS FROM `h2w_options` [ RunTime:0.0030s ]
SQL: SELECT `option_value` FROM `h2w_options` WHERE `option_name` = 'cdn_settings' LIMIT 1   [ RunTime:0.0002s ]
INFO: [ view_parse ] --START--
INFO: [ template_filter ] --START--
INFO: Run Behavior\ContentReplaceBehavior [ RunTime:0.000115s ]
INFO: [ template_filter ] --END-- [ RunTime:0.000168s ]
INFO: Run Behavior\ParseTemplateBehavior [ RunTime:0.015342s ]
INFO: [ view_parse ] --END-- [ RunTime:0.015398s ]
INFO: [ view_filter ] --START--
INFO: Run Behavior\WriteHtmlCacheBehavior [ RunTime:0.000459s ]
INFO: Run Common\Behavior\TmplStripSpaceBehavior [ RunTime:0.000514s ]
INFO: [ view_filter ] --END-- [ RunTime:0.001051s ]
INFO: [ app_end ] --START--
INFO: Run Behavior\ShowPageTraceBehavior [ RunTime:0.000690s ]
INFO: [ app_end ] --END-- [ RunTime:0.000739s ]

[ 2019-01-07T00:21:09+08:00 ] 27.14.253.85 /index.php?g=User&m=Indexadmin&a=index&p=1
INFO: [ app_init ] --START--
INFO: Run Behavior\BuildLiteBehavior [ RunTime:0.000016s ]
INFO: Run Common\Behavior\InitHookBehavior [ RunTime:0.001786s ]
INFO: [ app_init ] --END-- [ RunTime:0.002209s ]
INFO: [ app_begin ] --START--
INFO: Run Behavior\ReadHtmlCacheBehavior [ RunTime:0.000587s ]
INFO: Run Behavior\CheckLangBehavior [ RunTime:0.001088s ]
INFO: Run Common\Behavior\UrldecodeGetBehavior [ RunTime:0.000281s ]
INFO: [ app_begin ] --END-- [ RunTime:0.002055s ]
INFO: [ admin_begin ] --START--
INFO: Run Common\Behavior\AdminDefaultLangBehavior [ RunTime:0.001476s ]
INFO: [ admin_begin ] --END-- [ RunTime:0.001538s ]
SQL: SHOW COLUMNS FROM `h2w_users` [ RunTime:0.0050s ]
SQL: SELECT * FROM `h2w_users` WHERE `id` = '1' LIMIT 1   [ RunTime:0.0005s ]
NOTIC: [8] Undefined index: user_status C:\www\xueshengapp\application\User\Controller\IndexadminController.class.php 第 28 行.
NOTIC: [8] Undefined index: num_last C:\www\xueshengapp\application\User\Controller\IndexadminController.class.php 第 36 行.
NOTIC: [8] Undefined index: num_next C:\www\xueshengapp\application\User\Controller\IndexadminController.class.php 第 37 行.
NOTIC: [8] Undefined index: start_time C:\www\xueshengapp\application\User\Controller\IndexadminController.class.php 第 45 行.
NOTIC: [8] Undefined index: end_time C:\www\xueshengapp\application\User\Controller\IndexadminController.class.php 第 46 行.
SQL: SELECT COUNT(*) AS tp_count FROM h2w_users u INNER JOIN h2w_school as s on s.id=u.school_id left join h2w_school_professional as p on p.id=u.specialty_id  WHERE u.user_type IN ('2','3') LIMIT 1   [ RunTime:0.0004s ]
SQL: SELECT u.*,s.type,s.school_name,p.pro_name FROM h2w_users u INNER JOIN h2w_school as s on s.id=u.school_id left join h2w_school_professional as p on p.id=u.specialty_id  WHERE u.user_type IN ('2','3') ORDER BY u.create_time DESC LIMIT 0,20   [ RunTime:0.0012s ]
SQL: SHOW COLUMNS FROM `h2w_options` [ RunTime:0.0034s ]
SQL: SELECT `option_value` FROM `h2w_options` WHERE `option_name` = 'cdn_settings' LIMIT 1   [ RunTime:0.0002s ]
INFO: [ view_parse ] --START--
INFO: [ template_filter ] --START--
INFO: Run Behavior\ContentReplaceBehavior [ RunTime:0.000076s ]
INFO: [ template_filter ] --END-- [ RunTime:0.000115s ]
INFO: Run Behavior\ParseTemplateBehavior [ RunTime:0.012007s ]
INFO: [ view_parse ] --END-- [ RunTime:0.012059s ]
INFO: [ view_filter ] --START--
INFO: Run Behavior\WriteHtmlCacheBehavior [ RunTime:0.000381s ]
INFO: Run Common\Behavior\TmplStripSpaceBehavior [ RunTime:0.000362s ]
INFO: [ view_filter ] --END-- [ RunTime:0.000797s ]
INFO: [ app_end ] --START--
INFO: Run Behavior\ShowPageTraceBehavior [ RunTime:0.000538s ]
INFO: [ app_end ] --END-- [ RunTime:0.000579s ]

[ 2019-01-07T07:12:05+08:00 ] 119.84.153.195 /index.php?g=User&m=Indexadmin&a=index
INFO: [ app_init ] --START--
INFO: Run Behavior\BuildLiteBehavior [ RunTime:0.000015s ]
INFO: Run Common\Behavior\InitHookBehavior [ RunTime:0.001912s ]
INFO: [ app_init ] --END-- [ RunTime:0.002319s ]
INFO: [ app_begin ] --START--
INFO: Run Behavior\ReadHtmlCacheBehavior [ RunTime:0.000635s ]
INFO: Run Behavior\CheckLangBehavior [ RunTime:0.001545s ]
INFO: Run Common\Behavior\UrldecodeGetBehavior [ RunTime:0.000371s ]
INFO: [ app_begin ] --END-- [ RunTime:0.002698s ]
INFO: [ admin_begin ] --START--
INFO: Run Common\Behavior\AdminDefaultLangBehavior [ RunTime:0.001820s ]
INFO: [ admin_begin ] --END-- [ RunTime:0.001884s ]
SQL: SHOW COLUMNS FROM `h2w_users` [ RunTime:0.0044s ]
SQL: SELECT * FROM `h2w_users` WHERE `id` = '28' LIMIT 1   [ RunTime:0.0004s ]
SQL: SHOW COLUMNS FROM `h2w_role_user` [ RunTime:0.0027s ]
SQL: SELECT `role_id` FROM h2w_role_user a INNER JOIN h2w_role as b on a.role_id =b.id  WHERE `user_id` = '28' AND `status` = 1  [ RunTime:0.0003s ]
SQL: SHOW COLUMNS FROM `h2w_auth_access` [ RunTime:0.0038s ]
SQL: SELECT * FROM h2w_auth_access a INNER JOIN h2w_auth_rule as b on a.rule_name =b.name  WHERE a.role_id IN ('2') AND b.name IN ('user/indexadmin/index')  [ RunTime:0.0005s ]
NOTIC: [8] Undefined index: user_status C:\www\xueshengapp\application\User\Controller\IndexadminController.class.php 第 28 行.
NOTIC: [8] Undefined index: num_last C:\www\xueshengapp\application\User\Controller\IndexadminController.class.php 第 36 行.
NOTIC: [8] Undefined index: num_next C:\www\xueshengapp\application\User\Controller\IndexadminController.class.php 第 37 行.
NOTIC: [8] Undefined index: start_time C:\www\xueshengapp\application\User\Controller\IndexadminController.class.php 第 45 行.
NOTIC: [8] Undefined index: end_time C:\www\xueshengapp\application\User\Controller\IndexadminController.class.php 第 46 行.
SQL: SELECT COUNT(*) AS tp_count FROM h2w_users u INNER JOIN h2w_school as s on s.id=u.school_id left join h2w_school_professional as p on p.id=u.specialty_id  WHERE u.user_type IN ('2','3') LIMIT 1   [ RunTime:0.0015s ]
SQL: SELECT u.*,s.type,s.school_name,p.pro_name FROM h2w_users u INNER JOIN h2w_school as s on s.id=u.school_id left join h2w_school_professional as p on p.id=u.specialty_id  WHERE u.user_type IN ('2','3') ORDER BY u.create_time DESC LIMIT 0,20   [ RunTime:0.0013s ]
SQL: SHOW COLUMNS FROM `h2w_options` [ RunTime:0.0033s ]
SQL: SELECT `option_value` FROM `h2w_options` WHERE `option_name` = 'cdn_settings' LIMIT 1   [ RunTime:0.0002s ]
INFO: [ view_parse ] --START--
INFO: [ template_filter ] --START--
INFO: Run Behavior\ContentReplaceBehavior [ RunTime:0.000126s ]
INFO: [ template_filter ] --END-- [ RunTime:0.000180s ]
INFO: Run Behavior\ParseTemplateBehavior [ RunTime:0.014731s ]
INFO: [ view_parse ] --END-- [ RunTime:0.014789s ]
INFO: [ view_filter ] --START--
INFO: Run Behavior\WriteHtmlCacheBehavior [ RunTime:0.000433s ]
INFO: Run Common\Behavior\TmplStripSpaceBehavior [ RunTime:0.000503s ]
INFO: [ view_filter ] --END-- [ RunTime:0.001012s ]
INFO: [ app_end ] --START--
INFO: Run Behavior\ShowPageTraceBehavior [ RunTime:0.000536s ]
INFO: [ app_end ] --END-- [ RunTime:0.000587s ]

[ 2019-01-07T11:20:44+08:00 ] 222.182.194.33 /index.php?g=User&m=Indexadmin&a=index
INFO: [ app_init ] --START--
INFO: Run Behavior\BuildLiteBehavior [ RunTime:0.000020s ]
INFO: Run Common\Behavior\InitHookBehavior [ RunTime:0.002817s ]
INFO: [ app_init ] --END-- [ RunTime:0.003420s ]
INFO: [ app_begin ] --START--
INFO: Run Behavior\ReadHtmlCacheBehavior [ RunTime:0.000794s ]
INFO: Run Behavior\CheckLangBehavior [ RunTime:0.001815s ]
INFO: Run Common\Behavior\UrldecodeGetBehavior [ RunTime:0.000577s ]
INFO: [ app_begin ] --END-- [ RunTime:0.003320s ]
INFO: [ admin_begin ] --START--
INFO: Run Common\Behavior\AdminDefaultLangBehavior [ RunTime:0.002016s ]
INFO: [ admin_begin ] --END-- [ RunTime:0.002081s ]
SQL: SHOW COLUMNS FROM `h2w_users` [ RunTime:0.0095s ]
SQL: SELECT * FROM `h2w_users` WHERE `id` = '1' LIMIT 1   [ RunTime:0.0007s ]
NOTIC: [8] Undefined index: user_status C:\www\xueshengapp\application\User\Controller\IndexadminController.class.php 第 28 行.
NOTIC: [8] Undefined index: num_last C:\www\xueshengapp\application\User\Controller\IndexadminController.class.php 第 36 行.
NOTIC: [8] Undefined index: num_next C:\www\xueshengapp\application\User\Controller\IndexadminController.class.php 第 37 行.
NOTIC: [8] Undefined index: start_time C:\www\xueshengapp\application\User\Controller\IndexadminController.class.php 第 45 行.
NOTIC: [8] Undefined index: end_time C:\www\xueshengapp\application\User\Controller\IndexadminController.class.php 第 46 行.
SQL: SELECT COUNT(*) AS tp_count FROM h2w_users u INNER JOIN h2w_school as s on s.id=u.school_id left join h2w_school_professional as p on p.id=u.specialty_id  WHERE u.user_type IN ('2','3') LIMIT 1   [ RunTime:0.0013s ]
SQL: SELECT u.*,s.type,s.school_name,p.pro_name FROM h2w_users u INNER JOIN h2w_school as s on s.id=u.school_id left join h2w_school_professional as p on p.id=u.specialty_id  WHERE u.user_type IN ('2','3') ORDER BY u.create_time DESC LIMIT 0,20   [ RunTime:0.0015s ]
SQL: SHOW COLUMNS FROM `h2w_options` [ RunTime:0.0040s ]
SQL: SELECT `option_value` FROM `h2w_options` WHERE `option_name` = 'cdn_settings' LIMIT 1   [ RunTime:0.0002s ]
INFO: [ view_parse ] --START--
INFO: [ template_filter ] --START--
INFO: Run Behavior\ContentReplaceBehavior [ RunTime:0.000082s ]
INFO: [ template_filter ] --END-- [ RunTime:0.000122s ]
INFO: Run Behavior\ParseTemplateBehavior [ RunTime:0.014312s ]
INFO: [ view_parse ] --END-- [ RunTime:0.014367s ]
INFO: [ view_filter ] --START--
INFO: Run Behavior\WriteHtmlCacheBehavior [ RunTime:0.000435s ]
INFO: Run Common\Behavior\TmplStripSpaceBehavior [ RunTime:0.000459s ]
INFO: [ view_filter ] --END-- [ RunTime:0.000952s ]
INFO: [ app_end ] --START--
INFO: Run Behavior\ShowPageTraceBehavior [ RunTime:0.000574s ]
INFO: [ app_end ] --END-- [ RunTime:0.000624s ]

